*******************************************
***COMSOL 6.0.0.318 progress output file***
*******************************************
Fri May 15 22:11:47 CST 2026
COMSOL Multiphysics 6.0 (????: 318) ?????????
????: /Users/luolin/Documents/New project/110kV_RIP_bushing_project/comsol/run_baseline_steady_1250.class
??????259
??????50431
-          ????:  18 % - ????????????
Memory: 793/793 405924/405924
-          ????:  18 % - ?????
Memory: 824/824 405928/405928
-          ????:  19 % - ?????
Memory: 827/827 405928/405928
--         ????:  20 % - ?????
Memory: 829/829 405937/405937
--         ????:  21 % - ?????
Memory: 838/838 405937/405937
--         ????:  22 % - ?????
Memory: 839/839 405936/405937
---------  ????:  95 % - ??????
Memory: 840/840 405937/405937
????305587
---------  ????:  99 % - ??????
Memory: 1000/1000 405906/405937
???????0.06766
---------- ????: 100 % - ??????
Memory: 996/1000 405892/405937
<---- ??/? 1 (sol1) ???????: ??? -----------------------------------------------
??? 2026?5?15? ??10:12:31?
?????: ????????
? Apple M1 Pro ????
??????? 1 ???? 192.168.0.106 ??? 8 ?????
?????32.77 GB?
           ????:   5 % - ????: ??
Memory: 1038/1038 405919/405937
           ????:   5 % - ?????????
Memory: 1125/1125 405967/405967
???7?
????: 1.19 GB
????: 406.02 GB
?????2026?5?15? ??10:12:38?
----- ??/? 1 (sol1) ???????: ??? ---------------------------------------------->
<---- ??/? 1 (sol1) ?????? 1? --------------------------------------------------
??? 2026?5?15? ??10:12:38?
           ????:   5 % - ??? 1
Memory: 1266/1266 406083/406083
?????0 s?
????: 1.27 GB
????: 406.08 GB
?????2026?5?15? ??10:12:38?
----- ??/? 1 (sol1) ?????? 1? ------------------------------------------------->
<---- ??/? 1 (sol1) ???????? 1? ------------------------------------------------
??? 2026?5?15? ??10:12:38?
????? 
????????611489?
-          ????:  19 % - ????
Memory: 1407/1407 406169/406169
???????
---        ????:  37 % - 
Memory: 1776/1776 406489/406489
??????
?? (comp_v2.V): 1
???? (comp_v2.es.fp_s01.V0_ode): 1.5e-06
???? (comp_v2.es.fp_s02.V0_ode): 1.5e-06
???? (comp_v2.es.fp_s03.V0_ode): 1.5e-06
???? (comp_v2.es.fp_s04.V0_ode): 1.5e-06
???? (comp_v2.es.fp_s05.V0_ode): 1.5e-06
???? (comp_v2.es.fp_s06.V0_ode): 1.5e-06
???? (comp_v2.es.fp_s07.V0_ode): 1.5e-06
???? (comp_v2.es.fp_s08.V0_ode): 1.5e-06
???? (comp_v2.es.fp_s09.V0_ode): 1.5e-06
???????????
---        ????:  37 % - ????
Memory: 1903/1903 406617/406617
---        ????:  37 % - ????
Memory: 1962/1962 406620/406620
------     ????:  61 % - ????
Memory: 2175/2175 406884/406884
--------   ????:  87 % - ????
Memory: 2262/2262 406895/406895
Iter      SolEst     Damping    Stepsize #Res #Jac #Sol   LinErr   LinRes
---------- ????: 100 % - ???????
Memory: 2252/2262 406874/406895
   1           1   1.0000000           1    1    1    1  3.2e-12  2.8e-15
?????6 s?
????: 2.26 GB
????: 406.9 GB
?????2026?5?15? ??10:12:45?
----- ??/? 1 (sol1) ???????? 1? ----------------------------------------------->
<---- ?? 3/? 2 (sol2) ???????: ??? ---------------------------------------------
??? 2026?5?15? ??10:12:46?
?????: ????????
? Apple M1 Pro ????
??????? 1 ???? 192.168.0.106 ??? 8 ?????
?????32.77 GB?
           ????:   5 % - ????: ??
Memory: 2033/2262 406583/406895
           ????:   5 % - ?????????
Memory: 2107/2262 406583/406895
???6?
????: 2.14 GB
????: 406.62 GB
?????2026?5?15? ??10:12:52?
----- ?? 3/? 2 (sol2) ???????: ??? -------------------------------------------->
<---- ?? 3/? 2 (sol2) ?????? 1? ------------------------------------------------
??? 2026?5?15? ??10:12:52?
           ????:   5 % - ??? 1
Memory: 2145/2262 406626/406895
?????0 s?
????: 2.15 GB
????: 406.63 GB
?????2026?5?15? ??10:12:52?
----- ?? 3/? 2 (sol2) ?????? 1? ----------------------------------------------->
<---- ?? 3/? 2 (sol2) ???????? 1? ----------------------------------------------
??? 2026?5?15? ??10:12:52?
           ????:   9 % - ????? 1
Memory: 2167/2262 406632/406895
??????
????????1162290??? 101227 ????????
           ????:   9 % - ??????
Memory: 2172/2262 406616/406895
           ????:   9 % - 
Memory: 2587/2587 406992/406992
???????
??????
?? (comp_v2.T): 2.9e+02
?? (comp_v2.V): 1.3e+09
???? (comp_v2.es.fp_s01.V0_ode): 2e+03
???? (comp_v2.es.fp_s02.V0_ode): 2e+03
???? (comp_v2.es.fp_s03.V0_ode): 2e+03
???? (comp_v2.es.fp_s04.V0_ode): 2e+03
???? (comp_v2.es.fp_s05.V0_ode): 2e+03
???? (comp_v2.es.fp_s06.V0_ode): 2e+03
???? (comp_v2.es.fp_s07.V0_ode): 2e+03
???? (comp_v2.es.fp_s08.V0_ode): 2e+03
???? (comp_v2.es.fp_s09.V0_ode): 2e+03
???????????
           ????:   9 % - ????
Memory: 2890/2890 407248/407248
           ????:   9 % - ????
Memory: 2861/2890 407219/407248
Iter      SolEst      ResEst     Damping    Stepsize #Res #Jac #Sol   LinErr   LinRes
           ????:   9 % - ???????
Memory: 3243/3276 407716/407764
   1     3.8e+03     2.9e+04   0.0100000          95    2    1    2      2.3  1.3e-07
-          ????:  18 % - ???????
-          ????:  18 % - ????
Memory: 3217/3276 407684/407764
-          ????:  18 % - ???????
Memory: 3242/3276 407715/407764
-          ????:  18 % - ????
Memory: 3217/3276 407684/407764
-          ????:  18 % - ???????
Memory: 3242/3276 407715/407764
   2     2.1e+07     2.9e+04   0.7500000     3.8e+03   10    1   11        -   0.0029
--         ????:  28 % - ???????
--         ????:  28 % - ????
Memory: 3217/3276 407684/407764
--         ????:  28 % - ???????
Memory: 3242/3276 407715/407764
--         ????:  28 % - ????
Memory: 3218/3276 407684/407764
--         ????:  28 % - ???????
Memory: 3242/3276 407715/407764
--         ????:  28 % - ????
Memory: 3218/3276 407684/407764
--         ????:  28 % - ???????
Memory: 3242/3276 407715/407764
--         ????:  28 % - ????
Memory: 3218/3276 407684/407764
--         ????:  28 % - ???????
Memory: 3242/3276 407715/407764
   3     3.3e+07     7.3e+03   0.7500000     2.1e+07   24    1   26        -    0.019
-----      ????:  57 % - ???????
-----      ????:  57 % - ????
Memory: 3218/3276 407684/407764
-----      ????:  57 % - ???????
Memory: 3242/3276 407715/407764
-----      ????:  57 % - ????
Memory: 3218/3276 407684/407764
-----      ????:  57 % - ???????
Memory: 3242/3276 407715/407764
-----      ????:  57 % - ????
Memory: 3218/3276 407684/407764
-----      ????:  57 % - ???????
Memory: 3243/3276 407715/407764
-----      ????:  57 % - ????
Memory: 3218/3276 407684/407764
-----      ????:  57 % - ???????
Memory: 3243/3276 407715/407764
-----      ????:  57 % - ????
Memory: 3218/3276 407684/407764
-----      ????:  57 % - ???????
Memory: 3243/3276 407715/407764
-----      ????:  57 % - 
Memory: 3218/3276 407684/407764
-----      ????:  57 % - ???????
Memory: 3243/3276 407715/407764
-----      ????:  57 % - ????
Memory: 3218/3276 407684/407764
-----      ????:  57 % - ???????
Memory: 3243/3276 407715/407764
-----      ????:  57 % - ????
Memory: 3219/3276 407684/407764
-----      ????:  57 % - ???????
Memory: 3243/3276 407715/407764
   4     3.6e+07     1.8e+03   0.7500000     3.3e+07   43    1   46        -    0.084
------     ????:  64 % - ???????
------     ????:  64 % - ????
Memory: 3219/3276 407684/407764
------     ????:  64 % - ???????
Memory: 3243/3276 407715/407764
------     ????:  64 % - ????
Memory: 3219/3276 407684/407764
------     ????:  64 % - ???????
Memory: 3244/3276 407715/407764
------     ????:  64 % - ????
Memory: 3219/3276 407684/407764
------     ????:  64 % - ???????
Memory: 3244/3276 407715/407764
------     ????:  64 % - ????
Memory: 3219/3276 407684/407764
------     ????:  64 % - ???????
Memory: 3244/3276 407715/407764
------     ????:  64 % - ????
Memory: 3219/3276 407684/407764
------     ????:  64 % - ???????
Memory: 3244/3276 407715/407764
------     ????:  64 % - ????
Memory: 3219/3276 407684/407764
------     ????:  64 % - ???????
Memory: 3244/3276 407715/407764
------     ????:  64 % - ????
Memory: 3219/3276 407684/407764
------     ????:  64 % - ???????
Memory: 3244/3276 407715/407764
   5     3.7e+07     4.7e+02   0.7500000     3.6e+07   65    1   69        -     0.32
-------    ????:  70 % - ???????
-------    ????:  70 % - ????
Memory: 3220/3276 407684/407764
-------    ????:  70 % - ???????
Memory: 3244/3276 407715/407764
-------    ????:  70 % - ????
Memory: 3220/3276 407684/407764
-------    ????:  70 % - ???????
Memory: 3244/3276 407715/407764
-------    ????:  70 % - ????
Memory: 3220/3276 407684/407764
-------    ????:  70 % - ???????
Memory: 3244/3276 407715/407764
-------    ????:  70 % - ????
Memory: 3220/3276 407684/407764
-------    ????:  70 % - ???????
Memory: 3245/3276 407715/407764
-------    ????:  70 % - ????
Memory: 3220/3276 407684/407764
-------    ????:  70 % - ???????
Memory: 3245/3276 407715/407764
-------    ????:  70 % - ????
Memory: 3220/3276 407684/407764
-------    ????:  70 % - ???????
Memory: 3245/3276 407715/407764
-------    ????:  70 % - ????
Memory: 3220/3276 407684/407764
-------    ????:  70 % - ???????
Memory: 3245/3276 407715/407764
   6     3.8e+07     1.6e+02   0.7500000     3.7e+07   87    1   92        -     0.59
-------    ????:  72 % - ???????
Memory: 3229/3276 407703/407764
-------    ????:  72 % - ????
Memory: 3220/3276 407684/407764
-------    ????:  72 % - ???????
Memory: 3245/3276 407715/407764
-------    ????:  72 % - ????
Memory: 3220/3276 407684/407764
-------    ????:  72 % - ???????
Memory: 3245/3276 407715/407764
-------    ????:  72 % - ????
Memory: 3220/3276 407684/407764
-------    ????:  72 % - ???????
Memory: 3245/3276 407715/407764
-------    ????:  72 % - ????
Memory: 3220/3276 407684/407764
-------    ????:  72 % - ???????
Memory: 3245/3276 407715/407764
-------    ????:  72 % - ????
Memory: 3220/3276 407684/407764
-------    ????:  72 % - ???????
Memory: 3245/3276 407715/407764
-------    ????:  72 % - ????
Memory: 3220/3276 407684/407764
-------    ????:  72 % - ???????
Memory: 3245/3276 407715/407764
   7     3.8e+07     1.4e+02   0.7500000     3.8e+07  109    1  115        -     0.61
-------    ????:  72 % - ????
Memory: 3220/3276 407684/407764
-------    ????:  72 % - ???????
Memory: 3245/3276 407715/407764
-------    ????:  72 % - ????
Memory: 3220/3276 407684/407764
-------    ????:  72 % - ???????
Memory: 3245/3276 407715/407764
-------    ????:  72 % - ????
Memory: 3220/3276 407684/407764
-------    ????:  72 % - ???????
Memory: 3245/3276 407715/407764
-------    ????:  72 % - ????
Memory: 3220/3276 407684/407764
-------    ????:  72 % - ???????
Memory: 3245/3276 407715/407764
-------    ????:  72 % - ????
Memory: 3220/3276 407684/407764
-------    ????:  72 % - ???????
Memory: 3245/3276 407715/407764
-------    ????:  72 % - ????
Memory: 3220/3276 407684/407764
-------    ????:  72 % - ???????
Memory: 3245/3276 407715/407764
-------    ????:  72 % - ????
Memory: 3220/3276 407684/407764
-------    ????:  72 % - ???????
Memory: 3245/3276 407715/407764
-------    ????:  72 % - ????
Memory: 3220/3276 407684/407764
-------    ????:  72 % - ???????
Memory: 3245/3276 407715/407764
   8     3.8e+07     1.4e+02   0.7500000     3.8e+07  131    1  138        -     0.49
-------    ????:  72 % - ????
Memory: 3220/3276 407684/407764
-------    ????:  72 % - ???????
Memory: 3245/3276 407715/407764
-------    ????:  72 % - ????
Memory: 3220/3276 407684/407764
-------    ????:  72 % - ???????
Memory: 3245/3276 407715/407764
-------    ????:  72 % - ????
Memory: 3220/3276 407684/407764
-------    ????:  72 % - ???????
Memory: 3245/3276 407715/407764
-------    ????:  72 % - ????
Memory: 3220/3276 407684/407764
-------    ????:  72 % - ???????
Memory: 3245/3276 407715/407764
-------    ????:  72 % - ????
Memory: 3221/3276 407684/407764
-------    ????:  72 % - ???????
Memory: 3245/3276 407715/407764
-------    ????:  72 % - ????
Memory: 3221/3276 407684/407764
-------    ????:  72 % - ???????
Memory: 3245/3276 407715/407764
-------    ????:  72 % - ????
Memory: 3221/3276 407684/407764
-------    ????:  72 % - ???????
Memory: 3245/3276 407715/407764
   9     3.8e+07     1.8e+02   0.7500000     3.8e+07  153    1  161        -     0.47
-------    ????:  72 % - ????
Memory: 3221/3276 407684/407764
-------    ????:  72 % - ???????
Memory: 3245/3276 407715/407764
-------    ????:  72 % - ????
Memory: 3221/3276 407684/407764
-------    ????:  72 % - ???????
Memory: 3245/3276 407715/407764
-------    ????:  72 % - ????
Memory: 3221/3276 407684/407764
-------    ????:  72 % - ???????
Memory: 3245/3276 407715/407764
-------    ????:  72 % - ????
Memory: 3221/3276 407684/407764
-------    ????:  72 % - ???????
Memory: 3246/3276 407715/407764
-------    ????:  72 % - ????
Memory: 3222/3276 407684/407764
-------    ????:  72 % - ???????
Memory: 3246/3276 407715/407764
-------    ????:  72 % - ????
Memory: 3222/3276 407684/407764
-------    ????:  72 % - ???????
Memory: 3246/3276 407715/407764
  10     3.8e+07     1.9e+02   0.7500000     3.8e+07  175    1  184        -     0.42
-------    ????:  72 % - ????
Memory: 3222/3276 407684/407764
-------    ????:  72 % - ???????
Memory: 3246/3276 407715/407764
-------    ????:  72 % - 
Memory: 3222/3276 407684/407764
-------    ????:  72 % - ???????
Memory: 3246/3276 407715/407764
-------    ????:  72 % - ????
Memory: 3222/3276 407684/407764
-------    ????:  72 % - ???????
Memory: 3247/3276 407715/407764
-------    ????:  72 % - ????
Memory: 3222/3276 407684/407764
-------    ????:  72 % - ???????
Memory: 3247/3276 407715/407764
-------    ????:  72 % - ????
Memory: 3222/3276 407684/407764
-------    ????:  72 % - ???????
Memory: 3247/3276 407715/407764
-------    ????:  72 % - ????
Memory: 3222/3276 407684/407764
-------    ????:  72 % - ???????
Memory: 3247/3276 407715/407764
-------    ????:  72 % - ????
Memory: 3222/3276 407684/407764
-------    ????:  72 % - ???????
Memory: 3247/3276 407715/407764
  11     3.8e+07     2.1e+02   0.7500000     3.8e+07  197    1  207        -     0.41
-------    ????:  72 % - ????
Memory: 3222/3276 407684/407764
-------    ????:  72 % - ???????
Memory: 3247/3276 407715/407764
-------    ????:  72 % - ????
Memory: 3223/3276 407684/407764
-------    ????:  72 % - ???????
Memory: 3247/3276 407715/407764
-------    ????:  72 % - ????
Memory: 3223/3276 407684/407764
-------    ????:  72 % - ???????
Memory: 3248/3276 407715/407764
-------    ????:  72 % - ????
Memory: 3223/3276 407684/407764
-------    ????:  72 % - ???????
Memory: 3248/3276 407715/407764
-------    ????:  72 % - ????
Memory: 3223/3276 407684/407764
-------    ????:  72 % - ???????
Memory: 3248/3276 407715/407764
-------    ????:  72 % - ????
Memory: 3223/3276 407684/407764
-------    ????:  72 % - ???????
Memory: 3248/3276 407715/407764
-------    ????:  72 % - ????
Memory: 3223/3276 407684/407764
-------    ????:  72 % - ???????
Memory: 3248/3276 407715/407764
  12     3.8e+07     2.1e+02   0.7500000     3.8e+07  219    1  230        -     0.39
-------    ????:  72 % - ????
Memory: 3223/3276 407684/407764
-------    ????:  72 % - ???????
Memory: 3248/3276 407715/407764
-------    ????:  72 % - 
Memory: 3223/3276 407684/407764
-------    ????:  72 % - ???????
Memory: 3248/3276 407715/407764
-------    ????:  72 % - ????
Memory: 3223/3276 407684/407764
-------    ????:  72 % - ???????
Memory: 3248/3276 407715/407764
-------    ????:  72 % - ????
Memory: 3223/3276 407684/407764
-------    ????:  72 % - ???????
Memory: 3248/3276 407715/407764
-------    ????:  72 % - ????
Memory: 3223/3276 407684/407764
-------    ????:  72 % - ???????
Memory: 3248/3276 407715/407764
-------    ????:  72 % - ????
Memory: 3223/3276 407684/407764
-------    ????:  72 % - ???????
Memory: 3248/3276 407715/407764
  13     3.8e+07     2.2e+02   0.7500000     3.8e+07  241    1  253        -     0.32
-------    ????:  72 % - ????
Memory: 3223/3276 407684/407764
-------    ????:  72 % - ???????
Memory: 3248/3276 407715/407764
-------    ????:  72 % - ????
Memory: 3223/3276 407684/407764
-------    ????:  72 % - ???????
Memory: 3248/3276 407715/407764
-------    ????:  72 % - ????
Memory: 3223/3276 407684/407764
-------    ????:  72 % - ???????
Memory: 3248/3276 407715/407764
-------    ????:  72 % - ????
Memory: 3223/3276 407684/407764
-------    ????:  72 % - ???????
Memory: 3248/3276 407715/407764
-------    ????:  72 % - ????
Memory: 3223/3276 407684/407764
-------    ????:  72 % - ???????
Memory: 3248/3276 407715/407764
-------    ????:  72 % - ????
Memory: 3223/3276 407684/407764
-------    ????:  72 % - ???????
Memory: 3248/3276 407715/407764
  14     3.8e+07     2.7e+02   0.7500000     3.8e+07  263    1  276        -     0.28
-------    ????:  72 % - ????
Memory: 3223/3276 407684/407764
-------    ????:  72 % - ???????
Memory: 3248/3276 407715/407764
-------    ????:  72 % - ????
Memory: 3223/3276 407684/407764
-------    ????:  72 % - ???????
Memory: 3248/3276 407715/407764
-------    ????:  72 % - ????
Memory: 3223/3276 407684/407764
-------    ????:  72 % - ???????
Memory: 3248/3276 407715/407764
-------    ????:  72 % - ????
Memory: 3223/3276 407684/407764
-------    ????:  72 % - ???????
Memory: 3248/3276 407715/407764
-------    ????:  72 % - ????
Memory: 3223/3276 407684/407764
-------    ????:  72 % - ???????
Memory: 3248/3276 407715/407764
  15       0.032     3.2e+02   0.0000010       0.032  284    1  298        -     0.28
---------  ????:  98 % - ???????
---------  ????:  98 % - ????
Memory: 3223/3276 407684/407764
---------  ????:  98 % - ???????
Memory: 3248/3276 407715/407764
---------  ????:  98 % - ????
Memory: 3223/3276 407684/407764
---------  ????:  98 % - ???????
Memory: 3248/3276 407715/407764
---------  ????:  98 % - ????
Memory: 3223/3276 407684/407764
---------  ????:  98 % - ???????
Memory: 3248/3276 407715/407764
  16       0.032     3.2e+02   0.7500000       0.032  290    1  305        -     0.27
---------  ????:  98 % - ????
Memory: 3223/3276 407684/407764
---------  ????:  98 % - ???????
Memory: 3248/3276 407715/407764
---------  ????:  98 % - ????
Memory: 3224/3276 407684/407764
---------  ????:  98 % - ???????
Memory: 3248/3276 407715/407764
---------  ????:  98 % - ????
Memory: 3224/3276 407684/407764
---------  ????:  98 % - ???????
Memory: 3248/3276 407715/407764
