*******************************************
***COMSOL 6.0.0.318 progress output file***
*******************************************
Fri May 15 22:11:47 CST 2026
COMSOL Multiphysics 6.0 (开发版本: 318) 在批处理模式下启动
正在运行: /Users/luolin/Documents/New project/110kV_RIP_bushing_project/comsol/run_baseline_steady_1250.class
顶点单元数：259
边界单元数：50431
-          当前进度:  18 % - 正在准备进行前沿网格划分
Memory: 793/793 405924/405924
-          当前进度:  18 % - 插入内部点
Memory: 824/824 405928/405928
-          当前进度:  19 % - 插入内部点
Memory: 827/827 405928/405928
--         当前进度:  20 % - 插入内部点
Memory: 829/829 405937/405937
--         当前进度:  21 % - 插入内部点
Memory: 838/838 405937/405937
--         当前进度:  22 % - 插入内部点
Memory: 839/839 405936/405937
---------  当前进度:  95 % - 提高单元质量
Memory: 840/840 405937/405937
单元数：305587
---------  当前进度:  99 % - 正在定型网格
Memory: 1000/1000 405906/405937
最小单元质量：0.06766
---------- 当前进度: 100 % - 正在定型网格
Memory: 996/1000 405892/405937
<---- 研究/解 1 (sol1) 中的“编译方程: 稳态” -----------------------------------------------
开始于 2026年5月15日 下午10:12:31。
几何形函数: 二次拉格朗日单元
在 Apple M1 Pro 上运行。
在以下位置使用 1 个插槽： 192.168.0.106 上（共 8 个内核）。
可用内存：32.77 GB。
           当前进度:   5 % - 编译方程: 稳态
Memory: 1038/1038 405919/405937
           当前进度:   5 % - 正在创建可视化网格
Memory: 1125/1125 405967/405967
时间：7。
物理内存: 1.19 GB
虚拟内存: 406.02 GB
结束时间：2026年5月15日 下午10:12:38。
----- 研究/解 1 (sol1) 中的“编译方程: 稳态” ---------------------------------------------->
<---- 研究/解 1 (sol1) 中的“因变量 1” --------------------------------------------------
开始于 2026年5月15日 下午10:12:38。
           当前进度:   5 % - 因变量 1
Memory: 1266/1266 406083/406083
求解时间：0 s。
物理内存: 1.27 GB
虚拟内存: 406.08 GB
结束时间：2026年5月15日 下午10:12:38。
----- 研究/解 1 (sol1) 中的“因变量 1” ------------------------------------------------->
<---- 研究/解 1 (sol1) 中的“稳态求解器 1” ------------------------------------------------
开始于 2026年5月15日 下午10:12:38。
线性求解器 
求解的自由度数：611489。
-          当前进度:  19 % - 组装矩阵
Memory: 1407/1407 406169/406169
找到对称矩阵。
---        当前进度:  37 % - 
Memory: 1776/1776 406489/406489
缩放因变量：
电势 (comp_v2.V): 1
悬浮电位 (comp_v2.es.fp_s01.V0_ode): 1.5e-06
悬浮电位 (comp_v2.es.fp_s02.V0_ode): 1.5e-06
悬浮电位 (comp_v2.es.fp_s03.V0_ode): 1.5e-06
悬浮电位 (comp_v2.es.fp_s04.V0_ode): 1.5e-06
悬浮电位 (comp_v2.es.fp_s05.V0_ode): 1.5e-06
悬浮电位 (comp_v2.es.fp_s06.V0_ode): 1.5e-06
悬浮电位 (comp_v2.es.fp_s07.V0_ode): 1.5e-06
悬浮电位 (comp_v2.es.fp_s08.V0_ode): 1.5e-06
悬浮电位 (comp_v2.es.fp_s09.V0_ode): 1.5e-06
使用了稀疏零空间函数。
---        当前进度:  37 % - 约束处理
Memory: 1903/1903 406617/406617
---        当前进度:  37 % - 矩阵分解
Memory: 1962/1962 406620/406620
------     当前进度:  61 % - 矩阵分解
Memory: 2175/2175 406884/406884
--------   当前进度:  87 % - 矩阵分解
Memory: 2262/2262 406895/406895
Iter      SolEst     Damping    Stepsize #Res #Jac #Sol   LinErr   LinRes
---------- 当前进度: 100 % - 求解线性方程组
Memory: 2252/2262 406874/406895
   1           1   1.0000000           1    1    1    1  3.2e-12  2.8e-15
求解时间：6 s。
物理内存: 2.26 GB
虚拟内存: 406.9 GB
结束时间：2026年5月15日 下午10:12:45。
----- 研究/解 1 (sol1) 中的“稳态求解器 1” ----------------------------------------------->
<---- 研究 3/解 2 (sol2) 中的“编译方程: 稳态” ---------------------------------------------
开始于 2026年5月15日 下午10:12:46。
几何形函数: 二次拉格朗日单元
在 Apple M1 Pro 上运行。
在以下位置使用 1 个插槽： 192.168.0.106 上（共 8 个内核）。
可用内存：32.77 GB。
           当前进度:   5 % - 编译方程: 稳态
Memory: 2033/2262 406583/406895
           当前进度:   5 % - 正在创建可视化网格
Memory: 2107/2262 406583/406895
时间：6。
物理内存: 2.14 GB
虚拟内存: 406.62 GB
结束时间：2026年5月15日 下午10:12:52。
----- 研究 3/解 2 (sol2) 中的“编译方程: 稳态” -------------------------------------------->
<---- 研究 3/解 2 (sol2) 中的“因变量 1” ------------------------------------------------
开始于 2026年5月15日 下午10:12:52。
           当前进度:   5 % - 因变量 1
Memory: 2145/2262 406626/406895
求解时间：0 s。
物理内存: 2.15 GB
虚拟内存: 406.63 GB
结束时间：2026年5月15日 下午10:12:52。
----- 研究 3/解 2 (sol2) 中的“因变量 1” ----------------------------------------------->
<---- 研究 3/解 2 (sol2) 中的“稳态求解器 1” ----------------------------------------------
开始于 2026年5月15日 下午10:12:52。
           当前进度:   9 % - 稳态求解器 1
Memory: 2167/2262 406632/406895
非线性求解器
求解的自由度数：1162290（加上 101227 个内部自由度）。
           当前进度:   9 % - 组装稀疏模式
Memory: 2172/2262 406616/406895
           当前进度:   9 % - 
Memory: 2587/2587 406992/406992
找到对称矩阵。
缩放因变量：
温度 (comp_v2.T): 2.9e+02
电势 (comp_v2.V): 1.3e+09
悬浮电位 (comp_v2.es.fp_s01.V0_ode): 2e+03
悬浮电位 (comp_v2.es.fp_s02.V0_ode): 2e+03
悬浮电位 (comp_v2.es.fp_s03.V0_ode): 2e+03
悬浮电位 (comp_v2.es.fp_s04.V0_ode): 2e+03
悬浮电位 (comp_v2.es.fp_s05.V0_ode): 2e+03
悬浮电位 (comp_v2.es.fp_s06.V0_ode): 2e+03
悬浮电位 (comp_v2.es.fp_s07.V0_ode): 2e+03
悬浮电位 (comp_v2.es.fp_s08.V0_ode): 2e+03
悬浮电位 (comp_v2.es.fp_s09.V0_ode): 2e+03
使用了稀疏零空间函数。
           当前进度:   9 % - 约束处理
Memory: 2890/2890 407248/407248
           当前进度:   9 % - 矩阵分解
Memory: 2861/2890 407219/407248
Iter      SolEst      ResEst     Damping    Stepsize #Res #Jac #Sol   LinErr   LinRes
           当前进度:   9 % - 求解线性方程组
Memory: 3243/3276 407716/407764
   1     3.8e+03     2.9e+04   0.0100000          95    2    1    2      2.3  1.3e-07
-          当前进度:  18 % - 求解线性方程组
-          当前进度:  18 % - 组装矩阵
Memory: 3217/3276 407684/407764
-          当前进度:  18 % - 求解线性方程组
Memory: 3242/3276 407715/407764
-          当前进度:  18 % - 组装矩阵
Memory: 3217/3276 407684/407764
-          当前进度:  18 % - 求解线性方程组
Memory: 3242/3276 407715/407764
   2     2.1e+07     2.9e+04   0.7500000     3.8e+03   10    1   11        -   0.0029
--         当前进度:  28 % - 求解线性方程组
--         当前进度:  28 % - 组装矩阵
Memory: 3217/3276 407684/407764
--         当前进度:  28 % - 求解线性方程组
Memory: 3242/3276 407715/407764
--         当前进度:  28 % - 组装矩阵
Memory: 3218/3276 407684/407764
--         当前进度:  28 % - 求解线性方程组
Memory: 3242/3276 407715/407764
--         当前进度:  28 % - 组装矩阵
Memory: 3218/3276 407684/407764
--         当前进度:  28 % - 求解线性方程组
Memory: 3242/3276 407715/407764
--         当前进度:  28 % - 组装矩阵
Memory: 3218/3276 407684/407764
--         当前进度:  28 % - 求解线性方程组
Memory: 3242/3276 407715/407764
   3     3.3e+07     7.3e+03   0.7500000     2.1e+07   24    1   26        -    0.019
-----      当前进度:  57 % - 求解线性方程组
-----      当前进度:  57 % - 组装矩阵
Memory: 3218/3276 407684/407764
-----      当前进度:  57 % - 求解线性方程组
Memory: 3242/3276 407715/407764
-----      当前进度:  57 % - 组装矩阵
Memory: 3218/3276 407684/407764
-----      当前进度:  57 % - 求解线性方程组
Memory: 3242/3276 407715/407764
-----      当前进度:  57 % - 组装矩阵
Memory: 3218/3276 407684/407764
-----      当前进度:  57 % - 求解线性方程组
Memory: 3243/3276 407715/407764
-----      当前进度:  57 % - 组装矩阵
Memory: 3218/3276 407684/407764
-----      当前进度:  57 % - 求解线性方程组
Memory: 3243/3276 407715/407764
-----      当前进度:  57 % - 组装矩阵
Memory: 3218/3276 407684/407764
-----      当前进度:  57 % - 求解线性方程组
Memory: 3243/3276 407715/407764
-----      当前进度:  57 % - 
Memory: 3218/3276 407684/407764
-----      当前进度:  57 % - 求解线性方程组
Memory: 3243/3276 407715/407764
-----      当前进度:  57 % - 组装矩阵
Memory: 3218/3276 407684/407764
-----      当前进度:  57 % - 求解线性方程组
Memory: 3243/3276 407715/407764
-----      当前进度:  57 % - 组装矩阵
Memory: 3219/3276 407684/407764
-----      当前进度:  57 % - 求解线性方程组
Memory: 3243/3276 407715/407764
   4     3.6e+07     1.8e+03   0.7500000     3.3e+07   43    1   46        -    0.084
------     当前进度:  64 % - 求解线性方程组
------     当前进度:  64 % - 组装矩阵
Memory: 3219/3276 407684/407764
------     当前进度:  64 % - 求解线性方程组
Memory: 3243/3276 407715/407764
------     当前进度:  64 % - 组装矩阵
Memory: 3219/3276 407684/407764
------     当前进度:  64 % - 求解线性方程组
Memory: 3244/3276 407715/407764
------     当前进度:  64 % - 组装矩阵
Memory: 3219/3276 407684/407764
------     当前进度:  64 % - 求解线性方程组
Memory: 3244/3276 407715/407764
------     当前进度:  64 % - 组装矩阵
Memory: 3219/3276 407684/407764
------     当前进度:  64 % - 求解线性方程组
Memory: 3244/3276 407715/407764
------     当前进度:  64 % - 组装矩阵
Memory: 3219/3276 407684/407764
------     当前进度:  64 % - 求解线性方程组
Memory: 3244/3276 407715/407764
------     当前进度:  64 % - 组装矩阵
Memory: 3219/3276 407684/407764
------     当前进度:  64 % - 求解线性方程组
Memory: 3244/3276 407715/407764
------     当前进度:  64 % - 组装矩阵
Memory: 3219/3276 407684/407764
------     当前进度:  64 % - 求解线性方程组
Memory: 3244/3276 407715/407764
   5     3.7e+07     4.7e+02   0.7500000     3.6e+07   65    1   69        -     0.32
-------    当前进度:  70 % - 求解线性方程组
-------    当前进度:  70 % - 组装矩阵
Memory: 3220/3276 407684/407764
-------    当前进度:  70 % - 求解线性方程组
Memory: 3244/3276 407715/407764
-------    当前进度:  70 % - 组装矩阵
Memory: 3220/3276 407684/407764
-------    当前进度:  70 % - 求解线性方程组
Memory: 3244/3276 407715/407764
-------    当前进度:  70 % - 组装矩阵
Memory: 3220/3276 407684/407764
-------    当前进度:  70 % - 求解线性方程组
Memory: 3244/3276 407715/407764
-------    当前进度:  70 % - 组装矩阵
Memory: 3220/3276 407684/407764
-------    当前进度:  70 % - 求解线性方程组
Memory: 3245/3276 407715/407764
-------    当前进度:  70 % - 组装矩阵
Memory: 3220/3276 407684/407764
-------    当前进度:  70 % - 求解线性方程组
Memory: 3245/3276 407715/407764
-------    当前进度:  70 % - 组装矩阵
Memory: 3220/3276 407684/407764
-------    当前进度:  70 % - 求解线性方程组
Memory: 3245/3276 407715/407764
-------    当前进度:  70 % - 组装矩阵
Memory: 3220/3276 407684/407764
-------    当前进度:  70 % - 求解线性方程组
Memory: 3245/3276 407715/407764
   6     3.8e+07     1.6e+02   0.7500000     3.7e+07   87    1   92        -     0.59
-------    当前进度:  72 % - 求解线性方程组
Memory: 3229/3276 407703/407764
-------    当前进度:  72 % - 组装矩阵
Memory: 3220/3276 407684/407764
-------    当前进度:  72 % - 求解线性方程组
Memory: 3245/3276 407715/407764
-------    当前进度:  72 % - 组装矩阵
Memory: 3220/3276 407684/407764
-------    当前进度:  72 % - 求解线性方程组
Memory: 3245/3276 407715/407764
-------    当前进度:  72 % - 组装矩阵
Memory: 3220/3276 407684/407764
-------    当前进度:  72 % - 求解线性方程组
Memory: 3245/3276 407715/407764
-------    当前进度:  72 % - 组装矩阵
Memory: 3220/3276 407684/407764
-------    当前进度:  72 % - 求解线性方程组
Memory: 3245/3276 407715/407764
-------    当前进度:  72 % - 组装矩阵
Memory: 3220/3276 407684/407764
-------    当前进度:  72 % - 求解线性方程组
Memory: 3245/3276 407715/407764
-------    当前进度:  72 % - 组装矩阵
Memory: 3220/3276 407684/407764
-------    当前进度:  72 % - 求解线性方程组
Memory: 3245/3276 407715/407764
   7     3.8e+07     1.4e+02   0.7500000     3.8e+07  109    1  115        -     0.61
-------    当前进度:  72 % - 组装矩阵
Memory: 3220/3276 407684/407764
-------    当前进度:  72 % - 求解线性方程组
Memory: 3245/3276 407715/407764
-------    当前进度:  72 % - 组装矩阵
Memory: 3220/3276 407684/407764
-------    当前进度:  72 % - 求解线性方程组
Memory: 3245/3276 407715/407764
-------    当前进度:  72 % - 组装矩阵
Memory: 3220/3276 407684/407764
-------    当前进度:  72 % - 求解线性方程组
Memory: 3245/3276 407715/407764
-------    当前进度:  72 % - 组装矩阵
Memory: 3220/3276 407684/407764
-------    当前进度:  72 % - 求解线性方程组
Memory: 3245/3276 407715/407764
-------    当前进度:  72 % - 组装矩阵
Memory: 3220/3276 407684/407764
-------    当前进度:  72 % - 求解线性方程组
Memory: 3245/3276 407715/407764
-------    当前进度:  72 % - 组装矩阵
Memory: 3220/3276 407684/407764
-------    当前进度:  72 % - 求解线性方程组
Memory: 3245/3276 407715/407764
-------    当前进度:  72 % - 组装矩阵
Memory: 3220/3276 407684/407764
-------    当前进度:  72 % - 求解线性方程组
Memory: 3245/3276 407715/407764
-------    当前进度:  72 % - 组装矩阵
Memory: 3220/3276 407684/407764
-------    当前进度:  72 % - 求解线性方程组
Memory: 3245/3276 407715/407764
   8     3.8e+07     1.4e+02   0.7500000     3.8e+07  131    1  138        -     0.49
-------    当前进度:  72 % - 组装矩阵
Memory: 3220/3276 407684/407764
-------    当前进度:  72 % - 求解线性方程组
Memory: 3245/3276 407715/407764
-------    当前进度:  72 % - 组装矩阵
Memory: 3220/3276 407684/407764
-------    当前进度:  72 % - 求解线性方程组
Memory: 3245/3276 407715/407764
-------    当前进度:  72 % - 组装矩阵
Memory: 3220/3276 407684/407764
-------    当前进度:  72 % - 求解线性方程组
Memory: 3245/3276 407715/407764
-------    当前进度:  72 % - 组装矩阵
Memory: 3220/3276 407684/407764
-------    当前进度:  72 % - 求解线性方程组
Memory: 3245/3276 407715/407764
-------    当前进度:  72 % - 组装矩阵
Memory: 3221/3276 407684/407764
-------    当前进度:  72 % - 求解线性方程组
Memory: 3245/3276 407715/407764
-------    当前进度:  72 % - 组装矩阵
Memory: 3221/3276 407684/407764
-------    当前进度:  72 % - 求解线性方程组
Memory: 3245/3276 407715/407764
-------    当前进度:  72 % - 组装矩阵
Memory: 3221/3276 407684/407764
-------    当前进度:  72 % - 求解线性方程组
Memory: 3245/3276 407715/407764
   9     3.8e+07     1.8e+02   0.7500000     3.8e+07  153    1  161        -     0.47
-------    当前进度:  72 % - 组装矩阵
Memory: 3221/3276 407684/407764
-------    当前进度:  72 % - 求解线性方程组
Memory: 3245/3276 407715/407764
-------    当前进度:  72 % - 组装矩阵
Memory: 3221/3276 407684/407764
-------    当前进度:  72 % - 求解线性方程组
Memory: 3245/3276 407715/407764
-------    当前进度:  72 % - 组装矩阵
Memory: 3221/3276 407684/407764
-------    当前进度:  72 % - 求解线性方程组
Memory: 3245/3276 407715/407764
-------    当前进度:  72 % - 组装矩阵
Memory: 3221/3276 407684/407764
-------    当前进度:  72 % - 求解线性方程组
Memory: 3246/3276 407715/407764
-------    当前进度:  72 % - 组装矩阵
Memory: 3222/3276 407684/407764
-------    当前进度:  72 % - 求解线性方程组
Memory: 3246/3276 407715/407764
-------    当前进度:  72 % - 组装矩阵
Memory: 3222/3276 407684/407764
-------    当前进度:  72 % - 求解线性方程组
Memory: 3246/3276 407715/407764
  10     3.8e+07     1.9e+02   0.7500000     3.8e+07  175    1  184        -     0.42
-------    当前进度:  72 % - 组装矩阵
Memory: 3222/3276 407684/407764
-------    当前进度:  72 % - 求解线性方程组
Memory: 3246/3276 407715/407764
-------    当前进度:  72 % - 
Memory: 3222/3276 407684/407764
-------    当前进度:  72 % - 求解线性方程组
Memory: 3246/3276 407715/407764
-------    当前进度:  72 % - 组装矩阵
Memory: 3222/3276 407684/407764
-------    当前进度:  72 % - 求解线性方程组
Memory: 3247/3276 407715/407764
-------    当前进度:  72 % - 组装矩阵
Memory: 3222/3276 407684/407764
-------    当前进度:  72 % - 求解线性方程组
Memory: 3247/3276 407715/407764
-------    当前进度:  72 % - 组装矩阵
Memory: 3222/3276 407684/407764
-------    当前进度:  72 % - 求解线性方程组
Memory: 3247/3276 407715/407764
-------    当前进度:  72 % - 组装矩阵
Memory: 3222/3276 407684/407764
-------    当前进度:  72 % - 求解线性方程组
Memory: 3247/3276 407715/407764
-------    当前进度:  72 % - 组装矩阵
Memory: 3222/3276 407684/407764
-------    当前进度:  72 % - 求解线性方程组
Memory: 3247/3276 407715/407764
  11     3.8e+07     2.1e+02   0.7500000     3.8e+07  197    1  207        -     0.41
-------    当前进度:  72 % - 组装矩阵
Memory: 3222/3276 407684/407764
-------    当前进度:  72 % - 求解线性方程组
Memory: 3247/3276 407715/407764
-------    当前进度:  72 % - 组装矩阵
Memory: 3223/3276 407684/407764
-------    当前进度:  72 % - 求解线性方程组
Memory: 3247/3276 407715/407764
-------    当前进度:  72 % - 组装矩阵
Memory: 3223/3276 407684/407764
-------    当前进度:  72 % - 求解线性方程组
Memory: 3248/3276 407715/407764
-------    当前进度:  72 % - 组装矩阵
Memory: 3223/3276 407684/407764
-------    当前进度:  72 % - 求解线性方程组
Memory: 3248/3276 407715/407764
-------    当前进度:  72 % - 组装矩阵
Memory: 3223/3276 407684/407764
-------    当前进度:  72 % - 求解线性方程组
Memory: 3248/3276 407715/407764
-------    当前进度:  72 % - 组装矩阵
Memory: 3223/3276 407684/407764
-------    当前进度:  72 % - 求解线性方程组
Memory: 3248/3276 407715/407764
-------    当前进度:  72 % - 组装矩阵
Memory: 3223/3276 407684/407764
-------    当前进度:  72 % - 求解线性方程组
Memory: 3248/3276 407715/407764
  12     3.8e+07     2.1e+02   0.7500000     3.8e+07  219    1  230        -     0.39
-------    当前进度:  72 % - 组装矩阵
Memory: 3223/3276 407684/407764
-------    当前进度:  72 % - 求解线性方程组
Memory: 3248/3276 407715/407764
-------    当前进度:  72 % - 
Memory: 3223/3276 407684/407764
-------    当前进度:  72 % - 求解线性方程组
Memory: 3248/3276 407715/407764
-------    当前进度:  72 % - 组装矩阵
Memory: 3223/3276 407684/407764
-------    当前进度:  72 % - 求解线性方程组
Memory: 3248/3276 407715/407764
-------    当前进度:  72 % - 组装矩阵
Memory: 3223/3276 407684/407764
-------    当前进度:  72 % - 求解线性方程组
Memory: 3248/3276 407715/407764
-------    当前进度:  72 % - 组装矩阵
Memory: 3223/3276 407684/407764
-------    当前进度:  72 % - 求解线性方程组
Memory: 3248/3276 407715/407764
-------    当前进度:  72 % - 组装矩阵
Memory: 3223/3276 407684/407764
-------    当前进度:  72 % - 求解线性方程组
Memory: 3248/3276 407715/407764
  13     3.8e+07     2.2e+02   0.7500000     3.8e+07  241    1  253        -     0.32
-------    当前进度:  72 % - 组装矩阵
Memory: 3223/3276 407684/407764
-------    当前进度:  72 % - 求解线性方程组
Memory: 3248/3276 407715/407764
-------    当前进度:  72 % - 组装矩阵
Memory: 3223/3276 407684/407764
-------    当前进度:  72 % - 求解线性方程组
Memory: 3248/3276 407715/407764
-------    当前进度:  72 % - 组装矩阵
Memory: 3223/3276 407684/407764
-------    当前进度:  72 % - 求解线性方程组
Memory: 3248/3276 407715/407764
-------    当前进度:  72 % - 组装矩阵
Memory: 3223/3276 407684/407764
-------    当前进度:  72 % - 求解线性方程组
Memory: 3248/3276 407715/407764
-------    当前进度:  72 % - 组装矩阵
Memory: 3223/3276 407684/407764
-------    当前进度:  72 % - 求解线性方程组
Memory: 3248/3276 407715/407764
-------    当前进度:  72 % - 组装矩阵
Memory: 3223/3276 407684/407764
-------    当前进度:  72 % - 求解线性方程组
Memory: 3248/3276 407715/407764
  14     3.8e+07     2.7e+02   0.7500000     3.8e+07  263    1  276        -     0.28
-------    当前进度:  72 % - 组装矩阵
Memory: 3223/3276 407684/407764
-------    当前进度:  72 % - 求解线性方程组
Memory: 3248/3276 407715/407764
-------    当前进度:  72 % - 组装矩阵
Memory: 3223/3276 407684/407764
-------    当前进度:  72 % - 求解线性方程组
Memory: 3248/3276 407715/407764
-------    当前进度:  72 % - 组装矩阵
Memory: 3223/3276 407684/407764
-------    当前进度:  72 % - 求解线性方程组
Memory: 3248/3276 407715/407764
-------    当前进度:  72 % - 组装矩阵
Memory: 3223/3276 407684/407764
-------    当前进度:  72 % - 求解线性方程组
Memory: 3248/3276 407715/407764
-------    当前进度:  72 % - 组装矩阵
Memory: 3223/3276 407684/407764
-------    当前进度:  72 % - 求解线性方程组
Memory: 3248/3276 407715/407764
  15       0.032     3.2e+02   0.0000010       0.032  284    1  298        -     0.28
---------  当前进度:  98 % - 求解线性方程组
---------  当前进度:  98 % - 组装矩阵
Memory: 3223/3276 407684/407764
---------  当前进度:  98 % - 求解线性方程组
Memory: 3248/3276 407715/407764
---------  当前进度:  98 % - 组装矩阵
Memory: 3223/3276 407684/407764
---------  当前进度:  98 % - 求解线性方程组
Memory: 3248/3276 407715/407764
---------  当前进度:  98 % - 约束处理
Memory: 3223/3276 407684/407764
---------  当前进度:  98 % - 求解线性方程组
Memory: 3248/3276 407715/407764
  16       0.032     3.2e+02   0.7500000       0.032  290    1  305        -     0.27
---------  当前进度:  98 % - 组装矩阵
Memory: 3223/3276 407684/407764
---------  当前进度:  98 % - 求解线性方程组
Memory: 3248/3276 407715/407764
---------  当前进度:  98 % - 组装矩阵
Memory: 3224/3276 407684/407764
---------  当前进度:  98 % - 求解线性方程组
Memory: 3248/3276 407715/407764
---------  当前进度:  98 % - 组装矩阵
Memory: 3224/3276 407684/407764
---------  当前进度:  98 % - 求解线性方程组
Memory: 3248/3276 407715/407764
