*******************************************
***COMSOL 6.0.0.318 progress output file***
*******************************************
Fri May 15 16:51:44 CST 2026
COMSOL Multiphysics 6.0 (开发版本: 318) 在批处理模式下启动
正在运行: /Users/luolin/Documents/New project/110kV_RIP_bushing_project/comsol/build_geometry_brfgl1.class
---------- 当前进度: 100 % - 正在更新选择
Memory: 546/546 405855/405855
           当前进度:   0 % - 矩形
Memory: 555/555 405860/405860
           当前进度:   3 % - 矩形 2
           当前进度:   5 % - 矩形 3
           当前进度:   8 % - 矩形 4
-          当前进度:  10 % - 矩形 5
Memory: 556/556 405860/405860
-          当前进度:  13 % - 矩形 6
-          当前进度:  15 % - 矩形 7
-          当前进度:  18 % - 矩形 8
--         当前进度:  21 % - 矩形 9
--         当前进度:  23 % - 矩形 1
--         当前进度:  26 % - 矩形 2a
Memory: 556/556 405861/405861
--         当前进度:  28 % - 矩形 3a
---        当前进度:  31 % - 矩形 4a
---        当前进度:  33 % - 矩形 5a
---        当前进度:  36 % - 矩形 6a
---        当前进度:  38 % - 矩形 7a
Memory: 556/556 405862/405862
----       当前进度:  41 % - 矩形 8a
----       当前进度:  44 % - 矩形 9a
----       当前进度:  46 % - 矩形 10
----       当前进度:  49 % - 矩形 11
-----      当前进度:  51 % - 矩形 12
-----      当前进度:  54 % - 矩形 13
-----      当前进度:  56 % - 矩形 14
Memory: 557/557 405862/405862
-----      当前进度:  59 % - 矩形 15
Memory: 558/558 405862/405862
------     当前进度:  62 % - 矩形 16
------     当前进度:  64 % - 矩形 17
------     当前进度:  67 % - 矩形 1a
------     当前进度:  69 % - 矩形 2b
-------    当前进度:  72 % - 矩形 3b
-------    当前进度:  74 % - 形成联合体
---------  当前进度:  98 % - 解析域
Memory: 559/559 405863/405863
---------- 当前进度: 100 % - 正在更新选择
---------- 当前进度: 100 % - 正在创建可视化网格
Memory: 563/563 405864/405864
---------- 当前进度: 100 % - 正在更新选择
Memory: 580/580 405875/405875
           当前进度:   0 % - 矩形
Memory: 583/583 405877/405877
           当前进度:   1 % - 矩形 2
           当前进度:   1 % - 矩形 3
           当前进度:   2 % - 矩形 4
           当前进度:   3 % - 矩形 5
           当前进度:   4 % - 矩形 6
           当前进度:   4 % - 矩形 7
           当前进度:   5 % - 矩形 8
           当前进度:   6 % - 矩形 9
           当前进度:   7 % - 矩形 1
           当前进度:   7 % - 矩形 2a
           当前进度:   8 % - 矩形 3a
           当前进度:   9 % - 矩形 4a
-          当前进度:  10 % - 矩形 5a
-          当前进度:  10 % - 矩形 6a
-          当前进度:  11 % - 矩形 7a
-          当前进度:  12 % - 矩形 8a
-          当前进度:  13 % - 矩形 9a
-          当前进度:  13 % - 矩形 10
-          当前进度:  14 % - 矩形 11
-          当前进度:  15 % - 矩形 12
-          当前进度:  16 % - 矩形 1a
-          当前进度:  16 % - 矩形 2b
-          当前进度:  17 % - 矩形 3b
-          当前进度:  18 % - 矩形 4b
-          当前进度:  19 % - 矩形 5b
-          当前进度:  19 % - 矩形 6b
--         当前进度:  20 % - 矩形 7b
--         当前进度:  21 % - 矩形 8b
--         当前进度:  21 % - 矩形 9b
--         当前进度:  22 % - 矩形 10a
--         当前进度:  23 % - 矩形 11a
--         当前进度:  24 % - 矩形 12a
--         当前进度:  24 % - 矩形 13
--         当前进度:  25 % - 矩形 14
--         当前进度:  26 % - 矩形 15
--         当前进度:  27 % - 矩形 16
--         当前进度:  27 % - 矩形 17
--         当前进度:  28 % - 矩形 18
--         当前进度:  29 % - 矩形 19
---        当前进度:  30 % - 矩形 20
---        当前进度:  30 % - 矩形 21
---        当前进度:  31 % - 矩形 22
---        当前进度:  32 % - 矩形 23
---        当前进度:  33 % - 矩形 24
---        当前进度:  33 % - 矩形 25
---        当前进度:  34 % - 矩形 26
---        当前进度:  35 % - 矩形 27
---        当前进度:  36 % - 矩形 28
---        当前进度:  36 % - 矩形 29
---        当前进度:  37 % - 矩形 30
---        当前进度:  38 % - 矩形 31
---        当前进度:  39 % - 矩形 32
---        当前进度:  39 % - 矩形 33
----       当前进度:  40 % - 矩形 34
----       当前进度:  41 % - 矩形 35
----       当前进度:  41 % - 矩形 36
----       当前进度:  42 % - 矩形 37
----       当前进度:  43 % - 矩形 38
----       当前进度:  44 % - 矩形 39
----       当前进度:  44 % - 矩形 40
----       当前进度:  45 % - 矩形 41
----       当前进度:  46 % - 矩形 42
----       当前进度:  47 % - 矩形 43
----       当前进度:  47 % - 矩形 44
----       当前进度:  48 % - 矩形 45
----       当前进度:  49 % - 矩形 46
-----      当前进度:  50 % - 矩形 47
-----      当前进度:  50 % - 矩形 48
-----      当前进度:  51 % - 矩形 49
-----      当前进度:  52 % - 矩形 50
-----      当前进度:  53 % - 矩形 51
-----      当前进度:  53 % - 矩形 52
-----      当前进度:  54 % - 矩形 53
-----      当前进度:  55 % - 矩形 54
-----      当前进度:  56 % - 矩形 55
-----      当前进度:  56 % - 矩形 56
-----      当前进度:  57 % - 矩形 57
-----      当前进度:  58 % - 矩形 58
-----      当前进度:  59 % - 矩形 59
-----      当前进度:  59 % - 矩形 60
------     当前进度:  60 % - 矩形 61
------     当前进度:  61 % - 矩形 62
------     当前进度:  61 % - 矩形 63
------     当前进度:  62 % - 矩形 64
------     当前进度:  63 % - 矩形 65
------     当前进度:  64 % - 矩形 66
------     当前进度:  64 % - 矩形 67
------     当前进度:  65 % - 矩形 68
------     当前进度:  66 % - 矩形 69
------     当前进度:  67 % - 矩形 1b
------     当前进度:  67 % - 矩形 2c
------     当前进度:  68 % - 矩形 3c
------     当前进度:  69 % - 矩形 4c
-------    当前进度:  70 % - 矩形 5c
-------    当前进度:  70 % - 矩形 6c
-------    当前进度:  71 % - 矩形 7c
-------    当前进度:  72 % - 矩形 8c
-------    当前进度:  73 % - 矩形 9c
-------    当前进度:  73 % - 矩形 10b
-------    当前进度:  74 % - 矩形 11b
-------    当前进度:  75 % - 矩形 12b
-------    当前进度:  76 % - 矩形 13a
-------    当前进度:  76 % - 矩形 14a
-------    当前进度:  77 % - 矩形 15a
-------    当前进度:  78 % - 矩形 16a
-------    当前进度:  79 % - 矩形 17a
-------    当前进度:  79 % - 矩形 18a
Memory: 584/584 405877/405877
--------   当前进度:  80 % - 矩形 19a
--------   当前进度:  81 % - 矩形 20a
--------   当前进度:  81 % - 矩形 21a
--------   当前进度:  82 % - 矩形 22a
Memory: 584/584 405878/405878
--------   当前进度:  83 % - 矩形 23a
--------   当前进度:  84 % - 矩形 24a
--------   当前进度:  84 % - 矩形 25a
--------   当前进度:  85 % - 矩形 26a
--------   当前进度:  86 % - 矩形 27a
--------   当前进度:  87 % - 矩形 28a
--------   当前进度:  87 % - 矩形 29a
--------   当前进度:  88 % - 矩形 30a
--------   当前进度:  89 % - 矩形 31a
---------  当前进度:  90 % - 矩形 32a
---------  当前进度:  90 % - 矩形 33a
---------  当前进度:  91 % - 矩形 34a
---------  当前进度:  92 % - 矩形 35a
---------  当前进度:  93 % - 形成联合体
---------  当前进度:  99 % - 解析域
Memory: 587/587 405881/405881
---------- 当前进度: 100 % - 正在更新选择
---------- 当前进度: 100 % - 正在创建可视化网格
Memory: 596/596 405891/405891
---------- 当前进度: 100 % - 正在更新选择
Memory: 597/597 405895/405895
           当前进度:   0 % - 矩形
Memory: 605/605 405895/405895
           当前进度:   1 % - 矩形 2
           当前进度:   2 % - 矩形 3
           当前进度:   2 % - 矩形 4
           当前进度:   3 % - 矩形 5
           当前进度:   4 % - 矩形 6
           当前进度:   5 % - 矩形 1
           当前进度:   5 % - 矩形 2a
           当前进度:   6 % - 矩形 3a
           当前进度:   7 % - 矩形 4a
           当前进度:   8 % - 矩形 5a
           当前进度:   8 % - 矩形 6a
           当前进度:   9 % - 矩形 7
-          当前进度:  10 % - 矩形 8
-          当前进度:  11 % - 矩形 9
-          当前进度:  11 % - 矩形 10
-          当前进度:  12 % - 矩形 11
-          当前进度:  13 % - 矩形 12
-          当前进度:  14 % - 矩形 1a
-          当前进度:  14 % - 矩形 2b
-          当前进度:  15 % - 矩形 3b
-          当前进度:  16 % - 矩形 4b
-          当前进度:  17 % - 矩形 5b
-          当前进度:  17 % - 矩形 6b
-          当前进度:  18 % - 矩形 7a
-          当前进度:  19 % - 矩形 8a
--         当前进度:  20 % - 矩形 9a
--         当前进度:  20 % - 矩形 10a
--         当前进度:  21 % - 矩形 11a
--         当前进度:  22 % - 矩形 12a
--         当前进度:  23 % - 矩形 13
--         当前进度:  23 % - 矩形 14
--         当前进度:  24 % - 矩形 15
--         当前进度:  25 % - 矩形 16
--         当前进度:  26 % - 矩形 17
--         当前进度:  27 % - 矩形 18
--         当前进度:  27 % - 矩形 19
--         当前进度:  28 % - 矩形 20
--         当前进度:  29 % - 矩形 21
Memory: 606/606 405895/405895
---        当前进度:  30 % - 矩形 22
---        当前进度:  30 % - 矩形 23
---        当前进度:  31 % - 矩形 24
---        当前进度:  32 % - 矩形 25
---        当前进度:  33 % - 矩形 26
---        当前进度:  33 % - 矩形 27
---        当前进度:  34 % - 矩形 28
---        当前进度:  35 % - 矩形 29
---        当前进度:  36 % - 矩形 30
---        当前进度:  36 % - 矩形 31
---        当前进度:  37 % - 矩形 32
---        当前进度:  38 % - 矩形 33
---        当前进度:  39 % - 矩形 34
---        当前进度:  39 % - 矩形 35
----       当前进度:  40 % - 矩形 36
----       当前进度:  41 % - 矩形 37
----       当前进度:  42 % - 矩形 38
----       当前进度:  42 % - 矩形 39
Memory: 607/607 405895/405895
----       当前进度:  43 % - 矩形 40
----       当前进度:  44 % - 矩形 41
----       当前进度:  45 % - 矩形 42
----       当前进度:  45 % - 矩形 43
----       当前进度:  46 % - 矩形 44
----       当前进度:  47 % - 矩形 45
----       当前进度:  48 % - 矩形 46
----       当前进度:  48 % - 矩形 47
----       当前进度:  49 % - 矩形 48
-----      当前进度:  50 % - 矩形 49
-----      当前进度:  51 % - 矩形 50
-----      当前进度:  52 % - 矩形 51
-----      当前进度:  52 % - 矩形 52
-----      当前进度:  53 % - 矩形 53
-----      当前进度:  54 % - 矩形 54
-----      当前进度:  55 % - 矩形 55
-----      当前进度:  55 % - 矩形 56
-----      当前进度:  56 % - 矩形 57
-----      当前进度:  57 % - 矩形 58
-----      当前进度:  58 % - 矩形 59
-----      当前进度:  58 % - 矩形 60
-----      当前进度:  59 % - 矩形 61
------     当前进度:  60 % - 矩形 62
------     当前进度:  61 % - 矩形 63
------     当前进度:  61 % - 矩形 64
------     当前进度:  62 % - 矩形 65
------     当前进度:  63 % - 矩形 66
------     当前进度:  64 % - 矩形 67
------     当前进度:  64 % - 矩形 68
------     当前进度:  65 % - 矩形 69
------     当前进度:  66 % - 矩形 1b
------     当前进度:  67 % - 矩形 2c
------     当前进度:  67 % - 矩形 3c
------     当前进度:  68 % - 矩形 4c
------     当前进度:  69 % - 矩形 5c
-------    当前进度:  70 % - 矩形 6c
-------    当前进度:  70 % - 矩形 7b
-------    当前进度:  71 % - 矩形 8b
-------    当前进度:  72 % - 矩形 9b
-------    当前进度:  73 % - 矩形 10b
-------    当前进度:  73 % - 矩形 11b
-------    当前进度:  74 % - 矩形 12b
-------    当前进度:  75 % - 矩形 13a
-------    当前进度:  76 % - 矩形 14a
-------    当前进度:  77 % - 矩形 15a
-------    当前进度:  77 % - 矩形 16a
-------    当前进度:  78 % - 矩形 17a
-------    当前进度:  79 % - 矩形 18a
--------   当前进度:  80 % - 矩形 19a
--------   当前进度:  80 % - 矩形 20a
--------   当前进度:  81 % - 矩形 21a
--------   当前进度:  82 % - 矩形 22a
--------   当前进度:  83 % - 矩形 23a
--------   当前进度:  83 % - 矩形 24a
--------   当前进度:  84 % - 矩形 25a
--------   当前进度:  85 % - 矩形 26a
--------   当前进度:  86 % - 矩形 27a
--------   当前进度:  86 % - 矩形 28a
--------   当前进度:  87 % - 矩形 29a
--------   当前进度:  88 % - 矩形 30a
--------   当前进度:  89 % - 矩形 31a
--------   当前进度:  89 % - 矩形 32a
---------  当前进度:  90 % - 矩形 33a
---------  当前进度:  91 % - 矩形 34a
---------  当前进度:  92 % - 矩形 35a
---------  当前进度:  92 % - 形成联合体
---------  当前进度:  99 % - 解析域
Memory: 611/611 405898/405898
---------- 当前进度: 100 % - 正在更新选择
---------- 当前进度: 100 % - 正在创建可视化网格
Memory: 620/620 405905/405905
类运行时: 4 s.
正在保存模型: /Users/luolin/Documents/New project/110kV_RIP_bushing_project/comsol/BRFGL1-126-1250-4_geometry_axisym_Model.mph
保存时间: 0 s.
总时间: 4 s.
---------- 当前进度: 100 % - 完成
Memory: 627/627 405907/405907
