*******************************************
***COMSOL 6.0.0.318 progress output file***
*******************************************
Sat May 16 10:40:09 CST 2026
COMSOL Multiphysics 6.0 (????: 318) ?????????
????: /Users/luolin/Documents/New project/110kV_RIP_bushing_project/comsol/build_geometry_brfgl1.class
---------- ????: 100 % - ??????
Memory: 484/484 405863/405863
           ????:   0 % - ??
Memory: 499/499 405869/405869
           ????:   3 % - ?? 2
           ????:   5 % - ?? 3
           ????:   8 % - ?? 4
-          ????:  10 % - ?? 5
Memory: 500/500 405869/405869
-          ????:  13 % - ?? 6
-          ????:  15 % - ?? 7
-          ????:  18 % - ?? 8
--         ????:  20 % - ?? 9
--         ????:  22 % - ?? 10
--         ????:  25 % - ?? 11
--         ????:  27 % - ?? 1
---        ????:  30 % - ?? 2a
---        ????:  33 % - ?? 3a
---        ????:  35 % - ?? 4a
---        ????:  38 % - ?? 5a
----       ????:  40 % - ?? 6a
----       ????:  43 % - ?? 7a
----       ????:  45 % - ?? 8a
----       ????:  48 % - ?? 9a
-----      ????:  50 % - ?? 10a
-----      ????:  53 % - ?? 12
-----      ????:  55 % - ?? 13
-----      ????:  58 % - ?? 14
------     ????:  60 % - ?? 15
Memory: 501/501 405869/405869
------     ????:  63 % - ?? 16
------     ????:  65 % - ?? 17
------     ????:  68 % - ?? 1a
-------    ????:  70 % - ?? 2b
-------    ????:  73 % - ?? 3b
-------    ????:  75 % - ?????
---------  ????:  98 % - ???
Memory: 502/502 405870/405870
---------- ????: 100 % - ??????
---------  ????:  99 % - ?????????
Memory: 506/506 405874/405874
---------- ????: 100 % - ??????
Memory: 522/522 405878/405878
           ????:   0 % - ??
Memory: 526/526 405878/405878
           ????:   1 % - ?? 2
           ????:   2 % - ?? 3
           ????:   3 % - ?? 4
           ????:   4 % - ?? 5
           ????:   5 % - ?? 6
           ????:   6 % - ?? 7
           ????:   7 % - ?? 8
           ????:   9 % - ?? 9
-          ????:  10 % - ?? 10
-          ????:  11 % - ?? 11
-          ????:  12 % - ?? 1
-          ????:  13 % - ?? 2a
-          ????:  14 % - ?? 3a
-          ????:  15 % - ?? 4a
-          ????:  16 % - ?? 5a
-          ????:  17 % - ?? 6a
-          ????:  18 % - ?? 7a
-          ????:  19 % - ?? 8a
--         ????:  20 % - ?? 9a
--         ????:  21 % - ?? 10a
--         ????:  22 % - ?? 12
--         ????:  23 % - ?? 13
--         ????:  24 % - ?? 1a
--         ????:  26 % - ?? 2b
--         ????:  27 % - ?? 3b
--         ????:  28 % - ?? 4b
--         ????:  29 % - ?? 5b
---        ????:  30 % - ?? 6b
---        ????:  31 % - ?? 7b
---        ????:  32 % - ?? 8b
---        ????:  33 % - ?? 9b
Memory: 527/527 405878/405878
---        ????:  34 % - ?? 10b
---        ????:  35 % - ?? 11a
---        ????:  36 % - ?? 12a
---        ????:  37 % - ?? 13a
---        ????:  38 % - ?? 14
---        ????:  39 % - ?? 15
----       ????:  40 % - ?? 16
----       ????:  41 % - ?? 17
----       ????:  43 % - ?? 18
----       ????:  44 % - ?? 19
----       ????:  45 % - ?? 20
----       ????:  46 % - ?? 21
----       ????:  47 % - ?? 22
----       ????:  48 % - ?? 23
----       ????:  49 % - ?? 24
-----      ????:  50 % - ?? 25
-----      ????:  51 % - ?? 26
-----      ????:  52 % - ?? 27
-----      ????:  53 % - ?? 28
-----      ????:  54 % - ?? 29
-----      ????:  55 % - ?? 30
-----      ????:  56 % - ?? 31
-----      ????:  57 % - ?? 32
-----      ????:  59 % - ?? 33
------     ????:  60 % - ?? 34
------     ????:  61 % - ?? 35
------     ????:  62 % - ?? 36
------     ????:  63 % - ?? 37
------     ????:  64 % - ?? 38
------     ????:  65 % - ?? 39
------     ????:  66 % - ?? 40
------     ????:  67 % - ?? 41
------     ????:  68 % - ?? 42
------     ????:  69 % - ?? 43
-------    ????:  70 % - ?? 44
-------    ????:  71 % - ?? 45
-------    ????:  72 % - ?? 46
-------    ????:  73 % - ?? 47
-------    ????:  74 % - ?? 48
-------    ????:  76 % - ?? 49
-------    ????:  77 % - ?? 50
-------    ????:  78 % - ?? 51
-------    ????:  79 % - ?? 52
--------   ????:  80 % - ?? 53
--------   ????:  81 % - ?? 54
--------   ????:  82 % - ?? 55
--------   ????:  83 % - ?? 56
--------   ????:  84 % - ?? 57
--------   ????:  85 % - ?? 58
--------   ????:  86 % - ?? 59
--------   ????:  87 % - ?? 60
--------   ????:  88 % - ?? 61
--------   ????:  89 % - ?????
---------  ????:  99 % - ???
Memory: 528/528 405879/405879
---------- ????: 100 % - ??????
---------  ????:  99 % - ?????????
Memory: 529/529 405879/405879
---------- ????: 100 % - ??????
Memory: 567/567 405886/405886
           ????:   0 % - ??
Memory: 569/569 405890/405890
           ????:   1 % - ?? 2
           ????:   2 % - ?? 3
           ????:   3 % - ?? 4
           ????:   4 % - ?? 5
           ????:   6 % - ?? 6
           ????:   7 % - ?? 7
           ????:   8 % - ?? 1
           ????:   9 % - ?? 2a
-          ????:  10 % - ?? 3a
-          ????:  11 % - ?? 4a
-          ????:  12 % - ?? 5a
-          ????:  13 % - ?? 6a
-          ????:  14 % - ?? 7a
-          ????:  16 % - ?? 8
-          ????:  17 % - ?? 9
-          ????:  18 % - ?? 10
-          ????:  19 % - ?? 11
--         ????:  20 % - ?? 12
--         ????:  21 % - ?? 1a
--         ????:  22 % - ?? 2b
--         ????:  23 % - ?? 3b
--         ????:  24 % - ?? 4b
--         ????:  26 % - ?? 5b
--         ????:  27 % - ?? 6b
--         ????:  28 % - ?? 7b
--         ????:  29 % - ?? 8a
---        ????:  30 % - ?? 9a
---        ????:  31 % - ?? 10a
---        ????:  32 % - ?? 11a
---        ????:  33 % - ?? 12a
---        ????:  34 % - ?? 13
---        ????:  36 % - ?? 14
---        ????:  37 % - ?? 15
---        ????:  38 % - ?? 16
---        ????:  39 % - ?? 17
----       ????:  40 % - ?? 18
----       ????:  41 % - ?? 19
----       ????:  42 % - ?? 20
----       ????:  43 % - ?? 21
----       ????:  44 % - ?? 22
----       ????:  46 % - ?? 23
----       ????:  47 % - ?? 24
----       ????:  48 % - ?? 25
----       ????:  49 % - ?? 26
-----      ????:  50 % - ?? 27
-----      ????:  51 % - ?? 28
-----      ????:  52 % - ?? 29
-----      ????:  53 % - ?? 30
-----      ????:  54 % - ?? 31
-----      ????:  56 % - ?? 32
-----      ????:  57 % - ?? 33
-----      ????:  58 % - ?? 34
-----      ????:  59 % - ?? 35
------     ????:  60 % - ?? 36
------     ????:  61 % - ?? 37
------     ????:  62 % - ?? 38
------     ????:  63 % - ?? 39
------     ????:  64 % - ?? 40
------     ????:  66 % - ?? 41
------     ????:  67 % - ?? 42
------     ????:  68 % - ?? 43
------     ????:  69 % - ?? 44
-------    ????:  70 % - ?? 45
-------    ????:  71 % - ?? 46
-------    ????:  72 % - ?? 47
-------    ????:  73 % - ?? 48
-------    ????:  74 % - ?? 49
-------    ????:  76 % - ?? 50
-------    ????:  77 % - ?? 51
-------    ????:  78 % - ?? 52
-------    ????:  79 % - ?? 53
--------   ????:  80 % - ?? 54
--------   ????:  81 % - ?? 55
--------   ????:  82 % - ?? 56
--------   ????:  83 % - ?? 57
--------   ????:  84 % - ?? 58
--------   ????:  86 % - ?? 59
--------   ????:  87 % - ?? 60
--------   ????:  88 % - ?? 61
--------   ????:  89 % - ?????
---------  ????:  99 % - ???
Memory: 570/570 405890/405890
---------- ????: 100 % - ??????
---------  ????:  99 % - ?????????
---------- ????: 100 % - ??????
Memory: 579/579 405850/405890
           ????:   0 % - ??
Memory: 580/580 405856/405890
           ????:   1 % - ?? 2
           ????:   2 % - ?? 3
           ????:   3 % - ?? 4
           ????:   4 % - ?? 5
           ????:   6 % - ?? 6
           ????:   7 % - ?? 7
           ????:   8 % - ?? 1
           ????:   9 % - ?? 2a
-          ????:  10 % - ?? 3a
-          ????:  11 % - ?? 4a
-          ????:  12 % - ?? 5a
-          ????:  13 % - ?? 6a
-          ????:  14 % - ?? 7a
-          ????:  16 % - ?? 8
-          ????:  17 % - ?? 9
-          ????:  18 % - ?? 10
-          ????:  19 % - ?? 11
--         ????:  20 % - ?? 12
--         ????:  21 % - ?? 1a
--         ????:  22 % - ?? 2b
--         ????:  23 % - ?? 3b
--         ????:  24 % - ?? 4b
--         ????:  26 % - ?? 5b
--         ????:  27 % - ?? 6b
--         ????:  28 % - ?? 7b
--         ????:  29 % - ?? 8a
---        ????:  30 % - ?? 9a
---        ????:  31 % - ?? 10a
---        ????:  32 % - ?? 11a
---        ????:  33 % - ?? 12a
---        ????:  34 % - ?? 13
---        ????:  36 % - ?? 14
---        ????:  37 % - ?? 15
---        ????:  38 % - ?? 16
---        ????:  39 % - ?? 17
----       ????:  40 % - ?? 18
----       ????:  41 % - ?? 19
----       ????:  42 % - ?? 20
----       ????:  43 % - ?? 21
----       ????:  44 % - ?? 22
----       ????:  46 % - ?? 23
----       ????:  47 % - ?? 24
----       ????:  48 % - ?? 25
----       ????:  49 % - ?? 26
-----      ????:  50 % - ?? 27
-----      ????:  51 % - ?? 28
-----      ????:  52 % - ?? 29
-----      ????:  53 % - ?? 30
-----      ????:  54 % - ?? 31
-----      ????:  56 % - ?? 32
-----      ????:  57 % - ?? 33
-----      ????:  58 % - ?? 34
-----      ????:  59 % - ?? 35
------     ????:  60 % - ?? 36
------     ????:  61 % - ?? 37
------     ????:  62 % - ?? 38
------     ????:  63 % - ?? 39
------     ????:  64 % - ?? 40
------     ????:  66 % - ?? 41
------     ????:  67 % - ?? 42
------     ????:  68 % - ?? 43
------     ????:  69 % - ?? 44
-------    ????:  70 % - ?? 45
-------    ????:  71 % - ?? 46
-------    ????:  72 % - ?? 47
-------    ????:  73 % - ?? 48
-------    ????:  74 % - ?? 49
-------    ????:  76 % - ?? 50
-------    ????:  77 % - ?? 51
-------    ????:  78 % - ?? 52
-------    ????:  79 % - ?? 53
--------   ????:  80 % - ?? 54
--------   ????:  81 % - ?? 55
--------   ????:  82 % - ?? 56
--------   ????:  83 % - ?? 57
--------   ????:  84 % - ?? 58
--------   ????:  86 % - ?? 59
--------   ????:  87 % - ?? 60
--------   ????:  88 % - ?? 61
--------   ????:  89 % - ?????
---------  ????:  99 % - ???
---------- ????: 100 % - ??????
---------  ????:  99 % - ?????????
Memory: 583/583 405856/405890
????: 16 s.
??????: /Users/luolin/Documents/New project/110kV_RIP_bushing_project/comsol/BRFGL1-126-1250-4_geometry_axisym_Model.mph
????: 0 s.
???: 16 s.
---------- ????: 100 % - ??
Memory: 589/589 405841/405890
