*******************************************
***COMSOL 6.0.0.318 progress output file***
*******************************************
Thu May 14 21:43:22 CST 2026
COMSOL Multiphysics 6.0 (开发版本: 318) 在批处理模式下启动
正在运行: /Users/luolin/Documents/New project/110kV_RIP_bushing_project/comsol/build_model.class
---------- 当前进度: 100 % - 正在更新选择
Memory: 487/487 405864/405864
           当前进度:   0 % - 矩形
Memory: 502/502 405869/405869
           当前进度:   6 % - 矩形 2
Memory: 503/503 405869/405869
-          当前进度:  12 % - 矩形 3
-          当前进度:  18 % - 矩形 4
--         当前进度:  24 % - 矩形 5
--         当前进度:  29 % - 矩形 6
---        当前进度:  35 % - 矩形 7
----       当前进度:  41 % - 形成联合体
---------  当前进度:  95 % - 解析域
Memory: 504/504 405870/405870
---------- 当前进度: 100 % - 正在更新选择
---------- 当前进度: 100 % - 正在创建可视化网格
Memory: 506/506 405870/405870
顶点单元数：26
边界单元数：337
单元数：823
最小单元质量：0.4787
---------- 当前进度: 100 % - 正在定型网格
Memory: 974/974 405922/405922
<---- 研究/解 1 (sol1) 中的“编译方程: 稳态” -----------------------------------------------
开始于 2026年5月14日 下午9:43:29。
几何形函数: 二次拉格朗日单元
在 Apple M1 Pro 上运行。
在以下位置使用 1 个插槽： 192.168.0.104 上（共 8 个内核）。
可用内存：32.77 GB。
           当前进度:   5 % - 编译方程: 稳态
Memory: 998/998 405944/405944
           当前进度:   5 % - 正在创建可视化网格
Memory: 1001/1001 405944/405944
时间：1。
物理内存: 1.01 GB
虚拟内存: 405.95 GB
结束时间：2026年5月14日 下午9:43:30。
----- 研究/解 1 (sol1) 中的“编译方程: 稳态” ---------------------------------------------->
<---- 研究/解 1 (sol1) 中的“因变量 1” --------------------------------------------------
开始于 2026年5月14日 下午9:43:30。
           当前进度:   5 % - 因变量 1
Memory: 1008/1008 405946/405946
求解时间：0 s。
物理内存: 1.01 GB
虚拟内存: 405.95 GB
结束时间：2026年5月14日 下午9:43:30。
----- 研究/解 1 (sol1) 中的“因变量 1” ------------------------------------------------->
<---- 研究/解 1 (sol1) 中的“稳态求解器 1” ------------------------------------------------
开始于 2026年5月14日 下午9:43:30。
线性求解器 
求解的自由度数：1842。
找到对称矩阵。
缩放因变量：
电势 (comp1.V): 1
已使用正交零空间函数。
Iter      SolEst     Damping    Stepsize #Res #Jac #Sol   LinErr   LinRes
   1        0.71   1.0000000        0.71    1    1    1  5.3e-14  4.2e-16
---------- 当前进度: 100 % - 求解线性方程组
Memory: 1018/1018 405959/405959
求解时间：0 s。
物理内存: 1.02 GB
虚拟内存: 405.96 GB
结束时间：2026年5月14日 下午9:43:30。
----- 研究/解 1 (sol1) 中的“稳态求解器 1” ----------------------------------------------->
<---- 研究 2/解 2 (sol2) 中的“编译方程: 稳态” ---------------------------------------------
开始于 2026年5月14日 下午9:43:31。
几何形函数: 二次拉格朗日单元
在 Apple M1 Pro 上运行。
在以下位置使用 1 个插槽： 192.168.0.104 上（共 8 个内核）。
可用内存：32.77 GB。
           当前进度:   5 % - 编译方程: 稳态
Memory: 961/1018 405929/405960
           当前进度:   5 % - 正在创建可视化网格
Memory: 962/1018 405929/405960
时间：1。
物理内存: 963 MB
虚拟内存: 405960 MB
结束时间：2026年5月14日 下午9:43:32。
----- 研究 2/解 2 (sol2) 中的“编译方程: 稳态” -------------------------------------------->
<---- 研究 2/解 2 (sol2) 中的“因变量 1” ------------------------------------------------
开始于 2026年5月14日 下午9:43:32。
           当前进度:   5 % - 因变量 1
Memory: 963/1018 405929/405960
求解时间：0 s。
物理内存: 963 MB
虚拟内存: 405929 MB
结束时间：2026年5月14日 下午9:43:32。
----- 研究 2/解 2 (sol2) 中的“因变量 1” ----------------------------------------------->
<---- 研究 2/解 2 (sol2) 中的“稳态求解器 1” ----------------------------------------------
开始于 2026年5月14日 下午9:43:32。
Warning: 该系统不支持 PARDISO。请切换为 MUMPS。
线性求解器 
求解的自由度数：1842（加上 1012 个内部自由度）。
找到对称矩阵。
缩放因变量：
温度 (comp1.T): 2.9e+02
已使用正交零空间函数。
Iter      SolEst     Damping    Stepsize #Res #Jac #Sol   LinErr   LinRes
   1        0.52   1.0000000        0.52    1    1    1  1.2e-14  1.3e-14
---------- 当前进度: 100 % - 
Memory: 966/1018 405931/405960
求解时间：0 s。
物理内存: 967 MB
虚拟内存: 405935 MB
Warning: 该系统不支持 PARDISO。请切换为 MUMPS。
结束时间：2026年5月14日 下午9:43:32。
----- 研究 2/解 2 (sol2) 中的“稳态求解器 1” --------------------------------------------->
<---- 研究 3/解 3 (sol3) 中的“编译方程: 稳态” ---------------------------------------------
开始于 2026年5月14日 下午9:43:33。
几何形函数: 二次拉格朗日单元
在 Apple M1 Pro 上运行。
在以下位置使用 1 个插槽： 192.168.0.104 上（共 8 个内核）。
可用内存：32.77 GB。
           当前进度:   5 % - 编译方程: 稳态
Memory: 979/1018 405948/405960
           当前进度:   5 % - 正在创建可视化网格
Memory: 980/1018 405949/405960
时间：1。
物理内存: 981 MB
虚拟内存: 405951 MB
结束时间：2026年5月14日 下午9:43:34。
----- 研究 3/解 3 (sol3) 中的“编译方程: 稳态” -------------------------------------------->
<---- 研究 3/解 3 (sol3) 中的“因变量 1” ------------------------------------------------
开始于 2026年5月14日 下午9:43:34。
           当前进度:   5 % - 因变量 1
Memory: 981/1018 405951/405960
求解时间：0 s。
物理内存: 981 MB
虚拟内存: 405951 MB
结束时间：2026年5月14日 下午9:43:34。
----- 研究 3/解 3 (sol3) 中的“因变量 1” ----------------------------------------------->
<---- 研究 3/解 3 (sol3) 中的“稳态求解器 1” ----------------------------------------------
开始于 2026年5月14日 下午9:43:34。
线性求解器 
求解的自由度数：3684（加上 1012 个内部自由度）。
找到对称矩阵。
缩放因变量：
温度 (comp1.T): 2.9e+02
电势 (comp1.V): 6.1e+08
已使用正交零空间函数。
Iter      SolEst     Damping    Stepsize #Res #Jac #Sol   LinErr   LinRes
   1        0.62   1.0000000        0.62    1    1    1  1.7e-14  1.5e-14
---------- 当前进度: 100 % - 
Memory: 985/1018 405952/405960
求解时间：0 s。
物理内存: 985 MB
虚拟内存: 405952 MB
结束时间：2026年5月14日 下午9:43:34。
----- 研究 3/解 3 (sol3) 中的“稳态求解器 1” --------------------------------------------->
<---- 研究/解 1 (sol1) 中的“编译方程: 稳态” -----------------------------------------------
开始于 2026年5月14日 下午9:43:35。
几何形函数: 二次拉格朗日单元
在 Apple M1 Pro 上运行。
在以下位置使用 1 个插槽： 192.168.0.104 上（共 8 个内核）。
可用内存：32.77 GB。
           当前进度:   5 % - 编译方程: 稳态
Memory: 992/1018 405952/405960
           当前进度:   5 % - 正在创建可视化网格
Memory: 993/1018 405952/405960
时间：1。
物理内存: 993 MB
虚拟内存: 405952 MB
结束时间：2026年5月14日 下午9:43:35。
----- 研究/解 1 (sol1) 中的“编译方程: 稳态” ---------------------------------------------->
<---- 研究/解 1 (sol1) 中的“因变量 1” --------------------------------------------------
开始于 2026年5月14日 下午9:43:35。
           当前进度:   5 % - 因变量 1
求解时间：0 s。
物理内存: 993 MB
虚拟内存: 405952 MB
结束时间：2026年5月14日 下午9:43:35。
----- 研究/解 1 (sol1) 中的“因变量 1” ------------------------------------------------->
<---- 研究/解 1 (sol1) 中的“稳态求解器 1” ------------------------------------------------
开始于 2026年5月14日 下午9:43:35。
线性求解器 
求解的自由度数：1842。
找到对称矩阵。
缩放因变量：
电势 (comp1.V): 1
已使用正交零空间函数。
Iter      SolEst     Damping    Stepsize #Res #Jac #Sol   LinErr   LinRes
   1        0.71   1.0000000        0.71    1    1    1  5.3e-14  4.2e-16
---------- 当前进度: 100 % - 求解线性方程组
求解时间：0 s。
物理内存: 993 MB
虚拟内存: 405952 MB
结束时间：2026年5月14日 下午9:43:35。
----- 研究/解 1 (sol1) 中的“稳态求解器 1” ----------------------------------------------->
<---- 研究 2/解 2 (sol2) 中的“编译方程: 稳态” ---------------------------------------------
开始于 2026年5月14日 下午9:43:36。
几何形函数: 二次拉格朗日单元
在 Apple M1 Pro 上运行。
在以下位置使用 1 个插槽： 192.168.0.104 上（共 8 个内核）。
可用内存：32.77 GB。
           当前进度:   5 % - 编译方程: 稳态
Memory: 996/1018 405952/405960
           当前进度:   5 % - 正在创建可视化网格
时间：1。
物理内存: 997 MB
虚拟内存: 405952 MB
结束时间：2026年5月14日 下午9:43:37。
----- 研究 2/解 2 (sol2) 中的“编译方程: 稳态” -------------------------------------------->
<---- 研究 2/解 2 (sol2) 中的“因变量 1” ------------------------------------------------
开始于 2026年5月14日 下午9:43:37。
           当前进度:   5 % - 因变量 1
Memory: 997/1018 405952/405960
求解时间：0 s。
物理内存: 997 MB
虚拟内存: 405952 MB
结束时间：2026年5月14日 下午9:43:37。
----- 研究 2/解 2 (sol2) 中的“因变量 1” ----------------------------------------------->
<---- 研究 2/解 2 (sol2) 中的“稳态求解器 1” ----------------------------------------------
开始于 2026年5月14日 下午9:43:37。
Warning: 该系统不支持 PARDISO。请切换为 MUMPS。
线性求解器 
求解的自由度数：1842（加上 1012 个内部自由度）。
找到对称矩阵。
缩放因变量：
温度 (comp1.T): 2.9e+02
已使用正交零空间函数。
Iter      SolEst     Damping    Stepsize #Res #Jac #Sol   LinErr   LinRes
   1        0.52   1.0000000        0.52    1    1    1  1.2e-14  1.3e-14
---------- 当前进度: 100 % - 
Memory: 999/1018 405952/405960
求解时间：0 s。
物理内存: 999 MB
虚拟内存: 405952 MB
Warning: 该系统不支持 PARDISO。请切换为 MUMPS。
结束时间：2026年5月14日 下午9:43:37。
----- 研究 2/解 2 (sol2) 中的“稳态求解器 1” --------------------------------------------->
<---- 研究 3/解 3 (sol3) 中的“编译方程: 稳态” ---------------------------------------------
开始于 2026年5月14日 下午9:43:38。
几何形函数: 二次拉格朗日单元
在 Apple M1 Pro 上运行。
在以下位置使用 1 个插槽： 192.168.0.104 上（共 8 个内核）。
可用内存：32.77 GB。
           当前进度:   5 % - 编译方程: 稳态
Memory: 1001/1018 405936/405960
           当前进度:   5 % - 正在创建可视化网格
Memory: 1002/1018 405938/405960
时间：1。
物理内存: 1 GB
虚拟内存: 405.94 GB
结束时间：2026年5月14日 下午9:43:38。
----- 研究 3/解 3 (sol3) 中的“编译方程: 稳态” -------------------------------------------->
<---- 研究 3/解 3 (sol3) 中的“因变量 1” ------------------------------------------------
开始于 2026年5月14日 下午9:43:38。
           当前进度:   5 % - 因变量 1
求解时间：0 s。
物理内存: 1 GB
虚拟内存: 405.94 GB
结束时间：2026年5月14日 下午9:43:38。
----- 研究 3/解 3 (sol3) 中的“因变量 1” ----------------------------------------------->
<---- 研究 3/解 3 (sol3) 中的“稳态求解器 1” ----------------------------------------------
开始于 2026年5月14日 下午9:43:38。
线性求解器 
求解的自由度数：3684（加上 1012 个内部自由度）。
找到对称矩阵。
缩放因变量：
温度 (comp1.T): 2.9e+02
电势 (comp1.V): 6.1e+08
已使用正交零空间函数。
Iter      SolEst     Damping    Stepsize #Res #Jac #Sol   LinErr   LinRes
   1        0.62   1.0000000        0.62    1    1    1  1.7e-14  1.5e-14
---------- 当前进度: 100 % - 
Memory: 1003/1018 405939/405960
求解时间：0 s。
物理内存: 1 GB
虚拟内存: 405.94 GB
结束时间：2026年5月14日 下午9:43:38。
----- 研究 3/解 3 (sol3) 中的“稳态求解器 1” --------------------------------------------->
类运行时: 16 s.
正在保存模型: /Users/luolin/Documents/New project/110kV_RIP_bushing_project/comsol/base_model_2d_axisym_STEADY_1250_LOAD_1p0_Model.mph
保存时间: 0 s.
总时间: 16 s.
---------- 当前进度: 100 % - 完成
