*******************************************
***COMSOL 6.0.0.318 progress output file***
*******************************************
Thu May 14 21:43:22 CST 2026
COMSOL Multiphysics 6.0 (????: 318) ?????????
????: /Users/luolin/Documents/New project/110kV_RIP_bushing_project/comsol/build_model.class
---------- ????: 100 % - ??????
Memory: 487/487 405864/405864
           ????:   0 % - ??
Memory: 502/502 405869/405869
           ????:   6 % - ?? 2
Memory: 503/503 405869/405869
-          ????:  12 % - ?? 3
-          ????:  18 % - ?? 4
--         ????:  24 % - ?? 5
--         ????:  29 % - ?? 6
---        ????:  35 % - ?? 7
----       ????:  41 % - ?????
---------  ????:  95 % - ???
Memory: 504/504 405870/405870
---------- ????: 100 % - ??????
---------- ????: 100 % - ?????????
Memory: 506/506 405870/405870
??????26
??????337
????823
???????0.4787
---------- ????: 100 % - ??????
Memory: 974/974 405922/405922
Mesh generation completed.
Running electric-field independent solve (std_es)
<---- ??/? 1 (sol1) ???????: ??? -----------------------------------------------
??? 2026?5?14? ??9:43:29?
?????: ????????
? Apple M1 Pro ????
??????? 1 ???? 192.168.0.104 ??? 8 ?????
?????32.77 GB?
           ????:   5 % - ????: ??
Memory: 998/998 405944/405944
           ????:   5 % - ?????????
Memory: 1001/1001 405944/405944
???1?
????: 1.01 GB
????: 405.95 GB
?????2026?5?14? ??9:43:30?
----- ??/? 1 (sol1) ???????: ??? ---------------------------------------------->
<---- ??/? 1 (sol1) ?????? 1? --------------------------------------------------
??? 2026?5?14? ??9:43:30?
           ????:   5 % - ??? 1
Memory: 1008/1008 405946/405946
?????0 s?
????: 1.01 GB
????: 405.95 GB
?????2026?5?14? ??9:43:30?
----- ??/? 1 (sol1) ?????? 1? ------------------------------------------------->
<---- ??/? 1 (sol1) ???????? 1? ------------------------------------------------
??? 2026?5?14? ??9:43:30?
????? 
????????1842?
???????
??????
?? (comp1.V): 1
???????????
Iter      SolEst     Damping    Stepsize #Res #Jac #Sol   LinErr   LinRes
   1        0.71   1.0000000        0.71    1    1    1  5.3e-14  4.2e-16
---------- ????: 100 % - ???????
Memory: 1018/1018 405959/405959
?????0 s?
????: 1.02 GB
????: 405.96 GB
?????2026?5?14? ??9:43:30?
----- ??/? 1 (sol1) ???????? 1? ----------------------------------------------->
Completed electric-field independent solve (std_es)
Running thermal independent solve (std_ht)
<---- ?? 2/? 2 (sol2) ???????: ??? ---------------------------------------------
??? 2026?5?14? ??9:43:31?
?????: ????????
? Apple M1 Pro ????
??????? 1 ???? 192.168.0.104 ??? 8 ?????
?????32.77 GB?
           ????:   5 % - ????: ??
Memory: 961/1018 405929/405960
           ????:   5 % - ?????????
Memory: 962/1018 405929/405960
???1?
????: 963 MB
????: 405960 MB
?????2026?5?14? ??9:43:32?
----- ?? 2/? 2 (sol2) ???????: ??? -------------------------------------------->
<---- ?? 2/? 2 (sol2) ?????? 1? ------------------------------------------------
??? 2026?5?14? ??9:43:32?
           ????:   5 % - ??? 1
Memory: 963/1018 405929/405960
?????0 s?
????: 963 MB
????: 405929 MB
?????2026?5?14? ??9:43:32?
----- ?? 2/? 2 (sol2) ?????? 1? ----------------------------------------------->
<---- ?? 2/? 2 (sol2) ???????? 1? ----------------------------------------------
??? 2026?5?14? ??9:43:32?
Warning: ?????? PARDISO????? MUMPS?
????? 
????????1842??? 1012 ????????
???????
??????
?? (comp1.T): 2.9e+02
???????????
Iter      SolEst     Damping    Stepsize #Res #Jac #Sol   LinErr   LinRes
   1        0.52   1.0000000        0.52    1    1    1  1.2e-14  1.3e-14
---------- ????: 100 % - 
Memory: 966/1018 405931/405960
?????0 s?
????: 967 MB
????: 405935 MB
Warning: ?????? PARDISO????? MUMPS?
?????2026?5?14? ??9:43:32?
----- ?? 2/? 2 (sol2) ???????? 1? --------------------------------------------->
Completed thermal independent solve (std_ht)
Running coupled electro-thermal solve (std_cpl)
<---- ?? 3/? 3 (sol3) ???????: ??? ---------------------------------------------
??? 2026?5?14? ??9:43:33?
?????: ????????
? Apple M1 Pro ????
??????? 1 ???? 192.168.0.104 ??? 8 ?????
?????32.77 GB?
           ????:   5 % - ????: ??
Memory: 979/1018 405948/405960
           ????:   5 % - ?????????
Memory: 980/1018 405949/405960
???1?
????: 981 MB
????: 405951 MB
?????2026?5?14? ??9:43:34?
----- ?? 3/? 3 (sol3) ???????: ??? -------------------------------------------->
<---- ?? 3/? 3 (sol3) ?????? 1? ------------------------------------------------
??? 2026?5?14? ??9:43:34?
           ????:   5 % - ??? 1
Memory: 981/1018 405951/405960
?????0 s?
????: 981 MB
????: 405951 MB
?????2026?5?14? ??9:43:34?
----- ?? 3/? 3 (sol3) ?????? 1? ----------------------------------------------->
<---- ?? 3/? 3 (sol3) ???????? 1? ----------------------------------------------
??? 2026?5?14? ??9:43:34?
????? 
????????3684??? 1012 ????????
???????
??????
?? (comp1.T): 2.9e+02
?? (comp1.V): 6.1e+08
???????????
Iter      SolEst     Damping    Stepsize #Res #Jac #Sol   LinErr   LinRes
   1        0.62   1.0000000        0.62    1    1    1  1.7e-14  1.5e-14
---------- ????: 100 % - 
Memory: 985/1018 405952/405960
?????0 s?
????: 985 MB
????: 405952 MB
?????2026?5?14? ??9:43:34?
----- ?? 3/? 3 (sol3) ???????? 1? --------------------------------------------->
Completed coupled electro-thermal solve (std_cpl)
Metrics table exported.
Metrics export CSV written: /Users/luolin/Documents/New project/110kV_RIP_bushing_project/results/raw_comsol_exports/STEADY_1250_LOAD_1p0/metrics_export.csv
output_metrics.csv updated for baseline case.
Baseline MPH saved.
<---- ??/? 1 (sol1) ???????: ??? -----------------------------------------------
??? 2026?5?14? ??9:43:35?
?????: ????????
? Apple M1 Pro ????
??????? 1 ???? 192.168.0.104 ??? 8 ?????
?????32.77 GB?
           ????:   5 % - ????: ??
Memory: 992/1018 405952/405960
           ????:   5 % - ?????????
Memory: 993/1018 405952/405960
???1?
????: 993 MB
????: 405952 MB
?????2026?5?14? ??9:43:35?
----- ??/? 1 (sol1) ???????: ??? ---------------------------------------------->
<---- ??/? 1 (sol1) ?????? 1? --------------------------------------------------
??? 2026?5?14? ??9:43:35?
           ????:   5 % - ??? 1
?????0 s?
????: 993 MB
????: 405952 MB
?????2026?5?14? ??9:43:35?
----- ??/? 1 (sol1) ?????? 1? ------------------------------------------------->
<---- ??/? 1 (sol1) ???????? 1? ------------------------------------------------
??? 2026?5?14? ??9:43:35?
????? 
????????1842?
???????
??????
?? (comp1.V): 1
???????????
Iter      SolEst     Damping    Stepsize #Res #Jac #Sol   LinErr   LinRes
   1        0.71   1.0000000        0.71    1    1    1  5.3e-14  4.2e-16
---------- ????: 100 % - ???????
?????0 s?
????: 993 MB
????: 405952 MB
?????2026?5?14? ??9:43:35?
----- ??/? 1 (sol1) ???????? 1? ----------------------------------------------->
<---- ?? 2/? 2 (sol2) ???????: ??? ---------------------------------------------
??? 2026?5?14? ??9:43:36?
?????: ????????
? Apple M1 Pro ????
??????? 1 ???? 192.168.0.104 ??? 8 ?????
?????32.77 GB?
           ????:   5 % - ????: ??
Memory: 996/1018 405952/405960
           ????:   5 % - ?????????
???1?
????: 997 MB
????: 405952 MB
?????2026?5?14? ??9:43:37?
----- ?? 2/? 2 (sol2) ???????: ??? -------------------------------------------->
<---- ?? 2/? 2 (sol2) ?????? 1? ------------------------------------------------
??? 2026?5?14? ??9:43:37?
           ????:   5 % - ??? 1
Memory: 997/1018 405952/405960
?????0 s?
????: 997 MB
????: 405952 MB
?????2026?5?14? ??9:43:37?
----- ?? 2/? 2 (sol2) ?????? 1? ----------------------------------------------->
<---- ?? 2/? 2 (sol2) ???????? 1? ----------------------------------------------
??? 2026?5?14? ??9:43:37?
Warning: ?????? PARDISO????? MUMPS?
????? 
????????1842??? 1012 ????????
???????
??????
?? (comp1.T): 2.9e+02
???????????
Iter      SolEst     Damping    Stepsize #Res #Jac #Sol   LinErr   LinRes
   1        0.52   1.0000000        0.52    1    1    1  1.2e-14  1.3e-14
---------- ????: 100 % - 
Memory: 999/1018 405952/405960
?????0 s?
????: 999 MB
????: 405952 MB
Warning: ?????? PARDISO????? MUMPS?
?????2026?5?14? ??9:43:37?
----- ?? 2/? 2 (sol2) ???????? 1? --------------------------------------------->
<---- ?? 3/? 3 (sol3) ???????: ??? ---------------------------------------------
??? 2026?5?14? ??9:43:38?
?????: ????????
? Apple M1 Pro ????
??????? 1 ???? 192.168.0.104 ??? 8 ?????
?????32.77 GB?
           ????:   5 % - ????: ??
Memory: 1001/1018 405936/405960
           ????:   5 % - ?????????
Memory: 1002/1018 405938/405960
???1?
????: 1 GB
????: 405.94 GB
?????2026?5?14? ??9:43:38?
----- ?? 3/? 3 (sol3) ???????: ??? -------------------------------------------->
<---- ?? 3/? 3 (sol3) ?????? 1? ------------------------------------------------
??? 2026?5?14? ??9:43:38?
           ????:   5 % - ??? 1
?????0 s?
????: 1 GB
????: 405.94 GB
?????2026?5?14? ??9:43:38?
----- ?? 3/? 3 (sol3) ?????? 1? ----------------------------------------------->
<---- ?? 3/? 3 (sol3) ???????? 1? ----------------------------------------------
??? 2026?5?14? ??9:43:38?
????? 
????????3684??? 1012 ????????
???????
??????
?? (comp1.T): 2.9e+02
?? (comp1.V): 6.1e+08
???????????
Iter      SolEst     Damping    Stepsize #Res #Jac #Sol   LinErr   LinRes
   1        0.62   1.0000000        0.62    1    1    1  1.7e-14  1.5e-14
---------- ????: 100 % - 
Memory: 1003/1018 405939/405960
?????0 s?
????: 1 GB
????: 405.94 GB
?????2026?5?14? ??9:43:38?
----- ?? 3/? 3 (sol3) ???????? 1? --------------------------------------------->
????: 16 s.
??????: /Users/luolin/Documents/New project/110kV_RIP_bushing_project/comsol/base_model_2d_axisym_STEADY_1250_LOAD_1p0_Model.mph
????: 0 s.
???: 16 s.
---------- ????: 100 % - ??
