*******************************************
***COMSOL 6.0.0.318 progress output file***
*******************************************
Sun May 17 19:53:56 CST 2026
COMSOL Multiphysics 6.0 (开发版本: 318) 在批处理模式下启动
正在运行: /Users/luolin/Documents/New project/110kV_RIP_bushing_project/comsol/run_full_electrothermal_dielectric_loss_run009_baseline.class
顶点单元数：248
边界单元数：58710
-          当前进度:  18 % - 正在准备进行前沿网格划分
Memory: 785/785 405929/405929
-          当前进度:  19 % - 插入内部点
Memory: 850/850 405954/405954
--         当前进度:  20 % - 插入内部点
Memory: 861/861 405954/405954
--         当前进度:  21 % - 插入内部点
Memory: 866/866 405955/405955
--         当前进度:  22 % - 插入内部点
Memory: 871/871 405913/405955
--         当前进度:  25 % - 正在准备进行前沿网格划分
Memory: 872/872 405913/405955
--         当前进度:  26 % - 插入内部点
Memory: 880/880 405918/405955
--         当前进度:  27 % - 插入内部点
Memory: 881/881 405918/405955
--         当前进度:  28 % - 插入内部点
---        当前进度:  31 % - 提高单元质量
---------  当前进度:  95 % - 提高单元质量
单元数：398775
---------  当前进度:  99 % - 正在定型网格
Memory: 1104/1104 406058/406058
---------- 当前进度: 100 % - 正在定型网格
Memory: 1070/1104 406023/406058
最小单元质量：0.0488
<---- 研究/解 1 (sol1) 中的“编译方程: 稳态” -----------------------------------------------
开始于 2026年5月17日 下午7:54:46。
几何形函数: 二次拉格朗日单元
在 Apple M1 Pro 上运行。
在以下位置使用 1 个插槽： 192.168.0.106 上（共 8 个内核）。
可用内存：32.77 GB。
           当前进度:   5 % - 编译方程: 稳态
Memory: 1146/1146 406081/406081
           当前进度:   5 % - 正在创建可视化网格
Memory: 1389/1389 406185/406185
时间：13。
物理内存: 1.48 GB
虚拟内存: 406.26 GB
结束时间：2026年5月17日 下午7:54:59。
----- 研究/解 1 (sol1) 中的“编译方程: 稳态” ---------------------------------------------->
<---- 研究/解 1 (sol1) 中的“因变量 1” --------------------------------------------------
开始于 2026年5月17日 下午7:54:59。
           当前进度:   5 % - 因变量 1
Memory: 1587/1587 406338/406338
求解时间：0 s。
物理内存: 1.59 GB
虚拟内存: 406.34 GB
结束时间：2026年5月17日 下午7:55:00。
----- 研究/解 1 (sol1) 中的“因变量 1” ------------------------------------------------->
<---- 研究/解 1 (sol1) 中的“稳态求解器 1” ------------------------------------------------
开始于 2026年5月17日 下午7:55:00。
线性求解器 
           当前进度:   9 % - 稳态求解器 1
Memory: 1750/1750 406483/406483
求解的自由度数：797923。
---        当前进度:  34 % - 组装矩阵
Memory: 2114/2114 406810/406810
找到对称矩阵。
缩放因变量：
电势 (comp_v3_solid_solver.V): 1
悬浮电位 (comp_v3_solid_solver.es.fp_s01.V0_ode): 2e-06
悬浮电位 (comp_v3_solid_solver.es.fp_s02.V0_ode): 2e-06
悬浮电位 (comp_v3_solid_solver.es.fp_s03.V0_ode): 2e-06
悬浮电位 (comp_v3_solid_solver.es.fp_s04.V0_ode): 2e-06
悬浮电位 (comp_v3_solid_solver.es.fp_s05.V0_ode): 2e-06
悬浮电位 (comp_v3_solid_solver.es.fp_s06.V0_ode): 2e-06
悬浮电位 (comp_v3_solid_solver.es.fp_s07.V0_ode): 2e-06
悬浮电位 (comp_v3_solid_solver.es.fp_s08.V0_ode): 2e-06
悬浮电位 (comp_v3_solid_solver.es.fp_s09.V0_ode): 2e-06
使用了稀疏零空间函数。
---        当前进度:  37 % - 约束处理
Memory: 2393/2393 407070/407070
---        当前进度:  37 % - 矩阵分解
Memory: 2463/2463 407037/407101
----       当前进度:  42 % - 矩阵分解
Memory: 2608/2608 407287/407287
------     当前进度:  64 % - 矩阵分解
Memory: 2697/2697 407299/407299
--------   当前进度:  87 % - 矩阵分解
Memory: 2781/2781 407312/407312
Iter      SolEst     Damping    Stepsize #Res #Jac #Sol   LinErr   LinRes
---------- 当前进度: 100 % - 求解线性方程组
Memory: 2785/2785 407304/407312
   1           1   1.0000000           1    1    1    1  8.4e-13  1.4e-15
求解时间：10 s。
物理内存: 2.79 GB
虚拟内存: 407.31 GB
结束时间：2026年5月17日 下午7:55:10。
----- 研究/解 1 (sol1) 中的“稳态求解器 1” ----------------------------------------------->
<---- 研究 2/解 2 (sol2) 中的“编译方程: 稳态” ---------------------------------------------
开始于 2026年5月17日 下午7:55:12。
几何形函数: 二次拉格朗日单元
在 Apple M1 Pro 上运行。
在以下位置使用 1 个插槽： 192.168.0.106 上（共 8 个内核）。
可用内存：32.77 GB。
           当前进度:   5 % - 编译方程: 稳态
Memory: 2502/2785 406937/407312
           当前进度:   5 % - 正在创建可视化网格
Memory: 2505/2785 406937/407312
时间：13。
物理内存: 2.57 GB
虚拟内存: 407 GB
结束时间：2026年5月17日 下午7:55:24。
----- 研究 2/解 2 (sol2) 中的“编译方程: 稳态” -------------------------------------------->
<---- 研究 2/解 2 (sol2) 中的“因变量 1” ------------------------------------------------
开始于 2026年5月17日 下午7:55:24。
           当前进度:   5 % - 因变量 1
Memory: 2559/2785 406987/407312
求解时间：0 s。
物理内存: 2.56 GB
虚拟内存: 406.99 GB
结束时间：2026年5月17日 下午7:55:24。
----- 研究 2/解 2 (sol2) 中的“因变量 1” ----------------------------------------------->
<---- 研究 2/解 2 (sol2) 中的“稳态求解器 1” ----------------------------------------------
开始于 2026年5月17日 下午7:55:24。
           当前进度:   9 % - 稳态求解器 1
Memory: 2574/2785 406987/407312
非线性求解器
求解的自由度数：1595837（加上 234606 个内部自由度）。
           当前进度:   9 % - 组装矩阵
Memory: 2582/2785 406992/407312
           当前进度:   9 % - 组装稀疏模式
Memory: 2632/2785 407028/407312
           当前进度:   9 % - 组装矩阵
Memory: 3150/3150 407424/407424
           当前进度:   9 % - 
Memory: 3290/3290 407564/407564
找到对称矩阵。
缩放因变量：
温度 (comp_v3_solid_solver.T): 2.9e+02
电势 (comp_v3_solid_solver.V): 9e+08
悬浮电位 (comp_v3_solid_solver.es.fp_s01.V0_ode): 1.8e+03
悬浮电位 (comp_v3_solid_solver.es.fp_s02.V0_ode): 1.8e+03
悬浮电位 (comp_v3_solid_solver.es.fp_s03.V0_ode): 1.8e+03
悬浮电位 (comp_v3_solid_solver.es.fp_s04.V0_ode): 1.8e+03
悬浮电位 (comp_v3_solid_solver.es.fp_s05.V0_ode): 1.8e+03
悬浮电位 (comp_v3_solid_solver.es.fp_s06.V0_ode): 1.8e+03
悬浮电位 (comp_v3_solid_solver.es.fp_s07.V0_ode): 1.8e+03
悬浮电位 (comp_v3_solid_solver.es.fp_s08.V0_ode): 1.8e+03
悬浮电位 (comp_v3_solid_solver.es.fp_s09.V0_ode): 1.8e+03
使用了稀疏零空间函数。
           当前进度:   9 % - 约束处理
Memory: 3569/3569 407843/407843
           当前进度:   9 % - 矩阵分解
Memory: 3779/3779 408046/408046
Iter      SolEst      ResEst     Damping    Stepsize #Res #Jac #Sol   LinErr   LinRes
           当前进度:   9 % - 求解线性方程组
Memory: 4474/4525 409014/409073
   1          94     6.6e+04   0.0100000          95    2    1    2  1.5e-10  2.1e-13
-          当前进度:  18 % - 求解线性方程组
Memory: 4484/4525 409027/409073
-          当前进度:  18 % - 组装矩阵
Memory: 4452/4525 408987/409073
-          当前进度:  18 % - 求解线性方程组
Memory: 4484/4525 409027/409073
   2         7.8     5.9e+04   0.1000000         8.6    3    1    4  1.5e-10    2e-13
--         当前进度:  28 % - 求解线性方程组
--         当前进度:  28 % - 组装矩阵
Memory: 4452/4525 408987/409073
--         当前进度:  28 % - 求解线性方程组
Memory: 4484/4525 409027/409073
   3      0.0041          12   1.0000000        0.85    4    1    6  1.5e-10  8.3e-11
---------  当前进度:  96 % - 求解线性方程组
Memory: 4474/4525 409027/409073
   4     5.5e-13     7.2e-07   1.0000000      0.0041    6    1    8  1.6e-10  5.4e-12
---------- 当前进度: 100 % - 
Memory: 4470/4525 409020/409073
求解时间：30 s。
物理内存: 4.57 GB
虚拟内存: 409.13 GB
结束时间：2026年5月17日 下午7:55:54。
----- 研究 2/解 2 (sol2) 中的“稳态求解器 1” --------------------------------------------->
类运行时: 119 s.
正在保存模型: /Users/luolin/Documents/New project/110kV_RIP_bushing_project/comsol/BRFGL1-126-1250-4_full_electrothermal_dielectric_loss_RUN009A_BASELINE_Model.mph
保存时间: 0 s.
总时间: 120 s.
---------- 当前进度: 100 % - 完成
Memory: 3393/4565 407704/409131
