*******************************************
***COMSOL 6.0.0.318 progress output file***
*******************************************
Fri May 15 20:18:06 CST 2026
COMSOL Multiphysics 6.0 (开发版本: 318) 在批处理模式下启动
正在运行: /Users/luolin/Documents/New project/110kV_RIP_bushing_project/comsol/run_baseline_steady_1250.class
顶点单元数：259
边界单元数：60279
-          当前进度:  18 % - 正在准备进行前沿网格划分
Memory: 753/753 405930/405930
-          当前进度:  19 % - 插入内部点
Memory: 834/834 405946/405946
--         当前进度:  20 % - 插入内部点
Memory: 838/838 405947/405947
--         当前进度:  21 % - 插入内部点
Memory: 849/849 405945/405947
--         当前进度:  25 % - 提高单元质量
Memory: 851/851 405907/405947
---------  当前进度:  95 % - 提高单元质量
Memory: 852/852 405907/405947
单元数：425364
---------  当前进度:  99 % - 正在定型网格
Memory: 1101/1101 405925/405947
---------- 当前进度: 100 % - 正在定型网格
Memory: 1082/1101 405904/405947
最小单元质量：0.1359
<---- 研究/解 1 (sol1) 中的“编译方程: 稳态” -----------------------------------------------
开始于 2026年5月15日 下午8:19:04。
几何形函数: 二次拉格朗日单元
在 Apple M1 Pro 上运行。
在以下位置使用 1 个插槽： 192.168.0.106 上（共 8 个内核）。
可用内存：32.77 GB。
           当前进度:   5 % - 编译方程: 稳态
Memory: 1135/1135 405940/405947
           当前进度:   5 % - 正在创建可视化网格
Memory: 1239/1239 406030/406030
时间：4。
物理内存: 1.27 GB
虚拟内存: 406.07 GB
结束时间：2026年5月15日 下午8:19:08。
----- 研究/解 1 (sol1) 中的“编译方程: 稳态” ---------------------------------------------->
<---- 研究/解 1 (sol1) 中的“因变量 1” --------------------------------------------------
开始于 2026年5月15日 下午8:19:08。
           当前进度:   5 % - 因变量 1
Memory: 1398/1398 406179/406179
求解时间：0 s。
物理内存: 1.4 GB
虚拟内存: 406.18 GB
结束时间：2026年5月15日 下午8:19:08。
----- 研究/解 1 (sol1) 中的“因变量 1” ------------------------------------------------->
<---- 研究/解 1 (sol1) 中的“稳态求解器 1” ------------------------------------------------
开始于 2026年5月15日 下午8:19:08。
           当前进度:   9 % - 稳态求解器 1
Memory: 1540/1540 406311/406311
线性求解器 
求解的自由度数：851268。
--         当前进度:  21 % - 组装稀疏模式
Memory: 1829/1829 406579/406579
找到对称矩阵。
缩放因变量：
电势 (comp_v2.V): 1
悬浮电位 (comp_v2.es.fp_s01.V0_ode): 1.5e-06
悬浮电位 (comp_v2.es.fp_s02.V0_ode): 1.5e-06
悬浮电位 (comp_v2.es.fp_s03.V0_ode): 1.5e-06
悬浮电位 (comp_v2.es.fp_s04.V0_ode): 1.5e-06
悬浮电位 (comp_v2.es.fp_s05.V0_ode): 1.5e-06
悬浮电位 (comp_v2.es.fp_s06.V0_ode): 1.5e-06
悬浮电位 (comp_v2.es.fp_s07.V0_ode): 1.5e-06
悬浮电位 (comp_v2.es.fp_s08.V0_ode): 1.5e-06
悬浮电位 (comp_v2.es.fp_s09.V0_ode): 1.5e-06
使用了稀疏零空间函数。
---        当前进度:  37 % - 约束处理
Memory: 2044/2044 406779/406779
---        当前进度:  37 % - 矩阵分解
Memory: 2327/2327 407078/407090
----       当前进度:  44 % - 矩阵分解
Memory: 2465/2465 407421/407421
------     当前进度:  61 % - 矩阵分解
Memory: 2548/2548 407431/407431
-------    当前进度:  77 % - 矩阵分解
Memory: 2630/2630 407441/407441
---------  当前进度:  90 % - 矩阵分解
Memory: 2690/2690 407451/407451
Iter      SolEst     Damping    Stepsize #Res #Jac #Sol   LinErr   LinRes
---------- 当前进度: 100 % - 求解线性方程组
Memory: 2661/2690 407415/407451
   1           1   1.0000000           1    1    1    1  1.6e-12  3.4e-15
求解时间：9 s。
物理内存: 2.69 GB
虚拟内存: 407.45 GB
结束时间：2026年5月15日 下午8:19:18。
----- 研究/解 1 (sol1) 中的“稳态求解器 1” ----------------------------------------------->
<---- 研究 2/解 2 (sol2) 中的“编译方程: 稳态” ---------------------------------------------
开始于 2026年5月15日 下午8:19:19。
几何形函数: 二次拉格朗日单元
在 Apple M1 Pro 上运行。
在以下位置使用 1 个插槽： 192.168.0.106 上（共 8 个内核）。
可用内存：32.77 GB。
           当前进度:   5 % - 编译方程: 稳态
Memory: 2423/2690 406973/407451
           当前进度:   5 % - 正在创建可视化网格
Memory: 2501/2690 406976/407451
时间：4。
物理内存: 2.53 GB
虚拟内存: 407 GB
结束时间：2026年5月15日 下午8:19:23。
----- 研究 2/解 2 (sol2) 中的“编译方程: 稳态” -------------------------------------------->
<---- 研究 2/解 2 (sol2) 中的“因变量 1” ------------------------------------------------
开始于 2026年5月15日 下午8:19:23。
           当前进度:   5 % - 因变量 1
Memory: 2557/2690 407027/407451
求解时间：0 s。
物理内存: 2.56 GB
虚拟内存: 407.03 GB
结束时间：2026年5月15日 下午8:19:24。
----- 研究 2/解 2 (sol2) 中的“因变量 1” ----------------------------------------------->
<---- 研究 2/解 2 (sol2) 中的“稳态求解器 1” ----------------------------------------------
开始于 2026年5月15日 下午8:19:24。
Warning: 该系统不支持 PARDISO。请切换为 MUMPS。
           当前进度:   9 % - 稳态求解器 1
Memory: 2603/2690 407060/407451
线性求解器 
求解的自由度数：851259（加上 240571 个内部自由度）。
--         当前进度:  21 % - 组装稀疏模式
Memory: 2779/2779 407177/407451
---        当前进度:  34 % - 组装矩阵
Memory: 2984/2984 407346/407451
找到对称矩阵。
缩放因变量：
温度 (comp_v2.T): 2.9e+02
已使用正交零空间函数。
---        当前进度:  37 % - 创建多重网格层
Memory: 3112/3112 407468/407468
---        当前进度:  37 % - 组装延展
Memory: 3153/3153 407468/407468
-------    当前进度:  73 % - 创建多重网格层次结构
Iter      SolEst     Damping    Stepsize #Res #Jac #Sol LinIt   LinErr   LinRes
-------    当前进度:  73 % - 求解线性方程组
Memory: 3180/3180 407498/407498
---------  当前进度:  91 % - 求解线性方程组
---------  当前进度:  97 % - 求解线性方程组
   1         0.6   1.0000000         0.6    1    1    1     5  0.00031  0.00078
---------- 当前进度: 100 % - 组装稀疏模式
Memory: 3195/3195 407498/407498
---------- 当前进度: 100 % - 
Memory: 3245/3245 407529/407529
求解时间：5 s。
物理内存: 3.34 GB
虚拟内存: 407.63 GB
Warning: 该系统不支持 PARDISO。请切换为 MUMPS。
结束时间：2026年5月15日 下午8:19:29。
----- 研究 2/解 2 (sol2) 中的“稳态求解器 1” --------------------------------------------->
<---- 研究 3/解 3 (sol3) 中的“编译方程: 稳态” ---------------------------------------------
开始于 2026年5月15日 下午8:19:30。
几何形函数: 二次拉格朗日单元
在 Apple M1 Pro 上运行。
在以下位置使用 1 个插槽： 192.168.0.106 上（共 8 个内核）。
可用内存：32.77 GB。
           当前进度:   5 % - 编译方程: 稳态
Memory: 3279/3336 407527/407634
           当前进度:   5 % - 正在创建可视化网格
Memory: 3295/3336 407527/407634
时间：4。
物理内存: 3.31 GB
虚拟内存: 407.54 GB
结束时间：2026年5月15日 下午8:19:34。
----- 研究 3/解 3 (sol3) 中的“编译方程: 稳态” -------------------------------------------->
<---- 研究 3/解 3 (sol3) 中的“因变量 1” ------------------------------------------------
开始于 2026年5月15日 下午8:19:34。
           当前进度:   5 % - 因变量 1
Memory: 3315/3336 407531/407634
求解时间：0 s。
物理内存: 3.32 GB
虚拟内存: 407.54 GB
结束时间：2026年5月15日 下午8:19:34。
----- 研究 3/解 3 (sol3) 中的“因变量 1” ----------------------------------------------->
<---- 研究 3/解 3 (sol3) 中的“稳态求解器 1” ----------------------------------------------
开始于 2026年5月15日 下午8:19:34。
           当前进度:   9 % - 稳态求解器 1
Memory: 3403/3403 407626/407634
非线性求解器
求解的自由度数：1702527（加上 240571 个内部自由度）。
           当前进度:   9 % - 组装矩阵
Memory: 3447/3447 407669/407669
           当前进度:   9 % - 组装稀疏模式
Memory: 3466/3466 407688/407688
           当前进度:   9 % - 组装矩阵
Memory: 3940/3940 408195/408195
           当前进度:   9 % - 
Memory: 4089/4089 408345/408345
找到对称矩阵。
缩放因变量：
温度 (comp_v2.T): 2.9e+02
电势 (comp_v2.V): 1.2e+09
悬浮电位 (comp_v2.es.fp_s01.V0_ode): 1.8e+03
悬浮电位 (comp_v2.es.fp_s02.V0_ode): 1.8e+03
悬浮电位 (comp_v2.es.fp_s03.V0_ode): 1.8e+03
悬浮电位 (comp_v2.es.fp_s04.V0_ode): 1.8e+03
悬浮电位 (comp_v2.es.fp_s05.V0_ode): 1.8e+03
悬浮电位 (comp_v2.es.fp_s06.V0_ode): 1.8e+03
悬浮电位 (comp_v2.es.fp_s07.V0_ode): 1.8e+03
悬浮电位 (comp_v2.es.fp_s08.V0_ode): 1.8e+03
悬浮电位 (comp_v2.es.fp_s09.V0_ode): 1.8e+03
使用了稀疏零空间函数。
           当前进度:   9 % - 约束处理
Memory: 4284/4284 408540/408540
           当前进度:   9 % - 矩阵分解
Memory: 4417/4462 408673/408720
Iter      SolEst      ResEst     Damping    Stepsize #Res #Jac #Sol   LinErr   LinRes
           当前进度:   9 % - 求解线性方程组
Memory: 5197/5252 409682/409756
   1          94     2.1e+05   0.0100000          95    2    1    2  2.7e-09  2.2e-12
-          当前进度:  18 % - 求解线性方程组
Memory: 5195/5252 409685/409756
   2         7.8     1.9e+05   0.1000000         8.6    3    1    4  2.6e-09  2.3e-12
--         当前进度:  28 % - 求解线性方程组
Memory: 5197/5252 409685/409756
   3      0.0024           1   1.0000000        0.86    4    1    6  2.7e-09  1.8e-08
---------  当前进度:  98 % - 求解线性方程组
---------  当前进度:  98 % - 组装矩阵
Memory: 5163/5252 409642/409756
---------  当前进度:  98 % - 求解线性方程组
Memory: 5198/5252 409685/409756
---------  当前进度:  98 % - 组装矩阵
Memory: 5163/5252 409642/409756
   4       6e-12     2.3e-06   1.0000000      0.0024    6    1    8  2.5e-09  6.2e-11
---------- 当前进度: 100 % - 
Memory: 5180/5252 409675/409756
求解时间：31 s。
物理内存: 5.27 GB
虚拟内存: 409.79 GB
结束时间：2026年5月15日 下午8:20:05。
----- 研究 3/解 3 (sol3) 中的“稳态求解器 1” --------------------------------------------->
类运行时: 120 s.
正在保存模型: /Users/luolin/Documents/New project/110kV_RIP_bushing_project/comsol/BRFGL1-126-1250-4_baseline_STEADY_1250_LOAD_1p0_RUN002_Model.mph
保存时间: 1 s.
总时间: 121 s.
---------- 当前进度: 100 % - 完成
Memory: 3920/5271 408172/409786
