*******************************************
***COMSOL 6.0.0.318 progress output file***
*******************************************
Fri May 15 20:18:06 CST 2026
COMSOL Multiphysics 6.0 (????: 318) ?????????
????: /Users/luolin/Documents/New project/110kV_RIP_bushing_project/comsol/run_baseline_steady_1250.class
??????259
??????60279
-          ????:  18 % - ????????????
Memory: 753/753 405930/405930
-          ????:  19 % - ?????
Memory: 834/834 405946/405946
--         ????:  20 % - ?????
Memory: 838/838 405947/405947
--         ????:  21 % - ?????
Memory: 849/849 405945/405947
--         ????:  25 % - ??????
Memory: 851/851 405907/405947
---------  ????:  95 % - ??????
Memory: 852/852 405907/405947
????425364
---------  ????:  99 % - ??????
Memory: 1101/1101 405925/405947
---------- ????: 100 % - ??????
Memory: 1082/1101 405904/405947
???????0.1359
<---- ??/? 1 (sol1) ???????: ??? -----------------------------------------------
??? 2026?5?15? ??8:19:04?
?????: ????????
? Apple M1 Pro ????
??????? 1 ???? 192.168.0.106 ??? 8 ?????
?????32.77 GB?
           ????:   5 % - ????: ??
Memory: 1135/1135 405940/405947
           ????:   5 % - ?????????
Memory: 1239/1239 406030/406030
???4?
????: 1.27 GB
????: 406.07 GB
?????2026?5?15? ??8:19:08?
----- ??/? 1 (sol1) ???????: ??? ---------------------------------------------->
<---- ??/? 1 (sol1) ?????? 1? --------------------------------------------------
??? 2026?5?15? ??8:19:08?
           ????:   5 % - ??? 1
Memory: 1398/1398 406179/406179
?????0 s?
????: 1.4 GB
????: 406.18 GB
?????2026?5?15? ??8:19:08?
----- ??/? 1 (sol1) ?????? 1? ------------------------------------------------->
<---- ??/? 1 (sol1) ???????? 1? ------------------------------------------------
??? 2026?5?15? ??8:19:08?
           ????:   9 % - ????? 1
Memory: 1540/1540 406311/406311
????? 
????????851268?
--         ????:  21 % - ??????
Memory: 1829/1829 406579/406579
???????
??????
?? (comp_v2.V): 1
???? (comp_v2.es.fp_s01.V0_ode): 1.5e-06
???? (comp_v2.es.fp_s02.V0_ode): 1.5e-06
???? (comp_v2.es.fp_s03.V0_ode): 1.5e-06
???? (comp_v2.es.fp_s04.V0_ode): 1.5e-06
???? (comp_v2.es.fp_s05.V0_ode): 1.5e-06
???? (comp_v2.es.fp_s06.V0_ode): 1.5e-06
???? (comp_v2.es.fp_s07.V0_ode): 1.5e-06
???? (comp_v2.es.fp_s08.V0_ode): 1.5e-06
???? (comp_v2.es.fp_s09.V0_ode): 1.5e-06
???????????
---        ????:  37 % - ????
Memory: 2044/2044 406779/406779
---        ????:  37 % - ????
Memory: 2327/2327 407078/407090
----       ????:  44 % - ????
Memory: 2465/2465 407421/407421
------     ????:  61 % - ????
Memory: 2548/2548 407431/407431
-------    ????:  77 % - ????
Memory: 2630/2630 407441/407441
---------  ????:  90 % - ????
Memory: 2690/2690 407451/407451
Iter      SolEst     Damping    Stepsize #Res #Jac #Sol   LinErr   LinRes
---------- ????: 100 % - ???????
Memory: 2661/2690 407415/407451
   1           1   1.0000000           1    1    1    1  1.6e-12  3.4e-15
?????9 s?
????: 2.69 GB
????: 407.45 GB
?????2026?5?15? ??8:19:18?
----- ??/? 1 (sol1) ???????? 1? ----------------------------------------------->
<---- ?? 2/? 2 (sol2) ???????: ??? ---------------------------------------------
??? 2026?5?15? ??8:19:19?
?????: ????????
? Apple M1 Pro ????
??????? 1 ???? 192.168.0.106 ??? 8 ?????
?????32.77 GB?
           ????:   5 % - ????: ??
Memory: 2423/2690 406973/407451
           ????:   5 % - ?????????
Memory: 2501/2690 406976/407451
???4?
????: 2.53 GB
????: 407 GB
?????2026?5?15? ??8:19:23?
----- ?? 2/? 2 (sol2) ???????: ??? -------------------------------------------->
<---- ?? 2/? 2 (sol2) ?????? 1? ------------------------------------------------
??? 2026?5?15? ??8:19:23?
           ????:   5 % - ??? 1
Memory: 2557/2690 407027/407451
?????0 s?
????: 2.56 GB
????: 407.03 GB
?????2026?5?15? ??8:19:24?
----- ?? 2/? 2 (sol2) ?????? 1? ----------------------------------------------->
<---- ?? 2/? 2 (sol2) ???????? 1? ----------------------------------------------
??? 2026?5?15? ??8:19:24?
Warning: ?????? PARDISO????? MUMPS?
           ????:   9 % - ????? 1
Memory: 2603/2690 407060/407451
????? 
????????851259??? 240571 ????????
--         ????:  21 % - ??????
Memory: 2779/2779 407177/407451
---        ????:  34 % - ????
Memory: 2984/2984 407346/407451
???????
??????
?? (comp_v2.T): 2.9e+02
???????????
---        ????:  37 % - ???????
Memory: 3112/3112 407468/407468
---        ????:  37 % - ????
Memory: 3153/3153 407468/407468
-------    ????:  73 % - ??????????
Iter      SolEst     Damping    Stepsize #Res #Jac #Sol LinIt   LinErr   LinRes
-------    ????:  73 % - ???????
Memory: 3180/3180 407498/407498
---------  ????:  91 % - ???????
---------  ????:  97 % - ???????
   1         0.6   1.0000000         0.6    1    1    1     5  0.00031  0.00078
---------- ????: 100 % - ??????
Memory: 3195/3195 407498/407498
---------- ????: 100 % - 
Memory: 3245/3245 407529/407529
?????5 s?
????: 3.34 GB
????: 407.63 GB
Warning: ?????? PARDISO????? MUMPS?
?????2026?5?15? ??8:19:29?
----- ?? 2/? 2 (sol2) ???????? 1? --------------------------------------------->
<---- ?? 3/? 3 (sol3) ???????: ??? ---------------------------------------------
??? 2026?5?15? ??8:19:30?
?????: ????????
? Apple M1 Pro ????
??????? 1 ???? 192.168.0.106 ??? 8 ?????
?????32.77 GB?
           ????:   5 % - ????: ??
Memory: 3279/3336 407527/407634
           ????:   5 % - ?????????
Memory: 3295/3336 407527/407634
???4?
????: 3.31 GB
????: 407.54 GB
?????2026?5?15? ??8:19:34?
----- ?? 3/? 3 (sol3) ???????: ??? -------------------------------------------->
<---- ?? 3/? 3 (sol3) ?????? 1? ------------------------------------------------
??? 2026?5?15? ??8:19:34?
           ????:   5 % - ??? 1
Memory: 3315/3336 407531/407634
?????0 s?
????: 3.32 GB
????: 407.54 GB
?????2026?5?15? ??8:19:34?
----- ?? 3/? 3 (sol3) ?????? 1? ----------------------------------------------->
<---- ?? 3/? 3 (sol3) ???????? 1? ----------------------------------------------
??? 2026?5?15? ??8:19:34?
           ????:   9 % - ????? 1
Memory: 3403/3403 407626/407634
??????
????????1702527??? 240571 ????????
           ????:   9 % - ????
Memory: 3447/3447 407669/407669
           ????:   9 % - ??????
Memory: 3466/3466 407688/407688
           ????:   9 % - ????
Memory: 3940/3940 408195/408195
           ????:   9 % - 
Memory: 4089/4089 408345/408345
???????
??????
?? (comp_v2.T): 2.9e+02
?? (comp_v2.V): 1.2e+09
???? (comp_v2.es.fp_s01.V0_ode): 1.8e+03
???? (comp_v2.es.fp_s02.V0_ode): 1.8e+03
???? (comp_v2.es.fp_s03.V0_ode): 1.8e+03
???? (comp_v2.es.fp_s04.V0_ode): 1.8e+03
???? (comp_v2.es.fp_s05.V0_ode): 1.8e+03
???? (comp_v2.es.fp_s06.V0_ode): 1.8e+03
???? (comp_v2.es.fp_s07.V0_ode): 1.8e+03
???? (comp_v2.es.fp_s08.V0_ode): 1.8e+03
???? (comp_v2.es.fp_s09.V0_ode): 1.8e+03
???????????
           ????:   9 % - ????
Memory: 4284/4284 408540/408540
           ????:   9 % - ????
Memory: 4417/4462 408673/408720
Iter      SolEst      ResEst     Damping    Stepsize #Res #Jac #Sol   LinErr   LinRes
           ????:   9 % - ???????
Memory: 5197/5252 409682/409756
   1          94     2.1e+05   0.0100000          95    2    1    2  2.7e-09  2.2e-12
-          ????:  18 % - ???????
Memory: 5195/5252 409685/409756
   2         7.8     1.9e+05   0.1000000         8.6    3    1    4  2.6e-09  2.3e-12
--         ????:  28 % - ???????
Memory: 5197/5252 409685/409756
   3      0.0024           1   1.0000000        0.86    4    1    6  2.7e-09  1.8e-08
---------  ????:  98 % - ???????
---------  ????:  98 % - ????
Memory: 5163/5252 409642/409756
---------  ????:  98 % - ???????
Memory: 5198/5252 409685/409756
---------  ????:  98 % - ????
Memory: 5163/5252 409642/409756
   4       6e-12     2.3e-06   1.0000000      0.0024    6    1    8  2.5e-09  6.2e-11
---------- ????: 100 % - 
Memory: 5180/5252 409675/409756
?????31 s?
????: 5.27 GB
????: 409.79 GB
?????2026?5?15? ??8:20:05?
----- ?? 3/? 3 (sol3) ???????? 1? --------------------------------------------->
????: 120 s.
??????: /Users/luolin/Documents/New project/110kV_RIP_bushing_project/comsol/BRFGL1-126-1250-4_baseline_STEADY_1250_LOAD_1p0_RUN002_Model.mph
????: 1 s.
???: 121 s.
---------- ????: 100 % - ??
Memory: 3920/5271 408172/409786
