*******************************************
***COMSOL 6.0.0.318 progress output file***
*******************************************
Fri May 15 20:07:31 CST 2026
COMSOL Multiphysics 6.0 (????: 318) ?????????
????: /Users/luolin/Documents/New project/110kV_RIP_bushing_project/comsol/run_physics_diagnostics_brfgl1.class
??????259
??????59428
-          ????:  18 % - ????????????
Memory: 674/674 405905/405905
-          ????:  19 % - ?????
Memory: 741/741 405921/405921
--         ????:  20 % - ?????
Memory: 746/746 405922/405922
--         ????:  21 % - ?????
Memory: 754/754 405923/405923
--         ????:  23 % - ?????
Memory: 758/758 405882/405923
---------  ????:  95 % - ??????
????393356
---------  ????:  99 % - ??????
Memory: 978/978 405899/405923
???????0.09449
---------- ????: 100 % - ??????
Memory: 959/978 405875/405923
<---- ??/? 1 (sol1) ???????: ??? -----------------------------------------------
??? 2026?5?15? ??8:08:28?
?????: ????????
? Apple M1 Pro ????
??????? 1 ???? 192.168.0.106 ??? 8 ?????
?????32.77 GB?
           ????:   5 % - ????: ??
Memory: 1165/1165 405927/405927
           ????:   5 % - ?????????
Memory: 1291/1291 406036/406036
???4?
????: 1.33 GB
????: 406.09 GB
?????2026?5?15? ??8:08:32?
----- ??/? 1 (sol1) ???????: ??? ---------------------------------------------->
<---- ??/? 1 (sol1) ?????? 1? --------------------------------------------------
??? 2026?5?15? ??8:08:32?
           ????:   5 % - ??? 1
Memory: 1443/1443 406175/406175
?????1 s?
????: 1.44 GB
????: 406.18 GB
?????2026?5?15? ??8:08:33?
----- ??/? 1 (sol1) ?????? 1? ------------------------------------------------->
<---- ??/? 1 (sol1) ???????? 1? ------------------------------------------------
??? 2026?5?15? ??8:08:33?
           ????:   9 % - ????? 1
Memory: 1615/1615 406315/406315
????? 
????????787132?
--         ????:  24 % - ????
Memory: 1967/1967 406643/406643
???????
??????
?? (comp_v2.V): 1
???? (comp_v2.es.fp_s01.V0_ode): 1.5e-06
???? (comp_v2.es.fp_s02.V0_ode): 1.5e-06
???? (comp_v2.es.fp_s03.V0_ode): 1.5e-06
???? (comp_v2.es.fp_s04.V0_ode): 1.5e-06
???? (comp_v2.es.fp_s05.V0_ode): 1.5e-06
???? (comp_v2.es.fp_s06.V0_ode): 1.5e-06
???? (comp_v2.es.fp_s07.V0_ode): 1.5e-06
???? (comp_v2.es.fp_s08.V0_ode): 1.5e-06
???? (comp_v2.es.fp_s09.V0_ode): 1.5e-06
???????????
---        ????:  37 % - ????
Memory: 2095/2095 406753/406753
---        ????:  37 % - ????
Memory: 2338/2338 406914/406920
-----      ????:  52 % - ????
Memory: 2538/2538 407221/407221
-------    ????:  70 % - ????
Memory: 2619/2619 407231/407231
--------   ????:  88 % - ????
Memory: 2700/2700 407241/407241
Iter      SolEst     Damping    Stepsize #Res #Jac #Sol   LinErr   LinRes
---------- ????: 100 % - ???????
Memory: 2681/2700 407212/407241
   1           1   1.0000000           1    1    1    1  3.6e-12  3.8e-15
?????9 s?
????: 2.7 GB
????: 407.24 GB
?????2026?5?15? ??8:08:41?
----- ??/? 1 (sol1) ???????? 1? ----------------------------------------------->
<---- ??/? 1 (sol1) ???????: ??? -----------------------------------------------
??? 2026?5?15? ??8:08:44?
?????: ????????
? Apple M1 Pro ????
??????? 1 ???? 192.168.0.106 ??? 8 ?????
?????32.77 GB?
           ????:   5 % - ????: ??
Memory: 2386/2700 406813/407241
           ????:   5 % - ?????????
???3?
????: 2.39 GB
????: 406.81 GB
?????2026?5?15? ??8:08:47?
----- ??/? 1 (sol1) ???????: ??? ---------------------------------------------->
<---- ??/? 1 (sol1) ?????? 1? --------------------------------------------------
??? 2026?5?15? ??8:08:47?
           ????:   5 % - ??? 1
Memory: 2391/2700 406813/407241
?????0 s?
????: 2.39 GB
????: 406.81 GB
?????2026?5?15? ??8:08:47?
----- ??/? 1 (sol1) ?????? 1? ------------------------------------------------->
<---- ??/? 1 (sol1) ???????? 1? ------------------------------------------------
??? 2026?5?15? ??8:08:47?
????? 
????????787123?
--         ????:  22 % - ??????
Memory: 2392/2700 406809/407241
---        ????:  37 % - 
Memory: 2557/2700 406967/407241
???????
??????
?? (comp_v2.V): 1
???????????
---        ????:  37 % - ????
Memory: 2785/2785 407221/407241
---        ????:  39 % - ????
Memory: 2930/2930 407680/407680
----       ????:  43 % - ????
Memory: 2959/2959 407679/407680
----       ????:  47 % - ????
Memory: 2993/2993 407685/407685
-----      ????:  51 % - ????
Memory: 3024/3024 407684/407685
-----      ????:  57 % - ????
Memory: 3058/3058 407691/407691
------     ????:  63 % - ????
Memory: 3100/3100 407691/407691
------     ????:  68 % - ????
Memory: 3136/3136 407697/407697
-------    ????:  71 % - ????
Memory: 3164/3164 407695/407697
-------    ????:  78 % - ????
Memory: 3215/3215 407701/407701
--------   ????:  83 % - ????
Memory: 3252/3252 407704/407704
--------   ????:  87 % - ????
Memory: 3281/3281 407708/407708
---------  ????:  91 % - ????
Memory: 3312/3312 407707/407708
Iter      SolEst     Damping    Stepsize #Res #Jac #Sol   LinErr   LinRes
---------- ????: 100 % - ???????
Memory: 3277/3312 407677/407710
   1        0.96   1.0000000        0.96    1    1    1    1e-14  4.2e-15
?????9 s?
????: 3.31 GB
????: 407.71 GB
?????2026?5?15? ??8:08:56?
----- ??/? 1 (sol1) ???????? 1? ----------------------------------------------->
<---- ?? 2/? 1 (sol1) ???????: ??? ---------------------------------------------
??? 2026?5?15? ??8:08:59?
?????: ????????
? Apple M1 Pro ????
??????? 1 ???? 192.168.0.106 ??? 8 ?????
?????32.77 GB?
           ????:   5 % - ????: ??
Memory: 2823/3312 407085/407710
           ????:   5 % - ?????????
Memory: 2886/3312 407211/407710
???3?
????: 2.89 GB
????: 407.21 GB
?????2026?5?15? ??8:09:02?
----- ?? 2/? 1 (sol1) ???????: ??? -------------------------------------------->
<---- ?? 2/? 1 (sol1) ?????? 1? ------------------------------------------------
??? 2026?5?15? ??8:09:02?
           ????:   5 % - ??? 1
Memory: 2888/3312 407208/407710
?????0 s?
????: 2.89 GB
????: 407.21 GB
?????2026?5?15? ??8:09:02?
----- ?? 2/? 1 (sol1) ?????? 1? ----------------------------------------------->
<---- ?? 2/? 1 (sol1) ???????? 1? ----------------------------------------------
??? 2026?5?15? ??8:09:02?
Warning: ?????? PARDISO????? MUMPS?
           ????:   9 % - ????? 1
Memory: 2902/3312 407224/407710
????? 
????????787123??? 237407 ????????
-          ????:  19 % - ????? 1
Memory: 2979/3312 407283/407710
--         ????:  21 % - ??????
Memory: 2997/3312 407283/407710
???????
---        ????:  37 % - 
Memory: 3088/3312 407362/407710
??????
?? (comp_v2.T): 2.9e+02
???????????
---        ????:  37 % - ????
Memory: 3173/3312 407437/407710
-----      ????:  55 % - ????
Memory: 3179/3312 407437/407710
-------    ????:  73 % - ??????????
Memory: 3189/3312 407443/407710
Iter      SolEst     Damping    Stepsize #Res #Jac #Sol LinIt   LinErr   LinRes
-------    ????:  73 % - ???????
Memory: 3229/3312 407454/407710
---------  ????:  91 % - ???????
---------  ????:  98 % - ???????
   1         0.6   1.0000000         0.6    1    1    1     5  0.00021  0.00076
---------- ????: 100 % - ????
Memory: 3230/3312 407454/407710
---------- ????: 100 % - 
Memory: 3252/3312 407485/407710
?????4 s?
????: 3.34 GB
????: 407.59 GB
Warning: ?????? PARDISO????? MUMPS?
?????2026?5?15? ??8:09:07?
----- ?? 2/? 1 (sol1) ???????? 1? --------------------------------------------->
<---- ?? 2/? 1 (sol1) ???????: ??? ---------------------------------------------
??? 2026?5?15? ??8:09:08?
?????: ????????
? Apple M1 Pro ????
??????? 1 ???? 192.168.0.106 ??? 8 ?????
?????32.77 GB?
           ????:   5 % - ????: ??
Memory: 3270/3342 407467/407710
           ????:   5 % - ?????????
Memory: 3322/3342 407464/407710
???3?
????: 3.32 GB
????: 407.47 GB
?????2026?5?15? ??8:09:12?
----- ?? 2/? 1 (sol1) ???????: ??? -------------------------------------------->
<---- ?? 2/? 1 (sol1) ?????? 1? ------------------------------------------------
??? 2026?5?15? ??8:09:12?
           ????:   5 % - ??? 1
Memory: 3323/3342 407467/407710
?????0 s?
????: 3.32 GB
????: 407.47 GB
?????2026?5?15? ??8:09:12?
----- ?? 2/? 1 (sol1) ?????? 1? ----------------------------------------------->
<---- ?? 2/? 1 (sol1) ???????? 1? ----------------------------------------------
??? 2026?5?15? ??8:09:12?
Warning: ?????? PARDISO????? MUMPS?
           ????:   9 % - ????? 1
Memory: 3330/3342 407462/407710
????? 
????????787123??? 237407 ????????
-          ????:  19 % - ????
Memory: 3341/3342 407462/407710
--         ????:  22 % - ??????
???????
---        ????:  37 % - 
??????
?? (comp_v2.T): 2.9e+02
???????????
---        ????:  37 % - ????
-----      ????:  55 % - ????
-------    ????:  73 % - ??????????
Memory: 3349/3349 407465/407710
Iter      SolEst     Damping    Stepsize #Res #Jac #Sol LinIt   LinErr   LinRes
-------    ????:  73 % - ???????
Memory: 3355/3355 407474/407710
---------  ????:  91 % - ???????
---------  ????:  98 % - ???????
   1         0.6   1.0000000         0.6    1    1    1     5  0.00021  0.00076
---------- ????: 100 % - ????
---------- ????: 100 % - 
Memory: 3379/3379 407503/407710
?????4 s?
????: 3.47 GB
????: 407.61 GB
Warning: ?????? PARDISO????? MUMPS?
?????2026?5?15? ??8:09:16?
----- ?? 2/? 1 (sol1) ???????? 1? --------------------------------------------->
<---- ?? 2/? 1 (sol1) ???????: ??? ---------------------------------------------
??? 2026?5?15? ??8:09:18?
?????: ????????
? Apple M1 Pro ????
??????? 1 ???? 192.168.0.106 ??? 8 ?????
?????32.77 GB?
           ????:   5 % - ????: ??
Memory: 3381/3467 407482/407710
           ????:   5 % - ?????????
Memory: 3410/3467 407481/407710
???3?
????: 3.41 GB
????: 407.48 GB
?????2026?5?15? ??8:09:21?
----- ?? 2/? 1 (sol1) ???????: ??? -------------------------------------------->
<---- ?? 2/? 1 (sol1) ?????? 1? ------------------------------------------------
??? 2026?5?15? ??8:09:21?
           ????:   5 % - ??? 1
Memory: 3410/3467 407479/407710
?????0 s?
????: 3.41 GB
????: 407.48 GB
?????2026?5?15? ??8:09:21?
----- ?? 2/? 1 (sol1) ?????? 1? ----------------------------------------------->
<---- ?? 2/? 1 (sol1) ???????? 1? ----------------------------------------------
??? 2026?5?15? ??8:09:21?
Warning: ?????? PARDISO????? MUMPS?
           ????:   9 % - ????? 1
????? 
????????787123??? 237407 ????????
-          ????:  19 % - ????? 1
--         ????:  22 % - ??????
Memory: 3414/3467 407607/407710
---        ????:  37 % - 
Memory: 3420/3467 407607/407710
???????
??????
?? (comp_v2.T): 2.9e+02
???????????
---        ????:  37 % - ????
Memory: 3444/3467 407607/407710
-----      ????:  55 % - ??????
-------    ????:  73 % - ??????????
Memory: 3454/3467 407619/407710
Iter      SolEst     Damping    Stepsize #Res #Jac #Sol LinIt   LinErr   LinRes
-------    ????:  73 % - ???????
Memory: 3454/3467 407622/407710
   1         1.4   1.0000000         1.4    1    1    1     1   0.0004    0.008
---------- ????: 100 % - 
Memory: 3468/3468 407646/407710
?????4 s?
????: 3.57 GB
????: 407.76 GB
Warning: ?????? PARDISO????? MUMPS?
?????2026?5?15? ??8:09:25?
----- ?? 2/? 1 (sol1) ???????? 1? --------------------------------------------->
<---- ?? 2/? 1 (sol1) ???????: ??? ---------------------------------------------
??? 2026?5?15? ??8:09:27?
?????: ????????
? Apple M1 Pro ????
??????? 1 ???? 192.168.0.106 ??? 8 ?????
?????32.77 GB?
           ????:   5 % - ????: ??
Memory: 3343/3566 407497/407757
           ????:   5 % - ?????????
Memory: 3346/3566 407497/407757
???3?
????: 3.35 GB
????: 407.5 GB
?????2026?5?15? ??8:09:30?
----- ?? 2/? 1 (sol1) ???????: ??? -------------------------------------------->
<---- ?? 2/? 1 (sol1) ?????? 1? ------------------------------------------------
??? 2026?5?15? ??8:09:30?
           ????:   5 % - ??? 1
Memory: 3346/3566 407495/407757
?????0 s?
????: 3.35 GB
????: 407.5 GB
?????2026?5?15? ??8:09:31?
----- ?? 2/? 1 (sol1) ?????? 1? ----------------------------------------------->
<---- ?? 2/? 1 (sol1) ???????? 1? ----------------------------------------------
??? 2026?5?15? ??8:09:31?
Warning: ?????? PARDISO????? MUMPS?
           ????:   9 % - ????? 1
Memory: 3366/3566 407495/407757
????? 
????????787123??? 237407 ????????
--         ????:  22 % - ??????
Memory: 3408/3566 407495/407757
---        ????:  31 % - ????
Memory: 3430/3566 407495/407757
???????
??????
?? (comp_v2.T): 2.9e+02
???????????
---        ????:  37 % - ???????
---        ????:  37 % - ????
-------    ????:  73 % - ??????????
Iter      SolEst     Damping    Stepsize #Res #Jac #Sol LinIt   LinErr   LinRes
-------    ????:  73 % - ???????
Memory: 3443/3566 407503/407757
---------  ????:  91 % - ???????
Memory: 3444/3566 407506/407757
---------- ????: 100 % - ???????
   1         0.5   1.0000000         0.5    1    1    1     4  0.00071  0.00094
---------- ????: 100 % - 
Memory: 3466/3566 407663/407757
?????4 s?
????: 3.55 GB
????: 407.77 GB
Warning: ?????? PARDISO????? MUMPS?
?????2026?5?15? ??8:09:35?
----- ?? 2/? 1 (sol1) ???????? 1? --------------------------------------------->
<---- ?? 2/? 1 (sol1) ???????: ??? ---------------------------------------------
??? 2026?5?15? ??8:09:37?
?????: ????????
? Apple M1 Pro ????
??????? 1 ???? 192.168.0.106 ??? 8 ?????
?????32.77 GB?
           ????:   5 % - ????: ??
Memory: 3349/3566 407514/407766
           ????:   5 % - ?????????
Memory: 3371/3566 407512/407766
???3?
????: 3.37 GB
????: 407.51 GB
?????2026?5?15? ??8:09:40?
----- ?? 2/? 1 (sol1) ???????: ??? -------------------------------------------->
<---- ?? 2/? 1 (sol1) ?????? 1? ------------------------------------------------
??? 2026?5?15? ??8:09:40?
           ????:   5 % - ??? 1
Memory: 3394/3566 407512/407766
?????0 s?
????: 3.39 GB
????: 407.51 GB
?????2026?5?15? ??8:09:40?
----- ?? 2/? 1 (sol1) ?????? 1? ----------------------------------------------->
<---- ?? 2/? 1 (sol1) ???????? 1? ----------------------------------------------
??? 2026?5?15? ??8:09:40?
Warning: ?????? PARDISO????? MUMPS?
           ????:   9 % - ????? 1
Memory: 3408/3566 407512/407766
????? 
????????787123??? 237407 ????????
--         ????:  22 % - ??????
---        ????:  37 % - ????
Memory: 3410/3566 407512/407766
???????
??????
?? (comp_v2.T): 2.9e+02
???????????
---        ????:  37 % - ????
-------    ????:  73 % - ??????????
Memory: 3421/3566 407522/407766
Iter      SolEst     Damping    Stepsize #Res #Jac #Sol LinIt   LinErr   LinRes
-------    ????:  73 % - ???????
Memory: 3421/3566 407524/407766
--------   ????:  84 % - ???????
---------  ????:  96 % - ???????
   1         0.5   1.0000000         0.5    1    1    1     4  0.00071  0.00094
---------- ????: 100 % - 
Memory: 3437/3566 407553/407766
?????4 s?
????: 3.52 GB
????: 407.66 GB
Warning: ?????? PARDISO????? MUMPS?
?????2026?5?15? ??8:09:44?
----- ?? 2/? 1 (sol1) ???????? 1? --------------------------------------------->
<---- ?? 3/? 1 (sol1) ???????: ??? ---------------------------------------------
??? 2026?5?15? ??8:09:46?
?????: ????????
? Apple M1 Pro ????
??????? 1 ???? 192.168.0.106 ??? 8 ?????
?????32.77 GB?
           ????:   5 % - ????: ??
Memory: 3442/3566 407529/407766
           ????:   5 % - ?????????
???3?
????: 3.44 GB
????: 407.53 GB
?????2026?5?15? ??8:09:49?
----- ?? 3/? 1 (sol1) ???????: ??? -------------------------------------------->
<---- ?? 3/? 1 (sol1) ?????? 1? ------------------------------------------------
??? 2026?5?15? ??8:09:49?
           ????:   5 % - ??? 1
Memory: 3443/3566 407529/407766
?????0 s?
????: 3.44 GB
????: 407.53 GB
?????2026?5?15? ??8:09:49?
----- ?? 3/? 1 (sol1) ?????? 1? ----------------------------------------------->
<---- ?? 3/? 1 (sol1) ???????? 1? ----------------------------------------------
??? 2026?5?15? ??8:09:49?
           ????:   9 % - ????? 1
??????
????????1574255??? 237407 ????????
           ????:   9 % - ????
Memory: 3445/3566 407529/407766
           ????:   9 % - ??????
Memory: 3451/3566 407537/407766
           ????:   9 % - ????
Memory: 3794/3794 407877/407877
???????
??????
?? (comp_v2.T): 2.9e+02
?? (comp_v2.V): 1.2e+09
???? (comp_v2.es.fp_s01.V0_ode): 1.9e+03
???? (comp_v2.es.fp_s02.V0_ode): 1.9e+03
???? (comp_v2.es.fp_s03.V0_ode): 1.9e+03
???? (comp_v2.es.fp_s04.V0_ode): 1.9e+03
???? (comp_v2.es.fp_s05.V0_ode): 1.9e+03
???? (comp_v2.es.fp_s06.V0_ode): 1.9e+03
???? (comp_v2.es.fp_s07.V0_ode): 1.9e+03
???? (comp_v2.es.fp_s08.V0_ode): 1.9e+03
???? (comp_v2.es.fp_s09.V0_ode): 1.9e+03
           ????:   9 % - ????
Memory: 3932/3932 408015/408015
???????????
           ????:   9 % - ????
Memory: 4159/4271 408242/408358
Iter      SolEst      ResEst     Damping    Stepsize #Res #Jac #Sol   LinErr   LinRes
           ????:   9 % - ???????
Memory: 4918/4947 409204/409279
   1          94     2.5e+05   0.0100000          95    2    1    2  2.2e-09  2.1e-12
-          ????:  18 % - ???????
Memory: 4935/4947 409219/409279
   2         7.8     2.3e+05   0.1000000         8.6    3    1    4  2.3e-09  2.2e-12
--         ????:  28 % - ???????
Memory: 4935/4947 409218/409279
   3      0.0024           1   1.0000000        0.86    4    1    6  2.2e-09    1e-08
---------  ????:  98 % - ???????
---------  ????:  98 % - ????
Memory: 4903/4947 409179/409279
---------  ????:  98 % - ???????
Memory: 4935/4947 409218/409279
---------  ????:  98 % - ????
Memory: 4903/4947 409179/409279
   4     4.9e-12     2.1e-06   1.0000000      0.0024    6    1    8  2.2e-09  5.2e-11
---------- ????: 100 % - 
Memory: 4919/4947 409211/409279
?????30 s?
????: 5.01 GB
????: 409.32 GB
?????2026?5?15? ??8:10:19?
----- ?? 3/? 1 (sol1) ???????? 1? --------------------------------------------->
<---- ?? 3/? 1 (sol1) ???????: ??? ---------------------------------------------
??? 2026?5?15? ??8:10:20?
?????: ????????
? Apple M1 Pro ????
??????? 1 ???? 192.168.0.106 ??? 8 ?????
?????32.77 GB?
           ????:   5 % - ????: ??
Memory: 3550/5011 407625/409320
           ????:   5 % - ?????????
Memory: 3550/5011 407623/409320
???3?
????: 3.55 GB
????: 407.63 GB
?????2026?5?15? ??8:10:23?
----- ?? 3/? 1 (sol1) ???????: ??? -------------------------------------------->
<---- ?? 3/? 1 (sol1) ?????? 1? ------------------------------------------------
??? 2026?5?15? ??8:10:23?
           ????:   5 % - ??? 1
Memory: 3550/5011 407620/409320
?????0 s?
????: 3.55 GB
????: 407.62 GB
?????2026?5?15? ??8:10:23?
----- ?? 3/? 1 (sol1) ?????? 1? ----------------------------------------------->
<---- ?? 3/? 1 (sol1) ???????? 1? ----------------------------------------------
??? 2026?5?15? ??8:10:23?
           ????:   9 % - ????? 1
??????
????????1574246??? 237407 ????????
           ????:   9 % - ??????
Memory: 3643/5011 407713/409320
           ????:   9 % - ????
Memory: 4007/5011 408069/409320
???????
??????
?? (comp_v2.T): 2.9e+02
?? (comp_v2.V): 1.2e+09
???????????
           ????:   9 % - ????
           ????:   9 % - ????
Memory: 4240/5011 408439/409320
Iter      SolEst      ResEst     Damping    Stepsize #Res #Jac #Sol   LinErr   LinRes
           ????:   9 % - ???????
Memory: 5269/5341 409568/409639
   1          64     2.5e+05   0.0100000          64    2    1    2  2.2e-09  2.1e-12
-          ????:  18 % - ???????
Memory: 5234/5341 409530/409639
   2         5.6     2.3e+05   0.1000000         6.3    3    1    4  2.2e-09  2.2e-12
--         ????:  28 % - ???????
Memory: 5266/5341 409569/409639
--         ????:  28 % - ????
Memory: 5234/5341 409530/409639
--         ????:  28 % - ???????
Memory: 5266/5341 409569/409639
   3      0.0052        0.97   1.0000000        0.72    4    1    6  2.1e-09  8.8e-09
---------  ????:  95 % - ???????
---------  ????:  95 % - ????
Memory: 5234/5341 409530/409639
---------  ????:  95 % - ???????
Memory: 5266/5341 409569/409639
---------  ????:  95 % - ????
Memory: 5234/5341 409530/409639
   4       1e-11     2.1e-06   1.0000000      0.0052    6    1    8  2.2e-09  4.6e-11
---------- ????: 100 % - 
Memory: 5250/5341 409562/409639
?????29 s?
????: 5.34 GB
????: 409.67 GB
?????2026?5?15? ??8:10:52?
----- ?? 3/? 1 (sol1) ???????? 1? --------------------------------------------->
<---- ?? 3/? 1 (sol1) ???????: ??? ---------------------------------------------
??? 2026?5?15? ??8:10:54?
?????: ????????
? Apple M1 Pro ????
??????? 1 ???? 192.168.0.106 ??? 8 ?????
?????32.77 GB?
           ????:   5 % - ????: ??
Memory: 3643/5342 407704/409671
           ????:   5 % - ?????????
Memory: 3643/5342 407702/409671
???3?
????: 3.64 GB
????: 407.7 GB
?????2026?5?15? ??8:10:57?
----- ?? 3/? 1 (sol1) ???????: ??? -------------------------------------------->
<---- ?? 3/? 1 (sol1) ?????? 1? ------------------------------------------------
??? 2026?5?15? ??8:10:57?
           ????:   5 % - ??? 1
Memory: 3643/5342 407699/409671
?????0 s?
????: 3.64 GB
????: 407.7 GB
?????2026?5?15? ??8:10:57?
----- ?? 3/? 1 (sol1) ?????? 1? ----------------------------------------------->
<---- ?? 3/? 1 (sol1) ???????? 1? ----------------------------------------------
??? 2026?5?15? ??8:10:57?
           ????:   9 % - ????? 1
Memory: 3644/5342 407699/409671
????? 
????????1574255??? 237407 ????????
-          ????:  19 % - ????
--         ????:  22 % - ??????
Memory: 3736/5342 407792/409671
---        ????:  35 % - ????
Memory: 4117/5342 408173/409671
???????
??????
?? (comp_v2.T): 2.9e+02
?? (comp_v2.V): 1.2e+09
???? (comp_v2.es.fp_s01.V0_ode): 1.9e+03
???? (comp_v2.es.fp_s02.V0_ode): 1.9e+03
???? (comp_v2.es.fp_s03.V0_ode): 1.9e+03
???? (comp_v2.es.fp_s04.V0_ode): 1.9e+03
???? (comp_v2.es.fp_s05.V0_ode): 1.9e+03
???? (comp_v2.es.fp_s06.V0_ode): 1.9e+03
???? (comp_v2.es.fp_s07.V0_ode): 1.9e+03
???? (comp_v2.es.fp_s08.V0_ode): 1.9e+03
???? (comp_v2.es.fp_s09.V0_ode): 1.9e+03
---        ????:  37 % - ????
???????????
---        ????:  37 % - ????
Memory: 4124/5342 408180/409671
---        ????:  38 % - ????
Memory: 4281/5342 409137/409671
---        ????:  39 % - ????
Memory: 4303/5342 409135/409671
----       ????:  40 % - ????
Memory: 4324/5342 409139/409671
----       ????:  41 % - ????
Memory: 4341/5342 409141/409671
----       ????:  43 % - ????
Memory: 4372/5342 409144/409671
----       ????:  44 % - ????
Memory: 4395/5342 409141/409671
----       ????:  46 % - ????
Memory: 4422/5342 409147/409671
----       ????:  47 % - ????
Memory: 4447/5342 409149/409671
----       ????:  49 % - ????
Memory: 4468/5342 409151/409671
-----      ????:  50 % - ????
Memory: 4492/5342 409150/409671
-----      ????:  51 % - ????
Memory: 4515/5342 409155/409671
-----      ????:  53 % - ????
Memory: 4539/5342 409156/409671
-----      ????:  54 % - ????
Memory: 4556/5342 409153/409671
-----      ????:  55 % - ????
Memory: 4581/5342 409159/409671
-----      ????:  56 % - ????
Memory: 4605/5342 409157/409671
-----      ????:  58 % - ????
Memory: 4625/5342 409162/409671
------     ????:  60 % - ????
Memory: 4660/5342 409160/409671
------     ????:  62 % - ????
Memory: 4693/5342 409167/409671
------     ????:  66 % - ????
Memory: 4732/5342 409167/409671
-------    ????:  76 % - ????
Memory: 4814/5342 409181/409671
--------   ????:  86 % - ????
Memory: 4899/5342 409188/409671
Iter      SolEst     Damping    Stepsize #Res #Jac #Sol   LinErr   LinRes
---------- ????: 100 % - ???????
Memory: 4869/5342 409129/409671
   1        0.97   1.0000000        0.97    1    1    1  2.3e-09  2.1e-12
---------- ????: 100 % - 
Memory: 4850/5342 409124/409671
?????23 s?
????: 4.94 GB
????: 409.23 GB
?????2026?5?15? ??8:11:20?
----- ?? 3/? 1 (sol1) ???????? 1? --------------------------------------------->
<---- ?? 3/? 1 (sol1) ???????: ??? ---------------------------------------------
??? 2026?5?15? ??8:11:22?
?????: ????????
? Apple M1 Pro ????
??????? 1 ???? 192.168.0.106 ??? 8 ?????
?????32.77 GB?
           ????:   5 % - ????: ??
Memory: 3736/5342 407789/409671
           ????:   5 % - ?????????
???3?
????: 3.74 GB
????: 407.79 GB
?????2026?5?15? ??8:11:24?
----- ?? 3/? 1 (sol1) ???????: ??? -------------------------------------------->
<---- ?? 3/? 1 (sol1) ?????? 1? ------------------------------------------------
??? 2026?5?15? ??8:11:24?
           ????:   5 % - ??? 1
Memory: 3736/5342 407786/409671
?????0 s?
????: 3.74 GB
????: 407.79 GB
?????2026?5?15? ??8:11:25?
----- ?? 3/? 1 (sol1) ?????? 1? ----------------------------------------------->
<---- ?? 3/? 1 (sol1) ???????? 1? ----------------------------------------------
??? 2026?5?15? ??8:11:25?
           ????:   9 % - ????? 1
??????
????????1574255??? 237407 ????????
           ????:   9 % - ????
Memory: 3737/5342 407786/409671
           ????:   9 % - ??????
Memory: 3757/5342 407805/409671
           ????:   9 % - ????
Memory: 4157/5342 408205/409671
???????
??????
?? (comp_v2.T): 2.9e+02
?? (comp_v2.V): 1.2e+09
???? (comp_v2.es.fp_s01.V0_ode): 1.9e+03
???? (comp_v2.es.fp_s02.V0_ode): 1.9e+03
???? (comp_v2.es.fp_s03.V0_ode): 1.9e+03
???? (comp_v2.es.fp_s04.V0_ode): 1.9e+03
???? (comp_v2.es.fp_s05.V0_ode): 1.9e+03
???? (comp_v2.es.fp_s06.V0_ode): 1.9e+03
???? (comp_v2.es.fp_s07.V0_ode): 1.9e+03
???? (comp_v2.es.fp_s08.V0_ode): 1.9e+03
???? (comp_v2.es.fp_s09.V0_ode): 1.9e+03
           ????:   9 % - ????
???????????
           ????:   9 % - ????
Memory: 4165/5342 408215/409671
Iter      SolEst      ResEst     Damping    Stepsize #Res #Jac #Sol   LinErr   LinRes
           ????:   9 % - ???????
Memory: 4972/5342 409322/409671
   1          94     1.5e+04   0.0100000          95    2    1    2  4.2e-09  2.5e-10
-          ????:  18 % - ???????
Memory: 4969/5342 409323/409671
-          ????:  18 % - ????
Memory: 4936/5342 409283/409671
-          ????:  18 % - ???????
Memory: 4968/5342 409322/409671
   2         7.9     1.3e+04   0.1000000         8.8    3    1    4  4.6e-09  2.5e-10
--         ????:  28 % - ???????
   3      0.0051          15   1.0000000        0.93    4    1    6  4.5e-09  2.1e-08
---------  ????:  96 % - ???????
Memory: 4947/5342 409307/409671
   4     2.1e-11     3.1e-05   1.0000000       0.005    6    1    8  4.6e-09  2.2e-10
---------- ????: 100 % - 
Memory: 4952/5342 409315/409671
?????29 s?
????: 5.04 GB
????: 409.42 GB
?????2026?5?15? ??8:11:54?
----- ?? 3/? 1 (sol1) ???????? 1? --------------------------------------------->
<---- ?? 3/? 1 (sol1) ???????: ??? ---------------------------------------------
??? 2026?5?15? ??8:11:55?
?????: ????????
? Apple M1 Pro ????
??????? 1 ???? 192.168.0.106 ??? 8 ?????
?????32.77 GB?
           ????:   5 % - ????: ??
Memory: 3728/5342 407870/409671
           ????:   5 % - ?????????
???3?
????: 3.73 GB
????: 407.87 GB
?????2026?5?15? ??8:11:58?
----- ?? 3/? 1 (sol1) ???????: ??? -------------------------------------------->
<---- ?? 3/? 1 (sol1) ?????? 1? ------------------------------------------------
??? 2026?5?15? ??8:11:58?
           ????:   5 % - ??? 1
Memory: 3728/5342 407867/409671
?????0 s?
????: 3.73 GB
????: 407.87 GB
?????2026?5?15? ??8:11:58?
----- ?? 3/? 1 (sol1) ?????? 1? ----------------------------------------------->
<---- ?? 3/? 1 (sol1) ???????? 1? ----------------------------------------------
??? 2026?5?15? ??8:11:58?
           ????:   9 % - ????? 1
??????
????????1574255??? 237407 ????????
           ????:   9 % - ????
           ????:   9 % - ??????
Memory: 3801/5342 407941/409671
           ????:   9 % - ????
Memory: 4222/5342 408313/409671
???????
??????
?? (comp_v2.T): 2.9e+02
?? (comp_v2.V): 1.2e+09
???? (comp_v2.es.fp_s01.V0_ode): 1.9e+03
???? (comp_v2.es.fp_s02.V0_ode): 1.9e+03
???? (comp_v2.es.fp_s03.V0_ode): 1.9e+03
???? (comp_v2.es.fp_s04.V0_ode): 1.9e+03
???? (comp_v2.es.fp_s05.V0_ode): 1.9e+03
???? (comp_v2.es.fp_s06.V0_ode): 1.9e+03
???? (comp_v2.es.fp_s07.V0_ode): 1.9e+03
???? (comp_v2.es.fp_s08.V0_ode): 1.9e+03
???? (comp_v2.es.fp_s09.V0_ode): 1.9e+03
???????????
           ????:   9 % - ????
Memory: 4252/5342 408345/409671
           ????:   9 % - ????
Memory: 4234/5342 408325/409671
Iter      SolEst      ResEst     Damping    Stepsize #Res #Jac #Sol   LinErr   LinRes
           ????:   9 % - ???????
Memory: 5031/5342 409280/409671
   1          94     2.5e+05   0.0100000          95    2    1    2  1.5e-09  1.3e-12
-          ????:  18 % - ???????
Memory: 5052/5342 409410/409671
-          ????:  18 % - ????
Memory: 5020/5342 409371/409671
-          ????:  18 % - ???????
Memory: 5052/5342 409410/409671
   2         7.8     2.3e+05   0.1000000         8.6    3    1    4  1.6e-09  1.4e-12
--         ????:  28 % - ???????
   3      0.0023           1   1.0000000        0.86    4    1    6  1.6e-09  7.2e-09
---------  ????:  98 % - ???????
---------  ????:  98 % - ????
Memory: 5020/5342 409371/409671
---------  ????:  98 % - ???????
Memory: 5052/5342 409410/409671
---------  ????:  98 % - ????
Memory: 5020/5342 409371/409671
   4     3.5e-12       2e-06   1.0000000      0.0023    6    1    8  1.7e-09  3.1e-11
---------- ????: 100 % - 
Memory: 5052/5342 409403/409671
?????29 s?
????: 5.14 GB
????: 409.51 GB
?????2026?5?15? ??8:12:27?
----- ?? 3/? 1 (sol1) ???????? 1? --------------------------------------------->
<---- ?? 3/? 1 (sol1) ???????: ??? ---------------------------------------------
??? 2026?5?15? ??8:12:29?
?????: ????????
? Apple M1 Pro ????
??????? 1 ???? 192.168.0.106 ??? 8 ?????
?????32.77 GB?
           ????:   5 % - ????: ??
Memory: 3804/5342 407923/409671
           ????:   5 % - ?????????
Memory: 3805/5342 407923/409671
???3?
????: 3.81 GB
????: 407.92 GB
?????2026?5?15? ??8:12:32?
----- ?? 3/? 1 (sol1) ???????: ??? -------------------------------------------->
<---- ?? 3/? 1 (sol1) ?????? 1? ------------------------------------------------
??? 2026?5?15? ??8:12:32?
           ????:   5 % - ??? 1
Memory: 3805/5342 407920/409671
?????0 s?
????: 3.81 GB
????: 407.92 GB
?????2026?5?15? ??8:12:32?
----- ?? 3/? 1 (sol1) ?????? 1? ----------------------------------------------->
<---- ?? 3/? 1 (sol1) ???????? 1? ----------------------------------------------
??? 2026?5?15? ??8:12:32?
           ????:   9 % - ????? 1
Memory: 3806/5342 407920/409671
????? 
????????1574255??? 237407 ????????
-          ????:  19 % - ????
--         ????:  22 % - ??????
Memory: 3917/5342 408032/409671
---        ????:  37 % - ????
Memory: 4298/5342 408383/409671
???????
??????
?? (comp_v2.T): 2.9e+02
?? (comp_v2.V): 1.2e+09
???? (comp_v2.es.fp_s01.V0_ode): 1.9e+03
???? (comp_v2.es.fp_s02.V0_ode): 1.9e+03
???? (comp_v2.es.fp_s03.V0_ode): 1.9e+03
???? (comp_v2.es.fp_s04.V0_ode): 1.9e+03
???? (comp_v2.es.fp_s05.V0_ode): 1.9e+03
???? (comp_v2.es.fp_s06.V0_ode): 1.9e+03
???? (comp_v2.es.fp_s07.V0_ode): 1.9e+03
???? (comp_v2.es.fp_s08.V0_ode): 1.9e+03
???? (comp_v2.es.fp_s09.V0_ode): 1.9e+03
???????????
---        ????:  37 % - ????
Memory: 4307/5342 408392/409671
---        ????:  37 % - ????
Memory: 4308/5342 408393/409671
---        ????:  38 % - ????
Memory: 4589/5342 409574/409671
---        ????:  39 % - ????
Memory: 4608/5342 409575/409671
----       ????:  41 % - ????
Memory: 4630/5342 409581/409671
----       ????:  43 % - ????
Memory: 4670/5342 409584/409671
----       ????:  44 % - ????
Memory: 4694/5342 409586/409671
----       ????:  46 % - ????
Memory: 4715/5342 409583/409671
----       ????:  47 % - ????
Memory: 4738/5342 409586/409671
----       ????:  49 % - ????
Memory: 4765/5342 409587/409671
-----      ????:  50 % - ????
Memory: 4792/5342 409592/409671
-----      ????:  51 % - ????
Memory: 4813/5342 409594/409671
-----      ????:  53 % - ????
Memory: 4840/5342 409593/409671
-----      ????:  55 % - ????
Memory: 4874/5342 409595/409671
-----      ????:  57 % - ????
Memory: 4903/5342 409600/409671
-----      ????:  58 % - ????
Memory: 4931/5342 409602/409671
-----      ????:  59 % - ????
Memory: 4951/5342 409600/409671
------     ????:  61 % - ????
Memory: 4977/5342 409602/409671
------     ????:  62 % - ????
Memory: 4999/5342 409604/409671
-------    ????:  72 % - ????
Memory: 5078/5342 409614/409671
--------   ????:  81 % - ????
Memory: 5158/5342 409623/409671
Iter      SolEst     Damping    Stepsize #Res #Jac #Sol   LinErr   LinRes
---------- ????: 100 % - ???????
Memory: 5145/5342 409555/409671
   1        0.96   1.0000000        0.96    1    1    1  1.6e-09  1.3e-12
---------- ????: 100 % - ??????
Memory: 5130/5342 409531/409671
---------- ????: 100 % - 
Memory: 5148/5342 409563/409671
?????22 s?
????: 5.24 GB
????: 409.67 GB
?????2026?5?15? ??8:12:54?
----- ?? 3/? 1 (sol1) ???????? 1? --------------------------------------------->
<---- ?? 3/? 1 (sol1) ???????: ??? ---------------------------------------------
??? 2026?5?15? ??8:12:56?
?????: ????????
? Apple M1 Pro ????
??????? 1 ???? 192.168.0.106 ??? 8 ?????
?????32.77 GB?
           ????:   5 % - ????: ??
Memory: 3816/5342 408007/409672
           ????:   5 % - ?????????
Memory: 3875/5342 408007/409672
???3?
????: 3.88 GB
????: 408.01 GB
?????2026?5?15? ??8:12:59?
----- ?? 3/? 1 (sol1) ???????: ??? -------------------------------------------->
<---- ?? 3/? 1 (sol1) ?????? 1? ------------------------------------------------
??? 2026?5?15? ??8:12:59?
           ????:   5 % - ??? 1
Memory: 3875/5342 408005/409672
?????0 s?
????: 3.88 GB
????: 408.01 GB
?????2026?5?15? ??8:12:59?
----- ?? 3/? 1 (sol1) ?????? 1? ----------------------------------------------->
<---- ?? 3/? 1 (sol1) ???????? 1? ----------------------------------------------
??? 2026?5?15? ??8:12:59?
           ????:   9 % - ????? 1
????? 
????????1574246??? 237407 ????????
--         ????:  20 % - ??????
Memory: 3968/5342 408097/409672
--         ????:  21 % - ??????
Memory: 3994/5342 408097/409672
--         ????:  25 % - ????
Memory: 4390/5342 408457/409672
---        ????:  34 % - 
???????
??????
?? (comp_v2.T): 2.9e+02
?? (comp_v2.V): 1.2e+09
???????????
---        ????:  37 % - ????
---        ????:  37 % - ????
Memory: 4569/5342 408753/409672
---        ????:  39 % - ????
Memory: 4857/5342 409899/409899
----       ????:  40 % - ????
Memory: 4874/5342 409896/409899
----       ????:  41 % - ????
Memory: 4898/5342 409902/409902
----       ????:  43 % - ????
Memory: 4927/5342 409900/409902
----       ????:  45 % - ????
Memory: 4960/5342 409905/409905
----       ????:  46 % - ????
Memory: 4984/5342 409906/409906
----       ????:  48 % - ????
Memory: 5009/5342 409906/409906
----       ????:  49 % - ????
Memory: 5030/5342 409911/409911
-----      ????:  51 % - ????
Memory: 5050/5342 409913/409913
-----      ????:  52 % - ????
Memory: 5072/5342 409915/409915
-----      ????:  53 % - ????
Memory: 5091/5342 409916/409916
-----      ????:  55 % - ????
Memory: 5115/5342 409914/409916
-----      ????:  57 % - ????
Memory: 5152/5342 409921/409921
-----      ????:  59 % - ????
Memory: 5177/5342 409921/409921
------     ????:  60 % - ????
Memory: 5200/5342 409923/409923
------     ????:  61 % - ????
Memory: 5223/5342 409924/409924
------     ????:  63 % - ????
Memory: 5247/5342 409928/409928
------     ????:  64 % - ????
Memory: 5267/5342 409925/409928
------     ????:  67 % - ????
Memory: 5299/5342 409928/409928
-------    ????:  70 % - ????
Memory: 5344/5344 409931/409931
-------    ????:  72 % - ????
Memory: 5377/5377 409934/409935
-------    ????:  74 % - ????
Memory: 5406/5406 409940/409940
-------    ????:  76 % - ????
Memory: 5435/5435 409939/409940
-------    ????:  78 % - ????
Memory: 5462/5462 409944/409944
--------   ????:  80 % - ????
Memory: 5493/5493 409946/409946
--------   ????:  82 % - ????
Memory: 5527/5527 409945/409946
--------   ????:  85 % - ????
Memory: 5563/5563 409948/409948
--------   ????:  87 % - ????
Memory: 5594/5594 409953/409953
--------   ????:  89 % - ????
Memory: 5620/5620 409952/409953
---------  ????:  91 % - ????
Memory: 5651/5651 409955/409955
Iter      SolEst     Damping    Stepsize #Res #Jac #Sol   LinErr   LinRes
---------- ????: 100 % - ???????
Memory: 5582/5651 409883/409955
   1        0.77   1.0000000        0.77    1    1    1  1.6e-09  1.3e-12
---------- ????: 100 % - 
Memory: 5546/5651 409845/409955
?????22 s?
????: 5.66 GB
????: 409.99 GB
?????2026?5?15? ??8:13:21?
----- ?? 3/? 1 (sol1) ???????? 1? --------------------------------------------->
<---- ?? 3/? 1 (sol1) ???????: ??? ---------------------------------------------
??? 2026?5?15? ??8:13:23?
?????: ????????
? Apple M1 Pro ????
??????? 1 ???? 192.168.0.106 ??? 8 ?????
?????32.77 GB?
           ????:   5 % - ????: ??
Memory: 4084/5655 408146/409986
           ????:   5 % - ?????????
???3?
????: 4.09 GB
????: 408.15 GB
?????2026?5?15? ??8:13:25?
----- ?? 3/? 1 (sol1) ???????: ??? -------------------------------------------->
<---- ?? 3/? 1 (sol1) ?????? 1? ------------------------------------------------
??? 2026?5?15? ??8:13:25?
           ????:   5 % - ??? 1
Memory: 4085/5655 408143/409986
?????0 s?
????: 4.09 GB
????: 408.14 GB
?????2026?5?15? ??8:13:25?
----- ?? 3/? 1 (sol1) ?????? 1? ----------------------------------------------->
<---- ?? 3/? 1 (sol1) ???????? 1? ----------------------------------------------
??? 2026?5?15? ??8:13:25?
????? 
           ????:   9 % - ????? 1
????????1574246??? 237407 ????????
--         ????:  20 % - ??????
Memory: 4105/5655 408162/409986
--         ????:  22 % - ??????
Memory: 4147/5655 408204/409986
--         ????:  28 % - ????
Memory: 4461/5655 408517/409986
---        ????:  37 % - 
???????
??????
?? (comp_v2.T): 2.9e+02
?? (comp_v2.V): 1.2e+09
???????????
---        ????:  37 % - ????
---        ????:  39 % - ????
Memory: 4751/5655 409786/409986
----       ????:  40 % - ????
Memory: 4773/5655 409788/409986
----       ????:  42 % - ????
Memory: 4800/5655 409787/409986
----       ????:  45 % - ????
Memory: 4840/5655 409790/409986
----       ????:  46 % - ????
Memory: 4866/5655 409796/409986
----       ????:  47 % - ????
Memory: 4889/5655 409793/409986
----       ????:  49 % - ????
Memory: 4910/5655 409799/409986
-----      ????:  50 % - ????
Memory: 4934/5655 409797/409986
-----      ????:  52 % - ????
Memory: 4958/5655 409802/409986
-----      ????:  53 % - ????
Memory: 4977/5655 409804/409986
-----      ????:  54 % - ????
Memory: 5005/5655 409806/409986
-----      ????:  57 % - ????
Memory: 5042/5655 409807/409986
-----      ????:  58 % - ????
Memory: 5064/5655 409806/409986
------     ????:  60 % - ????
Memory: 5091/5655 409812/409986
------     ????:  61 % - ????
Memory: 5113/5655 409814/409986
------     ????:  63 % - ????
Memory: 5139/5655 409815/409986
------     ????:  64 % - ????
Memory: 5158/5655 409817/409986
------     ????:  67 % - ????
Memory: 5192/5655 409816/409986
-------    ????:  70 % - ????
Memory: 5238/5655 409823/409986
-------    ????:  72 % - ????
Memory: 5273/5655 409826/409986
-------    ????:  74 % - ????
Memory: 5300/5655 409828/409986
-------    ????:  76 % - ????
Memory: 5329/5655 409827/409986
-------    ????:  78 % - ????
Memory: 5356/5655 409832/409986
-------    ????:  79 % - ????
Memory: 5381/5655 409831/409986
--------   ????:  82 % - ????
Memory: 5414/5655 409837/409986
--------   ????:  85 % - ????
Memory: 5456/5655 409839/409986
--------   ????:  87 % - ????
Memory: 5488/5655 409841/409986
--------   ????:  88 % - ????
Memory: 5512/5655 409842/409986
---------  ????:  90 % - ????
Memory: 5541/5655 409842/409986
Iter      SolEst     Damping    Stepsize #Res #Jac #Sol   LinErr   LinRes
---------- ????: 100 % - ???????
Memory: 5479/5655 409776/409986
   1        0.98   1.0000000        0.98    1    1    1     0.56    0.082
---------- ????: 104 % - 
Memory: 5460/5655 409771/409986
?????23 s?
????: 5.55 GB
????: 409.88 GB
?????2026?5?15? ??8:13:48?
----- ?? 3/? 1 (sol1) ???????? 1? --------------------------------------------->
Diagnostic case failed: CPL_ALL_SUSPECTS_OFF -> The_following_feature_has_encountered_a_problem
????: 377 s.
??????: /Users/luolin/Documents/New project/110kV_RIP_bushing_project/comsol/run_physics_diagnostics_brfgl1_Model.mph
????: 0 s.
???: 377 s.
---------- ????: 100 % - ??
Memory: 4266/5655 408329/409986
