*******************************************
***COMSOL 6.0.0.318 progress output file***
*******************************************
Fri May 15 20:07:31 CST 2026
COMSOL Multiphysics 6.0 (开发版本: 318) 在批处理模式下启动
正在运行: /Users/luolin/Documents/New project/110kV_RIP_bushing_project/comsol/run_physics_diagnostics_brfgl1.class
顶点单元数：259
边界单元数：59428
-          当前进度:  18 % - 正在准备进行前沿网格划分
Memory: 674/674 405905/405905
-          当前进度:  19 % - 插入内部点
Memory: 741/741 405921/405921
--         当前进度:  20 % - 插入内部点
Memory: 746/746 405922/405922
--         当前进度:  21 % - 插入内部点
Memory: 754/754 405923/405923
--         当前进度:  23 % - 插入内部点
Memory: 758/758 405882/405923
---------  当前进度:  95 % - 提高单元质量
单元数：393356
---------  当前进度:  99 % - 正在定型网格
Memory: 978/978 405899/405923
最小单元质量：0.09449
---------- 当前进度: 100 % - 正在定型网格
Memory: 959/978 405875/405923
<---- 研究/解 1 (sol1) 中的“编译方程: 稳态” -----------------------------------------------
开始于 2026年5月15日 下午8:08:28。
几何形函数: 二次拉格朗日单元
在 Apple M1 Pro 上运行。
在以下位置使用 1 个插槽： 192.168.0.106 上（共 8 个内核）。
可用内存：32.77 GB。
           当前进度:   5 % - 编译方程: 稳态
Memory: 1165/1165 405927/405927
           当前进度:   5 % - 正在创建可视化网格
Memory: 1291/1291 406036/406036
时间：4。
物理内存: 1.33 GB
虚拟内存: 406.09 GB
结束时间：2026年5月15日 下午8:08:32。
----- 研究/解 1 (sol1) 中的“编译方程: 稳态” ---------------------------------------------->
<---- 研究/解 1 (sol1) 中的“因变量 1” --------------------------------------------------
开始于 2026年5月15日 下午8:08:32。
           当前进度:   5 % - 因变量 1
Memory: 1443/1443 406175/406175
求解时间：1 s。
物理内存: 1.44 GB
虚拟内存: 406.18 GB
结束时间：2026年5月15日 下午8:08:33。
----- 研究/解 1 (sol1) 中的“因变量 1” ------------------------------------------------->
<---- 研究/解 1 (sol1) 中的“稳态求解器 1” ------------------------------------------------
开始于 2026年5月15日 下午8:08:33。
           当前进度:   9 % - 稳态求解器 1
Memory: 1615/1615 406315/406315
线性求解器 
求解的自由度数：787132。
--         当前进度:  24 % - 组装矩阵
Memory: 1967/1967 406643/406643
找到对称矩阵。
缩放因变量：
电势 (comp_v2.V): 1
悬浮电位 (comp_v2.es.fp_s01.V0_ode): 1.5e-06
悬浮电位 (comp_v2.es.fp_s02.V0_ode): 1.5e-06
悬浮电位 (comp_v2.es.fp_s03.V0_ode): 1.5e-06
悬浮电位 (comp_v2.es.fp_s04.V0_ode): 1.5e-06
悬浮电位 (comp_v2.es.fp_s05.V0_ode): 1.5e-06
悬浮电位 (comp_v2.es.fp_s06.V0_ode): 1.5e-06
悬浮电位 (comp_v2.es.fp_s07.V0_ode): 1.5e-06
悬浮电位 (comp_v2.es.fp_s08.V0_ode): 1.5e-06
悬浮电位 (comp_v2.es.fp_s09.V0_ode): 1.5e-06
使用了稀疏零空间函数。
---        当前进度:  37 % - 约束处理
Memory: 2095/2095 406753/406753
---        当前进度:  37 % - 矩阵分解
Memory: 2338/2338 406914/406920
-----      当前进度:  52 % - 矩阵分解
Memory: 2538/2538 407221/407221
-------    当前进度:  70 % - 矩阵分解
Memory: 2619/2619 407231/407231
--------   当前进度:  88 % - 矩阵分解
Memory: 2700/2700 407241/407241
Iter      SolEst     Damping    Stepsize #Res #Jac #Sol   LinErr   LinRes
---------- 当前进度: 100 % - 求解线性方程组
Memory: 2681/2700 407212/407241
   1           1   1.0000000           1    1    1    1  3.6e-12  3.8e-15
求解时间：9 s。
物理内存: 2.7 GB
虚拟内存: 407.24 GB
结束时间：2026年5月15日 下午8:08:41。
----- 研究/解 1 (sol1) 中的“稳态求解器 1” ----------------------------------------------->
<---- 研究/解 1 (sol1) 中的“编译方程: 稳态” -----------------------------------------------
开始于 2026年5月15日 下午8:08:44。
几何形函数: 二次拉格朗日单元
在 Apple M1 Pro 上运行。
在以下位置使用 1 个插槽： 192.168.0.106 上（共 8 个内核）。
可用内存：32.77 GB。
           当前进度:   5 % - 编译方程: 稳态
Memory: 2386/2700 406813/407241
           当前进度:   5 % - 正在创建可视化网格
时间：3。
物理内存: 2.39 GB
虚拟内存: 406.81 GB
结束时间：2026年5月15日 下午8:08:47。
----- 研究/解 1 (sol1) 中的“编译方程: 稳态” ---------------------------------------------->
<---- 研究/解 1 (sol1) 中的“因变量 1” --------------------------------------------------
开始于 2026年5月15日 下午8:08:47。
           当前进度:   5 % - 因变量 1
Memory: 2391/2700 406813/407241
求解时间：0 s。
物理内存: 2.39 GB
虚拟内存: 406.81 GB
结束时间：2026年5月15日 下午8:08:47。
----- 研究/解 1 (sol1) 中的“因变量 1” ------------------------------------------------->
<---- 研究/解 1 (sol1) 中的“稳态求解器 1” ------------------------------------------------
开始于 2026年5月15日 下午8:08:47。
线性求解器 
求解的自由度数：787123。
--         当前进度:  22 % - 组装稀疏模式
Memory: 2392/2700 406809/407241
---        当前进度:  37 % - 
Memory: 2557/2700 406967/407241
找到对称矩阵。
缩放因变量：
电势 (comp_v2.V): 1
已使用正交零空间函数。
---        当前进度:  37 % - 矩阵分解
Memory: 2785/2785 407221/407241
---        当前进度:  39 % - 矩阵分解
Memory: 2930/2930 407680/407680
----       当前进度:  43 % - 矩阵分解
Memory: 2959/2959 407679/407680
----       当前进度:  47 % - 矩阵分解
Memory: 2993/2993 407685/407685
-----      当前进度:  51 % - 矩阵分解
Memory: 3024/3024 407684/407685
-----      当前进度:  57 % - 矩阵分解
Memory: 3058/3058 407691/407691
------     当前进度:  63 % - 矩阵分解
Memory: 3100/3100 407691/407691
------     当前进度:  68 % - 矩阵分解
Memory: 3136/3136 407697/407697
-------    当前进度:  71 % - 矩阵分解
Memory: 3164/3164 407695/407697
-------    当前进度:  78 % - 矩阵分解
Memory: 3215/3215 407701/407701
--------   当前进度:  83 % - 矩阵分解
Memory: 3252/3252 407704/407704
--------   当前进度:  87 % - 矩阵分解
Memory: 3281/3281 407708/407708
---------  当前进度:  91 % - 矩阵分解
Memory: 3312/3312 407707/407708
Iter      SolEst     Damping    Stepsize #Res #Jac #Sol   LinErr   LinRes
---------- 当前进度: 100 % - 求解线性方程组
Memory: 3277/3312 407677/407710
   1        0.96   1.0000000        0.96    1    1    1    1e-14  4.2e-15
求解时间：9 s。
物理内存: 3.31 GB
虚拟内存: 407.71 GB
结束时间：2026年5月15日 下午8:08:56。
----- 研究/解 1 (sol1) 中的“稳态求解器 1” ----------------------------------------------->
<---- 研究 2/解 1 (sol1) 中的“编译方程: 稳态” ---------------------------------------------
开始于 2026年5月15日 下午8:08:59。
几何形函数: 二次拉格朗日单元
在 Apple M1 Pro 上运行。
在以下位置使用 1 个插槽： 192.168.0.106 上（共 8 个内核）。
可用内存：32.77 GB。
           当前进度:   5 % - 编译方程: 稳态
Memory: 2823/3312 407085/407710
           当前进度:   5 % - 正在创建可视化网格
Memory: 2886/3312 407211/407710
时间：3。
物理内存: 2.89 GB
虚拟内存: 407.21 GB
结束时间：2026年5月15日 下午8:09:02。
----- 研究 2/解 1 (sol1) 中的“编译方程: 稳态” -------------------------------------------->
<---- 研究 2/解 1 (sol1) 中的“因变量 1” ------------------------------------------------
开始于 2026年5月15日 下午8:09:02。
           当前进度:   5 % - 因变量 1
Memory: 2888/3312 407208/407710
求解时间：0 s。
物理内存: 2.89 GB
虚拟内存: 407.21 GB
结束时间：2026年5月15日 下午8:09:02。
----- 研究 2/解 1 (sol1) 中的“因变量 1” ----------------------------------------------->
<---- 研究 2/解 1 (sol1) 中的“稳态求解器 1” ----------------------------------------------
开始于 2026年5月15日 下午8:09:02。
Warning: 该系统不支持 PARDISO。请切换为 MUMPS。
           当前进度:   9 % - 稳态求解器 1
Memory: 2902/3312 407224/407710
线性求解器 
求解的自由度数：787123（加上 237407 个内部自由度）。
-          当前进度:  19 % - 稳态求解器 1
Memory: 2979/3312 407283/407710
--         当前进度:  21 % - 组装稀疏模式
Memory: 2997/3312 407283/407710
找到对称矩阵。
---        当前进度:  37 % - 
Memory: 3088/3312 407362/407710
缩放因变量：
温度 (comp_v2.T): 2.9e+02
已使用正交零空间函数。
---        当前进度:  37 % - 组装延展
Memory: 3173/3312 407437/407710
-----      当前进度:  55 % - 组装矩阵
Memory: 3179/3312 407437/407710
-------    当前进度:  73 % - 创建多重网格层次结构
Memory: 3189/3312 407443/407710
Iter      SolEst     Damping    Stepsize #Res #Jac #Sol LinIt   LinErr   LinRes
-------    当前进度:  73 % - 求解线性方程组
Memory: 3229/3312 407454/407710
---------  当前进度:  91 % - 求解线性方程组
---------  当前进度:  98 % - 求解线性方程组
   1         0.6   1.0000000         0.6    1    1    1     5  0.00021  0.00076
---------- 当前进度: 100 % - 组装矩阵
Memory: 3230/3312 407454/407710
---------- 当前进度: 100 % - 
Memory: 3252/3312 407485/407710
求解时间：4 s。
物理内存: 3.34 GB
虚拟内存: 407.59 GB
Warning: 该系统不支持 PARDISO。请切换为 MUMPS。
结束时间：2026年5月15日 下午8:09:07。
----- 研究 2/解 1 (sol1) 中的“稳态求解器 1” --------------------------------------------->
<---- 研究 2/解 1 (sol1) 中的“编译方程: 稳态” ---------------------------------------------
开始于 2026年5月15日 下午8:09:08。
几何形函数: 二次拉格朗日单元
在 Apple M1 Pro 上运行。
在以下位置使用 1 个插槽： 192.168.0.106 上（共 8 个内核）。
可用内存：32.77 GB。
           当前进度:   5 % - 编译方程: 稳态
Memory: 3270/3342 407467/407710
           当前进度:   5 % - 正在创建可视化网格
Memory: 3322/3342 407464/407710
时间：3。
物理内存: 3.32 GB
虚拟内存: 407.47 GB
结束时间：2026年5月15日 下午8:09:12。
----- 研究 2/解 1 (sol1) 中的“编译方程: 稳态” -------------------------------------------->
<---- 研究 2/解 1 (sol1) 中的“因变量 1” ------------------------------------------------
开始于 2026年5月15日 下午8:09:12。
           当前进度:   5 % - 因变量 1
Memory: 3323/3342 407467/407710
求解时间：0 s。
物理内存: 3.32 GB
虚拟内存: 407.47 GB
结束时间：2026年5月15日 下午8:09:12。
----- 研究 2/解 1 (sol1) 中的“因变量 1” ----------------------------------------------->
<---- 研究 2/解 1 (sol1) 中的“稳态求解器 1” ----------------------------------------------
开始于 2026年5月15日 下午8:09:12。
Warning: 该系统不支持 PARDISO。请切换为 MUMPS。
           当前进度:   9 % - 稳态求解器 1
Memory: 3330/3342 407462/407710
线性求解器 
求解的自由度数：787123（加上 237407 个内部自由度）。
-          当前进度:  19 % - 组装矩阵
Memory: 3341/3342 407462/407710
--         当前进度:  22 % - 组装稀疏模式
找到对称矩阵。
---        当前进度:  37 % - 
缩放因变量：
温度 (comp_v2.T): 2.9e+02
已使用正交零空间函数。
---        当前进度:  37 % - 组装延展
-----      当前进度:  55 % - 组装矩阵
-------    当前进度:  73 % - 创建多重网格层次结构
Memory: 3349/3349 407465/407710
Iter      SolEst     Damping    Stepsize #Res #Jac #Sol LinIt   LinErr   LinRes
-------    当前进度:  73 % - 求解线性方程组
Memory: 3355/3355 407474/407710
---------  当前进度:  91 % - 求解线性方程组
---------  当前进度:  98 % - 求解线性方程组
   1         0.6   1.0000000         0.6    1    1    1     5  0.00021  0.00076
---------- 当前进度: 100 % - 组装矩阵
---------- 当前进度: 100 % - 
Memory: 3379/3379 407503/407710
求解时间：4 s。
物理内存: 3.47 GB
虚拟内存: 407.61 GB
Warning: 该系统不支持 PARDISO。请切换为 MUMPS。
结束时间：2026年5月15日 下午8:09:16。
----- 研究 2/解 1 (sol1) 中的“稳态求解器 1” --------------------------------------------->
<---- 研究 2/解 1 (sol1) 中的“编译方程: 稳态” ---------------------------------------------
开始于 2026年5月15日 下午8:09:18。
几何形函数: 二次拉格朗日单元
在 Apple M1 Pro 上运行。
在以下位置使用 1 个插槽： 192.168.0.106 上（共 8 个内核）。
可用内存：32.77 GB。
           当前进度:   5 % - 编译方程: 稳态
Memory: 3381/3467 407482/407710
           当前进度:   5 % - 正在创建可视化网格
Memory: 3410/3467 407481/407710
时间：3。
物理内存: 3.41 GB
虚拟内存: 407.48 GB
结束时间：2026年5月15日 下午8:09:21。
----- 研究 2/解 1 (sol1) 中的“编译方程: 稳态” -------------------------------------------->
<---- 研究 2/解 1 (sol1) 中的“因变量 1” ------------------------------------------------
开始于 2026年5月15日 下午8:09:21。
           当前进度:   5 % - 因变量 1
Memory: 3410/3467 407479/407710
求解时间：0 s。
物理内存: 3.41 GB
虚拟内存: 407.48 GB
结束时间：2026年5月15日 下午8:09:21。
----- 研究 2/解 1 (sol1) 中的“因变量 1” ----------------------------------------------->
<---- 研究 2/解 1 (sol1) 中的“稳态求解器 1” ----------------------------------------------
开始于 2026年5月15日 下午8:09:21。
Warning: 该系统不支持 PARDISO。请切换为 MUMPS。
           当前进度:   9 % - 稳态求解器 1
线性求解器 
求解的自由度数：787123（加上 237407 个内部自由度）。
-          当前进度:  19 % - 稳态求解器 1
--         当前进度:  22 % - 组装稀疏模式
Memory: 3414/3467 407607/407710
---        当前进度:  37 % - 
Memory: 3420/3467 407607/407710
找到对称矩阵。
缩放因变量：
温度 (comp_v2.T): 2.9e+02
已使用正交零空间函数。
---        当前进度:  37 % - 组装延展
Memory: 3444/3467 407607/407710
-----      当前进度:  55 % - 组装稀疏模式
-------    当前进度:  73 % - 创建多重网格层次结构
Memory: 3454/3467 407619/407710
Iter      SolEst     Damping    Stepsize #Res #Jac #Sol LinIt   LinErr   LinRes
-------    当前进度:  73 % - 求解线性方程组
Memory: 3454/3467 407622/407710
   1         1.4   1.0000000         1.4    1    1    1     1   0.0004    0.008
---------- 当前进度: 100 % - 
Memory: 3468/3468 407646/407710
求解时间：4 s。
物理内存: 3.57 GB
虚拟内存: 407.76 GB
Warning: 该系统不支持 PARDISO。请切换为 MUMPS。
结束时间：2026年5月15日 下午8:09:25。
----- 研究 2/解 1 (sol1) 中的“稳态求解器 1” --------------------------------------------->
<---- 研究 2/解 1 (sol1) 中的“编译方程: 稳态” ---------------------------------------------
开始于 2026年5月15日 下午8:09:27。
几何形函数: 二次拉格朗日单元
在 Apple M1 Pro 上运行。
在以下位置使用 1 个插槽： 192.168.0.106 上（共 8 个内核）。
可用内存：32.77 GB。
           当前进度:   5 % - 编译方程: 稳态
Memory: 3343/3566 407497/407757
           当前进度:   5 % - 正在创建可视化网格
Memory: 3346/3566 407497/407757
时间：3。
物理内存: 3.35 GB
虚拟内存: 407.5 GB
结束时间：2026年5月15日 下午8:09:30。
----- 研究 2/解 1 (sol1) 中的“编译方程: 稳态” -------------------------------------------->
<---- 研究 2/解 1 (sol1) 中的“因变量 1” ------------------------------------------------
开始于 2026年5月15日 下午8:09:30。
           当前进度:   5 % - 因变量 1
Memory: 3346/3566 407495/407757
求解时间：0 s。
物理内存: 3.35 GB
虚拟内存: 407.5 GB
结束时间：2026年5月15日 下午8:09:31。
----- 研究 2/解 1 (sol1) 中的“因变量 1” ----------------------------------------------->
<---- 研究 2/解 1 (sol1) 中的“稳态求解器 1” ----------------------------------------------
开始于 2026年5月15日 下午8:09:31。
Warning: 该系统不支持 PARDISO。请切换为 MUMPS。
           当前进度:   9 % - 稳态求解器 1
Memory: 3366/3566 407495/407757
线性求解器 
求解的自由度数：787123（加上 237407 个内部自由度）。
--         当前进度:  22 % - 组装稀疏模式
Memory: 3408/3566 407495/407757
---        当前进度:  31 % - 组装矩阵
Memory: 3430/3566 407495/407757
找到对称矩阵。
缩放因变量：
温度 (comp_v2.T): 2.9e+02
已使用正交零空间函数。
---        当前进度:  37 % - 创建多重网格层
---        当前进度:  37 % - 组装延展
-------    当前进度:  73 % - 创建多重网格层次结构
Iter      SolEst     Damping    Stepsize #Res #Jac #Sol LinIt   LinErr   LinRes
-------    当前进度:  73 % - 求解线性方程组
Memory: 3443/3566 407503/407757
---------  当前进度:  91 % - 求解线性方程组
Memory: 3444/3566 407506/407757
---------- 当前进度: 100 % - 求解线性方程组
   1         0.5   1.0000000         0.5    1    1    1     4  0.00071  0.00094
---------- 当前进度: 100 % - 
Memory: 3466/3566 407663/407757
求解时间：4 s。
物理内存: 3.55 GB
虚拟内存: 407.77 GB
Warning: 该系统不支持 PARDISO。请切换为 MUMPS。
结束时间：2026年5月15日 下午8:09:35。
----- 研究 2/解 1 (sol1) 中的“稳态求解器 1” --------------------------------------------->
<---- 研究 2/解 1 (sol1) 中的“编译方程: 稳态” ---------------------------------------------
开始于 2026年5月15日 下午8:09:37。
几何形函数: 二次拉格朗日单元
在 Apple M1 Pro 上运行。
在以下位置使用 1 个插槽： 192.168.0.106 上（共 8 个内核）。
可用内存：32.77 GB。
           当前进度:   5 % - 编译方程: 稳态
Memory: 3349/3566 407514/407766
           当前进度:   5 % - 正在创建可视化网格
Memory: 3371/3566 407512/407766
时间：3。
物理内存: 3.37 GB
虚拟内存: 407.51 GB
结束时间：2026年5月15日 下午8:09:40。
----- 研究 2/解 1 (sol1) 中的“编译方程: 稳态” -------------------------------------------->
<---- 研究 2/解 1 (sol1) 中的“因变量 1” ------------------------------------------------
开始于 2026年5月15日 下午8:09:40。
           当前进度:   5 % - 因变量 1
Memory: 3394/3566 407512/407766
求解时间：0 s。
物理内存: 3.39 GB
虚拟内存: 407.51 GB
结束时间：2026年5月15日 下午8:09:40。
----- 研究 2/解 1 (sol1) 中的“因变量 1” ----------------------------------------------->
<---- 研究 2/解 1 (sol1) 中的“稳态求解器 1” ----------------------------------------------
开始于 2026年5月15日 下午8:09:40。
Warning: 该系统不支持 PARDISO。请切换为 MUMPS。
           当前进度:   9 % - 稳态求解器 1
Memory: 3408/3566 407512/407766
线性求解器 
求解的自由度数：787123（加上 237407 个内部自由度）。
--         当前进度:  22 % - 组装稀疏模式
---        当前进度:  37 % - 组装矩阵
Memory: 3410/3566 407512/407766
找到对称矩阵。
缩放因变量：
温度 (comp_v2.T): 2.9e+02
已使用正交零空间函数。
---        当前进度:  37 % - 组装延展
-------    当前进度:  73 % - 创建多重网格层次结构
Memory: 3421/3566 407522/407766
Iter      SolEst     Damping    Stepsize #Res #Jac #Sol LinIt   LinErr   LinRes
-------    当前进度:  73 % - 求解线性方程组
Memory: 3421/3566 407524/407766
--------   当前进度:  84 % - 求解线性方程组
---------  当前进度:  96 % - 求解线性方程组
   1         0.5   1.0000000         0.5    1    1    1     4  0.00071  0.00094
---------- 当前进度: 100 % - 
Memory: 3437/3566 407553/407766
求解时间：4 s。
物理内存: 3.52 GB
虚拟内存: 407.66 GB
Warning: 该系统不支持 PARDISO。请切换为 MUMPS。
结束时间：2026年5月15日 下午8:09:44。
----- 研究 2/解 1 (sol1) 中的“稳态求解器 1” --------------------------------------------->
<---- 研究 3/解 1 (sol1) 中的“编译方程: 稳态” ---------------------------------------------
开始于 2026年5月15日 下午8:09:46。
几何形函数: 二次拉格朗日单元
在 Apple M1 Pro 上运行。
在以下位置使用 1 个插槽： 192.168.0.106 上（共 8 个内核）。
可用内存：32.77 GB。
           当前进度:   5 % - 编译方程: 稳态
Memory: 3442/3566 407529/407766
           当前进度:   5 % - 正在创建可视化网格
时间：3。
物理内存: 3.44 GB
虚拟内存: 407.53 GB
结束时间：2026年5月15日 下午8:09:49。
----- 研究 3/解 1 (sol1) 中的“编译方程: 稳态” -------------------------------------------->
<---- 研究 3/解 1 (sol1) 中的“因变量 1” ------------------------------------------------
开始于 2026年5月15日 下午8:09:49。
           当前进度:   5 % - 因变量 1
Memory: 3443/3566 407529/407766
求解时间：0 s。
物理内存: 3.44 GB
虚拟内存: 407.53 GB
结束时间：2026年5月15日 下午8:09:49。
----- 研究 3/解 1 (sol1) 中的“因变量 1” ----------------------------------------------->
<---- 研究 3/解 1 (sol1) 中的“稳态求解器 1” ----------------------------------------------
开始于 2026年5月15日 下午8:09:49。
           当前进度:   9 % - 稳态求解器 1
非线性求解器
求解的自由度数：1574255（加上 237407 个内部自由度）。
           当前进度:   9 % - 组装矩阵
Memory: 3445/3566 407529/407766
           当前进度:   9 % - 组装稀疏模式
Memory: 3451/3566 407537/407766
           当前进度:   9 % - 组装矩阵
Memory: 3794/3794 407877/407877
找到对称矩阵。
缩放因变量：
温度 (comp_v2.T): 2.9e+02
电势 (comp_v2.V): 1.2e+09
悬浮电位 (comp_v2.es.fp_s01.V0_ode): 1.9e+03
悬浮电位 (comp_v2.es.fp_s02.V0_ode): 1.9e+03
悬浮电位 (comp_v2.es.fp_s03.V0_ode): 1.9e+03
悬浮电位 (comp_v2.es.fp_s04.V0_ode): 1.9e+03
悬浮电位 (comp_v2.es.fp_s05.V0_ode): 1.9e+03
悬浮电位 (comp_v2.es.fp_s06.V0_ode): 1.9e+03
悬浮电位 (comp_v2.es.fp_s07.V0_ode): 1.9e+03
悬浮电位 (comp_v2.es.fp_s08.V0_ode): 1.9e+03
悬浮电位 (comp_v2.es.fp_s09.V0_ode): 1.9e+03
           当前进度:   9 % - 约束处理
Memory: 3932/3932 408015/408015
使用了稀疏零空间函数。
           当前进度:   9 % - 矩阵分解
Memory: 4159/4271 408242/408358
Iter      SolEst      ResEst     Damping    Stepsize #Res #Jac #Sol   LinErr   LinRes
           当前进度:   9 % - 求解线性方程组
Memory: 4918/4947 409204/409279
   1          94     2.5e+05   0.0100000          95    2    1    2  2.2e-09  2.1e-12
-          当前进度:  18 % - 求解线性方程组
Memory: 4935/4947 409219/409279
   2         7.8     2.3e+05   0.1000000         8.6    3    1    4  2.3e-09  2.2e-12
--         当前进度:  28 % - 求解线性方程组
Memory: 4935/4947 409218/409279
   3      0.0024           1   1.0000000        0.86    4    1    6  2.2e-09    1e-08
---------  当前进度:  98 % - 求解线性方程组
---------  当前进度:  98 % - 组装矩阵
Memory: 4903/4947 409179/409279
---------  当前进度:  98 % - 求解线性方程组
Memory: 4935/4947 409218/409279
---------  当前进度:  98 % - 组装矩阵
Memory: 4903/4947 409179/409279
   4     4.9e-12     2.1e-06   1.0000000      0.0024    6    1    8  2.2e-09  5.2e-11
---------- 当前进度: 100 % - 
Memory: 4919/4947 409211/409279
求解时间：30 s。
物理内存: 5.01 GB
虚拟内存: 409.32 GB
结束时间：2026年5月15日 下午8:10:19。
----- 研究 3/解 1 (sol1) 中的“稳态求解器 1” --------------------------------------------->
<---- 研究 3/解 1 (sol1) 中的“编译方程: 稳态” ---------------------------------------------
开始于 2026年5月15日 下午8:10:20。
几何形函数: 二次拉格朗日单元
在 Apple M1 Pro 上运行。
在以下位置使用 1 个插槽： 192.168.0.106 上（共 8 个内核）。
可用内存：32.77 GB。
           当前进度:   5 % - 编译方程: 稳态
Memory: 3550/5011 407625/409320
           当前进度:   5 % - 正在创建可视化网格
Memory: 3550/5011 407623/409320
时间：3。
物理内存: 3.55 GB
虚拟内存: 407.63 GB
结束时间：2026年5月15日 下午8:10:23。
----- 研究 3/解 1 (sol1) 中的“编译方程: 稳态” -------------------------------------------->
<---- 研究 3/解 1 (sol1) 中的“因变量 1” ------------------------------------------------
开始于 2026年5月15日 下午8:10:23。
           当前进度:   5 % - 因变量 1
Memory: 3550/5011 407620/409320
求解时间：0 s。
物理内存: 3.55 GB
虚拟内存: 407.62 GB
结束时间：2026年5月15日 下午8:10:23。
----- 研究 3/解 1 (sol1) 中的“因变量 1” ----------------------------------------------->
<---- 研究 3/解 1 (sol1) 中的“稳态求解器 1” ----------------------------------------------
开始于 2026年5月15日 下午8:10:23。
           当前进度:   9 % - 稳态求解器 1
非线性求解器
求解的自由度数：1574246（加上 237407 个内部自由度）。
           当前进度:   9 % - 组装稀疏模式
Memory: 3643/5011 407713/409320
           当前进度:   9 % - 组装矩阵
Memory: 4007/5011 408069/409320
找到对称矩阵。
缩放因变量：
温度 (comp_v2.T): 2.9e+02
电势 (comp_v2.V): 1.2e+09
已使用正交零空间函数。
           当前进度:   9 % - 约束处理
           当前进度:   9 % - 矩阵分解
Memory: 4240/5011 408439/409320
Iter      SolEst      ResEst     Damping    Stepsize #Res #Jac #Sol   LinErr   LinRes
           当前进度:   9 % - 求解线性方程组
Memory: 5269/5341 409568/409639
   1          64     2.5e+05   0.0100000          64    2    1    2  2.2e-09  2.1e-12
-          当前进度:  18 % - 求解线性方程组
Memory: 5234/5341 409530/409639
   2         5.6     2.3e+05   0.1000000         6.3    3    1    4  2.2e-09  2.2e-12
--         当前进度:  28 % - 求解线性方程组
Memory: 5266/5341 409569/409639
--         当前进度:  28 % - 组装矩阵
Memory: 5234/5341 409530/409639
--         当前进度:  28 % - 求解线性方程组
Memory: 5266/5341 409569/409639
   3      0.0052        0.97   1.0000000        0.72    4    1    6  2.1e-09  8.8e-09
---------  当前进度:  95 % - 求解线性方程组
---------  当前进度:  95 % - 组装矩阵
Memory: 5234/5341 409530/409639
---------  当前进度:  95 % - 求解线性方程组
Memory: 5266/5341 409569/409639
---------  当前进度:  95 % - 组装矩阵
Memory: 5234/5341 409530/409639
   4       1e-11     2.1e-06   1.0000000      0.0052    6    1    8  2.2e-09  4.6e-11
---------- 当前进度: 100 % - 
Memory: 5250/5341 409562/409639
求解时间：29 s。
物理内存: 5.34 GB
虚拟内存: 409.67 GB
结束时间：2026年5月15日 下午8:10:52。
----- 研究 3/解 1 (sol1) 中的“稳态求解器 1” --------------------------------------------->
<---- 研究 3/解 1 (sol1) 中的“编译方程: 稳态” ---------------------------------------------
开始于 2026年5月15日 下午8:10:54。
几何形函数: 二次拉格朗日单元
在 Apple M1 Pro 上运行。
在以下位置使用 1 个插槽： 192.168.0.106 上（共 8 个内核）。
可用内存：32.77 GB。
           当前进度:   5 % - 编译方程: 稳态
Memory: 3643/5342 407704/409671
           当前进度:   5 % - 正在创建可视化网格
Memory: 3643/5342 407702/409671
时间：3。
物理内存: 3.64 GB
虚拟内存: 407.7 GB
结束时间：2026年5月15日 下午8:10:57。
----- 研究 3/解 1 (sol1) 中的“编译方程: 稳态” -------------------------------------------->
<---- 研究 3/解 1 (sol1) 中的“因变量 1” ------------------------------------------------
开始于 2026年5月15日 下午8:10:57。
           当前进度:   5 % - 因变量 1
Memory: 3643/5342 407699/409671
求解时间：0 s。
物理内存: 3.64 GB
虚拟内存: 407.7 GB
结束时间：2026年5月15日 下午8:10:57。
----- 研究 3/解 1 (sol1) 中的“因变量 1” ----------------------------------------------->
<---- 研究 3/解 1 (sol1) 中的“稳态求解器 1” ----------------------------------------------
开始于 2026年5月15日 下午8:10:57。
           当前进度:   9 % - 稳态求解器 1
Memory: 3644/5342 407699/409671
线性求解器 
求解的自由度数：1574255（加上 237407 个内部自由度）。
-          当前进度:  19 % - 组装矩阵
--         当前进度:  22 % - 组装稀疏模式
Memory: 3736/5342 407792/409671
---        当前进度:  35 % - 组装矩阵
Memory: 4117/5342 408173/409671
找到对称矩阵。
缩放因变量：
温度 (comp_v2.T): 2.9e+02
电势 (comp_v2.V): 1.2e+09
悬浮电位 (comp_v2.es.fp_s01.V0_ode): 1.9e+03
悬浮电位 (comp_v2.es.fp_s02.V0_ode): 1.9e+03
悬浮电位 (comp_v2.es.fp_s03.V0_ode): 1.9e+03
悬浮电位 (comp_v2.es.fp_s04.V0_ode): 1.9e+03
悬浮电位 (comp_v2.es.fp_s05.V0_ode): 1.9e+03
悬浮电位 (comp_v2.es.fp_s06.V0_ode): 1.9e+03
悬浮电位 (comp_v2.es.fp_s07.V0_ode): 1.9e+03
悬浮电位 (comp_v2.es.fp_s08.V0_ode): 1.9e+03
悬浮电位 (comp_v2.es.fp_s09.V0_ode): 1.9e+03
---        当前进度:  37 % - 约束处理
使用了稀疏零空间函数。
---        当前进度:  37 % - 矩阵分解
Memory: 4124/5342 408180/409671
---        当前进度:  38 % - 矩阵分解
Memory: 4281/5342 409137/409671
---        当前进度:  39 % - 矩阵分解
Memory: 4303/5342 409135/409671
----       当前进度:  40 % - 矩阵分解
Memory: 4324/5342 409139/409671
----       当前进度:  41 % - 矩阵分解
Memory: 4341/5342 409141/409671
----       当前进度:  43 % - 矩阵分解
Memory: 4372/5342 409144/409671
----       当前进度:  44 % - 矩阵分解
Memory: 4395/5342 409141/409671
----       当前进度:  46 % - 矩阵分解
Memory: 4422/5342 409147/409671
----       当前进度:  47 % - 矩阵分解
Memory: 4447/5342 409149/409671
----       当前进度:  49 % - 矩阵分解
Memory: 4468/5342 409151/409671
-----      当前进度:  50 % - 矩阵分解
Memory: 4492/5342 409150/409671
-----      当前进度:  51 % - 矩阵分解
Memory: 4515/5342 409155/409671
-----      当前进度:  53 % - 矩阵分解
Memory: 4539/5342 409156/409671
-----      当前进度:  54 % - 矩阵分解
Memory: 4556/5342 409153/409671
-----      当前进度:  55 % - 矩阵分解
Memory: 4581/5342 409159/409671
-----      当前进度:  56 % - 矩阵分解
Memory: 4605/5342 409157/409671
-----      当前进度:  58 % - 矩阵分解
Memory: 4625/5342 409162/409671
------     当前进度:  60 % - 矩阵分解
Memory: 4660/5342 409160/409671
------     当前进度:  62 % - 矩阵分解
Memory: 4693/5342 409167/409671
------     当前进度:  66 % - 矩阵分解
Memory: 4732/5342 409167/409671
-------    当前进度:  76 % - 矩阵分解
Memory: 4814/5342 409181/409671
--------   当前进度:  86 % - 矩阵分解
Memory: 4899/5342 409188/409671
Iter      SolEst     Damping    Stepsize #Res #Jac #Sol   LinErr   LinRes
---------- 当前进度: 100 % - 求解线性方程组
Memory: 4869/5342 409129/409671
   1        0.97   1.0000000        0.97    1    1    1  2.3e-09  2.1e-12
---------- 当前进度: 100 % - 
Memory: 4850/5342 409124/409671
求解时间：23 s。
物理内存: 4.94 GB
虚拟内存: 409.23 GB
结束时间：2026年5月15日 下午8:11:20。
----- 研究 3/解 1 (sol1) 中的“稳态求解器 1” --------------------------------------------->
<---- 研究 3/解 1 (sol1) 中的“编译方程: 稳态” ---------------------------------------------
开始于 2026年5月15日 下午8:11:22。
几何形函数: 二次拉格朗日单元
在 Apple M1 Pro 上运行。
在以下位置使用 1 个插槽： 192.168.0.106 上（共 8 个内核）。
可用内存：32.77 GB。
           当前进度:   5 % - 编译方程: 稳态
Memory: 3736/5342 407789/409671
           当前进度:   5 % - 正在创建可视化网格
时间：3。
物理内存: 3.74 GB
虚拟内存: 407.79 GB
结束时间：2026年5月15日 下午8:11:24。
----- 研究 3/解 1 (sol1) 中的“编译方程: 稳态” -------------------------------------------->
<---- 研究 3/解 1 (sol1) 中的“因变量 1” ------------------------------------------------
开始于 2026年5月15日 下午8:11:24。
           当前进度:   5 % - 因变量 1
Memory: 3736/5342 407786/409671
求解时间：0 s。
物理内存: 3.74 GB
虚拟内存: 407.79 GB
结束时间：2026年5月15日 下午8:11:25。
----- 研究 3/解 1 (sol1) 中的“因变量 1” ----------------------------------------------->
<---- 研究 3/解 1 (sol1) 中的“稳态求解器 1” ----------------------------------------------
开始于 2026年5月15日 下午8:11:25。
           当前进度:   9 % - 稳态求解器 1
非线性求解器
求解的自由度数：1574255（加上 237407 个内部自由度）。
           当前进度:   9 % - 组装矩阵
Memory: 3737/5342 407786/409671
           当前进度:   9 % - 组装稀疏模式
Memory: 3757/5342 407805/409671
           当前进度:   9 % - 组装矩阵
Memory: 4157/5342 408205/409671
找到对称矩阵。
缩放因变量：
温度 (comp_v2.T): 2.9e+02
电势 (comp_v2.V): 1.2e+09
悬浮电位 (comp_v2.es.fp_s01.V0_ode): 1.9e+03
悬浮电位 (comp_v2.es.fp_s02.V0_ode): 1.9e+03
悬浮电位 (comp_v2.es.fp_s03.V0_ode): 1.9e+03
悬浮电位 (comp_v2.es.fp_s04.V0_ode): 1.9e+03
悬浮电位 (comp_v2.es.fp_s05.V0_ode): 1.9e+03
悬浮电位 (comp_v2.es.fp_s06.V0_ode): 1.9e+03
悬浮电位 (comp_v2.es.fp_s07.V0_ode): 1.9e+03
悬浮电位 (comp_v2.es.fp_s08.V0_ode): 1.9e+03
悬浮电位 (comp_v2.es.fp_s09.V0_ode): 1.9e+03
           当前进度:   9 % - 约束处理
使用了稀疏零空间函数。
           当前进度:   9 % - 矩阵分解
Memory: 4165/5342 408215/409671
Iter      SolEst      ResEst     Damping    Stepsize #Res #Jac #Sol   LinErr   LinRes
           当前进度:   9 % - 求解线性方程组
Memory: 4972/5342 409322/409671
   1          94     1.5e+04   0.0100000          95    2    1    2  4.2e-09  2.5e-10
-          当前进度:  18 % - 求解线性方程组
Memory: 4969/5342 409323/409671
-          当前进度:  18 % - 组装矩阵
Memory: 4936/5342 409283/409671
-          当前进度:  18 % - 求解线性方程组
Memory: 4968/5342 409322/409671
   2         7.9     1.3e+04   0.1000000         8.8    3    1    4  4.6e-09  2.5e-10
--         当前进度:  28 % - 求解线性方程组
   3      0.0051          15   1.0000000        0.93    4    1    6  4.5e-09  2.1e-08
---------  当前进度:  96 % - 求解线性方程组
Memory: 4947/5342 409307/409671
   4     2.1e-11     3.1e-05   1.0000000       0.005    6    1    8  4.6e-09  2.2e-10
---------- 当前进度: 100 % - 
Memory: 4952/5342 409315/409671
求解时间：29 s。
物理内存: 5.04 GB
虚拟内存: 409.42 GB
结束时间：2026年5月15日 下午8:11:54。
----- 研究 3/解 1 (sol1) 中的“稳态求解器 1” --------------------------------------------->
<---- 研究 3/解 1 (sol1) 中的“编译方程: 稳态” ---------------------------------------------
开始于 2026年5月15日 下午8:11:55。
几何形函数: 二次拉格朗日单元
在 Apple M1 Pro 上运行。
在以下位置使用 1 个插槽： 192.168.0.106 上（共 8 个内核）。
可用内存：32.77 GB。
           当前进度:   5 % - 编译方程: 稳态
Memory: 3728/5342 407870/409671
           当前进度:   5 % - 正在创建可视化网格
时间：3。
物理内存: 3.73 GB
虚拟内存: 407.87 GB
结束时间：2026年5月15日 下午8:11:58。
----- 研究 3/解 1 (sol1) 中的“编译方程: 稳态” -------------------------------------------->
<---- 研究 3/解 1 (sol1) 中的“因变量 1” ------------------------------------------------
开始于 2026年5月15日 下午8:11:58。
           当前进度:   5 % - 因变量 1
Memory: 3728/5342 407867/409671
求解时间：0 s。
物理内存: 3.73 GB
虚拟内存: 407.87 GB
结束时间：2026年5月15日 下午8:11:58。
----- 研究 3/解 1 (sol1) 中的“因变量 1” ----------------------------------------------->
<---- 研究 3/解 1 (sol1) 中的“稳态求解器 1” ----------------------------------------------
开始于 2026年5月15日 下午8:11:58。
           当前进度:   9 % - 稳态求解器 1
非线性求解器
求解的自由度数：1574255（加上 237407 个内部自由度）。
           当前进度:   9 % - 组装矩阵
           当前进度:   9 % - 组装稀疏模式
Memory: 3801/5342 407941/409671
           当前进度:   9 % - 组装矩阵
Memory: 4222/5342 408313/409671
找到对称矩阵。
缩放因变量：
温度 (comp_v2.T): 2.9e+02
电势 (comp_v2.V): 1.2e+09
悬浮电位 (comp_v2.es.fp_s01.V0_ode): 1.9e+03
悬浮电位 (comp_v2.es.fp_s02.V0_ode): 1.9e+03
悬浮电位 (comp_v2.es.fp_s03.V0_ode): 1.9e+03
悬浮电位 (comp_v2.es.fp_s04.V0_ode): 1.9e+03
悬浮电位 (comp_v2.es.fp_s05.V0_ode): 1.9e+03
悬浮电位 (comp_v2.es.fp_s06.V0_ode): 1.9e+03
悬浮电位 (comp_v2.es.fp_s07.V0_ode): 1.9e+03
悬浮电位 (comp_v2.es.fp_s08.V0_ode): 1.9e+03
悬浮电位 (comp_v2.es.fp_s09.V0_ode): 1.9e+03
使用了稀疏零空间函数。
           当前进度:   9 % - 约束处理
Memory: 4252/5342 408345/409671
           当前进度:   9 % - 矩阵分解
Memory: 4234/5342 408325/409671
Iter      SolEst      ResEst     Damping    Stepsize #Res #Jac #Sol   LinErr   LinRes
           当前进度:   9 % - 求解线性方程组
Memory: 5031/5342 409280/409671
   1          94     2.5e+05   0.0100000          95    2    1    2  1.5e-09  1.3e-12
-          当前进度:  18 % - 求解线性方程组
Memory: 5052/5342 409410/409671
-          当前进度:  18 % - 组装矩阵
Memory: 5020/5342 409371/409671
-          当前进度:  18 % - 求解线性方程组
Memory: 5052/5342 409410/409671
   2         7.8     2.3e+05   0.1000000         8.6    3    1    4  1.6e-09  1.4e-12
--         当前进度:  28 % - 求解线性方程组
   3      0.0023           1   1.0000000        0.86    4    1    6  1.6e-09  7.2e-09
---------  当前进度:  98 % - 求解线性方程组
---------  当前进度:  98 % - 组装矩阵
Memory: 5020/5342 409371/409671
---------  当前进度:  98 % - 求解线性方程组
Memory: 5052/5342 409410/409671
---------  当前进度:  98 % - 约束处理
Memory: 5020/5342 409371/409671
   4     3.5e-12       2e-06   1.0000000      0.0023    6    1    8  1.7e-09  3.1e-11
---------- 当前进度: 100 % - 
Memory: 5052/5342 409403/409671
求解时间：29 s。
物理内存: 5.14 GB
虚拟内存: 409.51 GB
结束时间：2026年5月15日 下午8:12:27。
----- 研究 3/解 1 (sol1) 中的“稳态求解器 1” --------------------------------------------->
<---- 研究 3/解 1 (sol1) 中的“编译方程: 稳态” ---------------------------------------------
开始于 2026年5月15日 下午8:12:29。
几何形函数: 二次拉格朗日单元
在 Apple M1 Pro 上运行。
在以下位置使用 1 个插槽： 192.168.0.106 上（共 8 个内核）。
可用内存：32.77 GB。
           当前进度:   5 % - 编译方程: 稳态
Memory: 3804/5342 407923/409671
           当前进度:   5 % - 正在创建可视化网格
Memory: 3805/5342 407923/409671
时间：3。
物理内存: 3.81 GB
虚拟内存: 407.92 GB
结束时间：2026年5月15日 下午8:12:32。
----- 研究 3/解 1 (sol1) 中的“编译方程: 稳态” -------------------------------------------->
<---- 研究 3/解 1 (sol1) 中的“因变量 1” ------------------------------------------------
开始于 2026年5月15日 下午8:12:32。
           当前进度:   5 % - 因变量 1
Memory: 3805/5342 407920/409671
求解时间：0 s。
物理内存: 3.81 GB
虚拟内存: 407.92 GB
结束时间：2026年5月15日 下午8:12:32。
----- 研究 3/解 1 (sol1) 中的“因变量 1” ----------------------------------------------->
<---- 研究 3/解 1 (sol1) 中的“稳态求解器 1” ----------------------------------------------
开始于 2026年5月15日 下午8:12:32。
           当前进度:   9 % - 稳态求解器 1
Memory: 3806/5342 407920/409671
线性求解器 
求解的自由度数：1574255（加上 237407 个内部自由度）。
-          当前进度:  19 % - 组装矩阵
--         当前进度:  22 % - 组装稀疏模式
Memory: 3917/5342 408032/409671
---        当前进度:  37 % - 组装矩阵
Memory: 4298/5342 408383/409671
找到对称矩阵。
缩放因变量：
温度 (comp_v2.T): 2.9e+02
电势 (comp_v2.V): 1.2e+09
悬浮电位 (comp_v2.es.fp_s01.V0_ode): 1.9e+03
悬浮电位 (comp_v2.es.fp_s02.V0_ode): 1.9e+03
悬浮电位 (comp_v2.es.fp_s03.V0_ode): 1.9e+03
悬浮电位 (comp_v2.es.fp_s04.V0_ode): 1.9e+03
悬浮电位 (comp_v2.es.fp_s05.V0_ode): 1.9e+03
悬浮电位 (comp_v2.es.fp_s06.V0_ode): 1.9e+03
悬浮电位 (comp_v2.es.fp_s07.V0_ode): 1.9e+03
悬浮电位 (comp_v2.es.fp_s08.V0_ode): 1.9e+03
悬浮电位 (comp_v2.es.fp_s09.V0_ode): 1.9e+03
使用了稀疏零空间函数。
---        当前进度:  37 % - 约束处理
Memory: 4307/5342 408392/409671
---        当前进度:  37 % - 矩阵分解
Memory: 4308/5342 408393/409671
---        当前进度:  38 % - 矩阵分解
Memory: 4589/5342 409574/409671
---        当前进度:  39 % - 矩阵分解
Memory: 4608/5342 409575/409671
----       当前进度:  41 % - 矩阵分解
Memory: 4630/5342 409581/409671
----       当前进度:  43 % - 矩阵分解
Memory: 4670/5342 409584/409671
----       当前进度:  44 % - 矩阵分解
Memory: 4694/5342 409586/409671
----       当前进度:  46 % - 矩阵分解
Memory: 4715/5342 409583/409671
----       当前进度:  47 % - 矩阵分解
Memory: 4738/5342 409586/409671
----       当前进度:  49 % - 矩阵分解
Memory: 4765/5342 409587/409671
-----      当前进度:  50 % - 矩阵分解
Memory: 4792/5342 409592/409671
-----      当前进度:  51 % - 矩阵分解
Memory: 4813/5342 409594/409671
-----      当前进度:  53 % - 矩阵分解
Memory: 4840/5342 409593/409671
-----      当前进度:  55 % - 矩阵分解
Memory: 4874/5342 409595/409671
-----      当前进度:  57 % - 矩阵分解
Memory: 4903/5342 409600/409671
-----      当前进度:  58 % - 矩阵分解
Memory: 4931/5342 409602/409671
-----      当前进度:  59 % - 矩阵分解
Memory: 4951/5342 409600/409671
------     当前进度:  61 % - 矩阵分解
Memory: 4977/5342 409602/409671
------     当前进度:  62 % - 矩阵分解
Memory: 4999/5342 409604/409671
-------    当前进度:  72 % - 矩阵分解
Memory: 5078/5342 409614/409671
--------   当前进度:  81 % - 矩阵分解
Memory: 5158/5342 409623/409671
Iter      SolEst     Damping    Stepsize #Res #Jac #Sol   LinErr   LinRes
---------- 当前进度: 100 % - 求解线性方程组
Memory: 5145/5342 409555/409671
   1        0.96   1.0000000        0.96    1    1    1  1.6e-09  1.3e-12
---------- 当前进度: 100 % - 组装稀疏模式
Memory: 5130/5342 409531/409671
---------- 当前进度: 100 % - 
Memory: 5148/5342 409563/409671
求解时间：22 s。
物理内存: 5.24 GB
虚拟内存: 409.67 GB
结束时间：2026年5月15日 下午8:12:54。
----- 研究 3/解 1 (sol1) 中的“稳态求解器 1” --------------------------------------------->
<---- 研究 3/解 1 (sol1) 中的“编译方程: 稳态” ---------------------------------------------
开始于 2026年5月15日 下午8:12:56。
几何形函数: 二次拉格朗日单元
在 Apple M1 Pro 上运行。
在以下位置使用 1 个插槽： 192.168.0.106 上（共 8 个内核）。
可用内存：32.77 GB。
           当前进度:   5 % - 编译方程: 稳态
Memory: 3816/5342 408007/409672
           当前进度:   5 % - 正在创建可视化网格
Memory: 3875/5342 408007/409672
时间：3。
物理内存: 3.88 GB
虚拟内存: 408.01 GB
结束时间：2026年5月15日 下午8:12:59。
----- 研究 3/解 1 (sol1) 中的“编译方程: 稳态” -------------------------------------------->
<---- 研究 3/解 1 (sol1) 中的“因变量 1” ------------------------------------------------
开始于 2026年5月15日 下午8:12:59。
           当前进度:   5 % - 因变量 1
Memory: 3875/5342 408005/409672
求解时间：0 s。
物理内存: 3.88 GB
虚拟内存: 408.01 GB
结束时间：2026年5月15日 下午8:12:59。
----- 研究 3/解 1 (sol1) 中的“因变量 1” ----------------------------------------------->
<---- 研究 3/解 1 (sol1) 中的“稳态求解器 1” ----------------------------------------------
开始于 2026年5月15日 下午8:12:59。
           当前进度:   9 % - 稳态求解器 1
线性求解器 
求解的自由度数：1574246（加上 237407 个内部自由度）。
--         当前进度:  20 % - 组装稀疏模式
Memory: 3968/5342 408097/409672
--         当前进度:  21 % - 组装稀疏模式
Memory: 3994/5342 408097/409672
--         当前进度:  25 % - 组装矩阵
Memory: 4390/5342 408457/409672
---        当前进度:  34 % - 
找到对称矩阵。
缩放因变量：
温度 (comp_v2.T): 2.9e+02
电势 (comp_v2.V): 1.2e+09
已使用正交零空间函数。
---        当前进度:  37 % - 约束处理
---        当前进度:  37 % - 矩阵分解
Memory: 4569/5342 408753/409672
---        当前进度:  39 % - 矩阵分解
Memory: 4857/5342 409899/409899
----       当前进度:  40 % - 矩阵分解
Memory: 4874/5342 409896/409899
----       当前进度:  41 % - 矩阵分解
Memory: 4898/5342 409902/409902
----       当前进度:  43 % - 矩阵分解
Memory: 4927/5342 409900/409902
----       当前进度:  45 % - 矩阵分解
Memory: 4960/5342 409905/409905
----       当前进度:  46 % - 矩阵分解
Memory: 4984/5342 409906/409906
----       当前进度:  48 % - 矩阵分解
Memory: 5009/5342 409906/409906
----       当前进度:  49 % - 矩阵分解
Memory: 5030/5342 409911/409911
-----      当前进度:  51 % - 矩阵分解
Memory: 5050/5342 409913/409913
-----      当前进度:  52 % - 矩阵分解
Memory: 5072/5342 409915/409915
-----      当前进度:  53 % - 矩阵分解
Memory: 5091/5342 409916/409916
-----      当前进度:  55 % - 矩阵分解
Memory: 5115/5342 409914/409916
-----      当前进度:  57 % - 矩阵分解
Memory: 5152/5342 409921/409921
-----      当前进度:  59 % - 矩阵分解
Memory: 5177/5342 409921/409921
------     当前进度:  60 % - 矩阵分解
Memory: 5200/5342 409923/409923
------     当前进度:  61 % - 矩阵分解
Memory: 5223/5342 409924/409924
------     当前进度:  63 % - 矩阵分解
Memory: 5247/5342 409928/409928
------     当前进度:  64 % - 矩阵分解
Memory: 5267/5342 409925/409928
------     当前进度:  67 % - 矩阵分解
Memory: 5299/5342 409928/409928
-------    当前进度:  70 % - 矩阵分解
Memory: 5344/5344 409931/409931
-------    当前进度:  72 % - 矩阵分解
Memory: 5377/5377 409934/409935
-------    当前进度:  74 % - 矩阵分解
Memory: 5406/5406 409940/409940
-------    当前进度:  76 % - 矩阵分解
Memory: 5435/5435 409939/409940
-------    当前进度:  78 % - 矩阵分解
Memory: 5462/5462 409944/409944
--------   当前进度:  80 % - 矩阵分解
Memory: 5493/5493 409946/409946
--------   当前进度:  82 % - 矩阵分解
Memory: 5527/5527 409945/409946
--------   当前进度:  85 % - 矩阵分解
Memory: 5563/5563 409948/409948
--------   当前进度:  87 % - 矩阵分解
Memory: 5594/5594 409953/409953
--------   当前进度:  89 % - 矩阵分解
Memory: 5620/5620 409952/409953
---------  当前进度:  91 % - 矩阵分解
Memory: 5651/5651 409955/409955
Iter      SolEst     Damping    Stepsize #Res #Jac #Sol   LinErr   LinRes
---------- 当前进度: 100 % - 求解线性方程组
Memory: 5582/5651 409883/409955
   1        0.77   1.0000000        0.77    1    1    1  1.6e-09  1.3e-12
---------- 当前进度: 100 % - 
Memory: 5546/5651 409845/409955
求解时间：22 s。
物理内存: 5.66 GB
虚拟内存: 409.99 GB
结束时间：2026年5月15日 下午8:13:21。
----- 研究 3/解 1 (sol1) 中的“稳态求解器 1” --------------------------------------------->
<---- 研究 3/解 1 (sol1) 中的“编译方程: 稳态” ---------------------------------------------
开始于 2026年5月15日 下午8:13:23。
几何形函数: 二次拉格朗日单元
在 Apple M1 Pro 上运行。
在以下位置使用 1 个插槽： 192.168.0.106 上（共 8 个内核）。
可用内存：32.77 GB。
           当前进度:   5 % - 编译方程: 稳态
Memory: 4084/5655 408146/409986
           当前进度:   5 % - 正在创建可视化网格
时间：3。
物理内存: 4.09 GB
虚拟内存: 408.15 GB
结束时间：2026年5月15日 下午8:13:25。
----- 研究 3/解 1 (sol1) 中的“编译方程: 稳态” -------------------------------------------->
<---- 研究 3/解 1 (sol1) 中的“因变量 1” ------------------------------------------------
开始于 2026年5月15日 下午8:13:25。
           当前进度:   5 % - 因变量 1
Memory: 4085/5655 408143/409986
求解时间：0 s。
物理内存: 4.09 GB
虚拟内存: 408.14 GB
结束时间：2026年5月15日 下午8:13:25。
----- 研究 3/解 1 (sol1) 中的“因变量 1” ----------------------------------------------->
<---- 研究 3/解 1 (sol1) 中的“稳态求解器 1” ----------------------------------------------
开始于 2026年5月15日 下午8:13:25。
线性求解器 
           当前进度:   9 % - 稳态求解器 1
求解的自由度数：1574246（加上 237407 个内部自由度）。
--         当前进度:  20 % - 组装稀疏模式
Memory: 4105/5655 408162/409986
--         当前进度:  22 % - 组装稀疏模式
Memory: 4147/5655 408204/409986
--         当前进度:  28 % - 组装矩阵
Memory: 4461/5655 408517/409986
---        当前进度:  37 % - 
找到对称矩阵。
缩放因变量：
温度 (comp_v2.T): 2.9e+02
电势 (comp_v2.V): 1.2e+09
已使用正交零空间函数。
---        当前进度:  37 % - 矩阵分解
---        当前进度:  39 % - 矩阵分解
Memory: 4751/5655 409786/409986
----       当前进度:  40 % - 矩阵分解
Memory: 4773/5655 409788/409986
----       当前进度:  42 % - 矩阵分解
Memory: 4800/5655 409787/409986
----       当前进度:  45 % - 矩阵分解
Memory: 4840/5655 409790/409986
----       当前进度:  46 % - 矩阵分解
Memory: 4866/5655 409796/409986
----       当前进度:  47 % - 矩阵分解
Memory: 4889/5655 409793/409986
----       当前进度:  49 % - 矩阵分解
Memory: 4910/5655 409799/409986
-----      当前进度:  50 % - 矩阵分解
Memory: 4934/5655 409797/409986
-----      当前进度:  52 % - 矩阵分解
Memory: 4958/5655 409802/409986
-----      当前进度:  53 % - 矩阵分解
Memory: 4977/5655 409804/409986
-----      当前进度:  54 % - 矩阵分解
Memory: 5005/5655 409806/409986
-----      当前进度:  57 % - 矩阵分解
Memory: 5042/5655 409807/409986
-----      当前进度:  58 % - 矩阵分解
Memory: 5064/5655 409806/409986
------     当前进度:  60 % - 矩阵分解
Memory: 5091/5655 409812/409986
------     当前进度:  61 % - 矩阵分解
Memory: 5113/5655 409814/409986
------     当前进度:  63 % - 矩阵分解
Memory: 5139/5655 409815/409986
------     当前进度:  64 % - 矩阵分解
Memory: 5158/5655 409817/409986
------     当前进度:  67 % - 矩阵分解
Memory: 5192/5655 409816/409986
-------    当前进度:  70 % - 矩阵分解
Memory: 5238/5655 409823/409986
-------    当前进度:  72 % - 矩阵分解
Memory: 5273/5655 409826/409986
-------    当前进度:  74 % - 矩阵分解
Memory: 5300/5655 409828/409986
-------    当前进度:  76 % - 矩阵分解
Memory: 5329/5655 409827/409986
-------    当前进度:  78 % - 矩阵分解
Memory: 5356/5655 409832/409986
-------    当前进度:  79 % - 矩阵分解
Memory: 5381/5655 409831/409986
--------   当前进度:  82 % - 矩阵分解
Memory: 5414/5655 409837/409986
--------   当前进度:  85 % - 矩阵分解
Memory: 5456/5655 409839/409986
--------   当前进度:  87 % - 矩阵分解
Memory: 5488/5655 409841/409986
--------   当前进度:  88 % - 矩阵分解
Memory: 5512/5655 409842/409986
---------  当前进度:  90 % - 矩阵分解
Memory: 5541/5655 409842/409986
Iter      SolEst     Damping    Stepsize #Res #Jac #Sol   LinErr   LinRes
---------- 当前进度: 100 % - 求解线性方程组
Memory: 5479/5655 409776/409986
   1        0.98   1.0000000        0.98    1    1    1     0.56    0.082
---------- 当前进度: 104 % - 
Memory: 5460/5655 409771/409986
求解时间：23 s。
物理内存: 5.55 GB
虚拟内存: 409.88 GB
结束时间：2026年5月15日 下午8:13:48。
----- 研究 3/解 1 (sol1) 中的“稳态求解器 1” --------------------------------------------->
类运行时: 377 s.
正在保存模型: /Users/luolin/Documents/New project/110kV_RIP_bushing_project/comsol/run_physics_diagnostics_brfgl1_Model.mph
保存时间: 0 s.
总时间: 377 s.
---------- 当前进度: 100 % - 完成
Memory: 4266/5655 408329/409986
