*******************************************
***COMSOL 6.0.0.318 progress output file***
*******************************************
Sat May 16 09:15:06 CST 2026
COMSOL Multiphysics 6.0 (开发版本: 318) 在批处理模式下启动
正在运行: /Users/luolin/Documents/New project/110kV_RIP_bushing_project/comsol/run_solid_only_heat_balance.class
顶点单元数：248
边界单元数：58710
-          当前进度:  18 % - 正在准备进行前沿网格划分
Memory: 840/840 405942/405942
-          当前进度:  19 % - 插入内部点
Memory: 909/909 405961/405961
--         当前进度:  20 % - 插入内部点
Memory: 920/920 405962/405962
--         当前进度:  21 % - 插入内部点
Memory: 926/926 405922/405962
--         当前进度:  24 % - 提高单元质量
Memory: 933/933 405926/405962
--         当前进度:  25 % - 正在准备进行前沿网格划分
Memory: 934/934 405924/405962
--         当前进度:  26 % - 插入内部点
Memory: 937/937 405921/405962
--         当前进度:  27 % - 插入内部点
Memory: 938/938 405921/405962
--         当前进度:  28 % - 插入内部点
--         当前进度:  29 % - 插入内部点
---------  当前进度:  95 % - 提高单元质量
单元数：398775
---------  当前进度:  99 % - 正在定型网格
Memory: 1130/1130 405902/405962
最小单元质量：0.0488
---------- 当前进度: 100 % - 正在定型网格
Memory: 1153/1153 405914/405962
<---- 研究/解 1 (sol1) 中的“编译方程: 稳态” -----------------------------------------------
开始于 2026年5月16日 上午9:15:57。
几何形函数: 二次拉格朗日单元
在 Apple M1 Pro 上运行。
在以下位置使用 1 个插槽： 192.168.0.106 上（共 8 个内核）。
可用内存：32.77 GB。
           当前进度:   5 % - 编译方程: 稳态
Memory: 1215/1215 405953/405962
           当前进度:   5 % - 正在创建可视化网格
Memory: 1323/1323 405995/405995
时间：10。
物理内存: 1.41 GB
虚拟内存: 406.08 GB
结束时间：2026年5月16日 上午9:16:07。
----- 研究/解 1 (sol1) 中的“编译方程: 稳态” ---------------------------------------------->
<---- 研究/解 1 (sol1) 中的“因变量 1” --------------------------------------------------
开始于 2026年5月16日 上午9:16:07。
           当前进度:   5 % - 因变量 1
Memory: 1425/1425 406079/406079
求解时间：0 s。
物理内存: 1.43 GB
虚拟内存: 406.08 GB
结束时间：2026年5月16日 上午9:16:07。
----- 研究/解 1 (sol1) 中的“因变量 1” ------------------------------------------------->
<---- 研究/解 1 (sol1) 中的“稳态求解器 1” ------------------------------------------------
开始于 2026年5月16日 上午9:16:07。
Warning: 该系统不支持 PARDISO。请切换为 MUMPS。
线性求解器 
求解的自由度数：797914（加上 234606 个内部自由度）。
-          当前进度:  19 % - 稳态求解器 1
Memory: 1482/1482 406081/406081
--         当前进度:  22 % - 组装稀疏模式
Memory: 1705/1705 406243/406243
---        当前进度:  34 % - 组装矩阵
Memory: 1938/1938 406547/406547
找到对称矩阵。
缩放因变量：
温度 (comp_v2_cad_solid_preview.T): 2.9e+02
已使用正交零空间函数。
---        当前进度:  37 % - 组装延展
Memory: 2134/2134 406731/406731
-------    当前进度:  73 % - 创建多重网格层次结构
Memory: 2213/2213 406758/406758
Iter      SolEst     Damping    Stepsize #Res #Jac #Sol LinIt   LinErr   LinRes
-------    当前进度:  73 % - 求解线性方程组
Memory: 2219/2219 406768/406768
--------   当前进度:  82 % - 求解线性方程组
Memory: 2244/2244 406768/406768
--------   当前进度:  88 % - 求解线性方程组
Memory: 2250/2250 406768/406768
---------  当前进度:  94 % - 求解线性方程组
Memory: 2256/2256 406768/406768
---------  当前进度:  96 % - 求解线性方程组
Memory: 2262/2262 406896/406896
   1        0.19   1.0000000        0.19    1    1    1    12  0.00038  0.00053
---------- 当前进度: 100 % - 求解线性方程组
Memory: 2280/2280 406896/406896
---------- 当前进度: 100 % - 
Memory: 2351/2351 406927/406927
求解时间：5 s。
物理内存: 2.44 GB
虚拟内存: 407.03 GB
Warning: 该系统不支持 PARDISO。请切换为 MUMPS。
结束时间：2026年5月16日 上午9:16:12。
----- 研究/解 1 (sol1) 中的“稳态求解器 1” ----------------------------------------------->
类运行时: 66 s.
正在保存模型: /Users/luolin/Documents/New project/110kV_RIP_bushing_project/comsol/BRFGL1-126-1250-4_solid_only_heat_balance_RUN005_Model.mph
保存时间: 0 s.
总时间: 67 s.
---------- 当前进度: 100 % - 完成
Memory: 2367/2440 406902/407033
