*******************************************
***COMSOL 6.0.0.318 progress output file***
*******************************************
Sat May 16 09:15:06 CST 2026
COMSOL Multiphysics 6.0 (????: 318) ?????????
????: /Users/luolin/Documents/New project/110kV_RIP_bushing_project/comsol/run_solid_only_heat_balance.class
??????248
??????58710
-          ????:  18 % - ????????????
Memory: 840/840 405942/405942
-          ????:  19 % - ?????
Memory: 909/909 405961/405961
--         ????:  20 % - ?????
Memory: 920/920 405962/405962
--         ????:  21 % - ?????
Memory: 926/926 405922/405962
--         ????:  24 % - ??????
Memory: 933/933 405926/405962
--         ????:  25 % - ????????????
Memory: 934/934 405924/405962
--         ????:  26 % - ?????
Memory: 937/937 405921/405962
--         ????:  27 % - ?????
Memory: 938/938 405921/405962
--         ????:  28 % - ?????
--         ????:  29 % - ?????
---------  ????:  95 % - ??????
????398775
---------  ????:  99 % - ??????
Memory: 1130/1130 405902/405962
???????0.0488
---------- ????: 100 % - ??????
Memory: 1153/1153 405914/405962
<---- ??/? 1 (sol1) ???????: ??? -----------------------------------------------
??? 2026?5?16? ??9:15:57?
?????: ????????
? Apple M1 Pro ????
??????? 1 ???? 192.168.0.106 ??? 8 ?????
?????32.77 GB?
           ????:   5 % - ????: ??
Memory: 1215/1215 405953/405962
           ????:   5 % - ?????????
Memory: 1323/1323 405995/405995
???10?
????: 1.41 GB
????: 406.08 GB
?????2026?5?16? ??9:16:07?
----- ??/? 1 (sol1) ???????: ??? ---------------------------------------------->
<---- ??/? 1 (sol1) ?????? 1? --------------------------------------------------
??? 2026?5?16? ??9:16:07?
           ????:   5 % - ??? 1
Memory: 1425/1425 406079/406079
?????0 s?
????: 1.43 GB
????: 406.08 GB
?????2026?5?16? ??9:16:07?
----- ??/? 1 (sol1) ?????? 1? ------------------------------------------------->
<---- ??/? 1 (sol1) ???????? 1? ------------------------------------------------
??? 2026?5?16? ??9:16:07?
Warning: ?????? PARDISO????? MUMPS?
????? 
????????797914??? 234606 ????????
-          ????:  19 % - ????? 1
Memory: 1482/1482 406081/406081
--         ????:  22 % - ??????
Memory: 1705/1705 406243/406243
---        ????:  34 % - ????
Memory: 1938/1938 406547/406547
???????
??????
?? (comp_v2_cad_solid_preview.T): 2.9e+02
???????????
---        ????:  37 % - ????
Memory: 2134/2134 406731/406731
-------    ????:  73 % - ??????????
Memory: 2213/2213 406758/406758
Iter      SolEst     Damping    Stepsize #Res #Jac #Sol LinIt   LinErr   LinRes
-------    ????:  73 % - ???????
Memory: 2219/2219 406768/406768
--------   ????:  82 % - ???????
Memory: 2244/2244 406768/406768
--------   ????:  88 % - ???????
Memory: 2250/2250 406768/406768
---------  ????:  94 % - ???????
Memory: 2256/2256 406768/406768
---------  ????:  96 % - ???????
Memory: 2262/2262 406896/406896
   1        0.19   1.0000000        0.19    1    1    1    12  0.00038  0.00053
---------- ????: 100 % - ???????
Memory: 2280/2280 406896/406896
---------- ????: 100 % - 
Memory: 2351/2351 406927/406927
?????5 s?
????: 2.44 GB
????: 407.03 GB
Warning: ?????? PARDISO????? MUMPS?
?????2026?5?16? ??9:16:12?
----- ??/? 1 (sol1) ???????? 1? ----------------------------------------------->
????: 66 s.
??????: /Users/luolin/Documents/New project/110kV_RIP_bushing_project/comsol/BRFGL1-126-1250-4_solid_only_heat_balance_RUN005_Model.mph
????: 0 s.
???: 67 s.
---------- ????: 100 % - ??
Memory: 2367/2440 406902/407033
