*******************************************
***COMSOL 6.0.0.318 progress output file***
*******************************************
Sun May 17 19:59:10 CST 2026
COMSOL Multiphysics 6.0 (开发版本: 318) 在批处理模式下启动
正在运行: /Users/luolin/Documents/New project/110kV_RIP_bushing_project/comsol/run_full_electrothermal_dielectric_loss_run009_27case.class
顶点单元数：248
边界单元数：58710
-          当前进度:  18 % - 正在准备进行前沿网格划分
Memory: 765/765 405926/405926
-          当前进度:  19 % - 插入内部点
Memory: 822/822 405942/405942
--         当前进度:  20 % - 插入内部点
Memory: 828/828 405952/405952
--         当前进度:  21 % - 插入内部点
Memory: 835/835 405952/405952
--         当前进度:  22 % - 插入内部点
Memory: 838/838 405910/405952
--         当前进度:  25 % - 正在准备进行前沿网格划分
Memory: 839/839 405910/405952
--         当前进度:  26 % - 插入内部点
Memory: 845/845 405916/405952
--         当前进度:  27 % - 插入内部点
--         当前进度:  28 % - 插入内部点
Memory: 846/846 405914/405952
---        当前进度:  31 % - 提高单元质量
Memory: 847/847 405914/405952
---------  当前进度:  95 % - 提高单元质量
单元数：398775
---------  当前进度:  99 % - 正在定型网格
Memory: 1032/1032 405906/405952
最小单元质量：0.0488
---------- 当前进度: 100 % - 正在定型网格
Memory: 1045/1045 405905/405952
<---- 研究 2/解 1 (sol1) 中的“编译方程: 稳态” ---------------------------------------------
开始于 2026年5月17日 下午8:00:02。
几何形函数: 二次拉格朗日单元
在 Apple M1 Pro 上运行。
在以下位置使用 1 个插槽： 192.168.0.106 上（共 8 个内核）。
可用内存：32.77 GB。
           当前进度:   5 % - 编译方程: 稳态
Memory: 1186/1186 405952/405952
           当前进度:   5 % - 正在创建可视化网格
Memory: 1324/1324 406055/406055
时间：15。
物理内存: 1.4 GB
虚拟内存: 406.13 GB
结束时间：2026年5月17日 下午8:00:16。
----- 研究 2/解 1 (sol1) 中的“编译方程: 稳态” -------------------------------------------->
<---- 研究 2/解 1 (sol1) 中的“因变量 1” ------------------------------------------------
开始于 2026年5月17日 下午8:00:16。
           当前进度:   5 % - 因变量 1
Memory: 1440/1440 406131/406131
求解时间：0 s。
物理内存: 1.44 GB
虚拟内存: 406.13 GB
结束时间：2026年5月17日 下午8:00:17。
----- 研究 2/解 1 (sol1) 中的“因变量 1” ----------------------------------------------->
<---- 研究 2/解 1 (sol1) 中的“稳态求解器 1” ----------------------------------------------
开始于 2026年5月17日 下午8:00:17。
           当前进度:   9 % - 稳态求解器 1
Memory: 1673/1673 406341/406341
非线性求解器
求解的自由度数：1595837（加上 234606 个内部自由度）。
           当前进度:   9 % - 组装矩阵
Memory: 1743/1743 406380/406380
           当前进度:   9 % - 组装稀疏模式
Memory: 2056/2056 406658/406658
           当前进度:   9 % - 组装矩阵
Memory: 2750/2750 407285/407285
找到对称矩阵。
           当前进度:   9 % - 
Memory: 2966/2966 407500/407500
缩放因变量：
温度 (comp_v3_solid_solver.T): 2.9e+02
电势 (comp_v3_solid_solver.V): 9e+08
悬浮电位 (comp_v3_solid_solver.es.fp_s01.V0_ode): 1.8e+03
悬浮电位 (comp_v3_solid_solver.es.fp_s02.V0_ode): 1.8e+03
悬浮电位 (comp_v3_solid_solver.es.fp_s03.V0_ode): 1.8e+03
悬浮电位 (comp_v3_solid_solver.es.fp_s04.V0_ode): 1.8e+03
悬浮电位 (comp_v3_solid_solver.es.fp_s05.V0_ode): 1.8e+03
悬浮电位 (comp_v3_solid_solver.es.fp_s06.V0_ode): 1.8e+03
悬浮电位 (comp_v3_solid_solver.es.fp_s07.V0_ode): 1.8e+03
悬浮电位 (comp_v3_solid_solver.es.fp_s08.V0_ode): 1.8e+03
悬浮电位 (comp_v3_solid_solver.es.fp_s09.V0_ode): 1.8e+03
使用了稀疏零空间函数。
           当前进度:   9 % - 约束处理
Memory: 3290/3290 407824/407824
           当前进度:   9 % - 矩阵分解
Memory: 3365/3373 407891/407904
Iter      SolEst      ResEst     Damping    Stepsize #Res #Jac #Sol   LinErr   LinRes
           当前进度:   9 % - 求解线性方程组
Memory: 3948/3988 408609/408698
   1          94     6.5e+04   0.0100000          95    2    1    2  1.5e-10    2e-13
-          当前进度:  18 % - 求解线性方程组
Memory: 3988/3992 408646/408698
-          当前进度:  18 % - 组装矩阵
Memory: 3955/3992 408605/408698
-          当前进度:  18 % - 求解线性方程组
Memory: 3986/3992 408644/408698
   2         7.8     5.9e+04   0.1000000         8.6    3    1    4  1.5e-10    2e-13
--         当前进度:  28 % - 求解线性方程组
Memory: 3972/3992 408644/408698
   3      0.0042          15   1.0000000        0.85    4    1    6  1.5e-10  8.3e-11
---------  当前进度:  96 % - 求解线性方程组
Memory: 3987/3992 408644/408698
   4     5.6e-13     8.5e-07   1.0000000      0.0042    6    1    8  1.6e-10  5.3e-12
---------- 当前进度: 100 % - 
Memory: 3971/3992 408637/408698
求解时间：31 s。
物理内存: 4.06 GB
虚拟内存: 408.75 GB
结束时间：2026年5月17日 下午8:00:48。
----- 研究 2/解 1 (sol1) 中的“稳态求解器 1” --------------------------------------------->
<---- 研究 2/解 1 (sol1) 中的“编译方程: 稳态” ---------------------------------------------
开始于 2026年5月17日 下午8:00:50。
几何形函数: 二次拉格朗日单元
在 Apple M1 Pro 上运行。
在以下位置使用 1 个插槽： 192.168.0.106 上（共 8 个内核）。
可用内存：32.77 GB。
           当前进度:   5 % - 编译方程: 稳态
Memory: 3243/4063 407695/408750
           当前进度:   5 % - 正在创建可视化网格
Memory: 3265/4063 407695/408750
时间：3。
物理内存: 3.27 GB
虚拟内存: 407.7 GB
结束时间：2026年5月17日 下午8:00:53。
----- 研究 2/解 1 (sol1) 中的“编译方程: 稳态” -------------------------------------------->
<---- 研究 2/解 1 (sol1) 中的“因变量 1” ------------------------------------------------
开始于 2026年5月17日 下午8:00:53。
           当前进度:   5 % - 因变量 1
Memory: 3270/4063 407697/408750
求解时间：0 s。
物理内存: 3.27 GB
虚拟内存: 407.7 GB
结束时间：2026年5月17日 下午8:00:54。
----- 研究 2/解 1 (sol1) 中的“因变量 1” ----------------------------------------------->
<---- 研究 2/解 1 (sol1) 中的“稳态求解器 1” ----------------------------------------------
开始于 2026年5月17日 下午8:00:54。
           当前进度:   9 % - 稳态求解器 1
Memory: 3270/4063 407692/408750
非线性求解器
求解的自由度数：1595837（加上 234606 个内部自由度）。
           当前进度:   9 % - 组装矩阵
           当前进度:   9 % - 组装稀疏模式
Memory: 3298/4063 407692/408750
           当前进度:   9 % - 组装矩阵
Memory: 3675/4063 408013/408750
找到对称矩阵。
缩放因变量：
温度 (comp_v3_solid_solver.T): 2.9e+02
电势 (comp_v3_solid_solver.V): 9e+08
悬浮电位 (comp_v3_solid_solver.es.fp_s01.V0_ode): 1.8e+03
悬浮电位 (comp_v3_solid_solver.es.fp_s02.V0_ode): 1.8e+03
悬浮电位 (comp_v3_solid_solver.es.fp_s03.V0_ode): 1.8e+03
悬浮电位 (comp_v3_solid_solver.es.fp_s04.V0_ode): 1.8e+03
悬浮电位 (comp_v3_solid_solver.es.fp_s05.V0_ode): 1.8e+03
悬浮电位 (comp_v3_solid_solver.es.fp_s06.V0_ode): 1.8e+03
悬浮电位 (comp_v3_solid_solver.es.fp_s07.V0_ode): 1.8e+03
悬浮电位 (comp_v3_solid_solver.es.fp_s08.V0_ode): 1.8e+03
悬浮电位 (comp_v3_solid_solver.es.fp_s09.V0_ode): 1.8e+03
使用了稀疏零空间函数。
           当前进度:   9 % - 约束处理
Memory: 3792/4063 408125/408750
           当前进度:   9 % - 矩阵分解
Memory: 3765/4094 408097/408750
Iter      SolEst      ResEst     Damping    Stepsize #Res #Jac #Sol   LinErr   LinRes
           当前进度:   9 % - 求解线性方程组
Memory: 4204/4244 408731/408787
   1          94     6.5e+04   0.0100000          95    2    1    2  1.4e-10  2.1e-13
-          当前进度:  18 % - 求解线性方程组
Memory: 4200/4244 408731/408787
-          当前进度:  18 % - 组装矩阵
Memory: 4168/4244 408692/408787
-          当前进度:  18 % - 求解线性方程组
Memory: 4200/4244 408731/408787
   2         7.8     5.9e+04   0.1000000         8.6    3    1    4  1.4e-10  2.1e-13
--         当前进度:  28 % - 求解线性方程组
Memory: 4186/4244 408731/408787
   3      0.0042          15   1.0000000        0.85    4    1    6  1.5e-10  8.3e-11
---------  当前进度:  96 % - 求解线性方程组
Memory: 4200/4244 408731/408787
---------  当前进度:  96 % - 组装矩阵
Memory: 4169/4244 408692/408787
   4     5.6e-13     8.5e-07   1.0000000      0.0042    6    1    8  1.6e-10  5.4e-12
---------- 当前进度: 100 % - 
Memory: 4185/4244 408724/408787
求解时间：30 s。
物理内存: 4.28 GB
虚拟内存: 408.84 GB
结束时间：2026年5月17日 下午8:01:24。
----- 研究 2/解 1 (sol1) 中的“稳态求解器 1” --------------------------------------------->
<---- 研究 2/解 1 (sol1) 中的“编译方程: 稳态” ---------------------------------------------
开始于 2026年5月17日 下午8:01:26。
几何形函数: 二次拉格朗日单元
在 Apple M1 Pro 上运行。
在以下位置使用 1 个插槽： 192.168.0.106 上（共 8 个内核）。
可用内存：32.77 GB。
           当前进度:   5 % - 编译方程: 稳态
Memory: 3315/4275 407610/408839
           当前进度:   5 % - 正在创建可视化网格
Memory: 3322/4275 407610/408839
时间：3。
物理内存: 3.32 GB
虚拟内存: 407.61 GB
结束时间：2026年5月17日 下午8:01:29。
----- 研究 2/解 1 (sol1) 中的“编译方程: 稳态” -------------------------------------------->
<---- 研究 2/解 1 (sol1) 中的“因变量 1” ------------------------------------------------
开始于 2026年5月17日 下午8:01:29。
           当前进度:   5 % - 因变量 1
Memory: 3322/4275 407604/408839
求解时间：0 s。
物理内存: 3.32 GB
虚拟内存: 407.61 GB
结束时间：2026年5月17日 下午8:01:29。
----- 研究 2/解 1 (sol1) 中的“因变量 1” ----------------------------------------------->
<---- 研究 2/解 1 (sol1) 中的“稳态求解器 1” ----------------------------------------------
开始于 2026年5月17日 下午8:01:30。
           当前进度:   9 % - 稳态求解器 1
Memory: 3277/4275 407559/408839
非线性求解器
求解的自由度数：1595837（加上 234606 个内部自由度）。
           当前进度:   9 % - 组装矩阵
           当前进度:   9 % - 组装稀疏模式
           当前进度:   9 % - 组装矩阵
Memory: 3712/4275 407967/408839
找到对称矩阵。
           当前进度:   9 % - 
Memory: 3928/4275 408183/408839
缩放因变量：
温度 (comp_v3_solid_solver.T): 2.9e+02
电势 (comp_v3_solid_solver.V): 9e+08
悬浮电位 (comp_v3_solid_solver.es.fp_s01.V0_ode): 1.8e+03
悬浮电位 (comp_v3_solid_solver.es.fp_s02.V0_ode): 1.8e+03
悬浮电位 (comp_v3_solid_solver.es.fp_s03.V0_ode): 1.8e+03
悬浮电位 (comp_v3_solid_solver.es.fp_s04.V0_ode): 1.8e+03
悬浮电位 (comp_v3_solid_solver.es.fp_s05.V0_ode): 1.8e+03
悬浮电位 (comp_v3_solid_solver.es.fp_s06.V0_ode): 1.8e+03
悬浮电位 (comp_v3_solid_solver.es.fp_s07.V0_ode): 1.8e+03
悬浮电位 (comp_v3_solid_solver.es.fp_s08.V0_ode): 1.8e+03
悬浮电位 (comp_v3_solid_solver.es.fp_s09.V0_ode): 1.8e+03
使用了稀疏零空间函数。
           当前进度:   9 % - 约束处理
Memory: 4221/4275 408478/408839
           当前进度:   9 % - 矩阵分解
Memory: 3931/4275 408185/408839
Iter      SolEst      ResEst     Damping    Stepsize #Res #Jac #Sol   LinErr   LinRes
           当前进度:   9 % - 求解线性方程组
Memory: 4438/4484 408888/408949
   1          94     6.5e+04   0.0100000          95    2    1    2  1.5e-10  2.2e-13
-          当前进度:  18 % - 求解线性方程组
Memory: 4435/4484 408888/408949
   2         7.8     5.9e+04   0.1000000         8.6    3    1    4  1.5e-10  2.2e-13
--         当前进度:  28 % - 求解线性方程组
Memory: 4434/4484 408887/408949
   3      0.0042          15   1.0000000        0.85    4    1    6  1.5e-10  8.4e-11
---------  当前进度:  96 % - 求解线性方程组
---------  当前进度:  96 % - 组装矩阵
Memory: 4402/4484 408848/408949
---------  当前进度:  96 % - 求解线性方程组
Memory: 4434/4484 408887/408949
---------  当前进度:  96 % - 约束处理
Memory: 4402/4484 408848/408949
   4     5.7e-13     8.4e-07   1.0000000      0.0042    6    1    8  1.5e-10  5.5e-12
---------- 当前进度: 100 % - 
Memory: 4425/4484 408880/408949
求解时间：30 s。
物理内存: 4.52 GB
虚拟内存: 408.99 GB
结束时间：2026年5月17日 下午8:02:00。
----- 研究 2/解 1 (sol1) 中的“稳态求解器 1” --------------------------------------------->
<---- 研究 2/解 1 (sol1) 中的“编译方程: 稳态” ---------------------------------------------
开始于 2026年5月17日 下午8:02:01。
几何形函数: 二次拉格朗日单元
在 Apple M1 Pro 上运行。
在以下位置使用 1 个插槽： 192.168.0.106 上（共 8 个内核）。
可用内存：32.77 GB。
           当前进度:   5 % - 编译方程: 稳态
Memory: 3420/4517 407668/408988
           当前进度:   5 % - 正在创建可视化网格
Memory: 3427/4517 407665/408988
时间：3。
物理内存: 3.43 GB
虚拟内存: 407.67 GB
结束时间：2026年5月17日 下午8:02:04。
----- 研究 2/解 1 (sol1) 中的“编译方程: 稳态” -------------------------------------------->
<---- 研究 2/解 1 (sol1) 中的“因变量 1” ------------------------------------------------
开始于 2026年5月17日 下午8:02:04。
           当前进度:   5 % - 因变量 1
Memory: 3428/4517 407663/408988
求解时间：0 s。
物理内存: 3.43 GB
虚拟内存: 407.66 GB
结束时间：2026年5月17日 下午8:02:05。
----- 研究 2/解 1 (sol1) 中的“因变量 1” ----------------------------------------------->
<---- 研究 2/解 1 (sol1) 中的“稳态求解器 1” ----------------------------------------------
开始于 2026年5月17日 下午8:02:05。
           当前进度:   9 % - 稳态求解器 1
Memory: 3395/4517 407630/408988
非线性求解器
求解的自由度数：1595837（加上 234606 个内部自由度）。
           当前进度:   9 % - 组装矩阵
Memory: 3395/4517 407627/408988
           当前进度:   9 % - 组装稀疏模式
Memory: 3449/4517 407682/408988
           当前进度:   9 % - 组装矩阵
Memory: 4030/4517 408255/408988
找到对称矩阵。
缩放因变量：
温度 (comp_v3_solid_solver.T): 2.9e+02
电势 (comp_v3_solid_solver.V): 9e+08
悬浮电位 (comp_v3_solid_solver.es.fp_s01.V0_ode): 1.8e+03
悬浮电位 (comp_v3_solid_solver.es.fp_s02.V0_ode): 1.8e+03
悬浮电位 (comp_v3_solid_solver.es.fp_s03.V0_ode): 1.8e+03
悬浮电位 (comp_v3_solid_solver.es.fp_s04.V0_ode): 1.8e+03
悬浮电位 (comp_v3_solid_solver.es.fp_s05.V0_ode): 1.8e+03
悬浮电位 (comp_v3_solid_solver.es.fp_s06.V0_ode): 1.8e+03
悬浮电位 (comp_v3_solid_solver.es.fp_s07.V0_ode): 1.8e+03
悬浮电位 (comp_v3_solid_solver.es.fp_s08.V0_ode): 1.8e+03
悬浮电位 (comp_v3_solid_solver.es.fp_s09.V0_ode): 1.8e+03
使用了稀疏零空间函数。
           当前进度:   9 % - 约束处理
Memory: 4115/4517 408339/408988
           当前进度:   9 % - 矩阵分解
Memory: 4118/4517 408343/408988
Iter      SolEst      ResEst     Damping    Stepsize #Res #Jac #Sol   LinErr   LinRes
           当前进度:   9 % - 求解线性方程组
Memory: 4584/4585 408992/409042
   1          94     6.6e+04   0.0100000          95    2    1    2  1.5e-10    2e-13
-          当前进度:  18 % - 求解线性方程组
Memory: 4581/4585 408991/409042
   2         7.8       6e+04   0.1000000         8.6    3    1    4  1.5e-10    2e-13
--         当前进度:  28 % - 求解线性方程组
Memory: 4580/4585 408990/409042
--         当前进度:  28 % - 组装矩阵
Memory: 4548/4585 408951/409042
--         当前进度:  28 % - 求解线性方程组
Memory: 4580/4585 408990/409042
   3      0.0041          13   1.0000000        0.85    4    1    6  1.5e-10  8.3e-11
---------  当前进度:  96 % - 求解线性方程组
   4     5.5e-13     7.3e-07   1.0000000      0.0041    6    1    8  1.6e-10  5.3e-12
---------- 当前进度: 100 % - 
Memory: 4565/4585 408983/409042
求解时间：31 s。
物理内存: 4.66 GB
虚拟内存: 409.1 GB
结束时间：2026年5月17日 下午8:02:36。
----- 研究 2/解 1 (sol1) 中的“稳态求解器 1” --------------------------------------------->
<---- 研究 2/解 1 (sol1) 中的“编译方程: 稳态” ---------------------------------------------
开始于 2026年5月17日 下午8:02:37。
几何形函数: 二次拉格朗日单元
在 Apple M1 Pro 上运行。
在以下位置使用 1 个插槽： 192.168.0.106 上（共 8 个内核）。
可用内存：32.77 GB。
           当前进度:   5 % - 编译方程: 稳态
Memory: 3559/4658 407761/409102
           当前进度:   5 % - 正在创建可视化网格
时间：3。
物理内存: 3.56 GB
虚拟内存: 407.76 GB
结束时间：2026年5月17日 下午8:02:41。
----- 研究 2/解 1 (sol1) 中的“编译方程: 稳态” -------------------------------------------->
<---- 研究 2/解 1 (sol1) 中的“因变量 1” ------------------------------------------------
开始于 2026年5月17日 下午8:02:41。
           当前进度:   5 % - 因变量 1
Memory: 3559/4658 407757/409102
求解时间：0 s。
物理内存: 3.56 GB
虚拟内存: 407.76 GB
结束时间：2026年5月17日 下午8:02:41。
----- 研究 2/解 1 (sol1) 中的“因变量 1” ----------------------------------------------->
<---- 研究 2/解 1 (sol1) 中的“稳态求解器 1” ----------------------------------------------
开始于 2026年5月17日 下午8:02:41。
           当前进度:   9 % - 稳态求解器 1
Memory: 3520/4658 407716/409102
非线性求解器
求解的自由度数：1595837（加上 234606 个内部自由度）。
           当前进度:   9 % - 组装矩阵
           当前进度:   9 % - 组装稀疏模式
Memory: 3557/4658 407753/409102
           当前进度:   9 % - 组装矩阵
Memory: 3989/4658 408170/409102
找到对称矩阵。
缩放因变量：
温度 (comp_v3_solid_solver.T): 2.9e+02
电势 (comp_v3_solid_solver.V): 9e+08
悬浮电位 (comp_v3_solid_solver.es.fp_s01.V0_ode): 1.8e+03
悬浮电位 (comp_v3_solid_solver.es.fp_s02.V0_ode): 1.8e+03
悬浮电位 (comp_v3_solid_solver.es.fp_s03.V0_ode): 1.8e+03
悬浮电位 (comp_v3_solid_solver.es.fp_s04.V0_ode): 1.8e+03
悬浮电位 (comp_v3_solid_solver.es.fp_s05.V0_ode): 1.8e+03
悬浮电位 (comp_v3_solid_solver.es.fp_s06.V0_ode): 1.8e+03
悬浮电位 (comp_v3_solid_solver.es.fp_s07.V0_ode): 1.8e+03
悬浮电位 (comp_v3_solid_solver.es.fp_s08.V0_ode): 1.8e+03
悬浮电位 (comp_v3_solid_solver.es.fp_s09.V0_ode): 1.8e+03
           当前进度:   9 % - 
Memory: 4205/4658 408386/409102
使用了稀疏零空间函数。
           当前进度:   9 % - 约束处理
Memory: 4517/4658 408700/409102
           当前进度:   9 % - 矩阵分解
Memory: 4206/4658 408387/409102
Iter      SolEst      ResEst     Damping    Stepsize #Res #Jac #Sol   LinErr   LinRes
           当前进度:   9 % - 求解线性方程组
Memory: 4657/4724 409034/409102
   1          94     6.6e+04   0.0100000          95    2    1    2  1.5e-10  2.1e-13
-          当前进度:  18 % - 求解线性方程组
Memory: 4621/4724 408994/409102
   2         7.8     5.9e+04   0.1000000         8.6    3    1    4  1.4e-10    2e-13
--         当前进度:  28 % - 求解线性方程组
Memory: 4653/4724 409034/409102
--         当前进度:  28 % - 组装矩阵
Memory: 4621/4724 408994/409102
--         当前进度:  28 % - 求解线性方程组
Memory: 4653/4724 409034/409102
   3      0.0041          12   1.0000000        0.85    4    1    6  1.5e-10  8.3e-11
---------  当前进度:  96 % - 求解线性方程组
   4     5.4e-13     7.2e-07   1.0000000      0.0041    6    1    8  1.6e-10  5.3e-12
---------- 当前进度: 100 % - 
Memory: 4638/4724 409027/409102
求解时间：30 s。
物理内存: 4.73 GB
虚拟内存: 409.15 GB
结束时间：2026年5月17日 下午8:03:11。
----- 研究 2/解 1 (sol1) 中的“稳态求解器 1” --------------------------------------------->
<---- 研究 2/解 1 (sol1) 中的“编译方程: 稳态” ---------------------------------------------
开始于 2026年5月17日 下午8:03:12。
几何形函数: 二次拉格朗日单元
在 Apple M1 Pro 上运行。
在以下位置使用 1 个插槽： 192.168.0.106 上（共 8 个内核）。
可用内存：32.77 GB。
           当前进度:   5 % - 编译方程: 稳态
Memory: 3638/4733 407816/409147
           当前进度:   5 % - 正在创建可视化网格
Memory: 3706/4733 407818/409147
时间：3。
物理内存: 3.71 GB
虚拟内存: 407.82 GB
结束时间：2026年5月17日 下午8:03:16。
----- 研究 2/解 1 (sol1) 中的“编译方程: 稳态” -------------------------------------------->
<---- 研究 2/解 1 (sol1) 中的“因变量 1” ------------------------------------------------
开始于 2026年5月17日 下午8:03:16。
           当前进度:   5 % - 因变量 1
Memory: 3706/4733 407814/409147
求解时间：0 s。
物理内存: 3.71 GB
虚拟内存: 407.81 GB
结束时间：2026年5月17日 下午8:03:16。
----- 研究 2/解 1 (sol1) 中的“因变量 1” ----------------------------------------------->
<---- 研究 2/解 1 (sol1) 中的“稳态求解器 1” ----------------------------------------------
开始于 2026年5月17日 下午8:03:16。
           当前进度:   9 % - 稳态求解器 1
Memory: 3655/4733 407763/409147
非线性求解器
求解的自由度数：1595837（加上 234606 个内部自由度）。
           当前进度:   9 % - 组装矩阵
           当前进度:   9 % - 组装稀疏模式
Memory: 3781/4733 407889/409147
           当前进度:   9 % - 组装矩阵
Memory: 4210/4733 408317/409147
找到对称矩阵。
缩放因变量：
温度 (comp_v3_solid_solver.T): 2.9e+02
电势 (comp_v3_solid_solver.V): 9e+08
悬浮电位 (comp_v3_solid_solver.es.fp_s01.V0_ode): 1.8e+03
悬浮电位 (comp_v3_solid_solver.es.fp_s02.V0_ode): 1.8e+03
悬浮电位 (comp_v3_solid_solver.es.fp_s03.V0_ode): 1.8e+03
悬浮电位 (comp_v3_solid_solver.es.fp_s04.V0_ode): 1.8e+03
悬浮电位 (comp_v3_solid_solver.es.fp_s05.V0_ode): 1.8e+03
悬浮电位 (comp_v3_solid_solver.es.fp_s06.V0_ode): 1.8e+03
悬浮电位 (comp_v3_solid_solver.es.fp_s07.V0_ode): 1.8e+03
悬浮电位 (comp_v3_solid_solver.es.fp_s08.V0_ode): 1.8e+03
悬浮电位 (comp_v3_solid_solver.es.fp_s09.V0_ode): 1.8e+03
           当前进度:   9 % - 约束处理
Memory: 4425/4733 408533/409147
使用了稀疏零空间函数。
           当前进度:   9 % - 矩阵分解
Memory: 4426/4750 408533/409147
Iter      SolEst      ResEst     Damping    Stepsize #Res #Jac #Sol   LinErr   LinRes
           当前进度:   9 % - 求解线性方程组
Memory: 4888/4934 409204/409259
           当前进度:   9 % - 组装矩阵
Memory: 4869/4934 409165/409259
           当前进度:   9 % - 求解线性方程组
Memory: 4901/4934 409204/409259
   1          94     6.5e+04   0.0100000          95    2    1    2  1.5e-10  2.2e-13
-          当前进度:  18 % - 求解线性方程组
Memory: 4869/4934 409165/409259
   2         7.8     5.9e+04   0.1000000         8.6    3    1    4  1.5e-10  2.2e-13
--         当前进度:  28 % - 求解线性方程组
Memory: 4901/4934 409204/409259
   3      0.0041          12   1.0000000        0.85    4    1    6  1.5e-10  8.4e-11
---------  当前进度:  96 % - 求解线性方程组
Memory: 4901/4934 409205/409259
   4     5.5e-13     7.2e-07   1.0000000      0.0041    6    1    8  1.6e-10  5.4e-12
---------- 当前进度: 100 % - 组装矩阵
Memory: 4869/4934 409165/409259
---------- 当前进度: 100 % - 
Memory: 4886/4934 409197/409259
求解时间：31 s。
物理内存: 4.98 GB
虚拟内存: 409.31 GB
结束时间：2026年5月17日 下午8:03:47。
----- 研究 2/解 1 (sol1) 中的“稳态求解器 1” --------------------------------------------->
<---- 研究 2/解 1 (sol1) 中的“编译方程: 稳态” ---------------------------------------------
开始于 2026年5月17日 下午8:03:49。
几何形函数: 二次拉格朗日单元
在 Apple M1 Pro 上运行。
在以下位置使用 1 个插槽： 192.168.0.106 上（共 8 个内核）。
可用内存：32.77 GB。
           当前进度:   5 % - 编译方程: 稳态
Memory: 3811/4981 407914/409311
           当前进度:   5 % - 正在创建可视化网格
Memory: 3811/4981 407912/409311
时间：3。
物理内存: 3.81 GB
虚拟内存: 407.91 GB
结束时间：2026年5月17日 下午8:03:52。
----- 研究 2/解 1 (sol1) 中的“编译方程: 稳态” -------------------------------------------->
<---- 研究 2/解 1 (sol1) 中的“因变量 1” ------------------------------------------------
开始于 2026年5月17日 下午8:03:52。
           当前进度:   5 % - 因变量 1
Memory: 3811/4981 407910/409311
求解时间：0 s。
物理内存: 3.81 GB
虚拟内存: 407.91 GB
结束时间：2026年5月17日 下午8:03:52。
----- 研究 2/解 1 (sol1) 中的“因变量 1” ----------------------------------------------->
<---- 研究 2/解 1 (sol1) 中的“稳态求解器 1” ----------------------------------------------
开始于 2026年5月17日 下午8:03:52。
           当前进度:   9 % - 稳态求解器 1
Memory: 3811/4981 407914/409311
非线性求解器
求解的自由度数：1595837（加上 234606 个内部自由度）。
           当前进度:   9 % - 组装矩阵
           当前进度:   9 % - 组装稀疏模式
Memory: 3884/4981 407986/409311
           当前进度:   9 % - 组装矩阵
Memory: 4301/4981 408369/409311
找到对称矩阵。
缩放因变量：
温度 (comp_v3_solid_solver.T): 2.9e+02
电势 (comp_v3_solid_solver.V): 9e+08
悬浮电位 (comp_v3_solid_solver.es.fp_s01.V0_ode): 1.8e+03
悬浮电位 (comp_v3_solid_solver.es.fp_s02.V0_ode): 1.8e+03
悬浮电位 (comp_v3_solid_solver.es.fp_s03.V0_ode): 1.8e+03
悬浮电位 (comp_v3_solid_solver.es.fp_s04.V0_ode): 1.8e+03
悬浮电位 (comp_v3_solid_solver.es.fp_s05.V0_ode): 1.8e+03
悬浮电位 (comp_v3_solid_solver.es.fp_s06.V0_ode): 1.8e+03
悬浮电位 (comp_v3_solid_solver.es.fp_s07.V0_ode): 1.8e+03
悬浮电位 (comp_v3_solid_solver.es.fp_s08.V0_ode): 1.8e+03
悬浮电位 (comp_v3_solid_solver.es.fp_s09.V0_ode): 1.8e+03
使用了稀疏零空间函数。
           当前进度:   9 % - 约束处理
Memory: 4569/4981 408638/409311
           当前进度:   9 % - 矩阵分解
Memory: 4526/4981 408595/409311
Iter      SolEst      ResEst     Damping    Stepsize #Res #Jac #Sol   LinErr   LinRes
           当前进度:   9 % - 求解线性方程组
Memory: 5048/5049 409427/409482
   1          94     6.6e+04   0.0100000          95    2    1    2  1.5e-10  1.9e-13
-          当前进度:  18 % - 求解线性方程组
Memory: 5052/5052 409426/409482
-          当前进度:  18 % - 组装矩阵
Memory: 5020/5052 409387/409482
-          当前进度:  18 % - 求解线性方程组
Memory: 5052/5052 409426/409482
   2         7.8       6e+04   0.1000000         8.6    3    1    4  1.5e-10  1.9e-13
--         当前进度:  28 % - 求解线性方程组
Memory: 5032/5052 409412/409482
   3      0.0041          11   1.0000000        0.85    4    1    6  1.5e-10  8.3e-11
---------  当前进度:  96 % - 求解线性方程组
Memory: 5052/5052 409427/409482
---------  当前进度:  96 % - 组装矩阵
Memory: 5020/5052 409387/409482
---------  当前进度:  96 % - 求解线性方程组
Memory: 5052/5052 409427/409482
---------  当前进度:  96 % - 组装矩阵
Memory: 5024/5052 409387/409482
   4     5.4e-13     6.4e-07   1.0000000       0.004    6    1    8  1.6e-10  5.3e-12
---------- 当前进度: 100 % - 
Memory: 5044/5052 409419/409482
求解时间：30 s。
物理内存: 5.15 GB
虚拟内存: 409.54 GB
结束时间：2026年5月17日 下午8:04:22。
----- 研究 2/解 1 (sol1) 中的“稳态求解器 1” --------------------------------------------->
<---- 研究 2/解 1 (sol1) 中的“编译方程: 稳态” ---------------------------------------------
开始于 2026年5月17日 下午8:04:24。
几何形函数: 二次拉格朗日单元
在 Apple M1 Pro 上运行。
在以下位置使用 1 个插槽： 192.168.0.106 上（共 8 个内核）。
可用内存：32.77 GB。
           当前进度:   5 % - 编译方程: 稳态
Memory: 3795/5145 407951/409541
           当前进度:   5 % - 正在创建可视化网格
时间：3。
物理内存: 3.8 GB
虚拟内存: 407.95 GB
结束时间：2026年5月17日 下午8:04:27。
----- 研究 2/解 1 (sol1) 中的“编译方程: 稳态” -------------------------------------------->
<---- 研究 2/解 1 (sol1) 中的“因变量 1” ------------------------------------------------
开始于 2026年5月17日 下午8:04:27。
           当前进度:   5 % - 因变量 1
Memory: 3795/5145 407949/409541
求解时间：0 s。
物理内存: 3.8 GB
虚拟内存: 407.95 GB
结束时间：2026年5月17日 下午8:04:27。
----- 研究 2/解 1 (sol1) 中的“因变量 1” ----------------------------------------------->
<---- 研究 2/解 1 (sol1) 中的“稳态求解器 1” ----------------------------------------------
开始于 2026年5月17日 下午8:04:27。
           当前进度:   9 % - 稳态求解器 1
非线性求解器
求解的自由度数：1595837（加上 234606 个内部自由度）。
           当前进度:   9 % - 组装矩阵
           当前进度:   9 % - 组装稀疏模式
Memory: 3944/5145 408093/409541
           当前进度:   9 % - 组装矩阵
Memory: 4472/5145 408800/409541
找到对称矩阵。
缩放因变量：
温度 (comp_v3_solid_solver.T): 2.9e+02
电势 (comp_v3_solid_solver.V): 9e+08
悬浮电位 (comp_v3_solid_solver.es.fp_s01.V0_ode): 1.8e+03
悬浮电位 (comp_v3_solid_solver.es.fp_s02.V0_ode): 1.8e+03
悬浮电位 (comp_v3_solid_solver.es.fp_s03.V0_ode): 1.8e+03
悬浮电位 (comp_v3_solid_solver.es.fp_s04.V0_ode): 1.8e+03
悬浮电位 (comp_v3_solid_solver.es.fp_s05.V0_ode): 1.8e+03
悬浮电位 (comp_v3_solid_solver.es.fp_s06.V0_ode): 1.8e+03
悬浮电位 (comp_v3_solid_solver.es.fp_s07.V0_ode): 1.8e+03
悬浮电位 (comp_v3_solid_solver.es.fp_s08.V0_ode): 1.8e+03
悬浮电位 (comp_v3_solid_solver.es.fp_s09.V0_ode): 1.8e+03
使用了稀疏零空间函数。
           当前进度:   9 % - 约束处理
Memory: 4725/5145 409049/409541
           当前进度:   9 % - 矩阵分解
Memory: 4731/5145 409025/409541
Iter      SolEst      ResEst     Damping    Stepsize #Res #Jac #Sol   LinErr   LinRes
           当前进度:   9 % - 求解线性方程组
Memory: 5206/5242 409657/409723
           当前进度:   9 % - 组装矩阵
Memory: 5191/5242 409631/409723
           当前进度:   9 % - 求解线性方程组
Memory: 5223/5242 409670/409723
   1          94     6.6e+04   0.0100000          95    2    1    2  1.5e-10    2e-13
-          当前进度:  18 % - 求解线性方程组
Memory: 5204/5242 409670/409723
   2         7.8       6e+04   0.1000000         8.6    3    1    4  1.5e-10    2e-13
--         当前进度:  28 % - 求解线性方程组
Memory: 5223/5242 409670/409723
--         当前进度:  28 % - 组装矩阵
Memory: 5191/5242 409631/409723
--         当前进度:  28 % - 求解线性方程组
Memory: 5223/5242 409670/409723
   3      0.0041          11   1.0000000        0.85    4    1    6  1.6e-10  8.3e-11
---------  当前进度:  96 % - 求解线性方程组
Memory: 5207/5242 409670/409723
   4     5.4e-13     6.3e-07   1.0000000       0.004    6    1    8  1.5e-10  5.3e-12
---------- 当前进度: 100 % - 
Memory: 5192/5242 409631/409723
求解时间：30 s。
物理内存: 5.31 GB
虚拟内存: 409.77 GB
结束时间：2026年5月17日 下午8:04:57。
----- 研究 2/解 1 (sol1) 中的“稳态求解器 1” --------------------------------------------->
<---- 研究 2/解 1 (sol1) 中的“编译方程: 稳态” ---------------------------------------------
开始于 2026年5月17日 下午8:04:59。
几何形函数: 二次拉格朗日单元
在 Apple M1 Pro 上运行。
在以下位置使用 1 个插槽： 192.168.0.106 上（共 8 个内核）。
可用内存：32.77 GB。
           当前进度:   5 % - 编译方程: 稳态
Memory: 3990/5305 408198/409772
           当前进度:   5 % - 正在创建可视化网格
Memory: 3998/5305 408198/409772
时间：3。
物理内存: 4 GB
虚拟内存: 408.2 GB
结束时间：2026年5月17日 下午8:05:02。
----- 研究 2/解 1 (sol1) 中的“编译方程: 稳态” -------------------------------------------->
<---- 研究 2/解 1 (sol1) 中的“因变量 1” ------------------------------------------------
开始于 2026年5月17日 下午8:05:02。
           当前进度:   5 % - 因变量 1
Memory: 3998/5305 408196/409772
求解时间：0 s。
物理内存: 4 GB
虚拟内存: 408.2 GB
结束时间：2026年5月17日 下午8:05:02。
----- 研究 2/解 1 (sol1) 中的“因变量 1” ----------------------------------------------->
<---- 研究 2/解 1 (sol1) 中的“稳态求解器 1” ----------------------------------------------
开始于 2026年5月17日 下午8:05:02。
           当前进度:   9 % - 稳态求解器 1
Memory: 3789/5305 407971/409772
非线性求解器
求解的自由度数：1595837（加上 234606 个内部自由度）。
           当前进度:   9 % - 组装矩阵
Memory: 3797/5305 407971/409772
           当前进度:   9 % - 组装稀疏模式
Memory: 3968/5305 408134/409772
           当前进度:   9 % - 组装矩阵
Memory: 4405/5305 408507/409772
找到对称矩阵。
缩放因变量：
温度 (comp_v3_solid_solver.T): 2.9e+02
电势 (comp_v3_solid_solver.V): 9e+08
悬浮电位 (comp_v3_solid_solver.es.fp_s01.V0_ode): 1.8e+03
悬浮电位 (comp_v3_solid_solver.es.fp_s02.V0_ode): 1.8e+03
悬浮电位 (comp_v3_solid_solver.es.fp_s03.V0_ode): 1.8e+03
悬浮电位 (comp_v3_solid_solver.es.fp_s04.V0_ode): 1.8e+03
悬浮电位 (comp_v3_solid_solver.es.fp_s05.V0_ode): 1.8e+03
悬浮电位 (comp_v3_solid_solver.es.fp_s06.V0_ode): 1.8e+03
悬浮电位 (comp_v3_solid_solver.es.fp_s07.V0_ode): 1.8e+03
悬浮电位 (comp_v3_solid_solver.es.fp_s08.V0_ode): 1.8e+03
悬浮电位 (comp_v3_solid_solver.es.fp_s09.V0_ode): 1.8e+03
使用了稀疏零空间函数。
           当前进度:   9 % - 约束处理
Memory: 4621/5305 408723/409772
           当前进度:   9 % - 矩阵分解
Memory: 4649/5305 408752/409772
Iter      SolEst      ResEst     Damping    Stepsize #Res #Jac #Sol   LinErr   LinRes
           当前进度:   9 % - 求解线性方程组
Memory: 5247/5305 409534/409772
           当前进度:   9 % - 组装矩阵
Memory: 5232/5305 409508/409772
           当前进度:   9 % - 求解线性方程组
Memory: 5264/5305 409547/409772
   1          94     6.6e+04   0.0100000          95    2    1    2  1.6e-10  2.1e-13
-          当前进度:  18 % - 求解线性方程组
Memory: 5232/5305 409508/409772
   2         7.8       6e+04   0.1000000         8.6    3    1    4  1.5e-10  2.1e-13
--         当前进度:  28 % - 求解线性方程组
Memory: 5263/5305 409546/409772
   3      0.0041          11   1.0000000        0.85    4    1    6  1.6e-10  8.4e-11
---------  当前进度:  96 % - 求解线性方程组
---------  当前进度:  96 % - 组装矩阵
Memory: 5231/5305 409507/409772
---------  当前进度:  96 % - 求解线性方程组
Memory: 5263/5305 409546/409772
---------  当前进度:  96 % - 约束处理
Memory: 5231/5305 409507/409772
   4     6.1e-13     6.3e-07   1.0000000       0.004    6    1    8  1.7e-10  6.1e-12
---------- 当前进度: 100 % - 
Memory: 5247/5305 409539/409772
求解时间：30 s。
物理内存: 5.34 GB
虚拟内存: 409.65 GB
结束时间：2026年5月17日 下午8:05:33。
----- 研究 2/解 1 (sol1) 中的“稳态求解器 1” --------------------------------------------->
<---- 研究 2/解 1 (sol1) 中的“编译方程: 稳态” ---------------------------------------------
开始于 2026年5月17日 下午8:05:35。
几何形函数: 二次拉格朗日单元
在 Apple M1 Pro 上运行。
在以下位置使用 1 个插槽： 192.168.0.106 上（共 8 个内核）。
可用内存：32.77 GB。
           当前进度:   5 % - 编译方程: 稳态
Memory: 4095/5339 408178/409772
           当前进度:   5 % - 正在创建可视化网格
时间：3。
物理内存: 4.1 GB
虚拟内存: 408.18 GB
结束时间：2026年5月17日 下午8:05:38。
----- 研究 2/解 1 (sol1) 中的“编译方程: 稳态” -------------------------------------------->
<---- 研究 2/解 1 (sol1) 中的“因变量 1” ------------------------------------------------
开始于 2026年5月17日 下午8:05:38。
           当前进度:   5 % - 因变量 1
Memory: 4095/5339 408176/409772
求解时间：0 s。
物理内存: 4.1 GB
虚拟内存: 408.18 GB
结束时间：2026年5月17日 下午8:05:38。
----- 研究 2/解 1 (sol1) 中的“因变量 1” ----------------------------------------------->
<---- 研究 2/解 1 (sol1) 中的“稳态求解器 1” ----------------------------------------------
开始于 2026年5月17日 下午8:05:38。
           当前进度:   9 % - 稳态求解器 1
Memory: 4000/5339 408082/409772
非线性求解器
求解的自由度数：1595837（加上 234606 个内部自由度）。
           当前进度:   9 % - 组装矩阵
           当前进度:   9 % - 组装稀疏模式
Memory: 4127/5339 408208/409772
           当前进度:   9 % - 组装矩阵
Memory: 4564/5339 408641/409772
找到对称矩阵。
缩放因变量：
温度 (comp_v3_solid_solver.T): 2.9e+02
电势 (comp_v3_solid_solver.V): 9e+08
悬浮电位 (comp_v3_solid_solver.es.fp_s01.V0_ode): 1.8e+03
悬浮电位 (comp_v3_solid_solver.es.fp_s02.V0_ode): 1.8e+03
悬浮电位 (comp_v3_solid_solver.es.fp_s03.V0_ode): 1.8e+03
悬浮电位 (comp_v3_solid_solver.es.fp_s04.V0_ode): 1.8e+03
悬浮电位 (comp_v3_solid_solver.es.fp_s05.V0_ode): 1.8e+03
悬浮电位 (comp_v3_solid_solver.es.fp_s06.V0_ode): 1.8e+03
悬浮电位 (comp_v3_solid_solver.es.fp_s07.V0_ode): 1.8e+03
悬浮电位 (comp_v3_solid_solver.es.fp_s08.V0_ode): 1.8e+03
悬浮电位 (comp_v3_solid_solver.es.fp_s09.V0_ode): 1.8e+03
使用了稀疏零空间函数。
           当前进度:   9 % - 约束处理
Memory: 4704/5339 408781/409772
           当前进度:   9 % - 矩阵分解
Memory: 4706/5339 408784/409772
Iter      SolEst      ResEst     Damping    Stepsize #Res #Jac #Sol   LinErr   LinRes
           当前进度:   9 % - 求解线性方程组
Memory: 5359/5422 409725/409786
   1          94     6.5e+04   0.0100000          95    2    1    2  1.4e-10    2e-13
-          当前进度:  18 % - 求解线性方程组
Memory: 5355/5422 409725/409786
-          当前进度:  18 % - 组装矩阵
Memory: 5323/5422 409685/409786
-          当前进度:  18 % - 求解线性方程组
Memory: 5355/5422 409725/409786
   2         7.8     5.9e+04   0.1000000         8.6    3    1    4  1.5e-10    2e-13
--         当前进度:  28 % - 求解线性方程组
Memory: 5334/5422 409710/409786
   3      0.0042          15   1.0000000        0.85    4    1    6  1.5e-10  8.3e-11
---------  当前进度:  96 % - 求解线性方程组
Memory: 5355/5422 409725/409786
---------  当前进度:  96 % - 组装矩阵
Memory: 5323/5422 409685/409786
---------  当前进度:  96 % - 求解线性方程组
Memory: 5355/5422 409725/409786
---------  当前进度:  96 % - 组装矩阵
Memory: 5323/5422 409685/409786
   4     5.6e-13     8.4e-07   1.0000000      0.0041    6    1    8  1.5e-10  5.4e-12
---------- 当前进度: 100 % - 
Memory: 5348/5422 409717/409786
求解时间：31 s。
物理内存: 5.44 GB
虚拟内存: 409.83 GB
结束时间：2026年5月17日 下午8:06:09。
----- 研究 2/解 1 (sol1) 中的“稳态求解器 1” --------------------------------------------->
<---- 研究 2/解 1 (sol1) 中的“编译方程: 稳态” ---------------------------------------------
开始于 2026年5月17日 下午8:06:11。
几何形函数: 二次拉格朗日单元
在 Apple M1 Pro 上运行。
在以下位置使用 1 个插槽： 192.168.0.106 上（共 8 个内核）。
可用内存：32.77 GB。
           当前进度:   5 % - 编译方程: 稳态
Memory: 4216/5441 408380/409830
           当前进度:   5 % - 正在创建可视化网格
Memory: 4217/5441 408378/409830
时间：3。
物理内存: 4.22 GB
虚拟内存: 408.38 GB
结束时间：2026年5月17日 下午8:06:14。
----- 研究 2/解 1 (sol1) 中的“编译方程: 稳态” -------------------------------------------->
<---- 研究 2/解 1 (sol1) 中的“因变量 1” ------------------------------------------------
开始于 2026年5月17日 下午8:06:14。
           当前进度:   5 % - 因变量 1
Memory: 4217/5441 408376/409830
求解时间：0 s。
物理内存: 4.22 GB
虚拟内存: 408.38 GB
结束时间：2026年5月17日 下午8:06:14。
----- 研究 2/解 1 (sol1) 中的“因变量 1” ----------------------------------------------->
<---- 研究 2/解 1 (sol1) 中的“稳态求解器 1” ----------------------------------------------
开始于 2026年5月17日 下午8:06:14。
           当前进度:   9 % - 稳态求解器 1
非线性求解器
求解的自由度数：1595837（加上 234606 个内部自由度）。
           当前进度:   9 % - 组装矩阵
Memory: 4232/5441 408376/409830
           当前进度:   9 % - 组装稀疏模式
Memory: 4250/5441 408394/409830
           当前进度:   9 % - 组装矩阵
Memory: 4719/5441 408814/409830
           当前进度:   9 % - 
Memory: 4859/5441 408954/409830
找到对称矩阵。
缩放因变量：
温度 (comp_v3_solid_solver.T): 2.9e+02
电势 (comp_v3_solid_solver.V): 9e+08
悬浮电位 (comp_v3_solid_solver.es.fp_s01.V0_ode): 1.8e+03
悬浮电位 (comp_v3_solid_solver.es.fp_s02.V0_ode): 1.8e+03
悬浮电位 (comp_v3_solid_solver.es.fp_s03.V0_ode): 1.8e+03
悬浮电位 (comp_v3_solid_solver.es.fp_s04.V0_ode): 1.8e+03
悬浮电位 (comp_v3_solid_solver.es.fp_s05.V0_ode): 1.8e+03
悬浮电位 (comp_v3_solid_solver.es.fp_s06.V0_ode): 1.8e+03
悬浮电位 (comp_v3_solid_solver.es.fp_s07.V0_ode): 1.8e+03
悬浮电位 (comp_v3_solid_solver.es.fp_s08.V0_ode): 1.8e+03
悬浮电位 (comp_v3_solid_solver.es.fp_s09.V0_ode): 1.8e+03
使用了稀疏零空间函数。
           当前进度:   9 % - 约束处理
Memory: 5123/5441 409220/409830
           当前进度:   9 % - 矩阵分解
Memory: 4867/5441 408962/409830
Iter      SolEst      ResEst     Damping    Stepsize #Res #Jac #Sol   LinErr   LinRes
           当前进度:   9 % - 求解线性方程组
Memory: 5212/5441 409610/409830
   1          94     6.5e+04   0.0100000          95    2    1    2  1.4e-10  2.1e-13
-          当前进度:  18 % - 求解线性方程组
Memory: 5219/5441 409610/409830
   2         7.8     5.9e+04   0.1000000         8.6    3    1    4  1.4e-10  2.1e-13
--         当前进度:  28 % - 求解线性方程组
--         当前进度:  28 % - 组装矩阵
Memory: 5188/5441 409570/409830
--         当前进度:  28 % - 求解线性方程组
Memory: 5220/5441 409610/409830
   3      0.0042          15   1.0000000        0.85    4    1    6  1.5e-10  8.3e-11
---------  当前进度:  96 % - 求解线性方程组
   4     5.5e-13     8.5e-07   1.0000000      0.0041    6    1    8  1.5e-10  5.3e-12
---------- 当前进度: 100 % - 
Memory: 5208/5441 409603/409830
求解时间：31 s。
物理内存: 5.31 GB
虚拟内存: 409.72 GB
结束时间：2026年5月17日 下午8:06:44。
----- 研究 2/解 1 (sol1) 中的“稳态求解器 1” --------------------------------------------->
<---- 研究 2/解 1 (sol1) 中的“编译方程: 稳态” ---------------------------------------------
开始于 2026年5月17日 下午8:06:46。
几何形函数: 二次拉格朗日单元
在 Apple M1 Pro 上运行。
在以下位置使用 1 个插槽： 192.168.0.106 上（共 8 个内核）。
可用内存：32.77 GB。
           当前进度:   5 % - 编译方程: 稳态
Memory: 4162/5441 408329/409830
           当前进度:   5 % - 正在创建可视化网格
Memory: 4164/5441 408329/409830
时间：3。
物理内存: 4.17 GB
虚拟内存: 408.33 GB
结束时间：2026年5月17日 下午8:06:49。
----- 研究 2/解 1 (sol1) 中的“编译方程: 稳态” -------------------------------------------->
<---- 研究 2/解 1 (sol1) 中的“因变量 1” ------------------------------------------------
开始于 2026年5月17日 下午8:06:49。
           当前进度:   5 % - 因变量 1
Memory: 4170/5441 408328/409830
求解时间：0 s。
物理内存: 4.17 GB
虚拟内存: 408.33 GB
结束时间：2026年5月17日 下午8:06:50。
----- 研究 2/解 1 (sol1) 中的“因变量 1” ----------------------------------------------->
<---- 研究 2/解 1 (sol1) 中的“稳态求解器 1” ----------------------------------------------
开始于 2026年5月17日 下午8:06:50。
           当前进度:   9 % - 稳态求解器 1
Memory: 4098/5441 408254/409830
非线性求解器
求解的自由度数：1595837（加上 234606 个内部自由度）。
           当前进度:   9 % - 组装矩阵
           当前进度:   9 % - 组装稀疏模式
Memory: 4251/5441 408398/409830
           当前进度:   9 % - 组装矩阵
Memory: 4705/5441 408807/409830
找到对称矩阵。
缩放因变量：
温度 (comp_v3_solid_solver.T): 2.9e+02
电势 (comp_v3_solid_solver.V): 9e+08
悬浮电位 (comp_v3_solid_solver.es.fp_s01.V0_ode): 1.8e+03
悬浮电位 (comp_v3_solid_solver.es.fp_s02.V0_ode): 1.8e+03
悬浮电位 (comp_v3_solid_solver.es.fp_s03.V0_ode): 1.8e+03
悬浮电位 (comp_v3_solid_solver.es.fp_s04.V0_ode): 1.8e+03
悬浮电位 (comp_v3_solid_solver.es.fp_s05.V0_ode): 1.8e+03
悬浮电位 (comp_v3_solid_solver.es.fp_s06.V0_ode): 1.8e+03
悬浮电位 (comp_v3_solid_solver.es.fp_s07.V0_ode): 1.8e+03
悬浮电位 (comp_v3_solid_solver.es.fp_s08.V0_ode): 1.8e+03
悬浮电位 (comp_v3_solid_solver.es.fp_s09.V0_ode): 1.8e+03
使用了稀疏零空间函数。
           当前进度:   9 % - 约束处理
Memory: 4845/5441 408947/409830
           当前进度:   9 % - 矩阵分解
Memory: 4856/5441 408954/409830
Iter      SolEst      ResEst     Damping    Stepsize #Res #Jac #Sol   LinErr   LinRes
           当前进度:   9 % - 求解线性方程组
Memory: 5440/5480 409736/409830
           当前进度:   9 % - 组装矩阵
Memory: 5425/5480 409709/409830
           当前进度:   9 % - 求解线性方程组
Memory: 5457/5480 409749/409830
   1          94     6.5e+04   0.0100000          95    2    1    2  1.5e-10  2.3e-13
-          当前进度:  18 % - 求解线性方程组
Memory: 5425/5480 409710/409830
-          当前进度:  18 % - 组装矩阵
Memory: 5425/5480 409709/409830
-          当前进度:  18 % - 求解线性方程组
Memory: 5457/5480 409748/409830
   2         7.8     5.8e+04   0.1000000         8.6    3    1    4  1.5e-10  2.2e-13
--         当前进度:  28 % - 求解线性方程组
Memory: 5438/5480 409748/409830
--         当前进度:  28 % - 约束处理
Memory: 5425/5480 409709/409830
--         当前进度:  28 % - 求解线性方程组
Memory: 5457/5480 409748/409830
   3      0.0042          15   1.0000000        0.85    4    1    6  1.6e-10  8.4e-11
---------  当前进度:  96 % - 求解线性方程组
   4     5.7e-13     8.4e-07   1.0000000      0.0041    6    1    8  1.6e-10  5.6e-12
---------- 当前进度: 100 % - 
Memory: 5441/5480 409741/409830
求解时间：31 s。
物理内存: 5.54 GB
虚拟内存: 409.86 GB
结束时间：2026年5月17日 下午8:07:20。
----- 研究 2/解 1 (sol1) 中的“稳态求解器 1” --------------------------------------------->
<---- 研究 2/解 1 (sol1) 中的“编译方程: 稳态” ---------------------------------------------
开始于 2026年5月17日 下午8:07:22。
几何形函数: 二次拉格朗日单元
在 Apple M1 Pro 上运行。
在以下位置使用 1 个插槽： 192.168.0.106 上（共 8 个内核）。
可用内存：32.77 GB。
           当前进度:   5 % - 编译方程: 稳态
Memory: 4304/5535 408393/409861
           当前进度:   5 % - 正在创建可视化网格
Memory: 4305/5535 408393/409861
时间：3。
物理内存: 4.31 GB
虚拟内存: 408.39 GB
结束时间：2026年5月17日 下午8:07:25。
----- 研究 2/解 1 (sol1) 中的“编译方程: 稳态” -------------------------------------------->
<---- 研究 2/解 1 (sol1) 中的“因变量 1” ------------------------------------------------
开始于 2026年5月17日 下午8:07:25。
           当前进度:   5 % - 因变量 1
Memory: 4308/5535 408391/409861
求解时间：0 s。
物理内存: 4.31 GB
虚拟内存: 408.39 GB
结束时间：2026年5月17日 下午8:07:25。
----- 研究 2/解 1 (sol1) 中的“因变量 1” ----------------------------------------------->
<---- 研究 2/解 1 (sol1) 中的“稳态求解器 1” ----------------------------------------------
开始于 2026年5月17日 下午8:07:25。
           当前进度:   9 % - 稳态求解器 1
非线性求解器
求解的自由度数：1595837（加上 234606 个内部自由度）。
           当前进度:   9 % - 约束处理
           当前进度:   9 % - 组装稀疏模式
Memory: 4365/5535 408446/409861
           当前进度:   9 % - 组装矩阵
Memory: 4841/5535 408909/409861
找到对称矩阵。
缩放因变量：
温度 (comp_v3_solid_solver.T): 2.9e+02
电势 (comp_v3_solid_solver.V): 9e+08
悬浮电位 (comp_v3_solid_solver.es.fp_s01.V0_ode): 1.8e+03
悬浮电位 (comp_v3_solid_solver.es.fp_s02.V0_ode): 1.8e+03
悬浮电位 (comp_v3_solid_solver.es.fp_s03.V0_ode): 1.8e+03
悬浮电位 (comp_v3_solid_solver.es.fp_s04.V0_ode): 1.8e+03
悬浮电位 (comp_v3_solid_solver.es.fp_s05.V0_ode): 1.8e+03
悬浮电位 (comp_v3_solid_solver.es.fp_s06.V0_ode): 1.8e+03
悬浮电位 (comp_v3_solid_solver.es.fp_s07.V0_ode): 1.8e+03
悬浮电位 (comp_v3_solid_solver.es.fp_s08.V0_ode): 1.8e+03
悬浮电位 (comp_v3_solid_solver.es.fp_s09.V0_ode): 1.8e+03
使用了稀疏零空间函数。
           当前进度:   9 % - 约束处理
Memory: 5054/5535 409123/409861
           当前进度:   9 % - 矩阵分解
Memory: 4992/5535 409060/409861
Iter      SolEst      ResEst     Damping    Stepsize #Res #Jac #Sol   LinErr   LinRes
           当前进度:   9 % - 求解线性方程组
Memory: 5559/5605 409821/409879
   1          94     6.6e+04   0.0100000          95    2    1    2  1.5e-10    2e-13
-          当前进度:  18 % - 求解线性方程组
Memory: 5555/5605 409821/409879
   2         7.8     5.9e+04   0.1000000         8.6    3    1    4  1.4e-10    2e-13
--         当前进度:  28 % - 求解线性方程组
   3      0.0041          13   1.0000000        0.85    4    1    6  1.5e-10  8.3e-11
---------  当前进度:  96 % - 求解线性方程组
Memory: 5556/5605 409821/409879
   4     5.5e-13     7.2e-07   1.0000000      0.0041    6    1    8  1.5e-10  5.3e-12
---------- 当前进度: 100 % - 
Memory: 5540/5605 409814/409879
求解时间：30 s。
物理内存: 5.63 GB
虚拟内存: 409.93 GB
结束时间：2026年5月17日 下午8:07:55。
----- 研究 2/解 1 (sol1) 中的“稳态求解器 1” --------------------------------------------->
<---- 研究 2/解 1 (sol1) 中的“编译方程: 稳态” ---------------------------------------------
开始于 2026年5月17日 下午8:07:57。
几何形函数: 二次拉格朗日单元
在 Apple M1 Pro 上运行。
在以下位置使用 1 个插槽： 192.168.0.106 上（共 8 个内核）。
可用内存：32.77 GB。
           当前进度:   5 % - 编译方程: 稳态
Memory: 4407/5627 408470/409932
           当前进度:   5 % - 正在创建可视化网格
时间：3。
物理内存: 4.41 GB
虚拟内存: 408.47 GB
结束时间：2026年5月17日 下午8:08:00。
----- 研究 2/解 1 (sol1) 中的“编译方程: 稳态” -------------------------------------------->
<---- 研究 2/解 1 (sol1) 中的“因变量 1” ------------------------------------------------
开始于 2026年5月17日 下午8:08:00。
           当前进度:   5 % - 因变量 1
Memory: 4409/5627 408469/409932
求解时间：0 s。
物理内存: 4.41 GB
虚拟内存: 408.47 GB
结束时间：2026年5月17日 下午8:08:01。
----- 研究 2/解 1 (sol1) 中的“因变量 1” ----------------------------------------------->
<---- 研究 2/解 1 (sol1) 中的“稳态求解器 1” ----------------------------------------------
开始于 2026年5月17日 下午8:08:01。
           当前进度:   9 % - 稳态求解器 1
Memory: 4312/5627 408372/409932
非线性求解器
求解的自由度数：1595837（加上 234606 个内部自由度）。
           当前进度:   9 % - 组装矩阵
           当前进度:   9 % - 组装稀疏模式
Memory: 4476/5627 408534/409932
           当前进度:   9 % - 组装矩阵
Memory: 4877/5627 408935/409932
找到对称矩阵。
缩放因变量：
温度 (comp_v3_solid_solver.T): 2.9e+02
电势 (comp_v3_solid_solver.V): 9e+08
悬浮电位 (comp_v3_solid_solver.es.fp_s01.V0_ode): 1.8e+03
悬浮电位 (comp_v3_solid_solver.es.fp_s02.V0_ode): 1.8e+03
悬浮电位 (comp_v3_solid_solver.es.fp_s03.V0_ode): 1.8e+03
悬浮电位 (comp_v3_solid_solver.es.fp_s04.V0_ode): 1.8e+03
悬浮电位 (comp_v3_solid_solver.es.fp_s05.V0_ode): 1.8e+03
悬浮电位 (comp_v3_solid_solver.es.fp_s06.V0_ode): 1.8e+03
悬浮电位 (comp_v3_solid_solver.es.fp_s07.V0_ode): 1.8e+03
悬浮电位 (comp_v3_solid_solver.es.fp_s08.V0_ode): 1.8e+03
悬浮电位 (comp_v3_solid_solver.es.fp_s09.V0_ode): 1.8e+03
使用了稀疏零空间函数。
           当前进度:   9 % - 约束处理
Memory: 5043/5627 409101/409932
           当前进度:   9 % - 矩阵分解
Memory: 5023/5627 409081/409932
Iter      SolEst      ResEst     Damping    Stepsize #Res #Jac #Sol   LinErr   LinRes
           当前进度:   9 % - 求解线性方程组
Memory: 5648/5687 409904/409962
   1          94     6.6e+04   0.0100000          95    2    1    2  1.5e-10  2.1e-13
-          当前进度:  18 % - 求解线性方程组
Memory: 5644/5687 409904/409962
   2         7.8     5.9e+04   0.1000000         8.6    3    1    4  1.4e-10  2.1e-13
--         当前进度:  28 % - 求解线性方程组
Memory: 5622/5687 409888/409962
   3      0.0041          12   1.0000000        0.85    4    1    6  1.4e-10  8.3e-11
---------  当前进度:  96 % - 求解线性方程组
Memory: 5642/5687 409902/409962
---------  当前进度:  96 % - 组装矩阵
Memory: 5610/5687 409863/409962
---------  当前进度:  96 % - 求解线性方程组
Memory: 5642/5687 409902/409962
---------  当前进度:  96 % - 约束处理
Memory: 5610/5687 409863/409962
   4     5.4e-13     7.2e-07   1.0000000      0.0041    6    1    8  1.5e-10  5.3e-12
---------- 当前进度: 100 % - 
Memory: 5627/5687 409895/409962
求解时间：30 s。
物理内存: 5.72 GB
虚拟内存: 410.01 GB
结束时间：2026年5月17日 下午8:08:31。
----- 研究 2/解 1 (sol1) 中的“稳态求解器 1” --------------------------------------------->
<---- 研究 2/解 1 (sol1) 中的“编译方程: 稳态” ---------------------------------------------
开始于 2026年5月17日 下午8:08:32。
几何形函数: 二次拉格朗日单元
在 Apple M1 Pro 上运行。
在以下位置使用 1 个插槽： 192.168.0.106 上（共 8 个内核）。
可用内存：32.77 GB。
           当前进度:   5 % - 编译方程: 稳态
Memory: 4481/5718 408542/410005
           当前进度:   5 % - 正在创建可视化网格
时间：3。
物理内存: 4.48 GB
虚拟内存: 408.54 GB
结束时间：2026年5月17日 下午8:08:35。
----- 研究 2/解 1 (sol1) 中的“编译方程: 稳态” -------------------------------------------->
<---- 研究 2/解 1 (sol1) 中的“因变量 1” ------------------------------------------------
开始于 2026年5月17日 下午8:08:35。
           当前进度:   5 % - 因变量 1
Memory: 4482/5718 408540/410005
求解时间：0 s。
物理内存: 4.48 GB
虚拟内存: 408.54 GB
结束时间：2026年5月17日 下午8:08:36。
----- 研究 2/解 1 (sol1) 中的“因变量 1” ----------------------------------------------->
<---- 研究 2/解 1 (sol1) 中的“稳态求解器 1” ----------------------------------------------
开始于 2026年5月17日 下午8:08:36。
           当前进度:   9 % - 稳态求解器 1
Memory: 4483/5718 408542/410005
非线性求解器
求解的自由度数：1595837（加上 234606 个内部自由度）。
           当前进度:   9 % - 组装矩阵
           当前进度:   9 % - 组装稀疏模式
Memory: 4487/5718 408542/410005
           当前进度:   9 % - 组装矩阵
Memory: 4961/5718 408996/410005
           当前进度:   9 % - 
Memory: 5101/5718 409136/410005
找到对称矩阵。
缩放因变量：
温度 (comp_v3_solid_solver.T): 2.9e+02
电势 (comp_v3_solid_solver.V): 9e+08
悬浮电位 (comp_v3_solid_solver.es.fp_s01.V0_ode): 1.8e+03
悬浮电位 (comp_v3_solid_solver.es.fp_s02.V0_ode): 1.8e+03
悬浮电位 (comp_v3_solid_solver.es.fp_s03.V0_ode): 1.8e+03
悬浮电位 (comp_v3_solid_solver.es.fp_s04.V0_ode): 1.8e+03
悬浮电位 (comp_v3_solid_solver.es.fp_s05.V0_ode): 1.8e+03
悬浮电位 (comp_v3_solid_solver.es.fp_s06.V0_ode): 1.8e+03
悬浮电位 (comp_v3_solid_solver.es.fp_s07.V0_ode): 1.8e+03
悬浮电位 (comp_v3_solid_solver.es.fp_s08.V0_ode): 1.8e+03
悬浮电位 (comp_v3_solid_solver.es.fp_s09.V0_ode): 1.8e+03
使用了稀疏零空间函数。
           当前进度:   9 % - 约束处理
Memory: 5288/5718 409325/410005
           当前进度:   9 % - 矩阵分解
Memory: 5113/5718 409148/410005
Iter      SolEst      ResEst     Damping    Stepsize #Res #Jac #Sol   LinErr   LinRes
           当前进度:   9 % - 求解线性方程组
Memory: 5683/5724 409908/410005
           当前进度:   9 % - 组装矩阵
Memory: 5647/5724 409869/410005
           当前进度:   9 % - 求解线性方程组
Memory: 5679/5724 409908/410005
   1          94     6.5e+04   0.0100000          95    2    1    2  1.5e-10  2.2e-13
-          当前进度:  18 % - 求解线性方程组
Memory: 5647/5724 409869/410005
-          当前进度:  18 % - 组装矩阵
Memory: 5646/5724 409868/410005
-          当前进度:  18 % - 求解线性方程组
Memory: 5678/5724 409907/410005
   2         7.8     5.9e+04   0.1000000         8.6    3    1    4  1.5e-10  2.2e-13
--         当前进度:  28 % - 求解线性方程组
   3      0.0041          12   1.0000000        0.85    4    1    6  1.5e-10  8.4e-11
---------  当前进度:  96 % - 求解线性方程组
---------  当前进度:  96 % - 组装矩阵
Memory: 5646/5724 409868/410005
---------  当前进度:  96 % - 求解线性方程组
Memory: 5678/5724 409907/410005
---------  当前进度:  96 % - 组装矩阵
Memory: 5646/5724 409868/410005
   4     5.5e-13     7.2e-07   1.0000000      0.0041    6    1    8  1.5e-10  5.4e-12
---------- 当前进度: 100 % - 
Memory: 5663/5724 409900/410005
求解时间：33 s。
物理内存: 5.72 GB
虚拟内存: 410.02 GB
结束时间：2026年5月17日 下午8:09:08。
----- 研究 2/解 1 (sol1) 中的“稳态求解器 1” --------------------------------------------->
<---- 研究 2/解 1 (sol1) 中的“编译方程: 稳态” ---------------------------------------------
开始于 2026年5月17日 下午8:09:10。
几何形函数: 二次拉格朗日单元
在 Apple M1 Pro 上运行。
在以下位置使用 1 个插槽： 192.168.0.106 上（共 8 个内核）。
可用内存：32.77 GB。
           当前进度:   5 % - 编译方程: 稳态
Memory: 4522/5724 408626/410019
           当前进度:   5 % - 正在创建可视化网格
Memory: 4523/5724 408624/410019
时间：3。
物理内存: 4.52 GB
虚拟内存: 408.63 GB
结束时间：2026年5月17日 下午8:09:13。
----- 研究 2/解 1 (sol1) 中的“编译方程: 稳态” -------------------------------------------->
<---- 研究 2/解 1 (sol1) 中的“因变量 1” ------------------------------------------------
开始于 2026年5月17日 下午8:09:13。
           当前进度:   5 % - 因变量 1
Memory: 4546/5724 408622/410019
求解时间：0 s。
物理内存: 4.55 GB
虚拟内存: 408.62 GB
结束时间：2026年5月17日 下午8:09:13。
----- 研究 2/解 1 (sol1) 中的“因变量 1” ----------------------------------------------->
<---- 研究 2/解 1 (sol1) 中的“稳态求解器 1” ----------------------------------------------
开始于 2026年5月17日 下午8:09:13。
           当前进度:   9 % - 稳态求解器 1
Memory: 4461/5724 408525/410019
非线性求解器
求解的自由度数：1595837（加上 234606 个内部自由度）。
           当前进度:   9 % - 组装矩阵
Memory: 4465/5724 408525/410019
           当前进度:   9 % - 组装稀疏模式
Memory: 4601/5724 408652/410019
           当前进度:   9 % - 组装矩阵
Memory: 5067/5724 409079/410019
           当前进度:   9 % - 
Memory: 5207/5724 409219/410019
找到对称矩阵。
缩放因变量：
温度 (comp_v3_solid_solver.T): 2.9e+02
电势 (comp_v3_solid_solver.V): 9e+08
悬浮电位 (comp_v3_solid_solver.es.fp_s01.V0_ode): 1.8e+03
悬浮电位 (comp_v3_solid_solver.es.fp_s02.V0_ode): 1.8e+03
悬浮电位 (comp_v3_solid_solver.es.fp_s03.V0_ode): 1.8e+03
悬浮电位 (comp_v3_solid_solver.es.fp_s04.V0_ode): 1.8e+03
悬浮电位 (comp_v3_solid_solver.es.fp_s05.V0_ode): 1.8e+03
悬浮电位 (comp_v3_solid_solver.es.fp_s06.V0_ode): 1.8e+03
悬浮电位 (comp_v3_solid_solver.es.fp_s07.V0_ode): 1.8e+03
悬浮电位 (comp_v3_solid_solver.es.fp_s08.V0_ode): 1.8e+03
悬浮电位 (comp_v3_solid_solver.es.fp_s09.V0_ode): 1.8e+03
使用了稀疏零空间函数。
           当前进度:   9 % - 约束处理
Memory: 5394/5724 409407/410019
           当前进度:   9 % - 矩阵分解
Memory: 5238/5724 409243/410019
Iter      SolEst      ResEst     Damping    Stepsize #Res #Jac #Sol   LinErr   LinRes
           当前进度:   9 % - 求解线性方程组
Memory: 5832/5876 410041/410113
           当前进度:   9 % - 组装矩阵
Memory: 5817/5876 410014/410113
           当前进度:   9 % - 求解线性方程组
Memory: 5849/5876 410054/410113
   1          94     6.6e+04   0.0100000          95    2    1    2  1.5e-10    2e-13
-          当前进度:  18 % - 求解线性方程组
Memory: 5817/5876 410014/410113
-          当前进度:  18 % - 组装矩阵
-          当前进度:  18 % - 求解线性方程组
Memory: 5849/5876 410054/410113
   2         7.8       6e+04   0.1000000         8.6    3    1    4  1.5e-10    2e-13
--         当前进度:  28 % - 求解线性方程组
Memory: 5829/5876 410039/410113
   3      0.0041          11   1.0000000        0.85    4    1    6  1.5e-10  8.3e-11
---------  当前进度:  96 % - 求解线性方程组
Memory: 5849/5876 410054/410113
   4     5.4e-13     6.3e-07   1.0000000       0.004    6    1    8  1.5e-10  5.3e-12
---------- 当前进度: 100 % - 组装矩阵
Memory: 5818/5876 410014/410113
---------- 当前进度: 100 % - 
Memory: 5834/5876 410047/410113
求解时间：31 s。
物理内存: 5.93 GB
虚拟内存: 410.16 GB
结束时间：2026年5月17日 下午8:09:45。
----- 研究 2/解 1 (sol1) 中的“稳态求解器 1” --------------------------------------------->
<---- 研究 2/解 1 (sol1) 中的“编译方程: 稳态” ---------------------------------------------
开始于 2026年5月17日 下午8:09:46。
几何形函数: 二次拉格朗日单元
在 Apple M1 Pro 上运行。
在以下位置使用 1 个插槽： 192.168.0.106 上（共 8 个内核）。
可用内存：32.77 GB。
           当前进度:   5 % - 编译方程: 稳态
Memory: 4704/5929 408706/410164
           当前进度:   5 % - 正在创建可视化网格
时间：3。
物理内存: 4.71 GB
虚拟内存: 408.71 GB
结束时间：2026年5月17日 下午8:09:50。
----- 研究 2/解 1 (sol1) 中的“编译方程: 稳态” -------------------------------------------->
<---- 研究 2/解 1 (sol1) 中的“因变量 1” ------------------------------------------------
开始于 2026年5月17日 下午8:09:50。
           当前进度:   5 % - 因变量 1
Memory: 4708/5929 408704/410164
求解时间：0 s。
物理内存: 4.71 GB
虚拟内存: 408.7 GB
结束时间：2026年5月17日 下午8:09:50。
----- 研究 2/解 1 (sol1) 中的“因变量 1” ----------------------------------------------->
<---- 研究 2/解 1 (sol1) 中的“稳态求解器 1” ----------------------------------------------
开始于 2026年5月17日 下午8:09:50。
           当前进度:   9 % - 稳态求解器 1
Memory: 4621/5929 408617/410164
非线性求解器
求解的自由度数：1595837（加上 234606 个内部自由度）。
           当前进度:   9 % - 组装矩阵
           当前进度:   9 % - 组装稀疏模式
Memory: 4731/5929 408727/410164
           当前进度:   9 % - 组装矩阵
Memory: 5135/5929 409131/410164
找到对称矩阵。
缩放因变量：
温度 (comp_v3_solid_solver.T): 2.9e+02
电势 (comp_v3_solid_solver.V): 9e+08
悬浮电位 (comp_v3_solid_solver.es.fp_s01.V0_ode): 1.8e+03
悬浮电位 (comp_v3_solid_solver.es.fp_s02.V0_ode): 1.8e+03
悬浮电位 (comp_v3_solid_solver.es.fp_s03.V0_ode): 1.8e+03
悬浮电位 (comp_v3_solid_solver.es.fp_s04.V0_ode): 1.8e+03
悬浮电位 (comp_v3_solid_solver.es.fp_s05.V0_ode): 1.8e+03
悬浮电位 (comp_v3_solid_solver.es.fp_s06.V0_ode): 1.8e+03
悬浮电位 (comp_v3_solid_solver.es.fp_s07.V0_ode): 1.8e+03
悬浮电位 (comp_v3_solid_solver.es.fp_s08.V0_ode): 1.8e+03
悬浮电位 (comp_v3_solid_solver.es.fp_s09.V0_ode): 1.8e+03
使用了稀疏零空间函数。
           当前进度:   9 % - 约束处理
Memory: 5275/5929 409271/410164
           当前进度:   9 % - 矩阵分解
Memory: 5282/5929 409279/410164
Iter      SolEst      ResEst     Damping    Stepsize #Res #Jac #Sol   LinErr   LinRes
           当前进度:   9 % - 求解线性方程组
Memory: 5840/5929 410071/410164
           当前进度:   9 % - 组装矩阵
Memory: 5805/5929 410030/410164
           当前进度:   9 % - 求解线性方程组
Memory: 5837/5929 410070/410164
   1          94     6.6e+04   0.0100000          95    2    1    2  1.5e-10  2.1e-13
-          当前进度:  18 % - 求解线性方程组
Memory: 5805/5929 410030/410164
   2         7.8       6e+04   0.1000000         8.6    3    1    4  1.5e-10    2e-13
--         当前进度:  28 % - 求解线性方程组
Memory: 5836/5929 410069/410164
   3      0.0041          11   1.0000000        0.85    4    1    6  1.5e-10  8.3e-11
---------  当前进度:  96 % - 求解线性方程组
---------  当前进度:  96 % - 组装矩阵
Memory: 5804/5929 410029/410164
---------  当前进度:  96 % - 求解线性方程组
Memory: 5836/5929 410069/410164
---------  当前进度:  96 % - 约束处理
Memory: 5804/5929 410029/410164
   4     5.4e-13     6.3e-07   1.0000000       0.004    6    1    8  1.5e-10  5.3e-12
---------- 当前进度: 100 % - 
Memory: 5820/5929 410062/410164
求解时间：30 s。
物理内存: 5.92 GB
虚拟内存: 410.17 GB
结束时间：2026年5月17日 下午8:10:20。
----- 研究 2/解 1 (sol1) 中的“稳态求解器 1” --------------------------------------------->
<---- 研究 2/解 1 (sol1) 中的“编译方程: 稳态” ---------------------------------------------
开始于 2026年5月17日 下午8:10:21。
几何形函数: 二次拉格朗日单元
在 Apple M1 Pro 上运行。
在以下位置使用 1 个插槽： 192.168.0.106 上（共 8 个内核）。
可用内存：32.77 GB。
           当前进度:   5 % - 编译方程: 稳态
Memory: 4754/5929 408783/410174
           当前进度:   5 % - 正在创建可视化网格
时间：3。
物理内存: 4.75 GB
虚拟内存: 408.78 GB
结束时间：2026年5月17日 下午8:10:25。
----- 研究 2/解 1 (sol1) 中的“编译方程: 稳态” -------------------------------------------->
<---- 研究 2/解 1 (sol1) 中的“因变量 1” ------------------------------------------------
开始于 2026年5月17日 下午8:10:25。
           当前进度:   5 % - 因变量 1
Memory: 4754/5929 408782/410174
求解时间：0 s。
物理内存: 4.75 GB
虚拟内存: 408.78 GB
结束时间：2026年5月17日 下午8:10:25。
----- 研究 2/解 1 (sol1) 中的“因变量 1” ----------------------------------------------->
<---- 研究 2/解 1 (sol1) 中的“稳态求解器 1” ----------------------------------------------
开始于 2026年5月17日 下午8:10:25。
           当前进度:   9 % - 稳态求解器 1
Memory: 4668/5929 408695/410174
非线性求解器
求解的自由度数：1595837（加上 234606 个内部自由度）。
           当前进度:   9 % - 组装矩阵
           当前进度:   9 % - 组装稀疏模式
Memory: 4813/5929 408839/410174
           当前进度:   9 % - 组装矩阵
Memory: 5219/5929 409246/410174
找到对称矩阵。
缩放因变量：
温度 (comp_v3_solid_solver.T): 2.9e+02
电势 (comp_v3_solid_solver.V): 9e+08
悬浮电位 (comp_v3_solid_solver.es.fp_s01.V0_ode): 1.8e+03
悬浮电位 (comp_v3_solid_solver.es.fp_s02.V0_ode): 1.8e+03
悬浮电位 (comp_v3_solid_solver.es.fp_s03.V0_ode): 1.8e+03
悬浮电位 (comp_v3_solid_solver.es.fp_s04.V0_ode): 1.8e+03
悬浮电位 (comp_v3_solid_solver.es.fp_s05.V0_ode): 1.8e+03
悬浮电位 (comp_v3_solid_solver.es.fp_s06.V0_ode): 1.8e+03
悬浮电位 (comp_v3_solid_solver.es.fp_s07.V0_ode): 1.8e+03
悬浮电位 (comp_v3_solid_solver.es.fp_s08.V0_ode): 1.8e+03
悬浮电位 (comp_v3_solid_solver.es.fp_s09.V0_ode): 1.8e+03
           当前进度:   9 % - 
Memory: 5359/5929 409385/410174
使用了稀疏零空间函数。
           当前进度:   9 % - 约束处理
Memory: 5665/5929 409689/410174
           当前进度:   9 % - 矩阵分解
Memory: 5362/5929 409385/410174
Iter      SolEst      ResEst     Damping    Stepsize #Res #Jac #Sol   LinErr   LinRes
           当前进度:   9 % - 求解线性方程组
Memory: 5783/5929 410187/410238
   1          94     6.6e+04   0.0100000          95    2    1    2  1.5e-10  2.2e-13
-          当前进度:  18 % - 求解线性方程组
Memory: 5799/5929 410186/410238
-          当前进度:  18 % - 组装矩阵
Memory: 5766/5929 410146/410238
-          当前进度:  18 % - 求解线性方程组
Memory: 5798/5929 410185/410238
   2         7.8     5.9e+04   0.1000000         8.6    3    1    4  1.5e-10  2.2e-13
--         当前进度:  28 % - 求解线性方程组
Memory: 5777/5929 410171/410238
   3      0.0041          11   1.0000000        0.85    4    1    6  1.5e-10  8.4e-11
---------  当前进度:  96 % - 求解线性方程组
Memory: 5798/5929 410185/410238
---------  当前进度:  96 % - 组装矩阵
Memory: 5766/5929 410146/410238
---------  当前进度:  96 % - 求解线性方程组
Memory: 5798/5929 410185/410238
---------  当前进度:  96 % - 组装矩阵
Memory: 5766/5929 410146/410238
   4     5.5e-13     6.3e-07   1.0000000       0.004    6    1    8  1.7e-10  5.5e-12
---------- 当前进度: 100 % - 
Memory: 5783/5929 410178/410238
求解时间：31 s。
物理内存: 5.88 GB
虚拟内存: 410.3 GB
结束时间：2026年5月17日 下午8:10:56。
----- 研究 2/解 1 (sol1) 中的“稳态求解器 1” --------------------------------------------->
<---- 研究 2/解 1 (sol1) 中的“编译方程: 稳态” ---------------------------------------------
开始于 2026年5月17日 下午8:10:57。
几何形函数: 二次拉格朗日单元
在 Apple M1 Pro 上运行。
在以下位置使用 1 个插槽： 192.168.0.106 上（共 8 个内核）。
可用内存：32.77 GB。
           当前进度:   5 % - 编译方程: 稳态
Memory: 4693/5929 408858/410299
           当前进度:   5 % - 正在创建可视化网格
Memory: 4699/5929 408858/410299
时间：3。
物理内存: 4.7 GB
虚拟内存: 408.86 GB
结束时间：2026年5月17日 下午8:11:00。
----- 研究 2/解 1 (sol1) 中的“编译方程: 稳态” -------------------------------------------->
<---- 研究 2/解 1 (sol1) 中的“因变量 1” ------------------------------------------------
开始于 2026年5月17日 下午8:11:00。
           当前进度:   5 % - 因变量 1
Memory: 4699/5929 408856/410299
求解时间：0 s。
物理内存: 4.7 GB
虚拟内存: 408.86 GB
结束时间：2026年5月17日 下午8:11:00。
----- 研究 2/解 1 (sol1) 中的“因变量 1” ----------------------------------------------->
<---- 研究 2/解 1 (sol1) 中的“稳态求解器 1” ----------------------------------------------
开始于 2026年5月17日 下午8:11:00。
           当前进度:   9 % - 稳态求解器 1
Memory: 4708/5929 408856/410299
非线性求解器
求解的自由度数：1595837（加上 234606 个内部自由度）。
           当前进度:   9 % - 组装稀疏模式
Memory: 4710/5929 408856/410299
           当前进度:   9 % - 组装矩阵
Memory: 5204/5929 409296/410299
找到对称矩阵。
缩放因变量：
温度 (comp_v3_solid_solver.T): 2.9e+02
电势 (comp_v3_solid_solver.V): 9e+08
悬浮电位 (comp_v3_solid_solver.es.fp_s01.V0_ode): 1.8e+03
悬浮电位 (comp_v3_solid_solver.es.fp_s02.V0_ode): 1.8e+03
悬浮电位 (comp_v3_solid_solver.es.fp_s03.V0_ode): 1.8e+03
悬浮电位 (comp_v3_solid_solver.es.fp_s04.V0_ode): 1.8e+03
悬浮电位 (comp_v3_solid_solver.es.fp_s05.V0_ode): 1.8e+03
悬浮电位 (comp_v3_solid_solver.es.fp_s06.V0_ode): 1.8e+03
悬浮电位 (comp_v3_solid_solver.es.fp_s07.V0_ode): 1.8e+03
悬浮电位 (comp_v3_solid_solver.es.fp_s08.V0_ode): 1.8e+03
悬浮电位 (comp_v3_solid_solver.es.fp_s09.V0_ode): 1.8e+03
使用了稀疏零空间函数。
           当前进度:   9 % - 约束处理
Memory: 5344/5929 409436/410299
           当前进度:   9 % - 矩阵分解
Memory: 5353/5929 409441/410299
Iter      SolEst      ResEst     Damping    Stepsize #Res #Jac #Sol   LinErr   LinRes
           当前进度:   9 % - 求解线性方程组
Memory: 5787/5929 410172/410299
   1          94     6.5e+04   0.0100000          95    2    1    2  1.5e-10  2.1e-13
-          当前进度:  18 % - 求解线性方程组
Memory: 5788/5929 410172/410299
   2         7.8     5.9e+04   0.1000000         8.6    3    1    4  1.5e-10  2.1e-13
--         当前进度:  28 % - 求解线性方程组
Memory: 5789/5929 410172/410299
   3      0.0042          15   1.0000000        0.85    4    1    6  1.5e-10  8.3e-11
---------  当前进度:  96 % - 求解线性方程组
---------  当前进度:  96 % - 组装矩阵
Memory: 5757/5929 410133/410299
   4     5.5e-13     8.4e-07   1.0000000      0.0041    6    1    8  1.5e-10  5.4e-12
---------- 当前进度: 100 % - 
Memory: 5783/5929 410165/410299
求解时间：30 s。
物理内存: 5.86 GB
虚拟内存: 410.28 GB
结束时间：2026年5月17日 下午8:11:31。
----- 研究 2/解 1 (sol1) 中的“稳态求解器 1” --------------------------------------------->
<---- 研究 2/解 1 (sol1) 中的“编译方程: 稳态” ---------------------------------------------
开始于 2026年5月17日 下午8:11:32。
几何形函数: 二次拉格朗日单元
在 Apple M1 Pro 上运行。
在以下位置使用 1 个插槽： 192.168.0.106 上（共 8 个内核）。
可用内存：32.77 GB。
           当前进度:   5 % - 编译方程: 稳态
Memory: 4701/5929 408907/410299
           当前进度:   5 % - 正在创建可视化网格
时间：3。
物理内存: 4.71 GB
虚拟内存: 408.91 GB
结束时间：2026年5月17日 下午8:11:35。
----- 研究 2/解 1 (sol1) 中的“编译方程: 稳态” -------------------------------------------->
<---- 研究 2/解 1 (sol1) 中的“因变量 1” ------------------------------------------------
开始于 2026年5月17日 下午8:11:35。
           当前进度:   5 % - 因变量 1
Memory: 4707/5929 408905/410299
求解时间：0 s。
物理内存: 4.71 GB
虚拟内存: 408.91 GB
结束时间：2026年5月17日 下午8:11:35。
----- 研究 2/解 1 (sol1) 中的“因变量 1” ----------------------------------------------->
<---- 研究 2/解 1 (sol1) 中的“稳态求解器 1” ----------------------------------------------
开始于 2026年5月17日 下午8:11:36。
           当前进度:   9 % - 稳态求解器 1
Memory: 4633/5929 408831/410299
非线性求解器
求解的自由度数：1595837（加上 234606 个内部自由度）。
           当前进度:   9 % - 组装矩阵
Memory: 4634/5929 408831/410299
           当前进度:   9 % - 组装稀疏模式
Memory: 4784/5929 408976/410299
           当前进度:   9 % - 组装矩阵
Memory: 5208/5929 409391/410299
找到对称矩阵。
缩放因变量：
温度 (comp_v3_solid_solver.T): 2.9e+02
电势 (comp_v3_solid_solver.V): 9e+08
悬浮电位 (comp_v3_solid_solver.es.fp_s01.V0_ode): 1.8e+03
悬浮电位 (comp_v3_solid_solver.es.fp_s02.V0_ode): 1.8e+03
悬浮电位 (comp_v3_solid_solver.es.fp_s03.V0_ode): 1.8e+03
悬浮电位 (comp_v3_solid_solver.es.fp_s04.V0_ode): 1.8e+03
悬浮电位 (comp_v3_solid_solver.es.fp_s05.V0_ode): 1.8e+03
悬浮电位 (comp_v3_solid_solver.es.fp_s06.V0_ode): 1.8e+03
悬浮电位 (comp_v3_solid_solver.es.fp_s07.V0_ode): 1.8e+03
悬浮电位 (comp_v3_solid_solver.es.fp_s08.V0_ode): 1.8e+03
悬浮电位 (comp_v3_solid_solver.es.fp_s09.V0_ode): 1.8e+03
使用了稀疏零空间函数。
           当前进度:   9 % - 约束处理
Memory: 5349/5929 409531/410299
           当前进度:   9 % - 矩阵分解
Memory: 5355/5929 409540/410299
Iter      SolEst      ResEst     Damping    Stepsize #Res #Jac #Sol   LinErr   LinRes
           当前进度:   9 % - 求解线性方程组
Memory: 5650/5929 410312/410374
   1          94     6.5e+04   0.0100000          95    2    1    2  1.5e-10  2.3e-13
-          当前进度:  18 % - 求解线性方程组
Memory: 5661/5929 410312/410374
   2         7.8     5.8e+04   0.1000000         8.6    3    1    4  1.5e-10  2.2e-13
--         当前进度:  28 % - 求解线性方程组
Memory: 5660/5929 410310/410374
   3      0.0042          15   1.0000000        0.85    4    1    6  1.5e-10  8.3e-11
---------  当前进度:  96 % - 求解线性方程组
Memory: 5655/5929 410310/410374
   4     5.5e-13     8.4e-07   1.0000000      0.0041    6    1    8  1.5e-10  5.3e-12
---------- 当前进度: 100 % - 
Memory: 5641/5929 410302/410374
求解时间：30 s。
物理内存: 5.72 GB
虚拟内存: 410.42 GB
结束时间：2026年5月17日 下午8:12:06。
----- 研究 2/解 1 (sol1) 中的“稳态求解器 1” --------------------------------------------->
<---- 研究 2/解 1 (sol1) 中的“编译方程: 稳态” ---------------------------------------------
开始于 2026年5月17日 下午8:12:07。
几何形函数: 二次拉格朗日单元
在 Apple M1 Pro 上运行。
在以下位置使用 1 个插槽： 192.168.0.106 上（共 8 个内核）。
可用内存：32.77 GB。
           当前进度:   5 % - 编译方程: 稳态
Memory: 4532/5929 408987/410422
           当前进度:   5 % - 正在创建可视化网格
Memory: 4556/5929 409115/410422
时间：3。
物理内存: 4.56 GB
虚拟内存: 409.12 GB
结束时间：2026年5月17日 下午8:12:11。
----- 研究 2/解 1 (sol1) 中的“编译方程: 稳态” -------------------------------------------->
<---- 研究 2/解 1 (sol1) 中的“因变量 1” ------------------------------------------------
开始于 2026年5月17日 下午8:12:11。
           当前进度:   5 % - 因变量 1
Memory: 4562/5929 409113/410422
求解时间：0 s。
物理内存: 4.56 GB
虚拟内存: 409.11 GB
结束时间：2026年5月17日 下午8:12:11。
----- 研究 2/解 1 (sol1) 中的“因变量 1” ----------------------------------------------->
<---- 研究 2/解 1 (sol1) 中的“稳态求解器 1” ----------------------------------------------
开始于 2026年5月17日 下午8:12:11。
           当前进度:   9 % - 稳态求解器 1
Memory: 4573/5929 409113/410422
非线性求解器
求解的自由度数：1595837（加上 234606 个内部自由度）。
           当前进度:   9 % - 组装矩阵
Memory: 4613/5929 409113/410422
           当前进度:   9 % - 组装稀疏模式
Memory: 4748/5929 409221/410422
           当前进度:   9 % - 组装矩阵
Memory: 5223/5929 409654/410422
找到对称矩阵。
缩放因变量：
温度 (comp_v3_solid_solver.T): 2.9e+02
电势 (comp_v3_solid_solver.V): 9e+08
悬浮电位 (comp_v3_solid_solver.es.fp_s01.V0_ode): 1.8e+03
悬浮电位 (comp_v3_solid_solver.es.fp_s02.V0_ode): 1.8e+03
悬浮电位 (comp_v3_solid_solver.es.fp_s03.V0_ode): 1.8e+03
悬浮电位 (comp_v3_solid_solver.es.fp_s04.V0_ode): 1.8e+03
悬浮电位 (comp_v3_solid_solver.es.fp_s05.V0_ode): 1.8e+03
悬浮电位 (comp_v3_solid_solver.es.fp_s06.V0_ode): 1.8e+03
悬浮电位 (comp_v3_solid_solver.es.fp_s07.V0_ode): 1.8e+03
悬浮电位 (comp_v3_solid_solver.es.fp_s08.V0_ode): 1.8e+03
悬浮电位 (comp_v3_solid_solver.es.fp_s09.V0_ode): 1.8e+03
使用了稀疏零空间函数。
           当前进度:   9 % - 约束处理
Memory: 5449/5929 409800/410422
           当前进度:   9 % - 矩阵分解
Memory: 5447/5929 409797/410422
Iter      SolEst      ResEst     Damping    Stepsize #Res #Jac #Sol   LinErr   LinRes
           当前进度:   9 % - 求解线性方程组
Memory: 5817/5929 410492/410582
           当前进度:   9 % - 组装矩阵
Memory: 5814/5929 410490/410582
           当前进度:   9 % - 求解线性方程组
Memory: 5846/5929 410529/410582
   1          94     6.4e+04   0.0100000          95    2    1    2  1.5e-10  2.5e-13
-          当前进度:  18 % - 求解线性方程组
Memory: 5820/5929 410490/410582
   2         7.8     5.8e+04   0.1000000         8.6    3    1    4  1.5e-10  2.5e-13
--         当前进度:  28 % - 求解线性方程组
Memory: 5852/5929 410529/410582
   3      0.0041          14   1.0000000        0.85    4    1    6  1.5e-10  8.4e-11
---------  当前进度:  96 % - 求解线性方程组
Memory: 5820/5929 410490/410582
   4     5.5e-13     8.3e-07   1.0000000      0.0041    6    1    8  1.6e-10  5.5e-12
---------- 当前进度: 100 % - 组装稀疏模式
---------- 当前进度: 100 % - 
Memory: 5841/5929 410522/410582
求解时间：30 s。
物理内存: 5.94 GB
虚拟内存: 410.64 GB
结束时间：2026年5月17日 下午8:12:41。
----- 研究 2/解 1 (sol1) 中的“稳态求解器 1” --------------------------------------------->
<---- 研究 2/解 1 (sol1) 中的“编译方程: 稳态” ---------------------------------------------
开始于 2026年5月17日 下午8:12:43。
几何形函数: 二次拉格朗日单元
在 Apple M1 Pro 上运行。
在以下位置使用 1 个插槽： 192.168.0.106 上（共 8 个内核）。
可用内存：32.77 GB。
           当前进度:   5 % - 编译方程: 稳态
Memory: 4747/5936 409209/410637
           当前进度:   5 % - 正在创建可视化网格
Memory: 4754/5936 409209/410637
时间：3。
物理内存: 4.76 GB
虚拟内存: 409.21 GB
结束时间：2026年5月17日 下午8:12:46。
----- 研究 2/解 1 (sol1) 中的“编译方程: 稳态” -------------------------------------------->
<---- 研究 2/解 1 (sol1) 中的“因变量 1” ------------------------------------------------
开始于 2026年5月17日 下午8:12:46。
           当前进度:   5 % - 因变量 1
Memory: 4756/5936 409207/410637
求解时间：0 s。
物理内存: 4.76 GB
虚拟内存: 409.21 GB
结束时间：2026年5月17日 下午8:12:46。
----- 研究 2/解 1 (sol1) 中的“因变量 1” ----------------------------------------------->
<---- 研究 2/解 1 (sol1) 中的“稳态求解器 1” ----------------------------------------------
开始于 2026年5月17日 下午8:12:46。
           当前进度:   9 % - 稳态求解器 1
Memory: 4584/5936 408981/410637
非线性求解器
求解的自由度数：1595837（加上 234606 个内部自由度）。
           当前进度:   9 % - 组装矩阵
           当前进度:   9 % - 组装稀疏模式
Memory: 4731/5936 409125/410637
           当前进度:   9 % - 组装矩阵
Memory: 5198/5936 409545/410637
找到对称矩阵。
           当前进度:   9 % - 
Memory: 5338/5936 409685/410637
缩放因变量：
温度 (comp_v3_solid_solver.T): 2.9e+02
电势 (comp_v3_solid_solver.V): 9e+08
悬浮电位 (comp_v3_solid_solver.es.fp_s01.V0_ode): 1.8e+03
悬浮电位 (comp_v3_solid_solver.es.fp_s02.V0_ode): 1.8e+03
悬浮电位 (comp_v3_solid_solver.es.fp_s03.V0_ode): 1.8e+03
悬浮电位 (comp_v3_solid_solver.es.fp_s04.V0_ode): 1.8e+03
悬浮电位 (comp_v3_solid_solver.es.fp_s05.V0_ode): 1.8e+03
悬浮电位 (comp_v3_solid_solver.es.fp_s06.V0_ode): 1.8e+03
悬浮电位 (comp_v3_solid_solver.es.fp_s07.V0_ode): 1.8e+03
悬浮电位 (comp_v3_solid_solver.es.fp_s08.V0_ode): 1.8e+03
悬浮电位 (comp_v3_solid_solver.es.fp_s09.V0_ode): 1.8e+03
使用了稀疏零空间函数。
           当前进度:   9 % - 约束处理
Memory: 5629/5936 409975/410637
           当前进度:   9 % - 矩阵分解
Memory: 5371/5936 409714/410637
Iter      SolEst      ResEst     Damping    Stepsize #Res #Jac #Sol   LinErr   LinRes
           当前进度:   9 % - 求解线性方程组
Memory: 5975/6032 410505/410637
   1          94     6.5e+04   0.0100000          95    2    1    2  1.5e-10  2.1e-13
-          当前进度:  18 % - 求解线性方程组
Memory: 5971/6032 410504/410637
-          当前进度:  18 % - 组装矩阵
Memory: 5939/6032 410465/410637
-          当前进度:  18 % - 求解线性方程组
Memory: 5971/6032 410504/410637
   2         7.8     5.9e+04   0.1000000         8.6    3    1    4  1.5e-10  2.1e-13
--         当前进度:  28 % - 求解线性方程组
   3      0.0041          12   1.0000000        0.85    4    1    6  1.5e-10  8.3e-11
---------  当前进度:  96 % - 求解线性方程组
Memory: 5971/6032 410505/410637
---------  当前进度:  96 % - 组装矩阵
Memory: 5939/6032 410465/410637
---------  当前进度:  96 % - 求解线性方程组
Memory: 5971/6032 410505/410637
---------  当前进度:  96 % - 组装矩阵
Memory: 5939/6032 410465/410637
   4       6e-13     7.2e-07   1.0000000      0.0041    6    1    8  1.6e-10  5.9e-12
---------- 当前进度: 100 % - 
Memory: 5955/6032 410498/410637
求解时间：30 s。
物理内存: 6.05 GB
虚拟内存: 410.62 GB
结束时间：2026年5月17日 下午8:13:16。
----- 研究 2/解 1 (sol1) 中的“稳态求解器 1” --------------------------------------------->
<---- 研究 2/解 1 (sol1) 中的“编译方程: 稳态” ---------------------------------------------
开始于 2026年5月17日 下午8:13:18。
几何形函数: 二次拉格朗日单元
在 Apple M1 Pro 上运行。
在以下位置使用 1 个插槽： 192.168.0.106 上（共 8 个内核）。
可用内存：32.77 GB。
           当前进度:   5 % - 编译方程: 稳态
Memory: 4820/6048 409150/410637
           当前进度:   5 % - 正在创建可视化网格
时间：3。
物理内存: 4.82 GB
虚拟内存: 409.15 GB
结束时间：2026年5月17日 下午8:13:21。
----- 研究 2/解 1 (sol1) 中的“编译方程: 稳态” -------------------------------------------->
<---- 研究 2/解 1 (sol1) 中的“因变量 1” ------------------------------------------------
开始于 2026年5月17日 下午8:13:21。
           当前进度:   5 % - 因变量 1
Memory: 4820/6048 409148/410637
求解时间：0 s。
物理内存: 4.82 GB
虚拟内存: 409.15 GB
结束时间：2026年5月17日 下午8:13:21。
----- 研究 2/解 1 (sol1) 中的“因变量 1” ----------------------------------------------->
<---- 研究 2/解 1 (sol1) 中的“稳态求解器 1” ----------------------------------------------
开始于 2026年5月17日 下午8:13:21。
           当前进度:   9 % - 稳态求解器 1
Memory: 4739/6048 409067/410637
非线性求解器
求解的自由度数：1595837（加上 234606 个内部自由度）。
           当前进度:   9 % - 组装矩阵
           当前进度:   9 % - 组装稀疏模式
Memory: 4865/6048 409193/410637
           当前进度:   9 % - 组装矩阵
Memory: 5279/6048 409601/410637
找到对称矩阵。
缩放因变量：
温度 (comp_v3_solid_solver.T): 2.9e+02
电势 (comp_v3_solid_solver.V): 9e+08
悬浮电位 (comp_v3_solid_solver.es.fp_s01.V0_ode): 1.8e+03
悬浮电位 (comp_v3_solid_solver.es.fp_s02.V0_ode): 1.8e+03
悬浮电位 (comp_v3_solid_solver.es.fp_s03.V0_ode): 1.8e+03
悬浮电位 (comp_v3_solid_solver.es.fp_s04.V0_ode): 1.8e+03
悬浮电位 (comp_v3_solid_solver.es.fp_s05.V0_ode): 1.8e+03
悬浮电位 (comp_v3_solid_solver.es.fp_s06.V0_ode): 1.8e+03
悬浮电位 (comp_v3_solid_solver.es.fp_s07.V0_ode): 1.8e+03
悬浮电位 (comp_v3_solid_solver.es.fp_s08.V0_ode): 1.8e+03
悬浮电位 (comp_v3_solid_solver.es.fp_s09.V0_ode): 1.8e+03
使用了稀疏零空间函数。
           当前进度:   9 % - 约束处理
Memory: 5419/6048 409741/410637
           当前进度:   9 % - 矩阵分解
Memory: 5420/6048 409743/410637
Iter      SolEst      ResEst     Damping    Stepsize #Res #Jac #Sol   LinErr   LinRes
           当前进度:   9 % - 求解线性方程组
Memory: 6018/6052 410539/410637
   1          94     6.5e+04   0.0100000          95    2    1    2  1.5e-10  2.2e-13
-          当前进度:  18 % - 求解线性方程组
Memory: 6011/6052 410539/410637
   2         7.8     5.9e+04   0.1000000         8.6    3    1    4  1.5e-10  2.2e-13
--         当前进度:  28 % - 求解线性方程组
Memory: 6014/6052 410538/410637
   3      0.0041          12   1.0000000        0.85    4    1    6  1.5e-10  8.3e-11
---------  当前进度:  96 % - 求解线性方程组
   4     5.5e-13     7.2e-07   1.0000000       0.004    6    1    8  1.6e-10  5.4e-12
---------- 当前进度: 100 % - 组装矩阵
Memory: 5982/6052 410499/410637
---------- 当前进度: 100 % - 
Memory: 5999/6052 410531/410637
求解时间：30 s。
物理内存: 6.09 GB
虚拟内存: 410.65 GB
结束时间：2026年5月17日 下午8:13:52。
----- 研究 2/解 1 (sol1) 中的“稳态求解器 1” --------------------------------------------->
<---- 研究 2/解 1 (sol1) 中的“编译方程: 稳态” ---------------------------------------------
开始于 2026年5月17日 下午8:13:53。
几何形函数: 二次拉格朗日单元
在 Apple M1 Pro 上运行。
在以下位置使用 1 个插槽： 192.168.0.106 上（共 8 个内核）。
可用内存：32.77 GB。
           当前进度:   5 % - 编译方程: 稳态
Memory: 4901/6094 409223/410645
           当前进度:   5 % - 正在创建可视化网格
Memory: 4900/6094 409222/410645
时间：3。
物理内存: 4.9 GB
虚拟内存: 409.22 GB
结束时间：2026年5月17日 下午8:13:56。
----- 研究 2/解 1 (sol1) 中的“编译方程: 稳态” -------------------------------------------->
<---- 研究 2/解 1 (sol1) 中的“因变量 1” ------------------------------------------------
开始于 2026年5月17日 下午8:13:56。
           当前进度:   5 % - 因变量 1
Memory: 4900/6094 409221/410645
求解时间：0 s。
物理内存: 4.9 GB
虚拟内存: 409.22 GB
结束时间：2026年5月17日 下午8:13:57。
----- 研究 2/解 1 (sol1) 中的“因变量 1” ----------------------------------------------->
<---- 研究 2/解 1 (sol1) 中的“稳态求解器 1” ----------------------------------------------
开始于 2026年5月17日 下午8:13:57。
           当前进度:   9 % - 稳态求解器 1
非线性求解器
求解的自由度数：1595837（加上 234606 个内部自由度）。
           当前进度:   9 % - 组装矩阵
           当前进度:   9 % - 组装稀疏模式
Memory: 4955/6094 409276/410645
           当前进度:   9 % - 组装矩阵
Memory: 5395/6094 409700/410645
找到对称矩阵。
缩放因变量：
温度 (comp_v3_solid_solver.T): 2.9e+02
电势 (comp_v3_solid_solver.V): 9e+08
悬浮电位 (comp_v3_solid_solver.es.fp_s01.V0_ode): 1.8e+03
悬浮电位 (comp_v3_solid_solver.es.fp_s02.V0_ode): 1.8e+03
悬浮电位 (comp_v3_solid_solver.es.fp_s03.V0_ode): 1.8e+03
悬浮电位 (comp_v3_solid_solver.es.fp_s04.V0_ode): 1.8e+03
悬浮电位 (comp_v3_solid_solver.es.fp_s05.V0_ode): 1.8e+03
悬浮电位 (comp_v3_solid_solver.es.fp_s06.V0_ode): 1.8e+03
悬浮电位 (comp_v3_solid_solver.es.fp_s07.V0_ode): 1.8e+03
悬浮电位 (comp_v3_solid_solver.es.fp_s08.V0_ode): 1.8e+03
悬浮电位 (comp_v3_solid_solver.es.fp_s09.V0_ode): 1.8e+03
使用了稀疏零空间函数。
           当前进度:   9 % - 约束处理
Memory: 5548/6094 409853/410645
           当前进度:   9 % - 矩阵分解
Memory: 5542/6094 409847/410645
Iter      SolEst      ResEst     Damping    Stepsize #Res #Jac #Sol   LinErr   LinRes
           当前进度:   9 % - 求解线性方程组
Memory: 6125/6169 410629/410686
   1          94     6.5e+04   0.0100000          95    2    1    2  1.6e-10  2.5e-13
-          当前进度:  18 % - 求解线性方程组
Memory: 6121/6169 410628/410686
   2         7.8     5.9e+04   0.1000000         8.6    3    1    4  1.5e-10  2.4e-13
--         当前进度:  28 % - 求解线性方程组
   3      0.0041          12   1.0000000        0.85    4    1    6  1.5e-10  8.4e-11
---------  当前进度:  96 % - 求解线性方程组
Memory: 6122/6169 410628/410686
---------  当前进度:  96 % - 组装矩阵
Memory: 6090/6169 410589/410686
   4     5.5e-13     7.2e-07   1.0000000       0.004    6    1    8  1.6e-10  5.4e-12
---------- 当前进度: 100 % - 
Memory: 6106/6169 410621/410686
求解时间：30 s。
物理内存: 6.21 GB
虚拟内存: 410.74 GB
结束时间：2026年5月17日 下午8:14:27。
----- 研究 2/解 1 (sol1) 中的“稳态求解器 1” --------------------------------------------->
<---- 研究 2/解 1 (sol1) 中的“编译方程: 稳态” ---------------------------------------------
开始于 2026年5月17日 下午8:14:28。
几何形函数: 二次拉格朗日单元
在 Apple M1 Pro 上运行。
在以下位置使用 1 个插槽： 192.168.0.106 上（共 8 个内核）。
可用内存：32.77 GB。
           当前进度:   5 % - 编译方程: 稳态
Memory: 4990/6205 409293/410742
           当前进度:   5 % - 正在创建可视化网格
时间：3。
物理内存: 4.99 GB
虚拟内存: 409.29 GB
结束时间：2026年5月17日 下午8:14:31。
----- 研究 2/解 1 (sol1) 中的“编译方程: 稳态” -------------------------------------------->
<---- 研究 2/解 1 (sol1) 中的“因变量 1” ------------------------------------------------
开始于 2026年5月17日 下午8:14:31。
           当前进度:   5 % - 因变量 1
Memory: 4990/6205 409291/410742
求解时间：0 s。
物理内存: 4.99 GB
虚拟内存: 409.29 GB
结束时间：2026年5月17日 下午8:14:32。
----- 研究 2/解 1 (sol1) 中的“因变量 1” ----------------------------------------------->
<---- 研究 2/解 1 (sol1) 中的“稳态求解器 1” ----------------------------------------------
开始于 2026年5月17日 下午8:14:32。
           当前进度:   9 % - 稳态求解器 1
Memory: 4898/6205 409198/410742
非线性求解器
求解的自由度数：1595837（加上 234606 个内部自由度）。
           当前进度:   9 % - 组装矩阵
           当前进度:   9 % - 组装稀疏模式
Memory: 5048/6205 409344/410742
           当前进度:   9 % - 组装矩阵
Memory: 5516/6205 409892/410742
           当前进度:   9 % - 
Memory: 5656/6205 410032/410742
找到对称矩阵。
缩放因变量：
温度 (comp_v3_solid_solver.T): 2.9e+02
电势 (comp_v3_solid_solver.V): 9e+08
悬浮电位 (comp_v3_solid_solver.es.fp_s01.V0_ode): 1.8e+03
悬浮电位 (comp_v3_solid_solver.es.fp_s02.V0_ode): 1.8e+03
悬浮电位 (comp_v3_solid_solver.es.fp_s03.V0_ode): 1.8e+03
悬浮电位 (comp_v3_solid_solver.es.fp_s04.V0_ode): 1.8e+03
悬浮电位 (comp_v3_solid_solver.es.fp_s05.V0_ode): 1.8e+03
悬浮电位 (comp_v3_solid_solver.es.fp_s06.V0_ode): 1.8e+03
悬浮电位 (comp_v3_solid_solver.es.fp_s07.V0_ode): 1.8e+03
悬浮电位 (comp_v3_solid_solver.es.fp_s08.V0_ode): 1.8e+03
悬浮电位 (comp_v3_solid_solver.es.fp_s09.V0_ode): 1.8e+03
使用了稀疏零空间函数。
           当前进度:   9 % - 约束处理
Memory: 5826/6205 410203/410742
           当前进度:   9 % - 矩阵分解
Memory: 5659/6205 410035/410742
Iter      SolEst      ResEst     Damping    Stepsize #Res #Jac #Sol   LinErr   LinRes
           当前进度:   9 % - 求解线性方程组
Memory: 6284/6338 410860/410918
   1          94     6.6e+04   0.0100000          95    2    1    2  1.5e-10    2e-13
-          当前进度:  18 % - 求解线性方程组
Memory: 6281/6338 410859/410918
   2         7.8       6e+04   0.1000000         8.6    3    1    4  1.5e-10    2e-13
--         当前进度:  28 % - 求解线性方程组
Memory: 6280/6338 410858/410918
--         当前进度:  28 % - 组装矩阵
Memory: 6248/6338 410819/410918
--         当前进度:  28 % - 求解线性方程组
Memory: 6280/6338 410858/410918
   3      0.0041          11   1.0000000        0.85    4    1    6  1.5e-10  8.3e-11
---------  当前进度:  96 % - 求解线性方程组
Memory: 6268/6338 410858/410918
   4     5.4e-13     6.3e-07   1.0000000       0.004    6    1    8  1.5e-10  5.3e-12
---------- 当前进度: 100 % - 组装矩阵
Memory: 6248/6338 410819/410918
---------- 当前进度: 100 % - 
Memory: 6264/6338 410851/410918
求解时间：31 s。
物理内存: 6.36 GB
虚拟内存: 410.97 GB
结束时间：2026年5月17日 下午8:15:02。
----- 研究 2/解 1 (sol1) 中的“稳态求解器 1” --------------------------------------------->
<---- 研究 2/解 1 (sol1) 中的“编译方程: 稳态” ---------------------------------------------
开始于 2026年5月17日 下午8:15:04。
几何形函数: 二次拉格朗日单元
在 Apple M1 Pro 上运行。
在以下位置使用 1 个插槽： 192.168.0.106 上（共 8 个内核）。
可用内存：32.77 GB。
           当前进度:   5 % - 编译方程: 稳态
Memory: 5129/6359 409505/410967
           当前进度:   5 % - 正在创建可视化网格
时间：3。
物理内存: 5.13 GB
虚拟内存: 409.51 GB
结束时间：2026年5月17日 下午8:15:07。
----- 研究 2/解 1 (sol1) 中的“编译方程: 稳态” -------------------------------------------->
<---- 研究 2/解 1 (sol1) 中的“因变量 1” ------------------------------------------------
开始于 2026年5月17日 下午8:15:07。
           当前进度:   5 % - 因变量 1
Memory: 5129/6359 409503/410967
求解时间：0 s。
物理内存: 5.13 GB
虚拟内存: 409.5 GB
结束时间：2026年5月17日 下午8:15:07。
----- 研究 2/解 1 (sol1) 中的“因变量 1” ----------------------------------------------->
<---- 研究 2/解 1 (sol1) 中的“稳态求解器 1” ----------------------------------------------
开始于 2026年5月17日 下午8:15:07。
           当前进度:   9 % - 稳态求解器 1
非线性求解器
求解的自由度数：1595837（加上 234606 个内部自由度）。
           当前进度:   9 % - 组装矩阵
Memory: 5147/6359 409503/410967
           当前进度:   9 % - 组装稀疏模式
Memory: 5226/6359 409575/410967
           当前进度:   9 % - 组装矩阵
Memory: 5765/6359 410143/410967
找到对称矩阵。
缩放因变量：
温度 (comp_v3_solid_solver.T): 2.9e+02
电势 (comp_v3_solid_solver.V): 9e+08
悬浮电位 (comp_v3_solid_solver.es.fp_s01.V0_ode): 1.8e+03
悬浮电位 (comp_v3_solid_solver.es.fp_s02.V0_ode): 1.8e+03
悬浮电位 (comp_v3_solid_solver.es.fp_s03.V0_ode): 1.8e+03
悬浮电位 (comp_v3_solid_solver.es.fp_s04.V0_ode): 1.8e+03
悬浮电位 (comp_v3_solid_solver.es.fp_s05.V0_ode): 1.8e+03
悬浮电位 (comp_v3_solid_solver.es.fp_s06.V0_ode): 1.8e+03
悬浮电位 (comp_v3_solid_solver.es.fp_s07.V0_ode): 1.8e+03
悬浮电位 (comp_v3_solid_solver.es.fp_s08.V0_ode): 1.8e+03
悬浮电位 (comp_v3_solid_solver.es.fp_s09.V0_ode): 1.8e+03
使用了稀疏零空间函数。
           当前进度:   9 % - 约束处理
Memory: 5869/6359 410184/410967
           当前进度:   9 % - 矩阵分解
Memory: 5830/6359 410145/410967
Iter      SolEst      ResEst     Damping    Stepsize #Res #Jac #Sol   LinErr   LinRes
           当前进度:   9 % - 求解线性方程组
Memory: 6173/6359 410786/410967
   1          94     6.6e+04   0.0100000          95    2    1    2  1.6e-10  2.2e-13
-          当前进度:  18 % - 求解线性方程组
Memory: 6170/6359 410786/410967
   2         7.8     5.9e+04   0.1000000         8.6    3    1    4  1.6e-10  2.2e-13
--         当前进度:  28 % - 求解线性方程组
--         当前进度:  28 % - 组装矩阵
Memory: 6138/6359 410747/410967
--         当前进度:  28 % - 求解线性方程组
Memory: 6170/6359 410786/410967
   3       0.004          11   1.0000000        0.85    4    1    6  1.5e-10  8.3e-11
---------  当前进度:  96 % - 求解线性方程组
   4     5.3e-13     6.3e-07   1.0000000       0.004    6    1    8  1.6e-10  5.3e-12
---------- 当前进度: 100 % - 
Memory: 6155/6359 410779/410967
求解时间：30 s。
物理内存: 6.31 GB
虚拟内存: 410.89 GB
结束时间：2026年5月17日 下午8:15:37。
----- 研究 2/解 1 (sol1) 中的“稳态求解器 1” --------------------------------------------->
<---- 研究 2/解 1 (sol1) 中的“编译方程: 稳态” ---------------------------------------------
开始于 2026年5月17日 下午8:15:39。
几何形函数: 二次拉格朗日单元
在 Apple M1 Pro 上运行。
在以下位置使用 1 个插槽： 192.168.0.106 上（共 8 个内核）。
可用内存：32.77 GB。
           当前进度:   5 % - 编译方程: 稳态
Memory: 5040/6359 409453/410967
           当前进度:   5 % - 正在创建可视化网格
时间：3。
物理内存: 5.04 GB
虚拟内存: 409.45 GB
结束时间：2026年5月17日 下午8:15:42。
----- 研究 2/解 1 (sol1) 中的“编译方程: 稳态” -------------------------------------------->
<---- 研究 2/解 1 (sol1) 中的“因变量 1” ------------------------------------------------
开始于 2026年5月17日 下午8:15:42。
           当前进度:   5 % - 因变量 1
Memory: 5040/6359 409451/410967
求解时间：0 s。
物理内存: 5.04 GB
虚拟内存: 409.45 GB
结束时间：2026年5月17日 下午8:15:42。
----- 研究 2/解 1 (sol1) 中的“因变量 1” ----------------------------------------------->
<---- 研究 2/解 1 (sol1) 中的“稳态求解器 1” ----------------------------------------------
开始于 2026年5月17日 下午8:15:42。
           当前进度:   9 % - 稳态求解器 1
非线性求解器
求解的自由度数：1595837（加上 234606 个内部自由度）。
           当前进度:   9 % - 组装矩阵
           当前进度:   9 % - 组装稀疏模式
Memory: 5096/6359 409505/410967
           当前进度:   9 % - 组装矩阵
Memory: 5519/6359 409903/410967
找到对称矩阵。
缩放因变量：
温度 (comp_v3_solid_solver.T): 2.9e+02
电势 (comp_v3_solid_solver.V): 9e+08
悬浮电位 (comp_v3_solid_solver.es.fp_s01.V0_ode): 1.8e+03
悬浮电位 (comp_v3_solid_solver.es.fp_s02.V0_ode): 1.8e+03
悬浮电位 (comp_v3_solid_solver.es.fp_s03.V0_ode): 1.8e+03
悬浮电位 (comp_v3_solid_solver.es.fp_s04.V0_ode): 1.8e+03
悬浮电位 (comp_v3_solid_solver.es.fp_s05.V0_ode): 1.8e+03
悬浮电位 (comp_v3_solid_solver.es.fp_s06.V0_ode): 1.8e+03
悬浮电位 (comp_v3_solid_solver.es.fp_s07.V0_ode): 1.8e+03
悬浮电位 (comp_v3_solid_solver.es.fp_s08.V0_ode): 1.8e+03
悬浮电位 (comp_v3_solid_solver.es.fp_s09.V0_ode): 1.8e+03
使用了稀疏零空间函数。
           当前进度:   9 % - 约束处理
Memory: 5702/6359 410087/410967
           当前进度:   9 % - 矩阵分解
Memory: 5670/6359 410055/410967
Iter      SolEst      ResEst     Damping    Stepsize #Res #Jac #Sol   LinErr   LinRes
           当前进度:   9 % - 求解线性方程组
Memory: 6203/6359 410805/410967
           当前进度:   9 % - 组装矩阵
Memory: 6179/6359 410766/410967
           当前进度:   9 % - 求解线性方程组
Memory: 6211/6359 410806/410967
   1          94     6.5e+04   0.0100000          95    2    1    2  1.5e-10  2.3e-13
-          当前进度:  18 % - 求解线性方程组
Memory: 6213/6359 410806/410967
   2         7.8     5.9e+04   0.1000000         8.6    3    1    4  1.6e-10  2.4e-13
--         当前进度:  28 % - 求解线性方程组
Memory: 6212/6359 410805/410967
--         当前进度:  28 % - 约束处理
Memory: 6180/6359 410765/410967
--         当前进度:  28 % - 求解线性方程组
Memory: 6212/6359 410805/410967
   3       0.004          11   1.0000000        0.85    4    1    6  1.6e-10  8.4e-11
---------  当前进度:  96 % - 求解线性方程组
---------  当前进度:  96 % - 组装矩阵
Memory: 6180/6359 410765/410967
   4     5.4e-13     6.3e-07   1.0000000       0.004    6    1    8  1.6e-10  5.5e-12
---------- 当前进度: 100 % - 
Memory: 6200/6359 410797/410967
求解时间：30 s。
物理内存: 6.24 GB
虚拟内存: 410.92 GB
结束时间：2026年5月17日 下午8:16:12。
----- 研究 2/解 1 (sol1) 中的“稳态求解器 1” --------------------------------------------->
类运行时: 1023 s.
正在保存模型: /Users/luolin/Documents/New project/110kV_RIP_bushing_project/comsol/BRFGL1-126-1250-4_full_electrothermal_dielectric_loss_RUN009B_27CASE_Model.mph
保存时间: 0 s.
总时间: 1023 s.
---------- 当前进度: 100 % - 完成
Memory: 5005/6359 409530/410967
