*******************************************
***COMSOL 6.0.0.318 progress output file***
*******************************************
Sun May 17 13:59:43 CST 2026
COMSOL Multiphysics 6.0 (????: 318) ?????????
????: /Users/luolin/Documents/New project/110kV_RIP_bushing_project/comsol/run_solid_only_sweep_27_run007.class
??????248
??????58710
-          ????:  18 % - ????????????
Memory: 719/719 405908/405908
-          ????:  19 % - ?????
Memory: 788/788 405921/405921
--         ????:  20 % - ?????
Memory: 797/797 405922/405922
--         ????:  21 % - ?????
Memory: 805/805 405923/405923
--         ????:  25 % - ????????????
Memory: 811/811 405881/405923
--         ????:  26 % - ?????
Memory: 814/814 405886/405923
--         ????:  27 % - ?????
Memory: 816/816 405886/405923
--         ????:  28 % - ?????
Memory: 817/817 405886/405923
---        ????:  31 % - ??????
---------  ????:  95 % - ??????
????398775
---------  ????:  99 % - ??????
Memory: 1017/1017 405899/405923
---------- ????: 100 % - ??????
Memory: 996/1017 405876/405923
???????0.0488
<---- ??/? 1 (sol1) ???????: ??? -----------------------------------------------
??? 2026?5?17? ??2:00:33?
?????: ????????
? Apple M1 Pro ????
??????? 1 ???? 192.168.0.106 ??? 8 ?????
?????32.77 GB?
           ????:   5 % - ????: ??
Memory: 1091/1091 405916/405923
           ????:   5 % - ?????????
Memory: 1200/1200 405961/405961
???13?
????: 1.29 GB
????: 406.04 GB
?????2026?5?17? ??2:00:46?
----- ??/? 1 (sol1) ???????: ??? ---------------------------------------------->
<---- ??/? 1 (sol1) ?????? 1? --------------------------------------------------
??? 2026?5?17? ??2:00:46?
           ????:   5 % - ??? 1
Memory: 1331/1331 406170/406170
?????0 s?
????: 1.33 GB
????: 406.17 GB
?????2026?5?17? ??2:00:46?
----- ??/? 1 (sol1) ?????? 1? ------------------------------------------------->
<---- ??/? 1 (sol1) ???????? 1? ------------------------------------------------
??? 2026?5?17? ??2:00:46?
Warning: ?????? PARDISO????? MUMPS?
           ????:   9 % - ????? 1
Memory: 1404/1404 406176/406176
????? 
????????797914??? 234606 ????????
--         ????:  21 % - ??????
Memory: 1643/1643 406338/406338
---        ????:  33 % - ????
Memory: 1881/1881 406508/406508
???????
??????
?? (comp_v3_solid_solver.T): 2.9e+02
???????????
---        ????:  37 % - ???????
Memory: 2090/2090 406691/406691
---        ????:  37 % - ????
Memory: 2105/2105 406691/406691
-------    ????:  73 % - ??????????
Memory: 2145/2145 406730/406730
Iter      SolEst     Damping    Stepsize #Res #Jac #Sol LinIt   LinErr   LinRes
-------    ????:  73 % - ???????
Memory: 2192/2192 406731/406731
--------   ????:  88 % - ???????
Memory: 2198/2198 406731/406731
---------  ????:  96 % - ???????
Memory: 2204/2204 406731/406731
---------  ????:  99 % - ???????
Memory: 2210/2210 406731/406731
   1        0.11   1.0000000        0.11    1    1    1    10  0.00096  0.00076
---------- ????: 100 % - 
Memory: 2265/2265 406762/406762
?????4 s?
????: 2.38 GB
????: 406.88 GB
Warning: ?????? PARDISO????? MUMPS?
?????2026?5?17? ??2:00:50?
----- ??/? 1 (sol1) ???????? 1? ----------------------------------------------->
<---- ??/? 1 (sol1) ???????: ??? -----------------------------------------------
??? 2026?5?17? ??2:00:51?
?????: ????????
? Apple M1 Pro ????
??????? 1 ???? 192.168.0.106 ??? 8 ?????
?????32.77 GB?
           ????:   5 % - ????: ??
Memory: 2307/2382 406750/406877
           ????:   5 % - ?????????
Memory: 2308/2382 406750/406877
???3?
????: 2.31 GB
????: 406.75 GB
?????2026?5?17? ??2:00:54?
----- ??/? 1 (sol1) ???????: ??? ---------------------------------------------->
<---- ??/? 1 (sol1) ?????? 1? --------------------------------------------------
??? 2026?5?17? ??2:00:54?
           ????:   5 % - ??? 1
Memory: 2370/2382 406882/406882
?????0 s?
????: 2.37 GB
????: 406.88 GB
?????2026?5?17? ??2:00:55?
----- ??/? 1 (sol1) ?????? 1? ------------------------------------------------->
<---- ??/? 1 (sol1) ???????? 1? ------------------------------------------------
??? 2026?5?17? ??2:00:55?
Warning: ?????? PARDISO????? MUMPS?
????? 
????????797914??? 234606 ????????
-          ????:  19 % - ????? 1
Memory: 2371/2382 406886/406886
--         ????:  22 % - ??????
Memory: 2459/2459 406949/406949
---        ????:  37 % - ????
Memory: 2474/2474 406949/406949
???????
??????
?? (comp_v3_solid_solver.T): 2.9e+02
???????????
---        ????:  37 % - ????
Memory: 2492/2492 407077/407077
-------    ????:  73 % - ??????????
Memory: 2501/2501 407079/407079
Iter      SolEst     Damping    Stepsize #Res #Jac #Sol LinIt   LinErr   LinRes
-------    ????:  73 % - ???????
Memory: 2522/2522 407092/407092
--------   ????:  88 % - ???????
Memory: 2540/2540 407092/407092
---------  ????:  96 % - ???????
---------  ????:  98 % - ???????
Memory: 2553/2553 407092/407092
   1        0.11   1.0000000        0.11    1    1    1    10  0.00093  0.00065
---------- ????: 100 % - 
Memory: 2592/2592 407121/407121
?????4 s?
????: 2.68 GB
????: 407.23 GB
Warning: ?????? PARDISO????? MUMPS?
?????2026?5?17? ??2:00:58?
----- ??/? 1 (sol1) ???????? 1? ----------------------------------------------->
<---- ??/? 1 (sol1) ???????: ??? -----------------------------------------------
??? 2026?5?17? ??2:00:59?
?????: ????????
? Apple M1 Pro ????
??????? 1 ???? 192.168.0.106 ??? 8 ?????
?????32.77 GB?
           ????:   5 % - ????: ??
Memory: 2609/2683 407099/407233
           ????:   5 % - ?????????
Memory: 2630/2683 407099/407233
???3?
????: 2.63 GB
????: 407.1 GB
?????2026?5?17? ??2:01:03?
----- ??/? 1 (sol1) ???????: ??? ---------------------------------------------->
<---- ??/? 1 (sol1) ?????? 1? --------------------------------------------------
??? 2026?5?17? ??2:01:03?
           ????:   5 % - ??? 1
Memory: 2640/2683 407099/407233
?????0 s?
????: 2.64 GB
????: 407.1 GB
?????2026?5?17? ??2:01:03?
----- ??/? 1 (sol1) ?????? 1? ------------------------------------------------->
<---- ??/? 1 (sol1) ???????? 1? ------------------------------------------------
??? 2026?5?17? ??2:01:03?
Warning: ?????? PARDISO????? MUMPS?
????? 
????????797914??? 234606 ????????
-          ????:  19 % - ????? 1
Memory: 2681/2683 407099/407233
--         ????:  21 % - ??????
Memory: 2702/2702 407118/407233
---        ????:  37 % - 
Memory: 2871/2871 407278/407278
???????
??????
?? (comp_v3_solid_solver.T): 2.9e+02
???????????
---        ????:  37 % - ????
Memory: 2881/2881 407278/407278
-------    ????:  73 % - ??????????
Memory: 2890/2890 407280/407280
Iter      SolEst     Damping    Stepsize #Res #Jac #Sol LinIt   LinErr   LinRes
-------    ????:  73 % - ???????
Memory: 2924/2924 407297/407297
--------   ????:  88 % - ???????
Memory: 2942/2942 407297/407297
---------  ????:  96 % - ???????
Memory: 2960/2960 407297/407297
---------  ????:  98 % - ???????
Memory: 2978/2978 407297/407297
   1        0.12   1.0000000        0.12    1    1    1    11  0.00062  0.00059
---------- ????: 100 % - ????
Memory: 2992/2992 407297/407297
---------- ????: 100 % - 
Memory: 3017/3017 407326/407326
?????4 s?
????: 3.11 GB
????: 407.44 GB
Warning: ?????? PARDISO????? MUMPS?
?????2026?5?17? ??2:01:07?
----- ??/? 1 (sol1) ???????? 1? ----------------------------------------------->
<---- ??/? 1 (sol1) ???????: ??? -----------------------------------------------
??? 2026?5?17? ??2:01:08?
?????: ????????
? Apple M1 Pro ????
??????? 1 ???? 192.168.0.106 ??? 8 ?????
?????32.77 GB?
           ????:   5 % - ????: ??
Memory: 3010/3105 407298/407435
           ????:   5 % - ?????????
Memory: 3011/3105 407298/407435
???3?
????: 3.01 GB
????: 407.3 GB
?????2026?5?17? ??2:01:11?
----- ??/? 1 (sol1) ???????: ??? ---------------------------------------------->
<---- ??/? 1 (sol1) ?????? 1? --------------------------------------------------
??? 2026?5?17? ??2:01:11?
           ????:   5 % - ??? 1
Memory: 3015/3105 407299/407435
?????0 s?
????: 3.02 GB
????: 407.3 GB
?????2026?5?17? ??2:01:11?
----- ??/? 1 (sol1) ?????? 1? ------------------------------------------------->
<---- ??/? 1 (sol1) ???????? 1? ------------------------------------------------
??? 2026?5?17? ??2:01:11?
Warning: ?????? PARDISO????? MUMPS?
????? 
????????797914??? 234606 ????????
-          ????:  19 % - ????? 1
Memory: 3040/3105 407299/407435
--         ????:  22 % - ??????
Memory: 3048/3105 407299/407435
---        ????:  37 % - 
Memory: 3208/3208 407460/407460
???????
??????
?? (comp_v3_solid_solver.T): 2.9e+02
???????????
---        ????:  37 % - ????
Memory: 3215/3215 407460/407460
-------    ????:  73 % - ??????????
Memory: 3224/3224 407463/407463
Iter      SolEst     Damping    Stepsize #Res #Jac #Sol LinIt   LinErr   LinRes
-------    ????:  73 % - ???????
Memory: 3235/3235 407470/407470
--------   ????:  88 % - ???????
---------  ????:  96 % - ???????
Memory: 3254/3254 407470/407470
---------  ????:  98 % - ???????
Memory: 3260/3260 407598/407598
   1        0.12   1.0000000        0.12    1    1    1    11  0.00071  0.00059
---------- ????: 100 % - ??????
---------- ????: 100 % - 
Memory: 3280/3280 407757/407757
?????4 s?
????: 3.37 GB
????: 407.87 GB
Warning: ?????? PARDISO????? MUMPS?
?????2026?5?17? ??2:01:15?
----- ??/? 1 (sol1) ???????? 1? ----------------------------------------------->
<---- ??/? 1 (sol1) ???????: ??? -----------------------------------------------
??? 2026?5?17? ??2:01:16?
?????: ????????
? Apple M1 Pro ????
??????? 1 ???? 192.168.0.106 ??? 8 ?????
?????32.77 GB?
           ????:   5 % - ????: ??
Memory: 3309/3367 407732/407865
           ????:   5 % - ?????????
Memory: 3328/3367 407732/407865
???3?
????: 3.33 GB
????: 407.73 GB
?????2026?5?17? ??2:01:19?
----- ??/? 1 (sol1) ???????: ??? ---------------------------------------------->
<---- ??/? 1 (sol1) ?????? 1? --------------------------------------------------
??? 2026?5?17? ??2:01:19?
           ????:   5 % - ??? 1
Memory: 3346/3367 407732/407865
?????0 s?
????: 3.35 GB
????: 407.73 GB
?????2026?5?17? ??2:01:19?
----- ??/? 1 (sol1) ?????? 1? ------------------------------------------------->
<---- ??/? 1 (sol1) ???????? 1? ------------------------------------------------
??? 2026?5?17? ??2:01:19?
Warning: ?????? PARDISO????? MUMPS?
????? 
????????797914??? 234606 ????????
-          ????:  19 % - ????? 1
Memory: 3435/3435 407732/407865
--         ????:  22 % - ??????
Memory: 3438/3438 407732/407865
---        ????:  34 % - ????
Memory: 3448/3448 407732/407865
???????
??????
?? (comp_v3_solid_solver.T): 2.9e+02
???????????
---        ????:  37 % - ????
Memory: 3461/3461 407732/407865
-------    ????:  73 % - ??????????
Iter      SolEst     Damping    Stepsize #Res #Jac #Sol LinIt   LinErr   LinRes
-------    ????:  73 % - ???????
Memory: 3489/3489 407740/407865
--------   ????:  88 % - ???????
Memory: 3497/3497 407743/407865
---------  ????:  96 % - ???????
---------  ????:  98 % - ???????
   1        0.13   1.0000000        0.13    1    1    1    10  0.00095   0.0007
---------- ????: 100 % - 
Memory: 3508/3508 407767/407865
?????4 s?
????: 3.6 GB
????: 407.89 GB
Warning: ?????? PARDISO????? MUMPS?
?????2026?5?17? ??2:01:23?
----- ??/? 1 (sol1) ???????? 1? ----------------------------------------------->
<---- ??/? 1 (sol1) ???????: ??? -----------------------------------------------
??? 2026?5?17? ??2:01:24?
?????: ????????
? Apple M1 Pro ????
??????? 1 ???? 192.168.0.106 ??? 8 ?????
?????32.77 GB?
           ????:   5 % - ????: ??
Memory: 3136/3603 407364/407885
           ????:   5 % - ?????????
???3?
????: 3.14 GB
????: 407.36 GB
?????2026?5?17? ??2:01:27?
----- ??/? 1 (sol1) ???????: ??? ---------------------------------------------->
<---- ??/? 1 (sol1) ?????? 1? --------------------------------------------------
??? 2026?5?17? ??2:01:27?
           ????:   5 % - ??? 1
Memory: 3137/3603 407364/407885
?????0 s?
????: 3.14 GB
????: 407.36 GB
?????2026?5?17? ??2:01:27?
----- ??/? 1 (sol1) ?????? 1? ------------------------------------------------->
<---- ??/? 1 (sol1) ???????? 1? ------------------------------------------------
??? 2026?5?17? ??2:01:27?
Warning: ?????? PARDISO????? MUMPS?
????? 
????????797914??? 234606 ????????
-          ????:  19 % - ????? 1
Memory: 3139/3603 407362/407885
--         ????:  22 % - ??????
Memory: 3197/3603 407398/407885
---        ????:  36 % - 
Memory: 3205/3603 407398/407885
???????
??????
?? (comp_v3_solid_solver.T): 2.9e+02
???????????
---        ????:  37 % - ????
Memory: 3224/3603 407398/407885
-------    ????:  73 % - ??????????
Memory: 3243/3603 407400/407885
Iter      SolEst     Damping    Stepsize #Res #Jac #Sol LinIt   LinErr   LinRes
-------    ????:  73 % - ???????
Memory: 3258/3603 407406/407885
--------   ????:  88 % - ???????
---------  ????:  96 % - ???????
Memory: 3283/3603 407406/407885
---------  ????:  98 % - ???????
   1        0.13   1.0000000        0.13    1    1    1    11  0.00058  0.00054
---------- ????: 100 % - ??????
---------- ????: 100 % - 
Memory: 3342/3603 407563/407885
?????4 s?
????: 3.43 GB
????: 407.67 GB
Warning: ?????? PARDISO????? MUMPS?
?????2026?5?17? ??2:01:31?
----- ??/? 1 (sol1) ???????? 1? ----------------------------------------------->
<---- ??/? 1 (sol1) ???????: ??? -----------------------------------------------
??? 2026?5?17? ??2:01:32?
?????: ????????
? Apple M1 Pro ????
??????? 1 ???? 192.168.0.106 ??? 8 ?????
?????32.77 GB?
           ????:   5 % - ????: ??
Memory: 3337/3603 407541/407885
           ????:   5 % - ?????????
Memory: 3338/3603 407541/407885
???3?
????: 3.34 GB
????: 407.54 GB
?????2026?5?17? ??2:01:35?
----- ??/? 1 (sol1) ???????: ??? ---------------------------------------------->
<---- ??/? 1 (sol1) ?????? 1? --------------------------------------------------
??? 2026?5?17? ??2:01:35?
           ????:   5 % - ??? 1
?????0 s?
????: 3.34 GB
????: 407.54 GB
?????2026?5?17? ??2:01:36?
----- ??/? 1 (sol1) ?????? 1? ------------------------------------------------->
<---- ??/? 1 (sol1) ???????? 1? ------------------------------------------------
??? 2026?5?17? ??2:01:36?
Warning: ?????? PARDISO????? MUMPS?
????? 
????????797914??? 234606 ????????
-          ????:  19 % - ????? 1
--         ????:  22 % - ??????
Memory: 3340/3603 407541/407885
???????
---        ????:  37 % - 
??????
?? (comp_v3_solid_solver.T): 2.9e+02
???????????
---        ????:  37 % - ????
-------    ????:  73 % - ??????????
Memory: 3352/3603 407553/407885
Iter      SolEst     Damping    Stepsize #Res #Jac #Sol LinIt   LinErr   LinRes
-------    ????:  73 % - ???????
Memory: 3345/3603 407549/407885
--------   ????:  88 % - ???????
---------  ????:  96 % - ???????
---------  ????:  98 % - ???????
   1        0.14   1.0000000        0.14    1    1    1    11  0.00074   0.0006
---------- ????: 100 % - 
Memory: 3365/3603 407579/407885
?????4 s?
????: 3.45 GB
????: 407.69 GB
Warning: ?????? PARDISO????? MUMPS?
?????2026?5?17? ??2:01:39?
----- ??/? 1 (sol1) ???????? 1? ----------------------------------------------->
<---- ??/? 1 (sol1) ???????: ??? -----------------------------------------------
??? 2026?5?17? ??2:01:40?
?????: ????????
? Apple M1 Pro ????
??????? 1 ???? 192.168.0.106 ??? 8 ?????
?????32.77 GB?
           ????:   5 % - ????: ??
Memory: 3361/3603 407557/407885
           ????:   5 % - ?????????
???3?
????: 3.36 GB
????: 407.56 GB
?????2026?5?17? ??2:01:43?
----- ??/? 1 (sol1) ???????: ??? ---------------------------------------------->
<---- ??/? 1 (sol1) ?????? 1? --------------------------------------------------
??? 2026?5?17? ??2:01:43?
           ????:   5 % - ??? 1
?????0 s?
????: 3.36 GB
????: 407.56 GB
?????2026?5?17? ??2:01:44?
----- ??/? 1 (sol1) ?????? 1? ------------------------------------------------->
<---- ??/? 1 (sol1) ???????? 1? ------------------------------------------------
??? 2026?5?17? ??2:01:44?
Warning: ?????? PARDISO????? MUMPS?
????? 
????????797914??? 234606 ????????
-          ????:  19 % - ????? 1
Memory: 3362/3603 407557/407885
--         ????:  21 % - ??????
Memory: 3366/3603 407557/407885
---        ????:  34 % - ????
???????
??????
?? (comp_v3_solid_solver.T): 2.9e+02
???????????
---        ????:  37 % - ????
-------    ????:  73 % - ??????????
Iter      SolEst     Damping    Stepsize #Res #Jac #Sol LinIt   LinErr   LinRes
-------    ????:  73 % - ???????
Memory: 3373/3603 407563/407885
--------   ????:  88 % - ???????
Memory: 3373/3603 407564/407885
---------  ????:  95 % - ???????
---------  ????:  97 % - ???????
Memory: 3392/3603 407564/407885
   1        0.14   1.0000000        0.14    1    1    1    10  0.00098  0.00074
---------- ????: 100 % - ???????
---------- ????: 100 % - 
Memory: 3444/3603 407721/407885
?????4 s?
????: 3.54 GB
????: 407.83 GB
Warning: ?????? PARDISO????? MUMPS?
?????2026?5?17? ??2:01:47?
----- ??/? 1 (sol1) ???????? 1? ----------------------------------------------->
<---- ??/? 1 (sol1) ???????: ??? -----------------------------------------------
??? 2026?5?17? ??2:01:48?
?????: ????????
? Apple M1 Pro ????
??????? 1 ???? 192.168.0.106 ??? 8 ?????
?????32.77 GB?
           ????:   5 % - ????: ??
Memory: 3444/3603 407699/407885
           ????:   5 % - ?????????
???3?
????: 3.44 GB
????: 407.7 GB
?????2026?5?17? ??2:01:52?
----- ??/? 1 (sol1) ???????: ??? ---------------------------------------------->
<---- ??/? 1 (sol1) ?????? 1? --------------------------------------------------
??? 2026?5?17? ??2:01:52?
           ????:   5 % - ??? 1
?????0 s?
????: 3.44 GB
????: 407.7 GB
?????2026?5?17? ??2:01:52?
----- ??/? 1 (sol1) ?????? 1? ------------------------------------------------->
<---- ??/? 1 (sol1) ???????? 1? ------------------------------------------------
??? 2026?5?17? ??2:01:52?
Warning: ?????? PARDISO????? MUMPS?
????? 
????????797914??? 234606 ????????
-          ????:  19 % - ????? 1
--         ????:  21 % - ??????
Memory: 3447/3603 407699/407885
---        ????:  34 % - ????
Memory: 3451/3603 407699/407885
???????
??????
?? (comp_v3_solid_solver.T): 2.9e+02
???????????
---        ????:  37 % - ????
-------    ????:  73 % - ??????????
Iter      SolEst     Damping    Stepsize #Res #Jac #Sol LinIt   LinErr   LinRes
-------    ????:  73 % - ???????
Memory: 3459/3603 407715/407885
--------   ????:  88 % - ???????
---------  ????:  96 % - ???????
---------  ????:  98 % - ???????
   1        0.15   1.0000000        0.15    1    1    1    10  0.00099  0.00066
---------- ????: 100 % - 
Memory: 3470/3603 407740/407885
?????4 s?
????: 3.56 GB
????: 407.85 GB
Warning: ?????? PARDISO????? MUMPS?
?????2026?5?17? ??2:01:55?
----- ??/? 1 (sol1) ???????? 1? ----------------------------------------------->
<---- ??/? 1 (sol1) ???????: ??? -----------------------------------------------
??? 2026?5?17? ??2:01:57?
?????: ????????
? Apple M1 Pro ????
??????? 1 ???? 192.168.0.106 ??? 8 ?????
?????32.77 GB?
           ????:   5 % - ????: ??
Memory: 3474/3603 407717/407885
           ????:   5 % - ?????????
Memory: 3492/3603 407717/407885
???3?
????: 3.49 GB
????: 407.72 GB
?????2026?5?17? ??2:02:00?
----- ??/? 1 (sol1) ???????: ??? ---------------------------------------------->
<---- ??/? 1 (sol1) ?????? 1? --------------------------------------------------
??? 2026?5?17? ??2:02:00?
           ????:   5 % - ??? 1
Memory: 3493/3603 407717/407885
?????0 s?
????: 3.49 GB
????: 407.72 GB
?????2026?5?17? ??2:02:00?
----- ??/? 1 (sol1) ?????? 1? ------------------------------------------------->
<---- ??/? 1 (sol1) ???????? 1? ------------------------------------------------
??? 2026?5?17? ??2:02:00?
Warning: ?????? PARDISO????? MUMPS?
????? 
????????797914??? 234606 ????????
-          ????:  19 % - ????? 1
--         ????:  22 % - ??????
???????
---        ????:  37 % - 
Memory: 3657/3657 407878/407885
??????
?? (comp_v3_solid_solver.T): 2.9e+02
???????????
---        ????:  37 % - ????
Memory: 3692/3692 407878/407885
-------    ????:  73 % - ??????????
Memory: 3708/3708 407888/407888
Iter      SolEst     Damping    Stepsize #Res #Jac #Sol LinIt   LinErr   LinRes
-------    ????:  73 % - ???????
Memory: 3706/3708 407886/407888
--------   ????:  88 % - ???????
---------  ????:  96 % - ???????
---------  ????:  99 % - ???????
   1        0.11   1.0000000        0.11    1    1    1    10  0.00098  0.00075
---------- ????: 100 % - 
Memory: 3717/3717 407910/407910
?????4 s?
????: 3.8 GB
????: 408.02 GB
Warning: ?????? PARDISO????? MUMPS?
?????2026?5?17? ??2:02:03?
----- ??/? 1 (sol1) ???????? 1? ----------------------------------------------->
<---- ??/? 1 (sol1) ???????: ??? -----------------------------------------------
??? 2026?5?17? ??2:02:05?
?????: ????????
? Apple M1 Pro ????
??????? 1 ???? 192.168.0.106 ??? 8 ?????
?????32.77 GB?
           ????:   5 % - ????: ??
Memory: 3727/3803 407892/408020
           ????:   5 % - ?????????
???3?
????: 3.73 GB
????: 407.89 GB
?????2026?5?17? ??2:02:08?
----- ??/? 1 (sol1) ???????: ??? ---------------------------------------------->
<---- ??/? 1 (sol1) ?????? 1? --------------------------------------------------
??? 2026?5?17? ??2:02:08?
           ????:   5 % - ??? 1
Memory: 3728/3803 407892/408020
?????0 s?
????: 3.73 GB
????: 407.89 GB
?????2026?5?17? ??2:02:08?
----- ??/? 1 (sol1) ?????? 1? ------------------------------------------------->
<---- ??/? 1 (sol1) ???????? 1? ------------------------------------------------
??? 2026?5?17? ??2:02:08?
Warning: ?????? PARDISO????? MUMPS?
????? 
????????797914??? 234606 ????????
-          ????:  19 % - ????? 1
--         ????:  22 % - ??????
???????
---        ????:  37 % - 
??????
?? (comp_v3_solid_solver.T): 2.9e+02
???????????
---        ????:  37 % - ????
-------    ????:  73 % - ??????????
Memory: 3749/3803 407901/408020
Iter      SolEst     Damping    Stepsize #Res #Jac #Sol LinIt   LinErr   LinRes
-------    ????:  73 % - ???????
Memory: 3749/3803 407903/408020
--------   ????:  88 % - ???????
---------  ????:  96 % - ???????
Memory: 3755/3803 407903/408020
---------  ????:  98 % - ???????
   1        0.12   1.0000000        0.12    1    1    1    10  0.00099  0.00067
---------- ????: 100 % - 
Memory: 3766/3803 407929/408020
?????4 s?
????: 3.85 GB
????: 408.03 GB
Warning: ?????? PARDISO????? MUMPS?
?????2026?5?17? ??2:02:11?
----- ??/? 1 (sol1) ???????? 1? ----------------------------------------------->
<---- ??/? 1 (sol1) ???????: ??? -----------------------------------------------
??? 2026?5?17? ??2:02:12?
?????: ????????
? Apple M1 Pro ????
??????? 1 ???? 192.168.0.106 ??? 8 ?????
?????32.77 GB?
           ????:   5 % - ????: ??
Memory: 3765/3852 407908/408032
           ????:   5 % - ?????????
???3?
????: 3.77 GB
????: 407.91 GB
?????2026?5?17? ??2:02:16?
----- ??/? 1 (sol1) ???????: ??? ---------------------------------------------->
<---- ??/? 1 (sol1) ?????? 1? --------------------------------------------------
??? 2026?5?17? ??2:02:16?
           ????:   5 % - ??? 1
Memory: 3781/3852 407908/408032
?????0 s?
????: 3.78 GB
????: 407.91 GB
?????2026?5?17? ??2:02:16?
----- ??/? 1 (sol1) ?????? 1? ------------------------------------------------->
<---- ??/? 1 (sol1) ???????? 1? ------------------------------------------------
??? 2026?5?17? ??2:02:16?
Warning: ?????? PARDISO????? MUMPS?
????? 
????????797914??? 234606 ????????
-          ????:  19 % - ????? 1
Memory: 3785/3852 407908/408032
--         ????:  21 % - ??????
---        ????:  37 % - 
???????
??????
?? (comp_v3_solid_solver.T): 2.9e+02
???????????
---        ????:  37 % - ????
Memory: 3789/3852 407908/408032
-------    ????:  73 % - ??????????
Memory: 3790/3852 407908/408032
Iter      SolEst     Damping    Stepsize #Res #Jac #Sol LinIt   LinErr   LinRes
-------    ????:  73 % - ???????
Memory: 3813/3852 407917/408032
--------   ????:  88 % - ???????
---------  ????:  96 % - ???????
---------  ????:  97 % - ???????
   1        0.12   1.0000000        0.12    1    1    1    11  0.00067  0.00065
---------- ????: 100 % - ??????
Memory: 3814/3852 407917/408032
---------- ????: 100 % - 
Memory: 3830/3852 407946/408032
?????4 s?
????: 3.92 GB
????: 408.05 GB
Warning: ?????? PARDISO????? MUMPS?
?????2026?5?17? ??2:02:19?
----- ??/? 1 (sol1) ???????? 1? ----------------------------------------------->
<---- ??/? 1 (sol1) ???????: ??? -----------------------------------------------
??? 2026?5?17? ??2:02:20?
?????: ????????
? Apple M1 Pro ????
??????? 1 ???? 192.168.0.106 ??? 8 ?????
?????32.77 GB?
           ????:   5 % - ????: ??
Memory: 3825/3916 407927/408054
           ????:   5 % - ?????????
???3?
????: 3.83 GB
????: 407.93 GB
?????2026?5?17? ??2:02:23?
----- ??/? 1 (sol1) ???????: ??? ---------------------------------------------->
<---- ??/? 1 (sol1) ?????? 1? --------------------------------------------------
??? 2026?5?17? ??2:02:23?
           ????:   5 % - ??? 1
?????0 s?
????: 3.83 GB
????: 407.93 GB
?????2026?5?17? ??2:02:24?
----- ??/? 1 (sol1) ?????? 1? ------------------------------------------------->
<---- ??/? 1 (sol1) ???????? 1? ------------------------------------------------
??? 2026?5?17? ??2:02:24?
Warning: ?????? PARDISO????? MUMPS?
????? 
????????797914??? 234606 ????????
-          ????:  19 % - ????? 1
--         ????:  22 % - ??????
---        ????:  37 % - 
???????
??????
?? (comp_v3_solid_solver.T): 2.9e+02
???????????
---        ????:  37 % - ????
Memory: 3833/3916 407927/408054
-------    ????:  73 % - ??????????
Memory: 3837/3916 407927/408054
Iter      SolEst     Damping    Stepsize #Res #Jac #Sol LinIt   LinErr   LinRes
-------    ????:  73 % - ???????
Memory: 3842/3916 407934/408054
--------   ????:  88 % - ???????
---------  ????:  96 % - ???????
---------  ????:  98 % - ???????
   1        0.13   1.0000000        0.13    1    1    1    11  0.00071   0.0006
---------- ????: 100 % - ??????
---------- ????: 100 % - 
Memory: 3860/3916 407962/408054
?????4 s?
????: 3.95 GB
????: 408.07 GB
Warning: ?????? PARDISO????? MUMPS?
?????2026?5?17? ??2:02:27?
----- ??/? 1 (sol1) ???????? 1? ----------------------------------------------->
<---- ??/? 1 (sol1) ???????: ??? -----------------------------------------------
??? 2026?5?17? ??2:02:28?
?????: ????????
? Apple M1 Pro ????
??????? 1 ???? 192.168.0.106 ??? 8 ?????
?????32.77 GB?
           ????:   5 % - ????: ??
Memory: 3742/3948 407814/408073
           ????:   5 % - ?????????
???3?
????: 3.74 GB
????: 407.81 GB
?????2026?5?17? ??2:02:31?
----- ??/? 1 (sol1) ???????: ??? ---------------------------------------------->
<---- ??/? 1 (sol1) ?????? 1? --------------------------------------------------
??? 2026?5?17? ??2:02:31?
           ????:   5 % - ??? 1
?????0 s?
????: 3.74 GB
????: 407.81 GB
?????2026?5?17? ??2:02:31?
----- ??/? 1 (sol1) ?????? 1? ------------------------------------------------->
<---- ??/? 1 (sol1) ???????? 1? ------------------------------------------------
??? 2026?5?17? ??2:02:31?
Warning: ?????? PARDISO????? MUMPS?
????? 
????????797914??? 234606 ????????
-          ????:  19 % - ????? 1
Memory: 3747/3948 407814/408073
--         ????:  21 % - ??????
Memory: 3753/3948 407814/408073
???????
---        ????:  37 % - 
??????
?? (comp_v3_solid_solver.T): 2.9e+02
???????????
---        ????:  37 % - ????
Memory: 3760/3948 407814/408073
-------    ????:  73 % - ??????????
Memory: 3765/3948 407820/408073
Iter      SolEst     Damping    Stepsize #Res #Jac #Sol LinIt   LinErr   LinRes
-------    ????:  73 % - ???????
Memory: 3761/3948 407821/408073
--------   ????:  88 % - ???????
---------  ????:  96 % - ???????
---------  ????:  98 % - ???????
   1        0.13   1.0000000        0.13    1    1    1    10  0.00098   0.0007
---------- ????: 100 % - 
Memory: 3776/3948 407848/408073
?????4 s?
????: 3.87 GB
????: 407.97 GB
Warning: ?????? PARDISO????? MUMPS?
?????2026?5?17? ??2:02:35?
----- ??/? 1 (sol1) ???????? 1? ----------------------------------------------->
<---- ??/? 1 (sol1) ???????: ??? -----------------------------------------------
??? 2026?5?17? ??2:02:36?
?????: ????????
? Apple M1 Pro ????
??????? 1 ???? 192.168.0.106 ??? 8 ?????
?????32.77 GB?
           ????:   5 % - ????: ??
Memory: 3776/3948 407829/408073
           ????:   5 % - ?????????
???3?
????: 3.78 GB
????: 407.83 GB
?????2026?5?17? ??2:02:39?
----- ??/? 1 (sol1) ???????: ??? ---------------------------------------------->
<---- ??/? 1 (sol1) ?????? 1? --------------------------------------------------
??? 2026?5?17? ??2:02:39?
           ????:   5 % - ??? 1
Memory: 3777/3948 407829/408073
?????0 s?
????: 3.78 GB
????: 407.83 GB
?????2026?5?17? ??2:02:39?
----- ??/? 1 (sol1) ?????? 1? ------------------------------------------------->
<---- ??/? 1 (sol1) ???????? 1? ------------------------------------------------
??? 2026?5?17? ??2:02:39?
Warning: ?????? PARDISO????? MUMPS?
????? 
????????797914??? 234606 ????????
-          ????:  19 % - ????? 1
--         ????:  22 % - ??????
???????
??????
?? (comp_v3_solid_solver.T): 2.9e+02
---        ????:  37 % - 
Memory: 3938/3948 407990/408073
???????????
---        ????:  37 % - ????
-------    ????:  73 % - ??????????
Memory: 3948/3948 408000/408073
Iter      SolEst     Damping    Stepsize #Res #Jac #Sol LinIt   LinErr   LinRes
-------    ????:  73 % - ???????
Memory: 3941/3948 407999/408073
--------   ????:  88 % - ???????
---------  ????:  96 % - ???????
---------  ????:  98 % - ???????
   1        0.14   1.0000000        0.14    1    1    1    11  0.00062  0.00058
---------- ????: 100 % - 
Memory: 3956/3956 408028/408073
?????4 s?
????: 4.05 GB
????: 408.14 GB
Warning: ?????? PARDISO????? MUMPS?
?????2026?5?17? ??2:02:43?
----- ??/? 1 (sol1) ???????? 1? ----------------------------------------------->
<---- ??/? 1 (sol1) ???????: ??? -----------------------------------------------
??? 2026?5?17? ??2:02:44?
?????: ????????
? Apple M1 Pro ????
??????? 1 ???? 192.168.0.106 ??? 8 ?????
?????32.77 GB?
           ????:   5 % - ????: ??
Memory: 3954/4045 408004/408141
           ????:   5 % - ?????????
???3?
????: 3.95 GB
????: 408 GB
?????2026?5?17? ??2:02:47?
----- ??/? 1 (sol1) ???????: ??? ---------------------------------------------->
<---- ??/? 1 (sol1) ?????? 1? --------------------------------------------------
??? 2026?5?17? ??2:02:47?
           ????:   5 % - ??? 1
?????0 s?
????: 3.95 GB
????: 408 GB
?????2026?5?17? ??2:02:47?
----- ??/? 1 (sol1) ?????? 1? ------------------------------------------------->
<---- ??/? 1 (sol1) ???????? 1? ------------------------------------------------
??? 2026?5?17? ??2:02:47?
Warning: ?????? PARDISO????? MUMPS?
????? 
????????797914??? 234606 ????????
-          ????:  19 % - ????? 1
--         ????:  21 % - ??????
---        ????:  37 % - 
???????
??????
?? (comp_v3_solid_solver.T): 2.9e+02
???????????
---        ????:  37 % - ????
-------    ????:  73 % - ??????????
Iter      SolEst     Damping    Stepsize #Res #Jac #Sol LinIt   LinErr   LinRes
-------    ????:  73 % - ???????
Memory: 3956/4045 408011/408141
--------   ????:  88 % - ???????
---------  ????:  96 % - ???????
---------  ????:  98 % - ???????
   1        0.14   1.0000000        0.14    1    1    1    11  0.00074  0.00061
---------- ????: 100 % - 
?????4 s?
????: 4.09 GB
????: 408.27 GB
Warning: ?????? PARDISO????? MUMPS?
?????2026?5?17? ??2:02:51?
----- ??/? 1 (sol1) ???????? 1? ----------------------------------------------->
<---- ??/? 1 (sol1) ???????: ??? -----------------------------------------------
??? 2026?5?17? ??2:02:52?
?????: ????????
? Apple M1 Pro ????
??????? 1 ???? 192.168.0.106 ??? 8 ?????
?????32.77 GB?
           ????:   5 % - ????: ??
Memory: 4005/4087 408147/408271
           ????:   5 % - ?????????
???3?
????: 4.01 GB
????: 408.15 GB
?????2026?5?17? ??2:02:55?
----- ??/? 1 (sol1) ???????: ??? ---------------------------------------------->
<---- ??/? 1 (sol1) ?????? 1? --------------------------------------------------
??? 2026?5?17? ??2:02:55?
           ????:   5 % - ??? 1
Memory: 4007/4087 408147/408271
?????0 s?
????: 4.01 GB
????: 408.15 GB
?????2026?5?17? ??2:02:55?
----- ??/? 1 (sol1) ?????? 1? ------------------------------------------------->
<---- ??/? 1 (sol1) ???????? 1? ------------------------------------------------
??? 2026?5?17? ??2:02:55?
Warning: ?????? PARDISO????? MUMPS?
????? 
????????797914??? 234606 ????????
-          ????:  19 % - ????? 1
--         ????:  21 % - ??????
Memory: 4028/4087 408147/408271
???????
??????
?? (comp_v3_solid_solver.T): 2.9e+02
---        ????:  37 % - 
???????????
---        ????:  37 % - ????
Memory: 4041/4087 408147/408271
-------    ????:  73 % - ??????????
Memory: 4067/4087 408155/408271
Iter      SolEst     Damping    Stepsize #Res #Jac #Sol LinIt   LinErr   LinRes
-------    ????:  73 % - ???????
Memory: 4064/4087 408154/408271
--------   ????:  88 % - ???????
---------  ????:  96 % - ???????
---------  ????:  99 % - ???????
   1        0.14   1.0000000        0.14    1    1    1    11  0.00066  0.00059
---------- ????: 100 % - 
Memory: 4075/4087 408178/408271
?????4 s?
????: 4.17 GB
????: 408.29 GB
Warning: ?????? PARDISO????? MUMPS?
?????2026?5?17? ??2:02:59?
----- ??/? 1 (sol1) ???????? 1? ----------------------------------------------->
<---- ??/? 1 (sol1) ???????: ??? -----------------------------------------------
??? 2026?5?17? ??2:03:00?
?????: ????????
? Apple M1 Pro ????
??????? 1 ???? 192.168.0.106 ??? 8 ?????
?????32.77 GB?
           ????:   5 % - ????: ??
Memory: 4075/4165 408162/408287
           ????:   5 % - ?????????
???3?
????: 4.08 GB
????: 408.16 GB
?????2026?5?17? ??2:03:03?
----- ??/? 1 (sol1) ???????: ??? ---------------------------------------------->
<---- ??/? 1 (sol1) ?????? 1? --------------------------------------------------
??? 2026?5?17? ??2:03:03?
           ????:   5 % - ??? 1
?????0 s?
????: 4.08 GB
????: 408.16 GB
?????2026?5?17? ??2:03:03?
----- ??/? 1 (sol1) ?????? 1? ------------------------------------------------->
<---- ??/? 1 (sol1) ???????? 1? ------------------------------------------------
??? 2026?5?17? ??2:03:03?
Warning: ?????? PARDISO????? MUMPS?
????? 
????????797914??? 234606 ????????
-          ????:  19 % - ????? 1
--         ????:  22 % - ??????
---        ????:  37 % - 
???????
??????
?? (comp_v3_solid_solver.T): 2.9e+02
???????????
---        ????:  37 % - ????
-------    ????:  73 % - ??????????
Memory: 4079/4165 408166/408287
Iter      SolEst     Damping    Stepsize #Res #Jac #Sol LinIt   LinErr   LinRes
-------    ????:  73 % - ???????
Memory: 4084/4165 408173/408287
--------   ????:  88 % - ???????
---------  ????:  96 % - ???????
---------  ????:  98 % - ???????
   1        0.15   1.0000000        0.15    1    1    1    11   0.0006  0.00056
---------- ????: 100 % - 
?????4 s?
????: 4.18 GB
????: 408.31 GB
Warning: ?????? PARDISO????? MUMPS?
?????2026?5?17? ??2:03:07?
----- ??/? 1 (sol1) ???????? 1? ----------------------------------------------->
<---- ??/? 1 (sol1) ???????: ??? -----------------------------------------------
??? 2026?5?17? ??2:03:08?
?????: ????????
? Apple M1 Pro ????
??????? 1 ???? 192.168.0.106 ??? 8 ?????
?????32.77 GB?
           ????:   5 % - ????: ??
Memory: 4184/4184 408170/408313
           ????:   5 % - ?????????
???3?
????: 4.18 GB
????: 408.17 GB
?????2026?5?17? ??2:03:11?
----- ??/? 1 (sol1) ???????: ??? ---------------------------------------------->
<---- ??/? 1 (sol1) ?????? 1? --------------------------------------------------
??? 2026?5?17? ??2:03:11?
           ????:   5 % - ??? 1
?????0 s?
????: 4.18 GB
????: 408.17 GB
?????2026?5?17? ??2:03:11?
----- ??/? 1 (sol1) ?????? 1? ------------------------------------------------->
<---- ??/? 1 (sol1) ???????? 1? ------------------------------------------------
??? 2026?5?17? ??2:03:11?
Warning: ?????? PARDISO????? MUMPS?
????? 
????????797914??? 234606 ????????
-          ????:  19 % - ????? 1
--         ????:  22 % - ??????
---        ????:  37 % - 
???????
??????
?? (comp_v3_solid_solver.T): 2.9e+02
???????????
---        ????:  37 % - ????
-------    ????:  73 % - ??????????
Iter      SolEst     Damping    Stepsize #Res #Jac #Sol LinIt   LinErr   LinRes
-------    ????:  73 % - ???????
Memory: 4193/4193 408184/408313
--------   ????:  88 % - ???????
---------  ????:  96 % - ???????
---------  ????:  98 % - ???????
Memory: 4211/4211 408184/408313
   1        0.11   1.0000000        0.11    1    1    1    11  0.00069   0.0006
---------- ????: 100 % - ????
---------- ????: 100 % - 
Memory: 4224/4224 408208/408313
?????4 s?
????: 4.31 GB
????: 408.33 GB
Warning: ?????? PARDISO????? MUMPS?
?????2026?5?17? ??2:03:15?
----- ??/? 1 (sol1) ???????? 1? ----------------------------------------------->
<---- ??/? 1 (sol1) ???????: ??? -----------------------------------------------
??? 2026?5?17? ??2:03:16?
?????: ????????
? Apple M1 Pro ????
??????? 1 ???? 192.168.0.106 ??? 8 ?????
?????32.77 GB?
           ????:   5 % - ????: ??
Memory: 4227/4307 408192/408325
           ????:   5 % - ?????????
???3?
????: 4.23 GB
????: 408.19 GB
?????2026?5?17? ??2:03:19?
----- ??/? 1 (sol1) ???????: ??? ---------------------------------------------->
<---- ??/? 1 (sol1) ?????? 1? --------------------------------------------------
??? 2026?5?17? ??2:03:19?
           ????:   5 % - ??? 1
?????0 s?
????: 4.23 GB
????: 408.19 GB
?????2026?5?17? ??2:03:19?
----- ??/? 1 (sol1) ?????? 1? ------------------------------------------------->
<---- ??/? 1 (sol1) ???????? 1? ------------------------------------------------
??? 2026?5?17? ??2:03:19?
Warning: ?????? PARDISO????? MUMPS?
????? 
????????797914??? 234606 ????????
-          ????:  19 % - ????? 1
--         ????:  22 % - ??????
---        ????:  37 % - 
???????
??????
?? (comp_v3_solid_solver.T): 2.9e+02
???????????
---        ????:  37 % - ????
------     ????:  64 % - ????
-------    ????:  73 % - ??????????
Memory: 4230/4307 408201/408325
Iter      SolEst     Damping    Stepsize #Res #Jac #Sol LinIt   LinErr   LinRes
--------   ????:  88 % - ???????
Memory: 4230/4307 408202/408325
---------  ????:  95 % - ???????
---------  ????:  97 % - ???????
---------- ????: 100 % - ???????
   1        0.12   1.0000000        0.12    1    1    1    11  0.00068  0.00065
---------- ????: 100 % - 
Memory: 4243/4307 408226/408325
?????4 s?
????: 4.33 GB
????: 408.33 GB
Warning: ?????? PARDISO????? MUMPS?
?????2026?5?17? ??2:03:23?
----- ??/? 1 (sol1) ???????? 1? ----------------------------------------------->
<---- ??/? 1 (sol1) ???????: ??? -----------------------------------------------
??? 2026?5?17? ??2:03:24?
?????: ????????
? Apple M1 Pro ????
??????? 1 ???? 192.168.0.106 ??? 8 ?????
?????32.77 GB?
           ????:   5 % - ????: ??
Memory: 4239/4332 408208/408334
           ????:   5 % - ?????????
Memory: 4240/4332 408208/408334
???3?
????: 4.24 GB
????: 408.21 GB
?????2026?5?17? ??2:03:27?
----- ??/? 1 (sol1) ???????: ??? ---------------------------------------------->
<---- ??/? 1 (sol1) ?????? 1? --------------------------------------------------
??? 2026?5?17? ??2:03:27?
           ????:   5 % - ??? 1
?????0 s?
????: 4.24 GB
????: 408.21 GB
?????2026?5?17? ??2:03:27?
----- ??/? 1 (sol1) ?????? 1? ------------------------------------------------->
<---- ??/? 1 (sol1) ???????? 1? ------------------------------------------------
??? 2026?5?17? ??2:03:27?
Warning: ?????? PARDISO????? MUMPS?
????? 
????????797914??? 234606 ????????
-          ????:  19 % - ????? 1
--         ????:  21 % - ??????
---        ????:  33 % - ????
???????
??????
?? (comp_v3_solid_solver.T): 2.9e+02
???????????
---        ????:  37 % - ????
------     ????:  64 % - ????
-------    ????:  73 % - ??????????
Memory: 4244/4332 408210/408334
Iter      SolEst     Damping    Stepsize #Res #Jac #Sol LinIt   LinErr   LinRes
--------   ????:  87 % - ???????
Memory: 4244/4332 408214/408334
---------  ????:  95 % - ???????
---------  ????:  96 % - ???????
---------- ????: 100 % - ???????
   1        0.13   1.0000000        0.13    1    1    1    11  0.00088  0.00095
---------- ????: 100 % - 
Memory: 4260/4332 408244/408334
?????4 s?
????: 4.35 GB
????: 408.35 GB
Warning: ?????? PARDISO????? MUMPS?
?????2026?5?17? ??2:03:30?
----- ??/? 1 (sol1) ???????? 1? ----------------------------------------------->
<---- ??/? 1 (sol1) ???????: ??? -----------------------------------------------
??? 2026?5?17? ??2:03:32?
?????: ????????
? Apple M1 Pro ????
??????? 1 ???? 192.168.0.106 ??? 8 ?????
?????32.77 GB?
           ????:   5 % - ????: ??
Memory: 4255/4346 408222/408346
           ????:   5 % - ?????????
Memory: 4256/4346 408222/408346
???3?
????: 4.26 GB
????: 408.22 GB
?????2026?5?17? ??2:03:35?
----- ??/? 1 (sol1) ???????: ??? ---------------------------------------------->
<---- ??/? 1 (sol1) ?????? 1? --------------------------------------------------
??? 2026?5?17? ??2:03:35?
           ????:   5 % - ??? 1
?????0 s?
????: 4.26 GB
????: 408.22 GB
?????2026?5?17? ??2:03:35?
----- ??/? 1 (sol1) ?????? 1? ------------------------------------------------->
<---- ??/? 1 (sol1) ???????? 1? ------------------------------------------------
??? 2026?5?17? ??2:03:35?
Warning: ?????? PARDISO????? MUMPS?
????? 
????????797914??? 234606 ????????
-          ????:  19 % - ????? 1
--         ????:  22 % - ??????
---        ????:  37 % - ????
???????
??????
?? (comp_v3_solid_solver.T): 2.9e+02
???????????
---        ????:  37 % - ????
------     ????:  64 % - ????
Iter      SolEst     Damping    Stepsize #Res #Jac #Sol LinIt   LinErr   LinRes
-------    ????:  73 % - ???????
Memory: 4269/4346 408235/408346
--------   ????:  88 % - ???????
Memory: 4269/4346 408238/408346
---------  ????:  96 % - ???????
---------  ????:  97 % - ???????
---------- ????: 100 % - ???????
   1        0.13   1.0000000        0.13    1    1    1    11  0.00073  0.00062
---------- ????: 100 % - 
Memory: 4285/4346 408267/408346
?????4 s?
????: 4.37 GB
????: 408.38 GB
Warning: ?????? PARDISO????? MUMPS?
?????2026?5?17? ??2:03:38?
----- ??/? 1 (sol1) ???????? 1? ----------------------------------------------->
<---- ??/? 1 (sol1) ???????: ??? -----------------------------------------------
??? 2026?5?17? ??2:03:39?
?????: ????????
? Apple M1 Pro ????
??????? 1 ???? 192.168.0.106 ??? 8 ?????
?????32.77 GB?
           ????:   5 % - ????: ??
Memory: 4276/4374 408239/408375
           ????:   5 % - ?????????
???3?
????: 4.28 GB
????: 408.24 GB
?????2026?5?17? ??2:03:43?
----- ??/? 1 (sol1) ???????: ??? ---------------------------------------------->
<---- ??/? 1 (sol1) ?????? 1? --------------------------------------------------
??? 2026?5?17? ??2:03:43?
           ????:   5 % - ??? 1
?????0 s?
????: 4.28 GB
????: 408.24 GB
?????2026?5?17? ??2:03:43?
----- ??/? 1 (sol1) ?????? 1? ------------------------------------------------->
<---- ??/? 1 (sol1) ???????? 1? ------------------------------------------------
??? 2026?5?17? ??2:03:43?
Warning: ?????? PARDISO????? MUMPS?
????? 
????????797914??? 234606 ????????
           ????:   9 % - ????? 1
--         ????:  22 % - ??????
Memory: 4289/4374 408239/408375
---        ????:  36 % - ????
Memory: 4295/4374 408239/408375
???????
??????
?? (comp_v3_solid_solver.T): 2.9e+02
???????????
---        ????:  37 % - ????
-------    ????:  73 % - ??????????
Iter      SolEst     Damping    Stepsize #Res #Jac #Sol LinIt   LinErr   LinRes
--------   ????:  88 % - ???????
Memory: 4302/4374 408245/408375
---------  ????:  95 % - ???????
---------  ????:  97 % - ???????
   1        0.14   1.0000000        0.14    1    1    1    11  0.00067  0.00061
---------- ????: 100 % - ???????
---------- ????: 100 % - 
Memory: 4319/4374 408269/408375
?????4 s?
????: 4.41 GB
????: 408.38 GB
Warning: ?????? PARDISO????? MUMPS?
?????2026?5?17? ??2:03:46?
----- ??/? 1 (sol1) ???????? 1? ----------------------------------------------->
<---- ??/? 1 (sol1) ???????: ??? -----------------------------------------------
??? 2026?5?17? ??2:03:47?
?????: ????????
? Apple M1 Pro ????
??????? 1 ???? 192.168.0.106 ??? 8 ?????
?????32.77 GB?
           ????:   5 % - ????: ??
Memory: 4319/4412 408252/408383
           ????:   5 % - ?????????
???3?
????: 4.32 GB
????: 408.25 GB
?????2026?5?17? ??2:03:50?
----- ??/? 1 (sol1) ???????: ??? ---------------------------------------------->
<---- ??/? 1 (sol1) ?????? 1? --------------------------------------------------
??? 2026?5?17? ??2:03:50?
           ????:   5 % - ??? 1
?????0 s?
????: 4.32 GB
????: 408.25 GB
?????2026?5?17? ??2:03:50?
----- ??/? 1 (sol1) ?????? 1? ------------------------------------------------->
<---- ??/? 1 (sol1) ???????? 1? ------------------------------------------------
??? 2026?5?17? ??2:03:50?
Warning: ?????? PARDISO????? MUMPS?
????? 
????????797914??? 234606 ????????
-          ????:  19 % - ????? 1
--         ????:  21 % - ??????
Memory: 4328/4412 408261/408383
---        ????:  33 % - ????
???????
??????
?? (comp_v3_solid_solver.T): 2.9e+02
???????????
---        ????:  37 % - ????
-------    ????:  73 % - ??????????
Iter      SolEst     Damping    Stepsize #Res #Jac #Sol LinIt   LinErr   LinRes
-------    ????:  73 % - ???????
Memory: 4330/4412 408265/408383
--------   ????:  87 % - ???????
Memory: 4333/4412 408268/408383
---------  ????:  95 % - ???????
---------  ????:  97 % - ???????
Memory: 4339/4412 408268/408383
   1        0.15   1.0000000        0.15    1    1    1    11  0.00078   0.0008
---------- ????: 100 % - ????
---------- ????: 100 % - 
Memory: 4352/4412 408292/408383
?????4 s?
????: 4.44 GB
????: 408.4 GB
Warning: ?????? PARDISO????? MUMPS?
?????2026?5?17? ??2:03:54?
----- ??/? 1 (sol1) ???????? 1? ----------------------------------------------->
<---- ??/? 1 (sol1) ???????: ??? -----------------------------------------------
??? 2026?5?17? ??2:03:55?
?????: ????????
? Apple M1 Pro ????
??????? 1 ???? 192.168.0.106 ??? 8 ?????
?????32.77 GB?
           ????:   5 % - ????: ??
Memory: 4221/4441 408148/408400
           ????:   5 % - ?????????
???3?
????: 4.22 GB
????: 408.15 GB
?????2026?5?17? ??2:03:58?
----- ??/? 1 (sol1) ???????: ??? ---------------------------------------------->
<---- ??/? 1 (sol1) ?????? 1? --------------------------------------------------
??? 2026?5?17? ??2:03:58?
           ????:   5 % - ??? 1
?????0 s?
????: 4.22 GB
????: 408.15 GB
?????2026?5?17? ??2:03:58?
----- ??/? 1 (sol1) ?????? 1? ------------------------------------------------->
<---- ??/? 1 (sol1) ???????? 1? ------------------------------------------------
??? 2026?5?17? ??2:03:58?
Warning: ?????? PARDISO????? MUMPS?
????? 
????????797914??? 234606 ????????
-          ????:  19 % - ????? 1
--         ????:  22 % - ??????
---        ????:  34 % - 
???????
??????
?? (comp_v3_solid_solver.T): 2.9e+02
???????????
---        ????:  37 % - ????
Memory: 4224/4441 408148/408400
-------    ????:  73 % - ??????????
Iter      SolEst     Damping    Stepsize #Res #Jac #Sol LinIt   LinErr   LinRes
-------    ????:  73 % - ???????
Memory: 4229/4441 408157/408400
--------   ????:  88 % - ???????
---------  ????:  96 % - ???????
Memory: 4236/4441 408285/408400
---------  ????:  98 % - ???????
   1        0.14   1.0000000        0.14    1    1    1    11  0.00075  0.00062
---------- ????: 100 % - ????
---------- ????: 100 % - 
Memory: 4262/4441 408442/408442
?????4 s?
????: 4.35 GB
????: 408.55 GB
Warning: ?????? PARDISO????? MUMPS?
?????2026?5?17? ??2:04:02?
----- ??/? 1 (sol1) ???????? 1? ----------------------------------------------->
<---- ??/? 1 (sol1) ???????: ??? -----------------------------------------------
??? 2026?5?17? ??2:04:03?
?????: ????????
? Apple M1 Pro ????
??????? 1 ???? 192.168.0.106 ??? 8 ?????
?????32.77 GB?
           ????:   5 % - ????: ??
Memory: 4294/4441 408420/408550
           ????:   5 % - ?????????
Memory: 4302/4441 408420/408550
???3?
????: 4.3 GB
????: 408.42 GB
?????2026?5?17? ??2:04:06?
----- ??/? 1 (sol1) ???????: ??? ---------------------------------------------->
<---- ??/? 1 (sol1) ?????? 1? --------------------------------------------------
??? 2026?5?17? ??2:04:06?
           ????:   5 % - ??? 1
Memory: 4328/4441 408420/408550
?????0 s?
????: 4.33 GB
????: 408.42 GB
?????2026?5?17? ??2:04:06?
----- ??/? 1 (sol1) ?????? 1? ------------------------------------------------->
<---- ??/? 1 (sol1) ???????? 1? ------------------------------------------------
??? 2026?5?17? ??2:04:06?
Warning: ?????? PARDISO????? MUMPS?
????? 
????????797914??? 234606 ????????
-          ????:  19 % - ????? 1
Memory: 4345/4441 408420/408550
--         ????:  22 % - ??????
Memory: 4346/4441 408420/408550
---        ????:  36 % - ????
???????
??????
?? (comp_v3_solid_solver.T): 2.9e+02
???????????
---        ????:  37 % - ????
Memory: 4350/4441 408420/408550
-----      ????:  55 % - ????
Memory: 4362/4441 408420/408550
-------    ????:  73 % - ??????????
Memory: 4360/4441 408423/408550
Iter      SolEst     Damping    Stepsize #Res #Jac #Sol LinIt   LinErr   LinRes
--------   ????:  82 % - ???????
Memory: 4386/4441 408429/408550
---------  ????:  95 % - ???????
---------  ????:  97 % - ???????
---------  ????:  98 % - ???????
Memory: 4392/4441 408429/408550
   1        0.15   1.0000000        0.15    1    1    1    11  0.00069  0.00061
---------- ????: 100 % - 
Memory: 4445/4445 408459/408550
?????4 s?
????: 4.53 GB
????: 408.56 GB
Warning: ?????? PARDISO????? MUMPS?
?????2026?5?17? ??2:04:10?
----- ??/? 1 (sol1) ???????? 1? ----------------------------------------------->
<---- ??/? 1 (sol1) ???????: ??? -----------------------------------------------
??? 2026?5?17? ??2:04:11?
?????: ????????
? Apple M1 Pro ????
??????? 1 ???? 192.168.0.106 ??? 8 ?????
?????32.77 GB?
           ????:   5 % - ????: ??
Memory: 4311/4530 408309/408561
           ????:   5 % - ?????????
Memory: 4316/4530 408309/408561
???3?
????: 4.32 GB
????: 408.31 GB
?????2026?5?17? ??2:04:14?
----- ??/? 1 (sol1) ???????: ??? ---------------------------------------------->
<---- ??/? 1 (sol1) ?????? 1? --------------------------------------------------
??? 2026?5?17? ??2:04:14?
           ????:   5 % - ??? 1
?????0 s?
????: 4.32 GB
????: 408.31 GB
?????2026?5?17? ??2:04:14?
----- ??/? 1 (sol1) ?????? 1? ------------------------------------------------->
<---- ??/? 1 (sol1) ???????? 1? ------------------------------------------------
??? 2026?5?17? ??2:04:14?
Warning: ?????? PARDISO????? MUMPS?
????? 
????????797914??? 234606 ????????
-          ????:  19 % - ????? 1
Memory: 4319/4530 408309/408561
--         ????:  22 % - ??????
Memory: 4323/4530 408309/408561
---        ????:  37 % - 
???????
??????
?? (comp_v3_solid_solver.T): 2.9e+02
???????????
---        ????:  37 % - ????
------     ????:  64 % - ????
Iter      SolEst     Damping    Stepsize #Res #Jac #Sol LinIt   LinErr   LinRes
-------    ????:  73 % - ???????
Memory: 4328/4530 408313/408561
--------   ????:  87 % - ???????
Memory: 4328/4530 408316/408561
---------  ????:  95 % - ???????
---------  ????:  96 % - ???????
---------  ????:  98 % - ???????
   1        0.16   1.0000000        0.16    1    1    1    11  0.00072   0.0007
---------- ????: 100 % - 
Memory: 4344/4530 408344/408561
?????4 s?
????: 4.44 GB
????: 408.46 GB
Warning: ?????? PARDISO????? MUMPS?
?????2026?5?17? ??2:04:18?
----- ??/? 1 (sol1) ???????? 1? ----------------------------------------------->
????: 276 s.
??????: /Users/luolin/Documents/New project/110kV_RIP_bushing_project/comsol/run_solid_only_sweep_27_run007_Model.mph
????: 0 s.
???: 276 s.
---------- ????: 100 % - ??
Memory: 4338/4530 408324/408561
