*******************************************
***COMSOL 6.0.0.318 progress output file***
*******************************************
Sun May 17 13:59:43 CST 2026
COMSOL Multiphysics 6.0 (开发版本: 318) 在批处理模式下启动
正在运行: /Users/luolin/Documents/New project/110kV_RIP_bushing_project/comsol/run_solid_only_sweep_27_run007.class
顶点单元数：248
边界单元数：58710
-          当前进度:  18 % - 正在准备进行前沿网格划分
Memory: 719/719 405908/405908
-          当前进度:  19 % - 插入内部点
Memory: 788/788 405921/405921
--         当前进度:  20 % - 插入内部点
Memory: 797/797 405922/405922
--         当前进度:  21 % - 插入内部点
Memory: 805/805 405923/405923
--         当前进度:  25 % - 正在准备进行前沿网格划分
Memory: 811/811 405881/405923
--         当前进度:  26 % - 插入内部点
Memory: 814/814 405886/405923
--         当前进度:  27 % - 插入内部点
Memory: 816/816 405886/405923
--         当前进度:  28 % - 插入内部点
Memory: 817/817 405886/405923
---        当前进度:  31 % - 提高单元质量
---------  当前进度:  95 % - 提高单元质量
单元数：398775
---------  当前进度:  99 % - 正在定型网格
Memory: 1017/1017 405899/405923
---------- 当前进度: 100 % - 正在定型网格
Memory: 996/1017 405876/405923
最小单元质量：0.0488
<---- 研究/解 1 (sol1) 中的“编译方程: 稳态” -----------------------------------------------
开始于 2026年5月17日 下午2:00:33。
几何形函数: 二次拉格朗日单元
在 Apple M1 Pro 上运行。
在以下位置使用 1 个插槽： 192.168.0.106 上（共 8 个内核）。
可用内存：32.77 GB。
           当前进度:   5 % - 编译方程: 稳态
Memory: 1091/1091 405916/405923
           当前进度:   5 % - 正在创建可视化网格
Memory: 1200/1200 405961/405961
时间：13。
物理内存: 1.29 GB
虚拟内存: 406.04 GB
结束时间：2026年5月17日 下午2:00:46。
----- 研究/解 1 (sol1) 中的“编译方程: 稳态” ---------------------------------------------->
<---- 研究/解 1 (sol1) 中的“因变量 1” --------------------------------------------------
开始于 2026年5月17日 下午2:00:46。
           当前进度:   5 % - 因变量 1
Memory: 1331/1331 406170/406170
求解时间：0 s。
物理内存: 1.33 GB
虚拟内存: 406.17 GB
结束时间：2026年5月17日 下午2:00:46。
----- 研究/解 1 (sol1) 中的“因变量 1” ------------------------------------------------->
<---- 研究/解 1 (sol1) 中的“稳态求解器 1” ------------------------------------------------
开始于 2026年5月17日 下午2:00:46。
Warning: 该系统不支持 PARDISO。请切换为 MUMPS。
           当前进度:   9 % - 稳态求解器 1
Memory: 1404/1404 406176/406176
线性求解器 
求解的自由度数：797914（加上 234606 个内部自由度）。
--         当前进度:  21 % - 组装稀疏模式
Memory: 1643/1643 406338/406338
---        当前进度:  33 % - 组装矩阵
Memory: 1881/1881 406508/406508
找到对称矩阵。
缩放因变量：
温度 (comp_v3_solid_solver.T): 2.9e+02
已使用正交零空间函数。
---        当前进度:  37 % - 创建多重网格层
Memory: 2090/2090 406691/406691
---        当前进度:  37 % - 组装延展
Memory: 2105/2105 406691/406691
-------    当前进度:  73 % - 创建多重网格层次结构
Memory: 2145/2145 406730/406730
Iter      SolEst     Damping    Stepsize #Res #Jac #Sol LinIt   LinErr   LinRes
-------    当前进度:  73 % - 求解线性方程组
Memory: 2192/2192 406731/406731
--------   当前进度:  88 % - 求解线性方程组
Memory: 2198/2198 406731/406731
---------  当前进度:  96 % - 求解线性方程组
Memory: 2204/2204 406731/406731
---------  当前进度:  99 % - 求解线性方程组
Memory: 2210/2210 406731/406731
   1        0.11   1.0000000        0.11    1    1    1    10  0.00096  0.00076
---------- 当前进度: 100 % - 
Memory: 2265/2265 406762/406762
求解时间：4 s。
物理内存: 2.38 GB
虚拟内存: 406.88 GB
Warning: 该系统不支持 PARDISO。请切换为 MUMPS。
结束时间：2026年5月17日 下午2:00:50。
----- 研究/解 1 (sol1) 中的“稳态求解器 1” ----------------------------------------------->
<---- 研究/解 1 (sol1) 中的“编译方程: 稳态” -----------------------------------------------
开始于 2026年5月17日 下午2:00:51。
几何形函数: 二次拉格朗日单元
在 Apple M1 Pro 上运行。
在以下位置使用 1 个插槽： 192.168.0.106 上（共 8 个内核）。
可用内存：32.77 GB。
           当前进度:   5 % - 编译方程: 稳态
Memory: 2307/2382 406750/406877
           当前进度:   5 % - 正在创建可视化网格
Memory: 2308/2382 406750/406877
时间：3。
物理内存: 2.31 GB
虚拟内存: 406.75 GB
结束时间：2026年5月17日 下午2:00:54。
----- 研究/解 1 (sol1) 中的“编译方程: 稳态” ---------------------------------------------->
<---- 研究/解 1 (sol1) 中的“因变量 1” --------------------------------------------------
开始于 2026年5月17日 下午2:00:54。
           当前进度:   5 % - 因变量 1
Memory: 2370/2382 406882/406882
求解时间：0 s。
物理内存: 2.37 GB
虚拟内存: 406.88 GB
结束时间：2026年5月17日 下午2:00:55。
----- 研究/解 1 (sol1) 中的“因变量 1” ------------------------------------------------->
<---- 研究/解 1 (sol1) 中的“稳态求解器 1” ------------------------------------------------
开始于 2026年5月17日 下午2:00:55。
Warning: 该系统不支持 PARDISO。请切换为 MUMPS。
线性求解器 
求解的自由度数：797914（加上 234606 个内部自由度）。
-          当前进度:  19 % - 稳态求解器 1
Memory: 2371/2382 406886/406886
--         当前进度:  22 % - 组装稀疏模式
Memory: 2459/2459 406949/406949
---        当前进度:  37 % - 组装矩阵
Memory: 2474/2474 406949/406949
找到对称矩阵。
缩放因变量：
温度 (comp_v3_solid_solver.T): 2.9e+02
已使用正交零空间函数。
---        当前进度:  37 % - 组装延展
Memory: 2492/2492 407077/407077
-------    当前进度:  73 % - 创建多重网格层次结构
Memory: 2501/2501 407079/407079
Iter      SolEst     Damping    Stepsize #Res #Jac #Sol LinIt   LinErr   LinRes
-------    当前进度:  73 % - 求解线性方程组
Memory: 2522/2522 407092/407092
--------   当前进度:  88 % - 求解线性方程组
Memory: 2540/2540 407092/407092
---------  当前进度:  96 % - 求解线性方程组
---------  当前进度:  98 % - 求解线性方程组
Memory: 2553/2553 407092/407092
   1        0.11   1.0000000        0.11    1    1    1    10  0.00093  0.00065
---------- 当前进度: 100 % - 
Memory: 2592/2592 407121/407121
求解时间：4 s。
物理内存: 2.68 GB
虚拟内存: 407.23 GB
Warning: 该系统不支持 PARDISO。请切换为 MUMPS。
结束时间：2026年5月17日 下午2:00:58。
----- 研究/解 1 (sol1) 中的“稳态求解器 1” ----------------------------------------------->
<---- 研究/解 1 (sol1) 中的“编译方程: 稳态” -----------------------------------------------
开始于 2026年5月17日 下午2:00:59。
几何形函数: 二次拉格朗日单元
在 Apple M1 Pro 上运行。
在以下位置使用 1 个插槽： 192.168.0.106 上（共 8 个内核）。
可用内存：32.77 GB。
           当前进度:   5 % - 编译方程: 稳态
Memory: 2609/2683 407099/407233
           当前进度:   5 % - 正在创建可视化网格
Memory: 2630/2683 407099/407233
时间：3。
物理内存: 2.63 GB
虚拟内存: 407.1 GB
结束时间：2026年5月17日 下午2:01:03。
----- 研究/解 1 (sol1) 中的“编译方程: 稳态” ---------------------------------------------->
<---- 研究/解 1 (sol1) 中的“因变量 1” --------------------------------------------------
开始于 2026年5月17日 下午2:01:03。
           当前进度:   5 % - 因变量 1
Memory: 2640/2683 407099/407233
求解时间：0 s。
物理内存: 2.64 GB
虚拟内存: 407.1 GB
结束时间：2026年5月17日 下午2:01:03。
----- 研究/解 1 (sol1) 中的“因变量 1” ------------------------------------------------->
<---- 研究/解 1 (sol1) 中的“稳态求解器 1” ------------------------------------------------
开始于 2026年5月17日 下午2:01:03。
Warning: 该系统不支持 PARDISO。请切换为 MUMPS。
线性求解器 
求解的自由度数：797914（加上 234606 个内部自由度）。
-          当前进度:  19 % - 稳态求解器 1
Memory: 2681/2683 407099/407233
--         当前进度:  21 % - 组装稀疏模式
Memory: 2702/2702 407118/407233
---        当前进度:  37 % - 
Memory: 2871/2871 407278/407278
找到对称矩阵。
缩放因变量：
温度 (comp_v3_solid_solver.T): 2.9e+02
已使用正交零空间函数。
---        当前进度:  37 % - 组装延展
Memory: 2881/2881 407278/407278
-------    当前进度:  73 % - 创建多重网格层次结构
Memory: 2890/2890 407280/407280
Iter      SolEst     Damping    Stepsize #Res #Jac #Sol LinIt   LinErr   LinRes
-------    当前进度:  73 % - 求解线性方程组
Memory: 2924/2924 407297/407297
--------   当前进度:  88 % - 求解线性方程组
Memory: 2942/2942 407297/407297
---------  当前进度:  96 % - 求解线性方程组
Memory: 2960/2960 407297/407297
---------  当前进度:  98 % - 求解线性方程组
Memory: 2978/2978 407297/407297
   1        0.12   1.0000000        0.12    1    1    1    11  0.00062  0.00059
---------- 当前进度: 100 % - 组装矩阵
Memory: 2992/2992 407297/407297
---------- 当前进度: 100 % - 
Memory: 3017/3017 407326/407326
求解时间：4 s。
物理内存: 3.11 GB
虚拟内存: 407.44 GB
Warning: 该系统不支持 PARDISO。请切换为 MUMPS。
结束时间：2026年5月17日 下午2:01:07。
----- 研究/解 1 (sol1) 中的“稳态求解器 1” ----------------------------------------------->
<---- 研究/解 1 (sol1) 中的“编译方程: 稳态” -----------------------------------------------
开始于 2026年5月17日 下午2:01:08。
几何形函数: 二次拉格朗日单元
在 Apple M1 Pro 上运行。
在以下位置使用 1 个插槽： 192.168.0.106 上（共 8 个内核）。
可用内存：32.77 GB。
           当前进度:   5 % - 编译方程: 稳态
Memory: 3010/3105 407298/407435
           当前进度:   5 % - 正在创建可视化网格
Memory: 3011/3105 407298/407435
时间：3。
物理内存: 3.01 GB
虚拟内存: 407.3 GB
结束时间：2026年5月17日 下午2:01:11。
----- 研究/解 1 (sol1) 中的“编译方程: 稳态” ---------------------------------------------->
<---- 研究/解 1 (sol1) 中的“因变量 1” --------------------------------------------------
开始于 2026年5月17日 下午2:01:11。
           当前进度:   5 % - 因变量 1
Memory: 3015/3105 407299/407435
求解时间：0 s。
物理内存: 3.02 GB
虚拟内存: 407.3 GB
结束时间：2026年5月17日 下午2:01:11。
----- 研究/解 1 (sol1) 中的“因变量 1” ------------------------------------------------->
<---- 研究/解 1 (sol1) 中的“稳态求解器 1” ------------------------------------------------
开始于 2026年5月17日 下午2:01:11。
Warning: 该系统不支持 PARDISO。请切换为 MUMPS。
线性求解器 
求解的自由度数：797914（加上 234606 个内部自由度）。
-          当前进度:  19 % - 稳态求解器 1
Memory: 3040/3105 407299/407435
--         当前进度:  22 % - 组装稀疏模式
Memory: 3048/3105 407299/407435
---        当前进度:  37 % - 
Memory: 3208/3208 407460/407460
找到对称矩阵。
缩放因变量：
温度 (comp_v3_solid_solver.T): 2.9e+02
已使用正交零空间函数。
---        当前进度:  37 % - 组装延展
Memory: 3215/3215 407460/407460
-------    当前进度:  73 % - 创建多重网格层次结构
Memory: 3224/3224 407463/407463
Iter      SolEst     Damping    Stepsize #Res #Jac #Sol LinIt   LinErr   LinRes
-------    当前进度:  73 % - 求解线性方程组
Memory: 3235/3235 407470/407470
--------   当前进度:  88 % - 求解线性方程组
---------  当前进度:  96 % - 求解线性方程组
Memory: 3254/3254 407470/407470
---------  当前进度:  98 % - 求解线性方程组
Memory: 3260/3260 407598/407598
   1        0.12   1.0000000        0.12    1    1    1    11  0.00071  0.00059
---------- 当前进度: 100 % - 组装稀疏模式
---------- 当前进度: 100 % - 
Memory: 3280/3280 407757/407757
求解时间：4 s。
物理内存: 3.37 GB
虚拟内存: 407.87 GB
Warning: 该系统不支持 PARDISO。请切换为 MUMPS。
结束时间：2026年5月17日 下午2:01:15。
----- 研究/解 1 (sol1) 中的“稳态求解器 1” ----------------------------------------------->
<---- 研究/解 1 (sol1) 中的“编译方程: 稳态” -----------------------------------------------
开始于 2026年5月17日 下午2:01:16。
几何形函数: 二次拉格朗日单元
在 Apple M1 Pro 上运行。
在以下位置使用 1 个插槽： 192.168.0.106 上（共 8 个内核）。
可用内存：32.77 GB。
           当前进度:   5 % - 编译方程: 稳态
Memory: 3309/3367 407732/407865
           当前进度:   5 % - 正在创建可视化网格
Memory: 3328/3367 407732/407865
时间：3。
物理内存: 3.33 GB
虚拟内存: 407.73 GB
结束时间：2026年5月17日 下午2:01:19。
----- 研究/解 1 (sol1) 中的“编译方程: 稳态” ---------------------------------------------->
<---- 研究/解 1 (sol1) 中的“因变量 1” --------------------------------------------------
开始于 2026年5月17日 下午2:01:19。
           当前进度:   5 % - 因变量 1
Memory: 3346/3367 407732/407865
求解时间：0 s。
物理内存: 3.35 GB
虚拟内存: 407.73 GB
结束时间：2026年5月17日 下午2:01:19。
----- 研究/解 1 (sol1) 中的“因变量 1” ------------------------------------------------->
<---- 研究/解 1 (sol1) 中的“稳态求解器 1” ------------------------------------------------
开始于 2026年5月17日 下午2:01:19。
Warning: 该系统不支持 PARDISO。请切换为 MUMPS。
线性求解器 
求解的自由度数：797914（加上 234606 个内部自由度）。
-          当前进度:  19 % - 稳态求解器 1
Memory: 3435/3435 407732/407865
--         当前进度:  22 % - 组装稀疏模式
Memory: 3438/3438 407732/407865
---        当前进度:  34 % - 组装矩阵
Memory: 3448/3448 407732/407865
找到对称矩阵。
缩放因变量：
温度 (comp_v3_solid_solver.T): 2.9e+02
已使用正交零空间函数。
---        当前进度:  37 % - 组装延展
Memory: 3461/3461 407732/407865
-------    当前进度:  73 % - 创建多重网格层次结构
Iter      SolEst     Damping    Stepsize #Res #Jac #Sol LinIt   LinErr   LinRes
-------    当前进度:  73 % - 求解线性方程组
Memory: 3489/3489 407740/407865
--------   当前进度:  88 % - 求解线性方程组
Memory: 3497/3497 407743/407865
---------  当前进度:  96 % - 求解线性方程组
---------  当前进度:  98 % - 求解线性方程组
   1        0.13   1.0000000        0.13    1    1    1    10  0.00095   0.0007
---------- 当前进度: 100 % - 
Memory: 3508/3508 407767/407865
求解时间：4 s。
物理内存: 3.6 GB
虚拟内存: 407.89 GB
Warning: 该系统不支持 PARDISO。请切换为 MUMPS。
结束时间：2026年5月17日 下午2:01:23。
----- 研究/解 1 (sol1) 中的“稳态求解器 1” ----------------------------------------------->
<---- 研究/解 1 (sol1) 中的“编译方程: 稳态” -----------------------------------------------
开始于 2026年5月17日 下午2:01:24。
几何形函数: 二次拉格朗日单元
在 Apple M1 Pro 上运行。
在以下位置使用 1 个插槽： 192.168.0.106 上（共 8 个内核）。
可用内存：32.77 GB。
           当前进度:   5 % - 编译方程: 稳态
Memory: 3136/3603 407364/407885
           当前进度:   5 % - 正在创建可视化网格
时间：3。
物理内存: 3.14 GB
虚拟内存: 407.36 GB
结束时间：2026年5月17日 下午2:01:27。
----- 研究/解 1 (sol1) 中的“编译方程: 稳态” ---------------------------------------------->
<---- 研究/解 1 (sol1) 中的“因变量 1” --------------------------------------------------
开始于 2026年5月17日 下午2:01:27。
           当前进度:   5 % - 因变量 1
Memory: 3137/3603 407364/407885
求解时间：0 s。
物理内存: 3.14 GB
虚拟内存: 407.36 GB
结束时间：2026年5月17日 下午2:01:27。
----- 研究/解 1 (sol1) 中的“因变量 1” ------------------------------------------------->
<---- 研究/解 1 (sol1) 中的“稳态求解器 1” ------------------------------------------------
开始于 2026年5月17日 下午2:01:27。
Warning: 该系统不支持 PARDISO。请切换为 MUMPS。
线性求解器 
求解的自由度数：797914（加上 234606 个内部自由度）。
-          当前进度:  19 % - 稳态求解器 1
Memory: 3139/3603 407362/407885
--         当前进度:  22 % - 组装稀疏模式
Memory: 3197/3603 407398/407885
---        当前进度:  36 % - 
Memory: 3205/3603 407398/407885
找到对称矩阵。
缩放因变量：
温度 (comp_v3_solid_solver.T): 2.9e+02
已使用正交零空间函数。
---        当前进度:  37 % - 组装延展
Memory: 3224/3603 407398/407885
-------    当前进度:  73 % - 创建多重网格层次结构
Memory: 3243/3603 407400/407885
Iter      SolEst     Damping    Stepsize #Res #Jac #Sol LinIt   LinErr   LinRes
-------    当前进度:  73 % - 求解线性方程组
Memory: 3258/3603 407406/407885
--------   当前进度:  88 % - 求解线性方程组
---------  当前进度:  96 % - 求解线性方程组
Memory: 3283/3603 407406/407885
---------  当前进度:  98 % - 求解线性方程组
   1        0.13   1.0000000        0.13    1    1    1    11  0.00058  0.00054
---------- 当前进度: 100 % - 组装稀疏模式
---------- 当前进度: 100 % - 
Memory: 3342/3603 407563/407885
求解时间：4 s。
物理内存: 3.43 GB
虚拟内存: 407.67 GB
Warning: 该系统不支持 PARDISO。请切换为 MUMPS。
结束时间：2026年5月17日 下午2:01:31。
----- 研究/解 1 (sol1) 中的“稳态求解器 1” ----------------------------------------------->
<---- 研究/解 1 (sol1) 中的“编译方程: 稳态” -----------------------------------------------
开始于 2026年5月17日 下午2:01:32。
几何形函数: 二次拉格朗日单元
在 Apple M1 Pro 上运行。
在以下位置使用 1 个插槽： 192.168.0.106 上（共 8 个内核）。
可用内存：32.77 GB。
           当前进度:   5 % - 编译方程: 稳态
Memory: 3337/3603 407541/407885
           当前进度:   5 % - 正在创建可视化网格
Memory: 3338/3603 407541/407885
时间：3。
物理内存: 3.34 GB
虚拟内存: 407.54 GB
结束时间：2026年5月17日 下午2:01:35。
----- 研究/解 1 (sol1) 中的“编译方程: 稳态” ---------------------------------------------->
<---- 研究/解 1 (sol1) 中的“因变量 1” --------------------------------------------------
开始于 2026年5月17日 下午2:01:35。
           当前进度:   5 % - 因变量 1
求解时间：0 s。
物理内存: 3.34 GB
虚拟内存: 407.54 GB
结束时间：2026年5月17日 下午2:01:36。
----- 研究/解 1 (sol1) 中的“因变量 1” ------------------------------------------------->
<---- 研究/解 1 (sol1) 中的“稳态求解器 1” ------------------------------------------------
开始于 2026年5月17日 下午2:01:36。
Warning: 该系统不支持 PARDISO。请切换为 MUMPS。
线性求解器 
求解的自由度数：797914（加上 234606 个内部自由度）。
-          当前进度:  19 % - 稳态求解器 1
--         当前进度:  22 % - 组装稀疏模式
Memory: 3340/3603 407541/407885
找到对称矩阵。
---        当前进度:  37 % - 
缩放因变量：
温度 (comp_v3_solid_solver.T): 2.9e+02
已使用正交零空间函数。
---        当前进度:  37 % - 组装延展
-------    当前进度:  73 % - 创建多重网格层次结构
Memory: 3352/3603 407553/407885
Iter      SolEst     Damping    Stepsize #Res #Jac #Sol LinIt   LinErr   LinRes
-------    当前进度:  73 % - 求解线性方程组
Memory: 3345/3603 407549/407885
--------   当前进度:  88 % - 求解线性方程组
---------  当前进度:  96 % - 求解线性方程组
---------  当前进度:  98 % - 求解线性方程组
   1        0.14   1.0000000        0.14    1    1    1    11  0.00074   0.0006
---------- 当前进度: 100 % - 
Memory: 3365/3603 407579/407885
求解时间：4 s。
物理内存: 3.45 GB
虚拟内存: 407.69 GB
Warning: 该系统不支持 PARDISO。请切换为 MUMPS。
结束时间：2026年5月17日 下午2:01:39。
----- 研究/解 1 (sol1) 中的“稳态求解器 1” ----------------------------------------------->
<---- 研究/解 1 (sol1) 中的“编译方程: 稳态” -----------------------------------------------
开始于 2026年5月17日 下午2:01:40。
几何形函数: 二次拉格朗日单元
在 Apple M1 Pro 上运行。
在以下位置使用 1 个插槽： 192.168.0.106 上（共 8 个内核）。
可用内存：32.77 GB。
           当前进度:   5 % - 编译方程: 稳态
Memory: 3361/3603 407557/407885
           当前进度:   5 % - 正在创建可视化网格
时间：3。
物理内存: 3.36 GB
虚拟内存: 407.56 GB
结束时间：2026年5月17日 下午2:01:43。
----- 研究/解 1 (sol1) 中的“编译方程: 稳态” ---------------------------------------------->
<---- 研究/解 1 (sol1) 中的“因变量 1” --------------------------------------------------
开始于 2026年5月17日 下午2:01:43。
           当前进度:   5 % - 因变量 1
求解时间：0 s。
物理内存: 3.36 GB
虚拟内存: 407.56 GB
结束时间：2026年5月17日 下午2:01:44。
----- 研究/解 1 (sol1) 中的“因变量 1” ------------------------------------------------->
<---- 研究/解 1 (sol1) 中的“稳态求解器 1” ------------------------------------------------
开始于 2026年5月17日 下午2:01:44。
Warning: 该系统不支持 PARDISO。请切换为 MUMPS。
线性求解器 
求解的自由度数：797914（加上 234606 个内部自由度）。
-          当前进度:  19 % - 稳态求解器 1
Memory: 3362/3603 407557/407885
--         当前进度:  21 % - 组装稀疏模式
Memory: 3366/3603 407557/407885
---        当前进度:  34 % - 组装矩阵
找到对称矩阵。
缩放因变量：
温度 (comp_v3_solid_solver.T): 2.9e+02
已使用正交零空间函数。
---        当前进度:  37 % - 组装延展
-------    当前进度:  73 % - 创建多重网格层次结构
Iter      SolEst     Damping    Stepsize #Res #Jac #Sol LinIt   LinErr   LinRes
-------    当前进度:  73 % - 求解线性方程组
Memory: 3373/3603 407563/407885
--------   当前进度:  88 % - 求解线性方程组
Memory: 3373/3603 407564/407885
---------  当前进度:  95 % - 求解线性方程组
---------  当前进度:  97 % - 求解线性方程组
Memory: 3392/3603 407564/407885
   1        0.14   1.0000000        0.14    1    1    1    10  0.00098  0.00074
---------- 当前进度: 100 % - 求解线性方程组
---------- 当前进度: 100 % - 
Memory: 3444/3603 407721/407885
求解时间：4 s。
物理内存: 3.54 GB
虚拟内存: 407.83 GB
Warning: 该系统不支持 PARDISO。请切换为 MUMPS。
结束时间：2026年5月17日 下午2:01:47。
----- 研究/解 1 (sol1) 中的“稳态求解器 1” ----------------------------------------------->
<---- 研究/解 1 (sol1) 中的“编译方程: 稳态” -----------------------------------------------
开始于 2026年5月17日 下午2:01:48。
几何形函数: 二次拉格朗日单元
在 Apple M1 Pro 上运行。
在以下位置使用 1 个插槽： 192.168.0.106 上（共 8 个内核）。
可用内存：32.77 GB。
           当前进度:   5 % - 编译方程: 稳态
Memory: 3444/3603 407699/407885
           当前进度:   5 % - 正在创建可视化网格
时间：3。
物理内存: 3.44 GB
虚拟内存: 407.7 GB
结束时间：2026年5月17日 下午2:01:52。
----- 研究/解 1 (sol1) 中的“编译方程: 稳态” ---------------------------------------------->
<---- 研究/解 1 (sol1) 中的“因变量 1” --------------------------------------------------
开始于 2026年5月17日 下午2:01:52。
           当前进度:   5 % - 因变量 1
求解时间：0 s。
物理内存: 3.44 GB
虚拟内存: 407.7 GB
结束时间：2026年5月17日 下午2:01:52。
----- 研究/解 1 (sol1) 中的“因变量 1” ------------------------------------------------->
<---- 研究/解 1 (sol1) 中的“稳态求解器 1” ------------------------------------------------
开始于 2026年5月17日 下午2:01:52。
Warning: 该系统不支持 PARDISO。请切换为 MUMPS。
线性求解器 
求解的自由度数：797914（加上 234606 个内部自由度）。
-          当前进度:  19 % - 稳态求解器 1
--         当前进度:  21 % - 组装稀疏模式
Memory: 3447/3603 407699/407885
---        当前进度:  34 % - 组装矩阵
Memory: 3451/3603 407699/407885
找到对称矩阵。
缩放因变量：
温度 (comp_v3_solid_solver.T): 2.9e+02
已使用正交零空间函数。
---        当前进度:  37 % - 组装延展
-------    当前进度:  73 % - 创建多重网格层次结构
Iter      SolEst     Damping    Stepsize #Res #Jac #Sol LinIt   LinErr   LinRes
-------    当前进度:  73 % - 求解线性方程组
Memory: 3459/3603 407715/407885
--------   当前进度:  88 % - 求解线性方程组
---------  当前进度:  96 % - 求解线性方程组
---------  当前进度:  98 % - 求解线性方程组
   1        0.15   1.0000000        0.15    1    1    1    10  0.00099  0.00066
---------- 当前进度: 100 % - 
Memory: 3470/3603 407740/407885
求解时间：4 s。
物理内存: 3.56 GB
虚拟内存: 407.85 GB
Warning: 该系统不支持 PARDISO。请切换为 MUMPS。
结束时间：2026年5月17日 下午2:01:55。
----- 研究/解 1 (sol1) 中的“稳态求解器 1” ----------------------------------------------->
<---- 研究/解 1 (sol1) 中的“编译方程: 稳态” -----------------------------------------------
开始于 2026年5月17日 下午2:01:57。
几何形函数: 二次拉格朗日单元
在 Apple M1 Pro 上运行。
在以下位置使用 1 个插槽： 192.168.0.106 上（共 8 个内核）。
可用内存：32.77 GB。
           当前进度:   5 % - 编译方程: 稳态
Memory: 3474/3603 407717/407885
           当前进度:   5 % - 正在创建可视化网格
Memory: 3492/3603 407717/407885
时间：3。
物理内存: 3.49 GB
虚拟内存: 407.72 GB
结束时间：2026年5月17日 下午2:02:00。
----- 研究/解 1 (sol1) 中的“编译方程: 稳态” ---------------------------------------------->
<---- 研究/解 1 (sol1) 中的“因变量 1” --------------------------------------------------
开始于 2026年5月17日 下午2:02:00。
           当前进度:   5 % - 因变量 1
Memory: 3493/3603 407717/407885
求解时间：0 s。
物理内存: 3.49 GB
虚拟内存: 407.72 GB
结束时间：2026年5月17日 下午2:02:00。
----- 研究/解 1 (sol1) 中的“因变量 1” ------------------------------------------------->
<---- 研究/解 1 (sol1) 中的“稳态求解器 1” ------------------------------------------------
开始于 2026年5月17日 下午2:02:00。
Warning: 该系统不支持 PARDISO。请切换为 MUMPS。
线性求解器 
求解的自由度数：797914（加上 234606 个内部自由度）。
-          当前进度:  19 % - 稳态求解器 1
--         当前进度:  22 % - 组装稀疏模式
找到对称矩阵。
---        当前进度:  37 % - 
Memory: 3657/3657 407878/407885
缩放因变量：
温度 (comp_v3_solid_solver.T): 2.9e+02
已使用正交零空间函数。
---        当前进度:  37 % - 组装延展
Memory: 3692/3692 407878/407885
-------    当前进度:  73 % - 创建多重网格层次结构
Memory: 3708/3708 407888/407888
Iter      SolEst     Damping    Stepsize #Res #Jac #Sol LinIt   LinErr   LinRes
-------    当前进度:  73 % - 求解线性方程组
Memory: 3706/3708 407886/407888
--------   当前进度:  88 % - 求解线性方程组
---------  当前进度:  96 % - 求解线性方程组
---------  当前进度:  99 % - 求解线性方程组
   1        0.11   1.0000000        0.11    1    1    1    10  0.00098  0.00075
---------- 当前进度: 100 % - 
Memory: 3717/3717 407910/407910
求解时间：4 s。
物理内存: 3.8 GB
虚拟内存: 408.02 GB
Warning: 该系统不支持 PARDISO。请切换为 MUMPS。
结束时间：2026年5月17日 下午2:02:03。
----- 研究/解 1 (sol1) 中的“稳态求解器 1” ----------------------------------------------->
<---- 研究/解 1 (sol1) 中的“编译方程: 稳态” -----------------------------------------------
开始于 2026年5月17日 下午2:02:05。
几何形函数: 二次拉格朗日单元
在 Apple M1 Pro 上运行。
在以下位置使用 1 个插槽： 192.168.0.106 上（共 8 个内核）。
可用内存：32.77 GB。
           当前进度:   5 % - 编译方程: 稳态
Memory: 3727/3803 407892/408020
           当前进度:   5 % - 正在创建可视化网格
时间：3。
物理内存: 3.73 GB
虚拟内存: 407.89 GB
结束时间：2026年5月17日 下午2:02:08。
----- 研究/解 1 (sol1) 中的“编译方程: 稳态” ---------------------------------------------->
<---- 研究/解 1 (sol1) 中的“因变量 1” --------------------------------------------------
开始于 2026年5月17日 下午2:02:08。
           当前进度:   5 % - 因变量 1
Memory: 3728/3803 407892/408020
求解时间：0 s。
物理内存: 3.73 GB
虚拟内存: 407.89 GB
结束时间：2026年5月17日 下午2:02:08。
----- 研究/解 1 (sol1) 中的“因变量 1” ------------------------------------------------->
<---- 研究/解 1 (sol1) 中的“稳态求解器 1” ------------------------------------------------
开始于 2026年5月17日 下午2:02:08。
Warning: 该系统不支持 PARDISO。请切换为 MUMPS。
线性求解器 
求解的自由度数：797914（加上 234606 个内部自由度）。
-          当前进度:  19 % - 稳态求解器 1
--         当前进度:  22 % - 组装稀疏模式
找到对称矩阵。
---        当前进度:  37 % - 
缩放因变量：
温度 (comp_v3_solid_solver.T): 2.9e+02
已使用正交零空间函数。
---        当前进度:  37 % - 组装延展
-------    当前进度:  73 % - 创建多重网格层次结构
Memory: 3749/3803 407901/408020
Iter      SolEst     Damping    Stepsize #Res #Jac #Sol LinIt   LinErr   LinRes
-------    当前进度:  73 % - 求解线性方程组
Memory: 3749/3803 407903/408020
--------   当前进度:  88 % - 求解线性方程组
---------  当前进度:  96 % - 求解线性方程组
Memory: 3755/3803 407903/408020
---------  当前进度:  98 % - 求解线性方程组
   1        0.12   1.0000000        0.12    1    1    1    10  0.00099  0.00067
---------- 当前进度: 100 % - 
Memory: 3766/3803 407929/408020
求解时间：4 s。
物理内存: 3.85 GB
虚拟内存: 408.03 GB
Warning: 该系统不支持 PARDISO。请切换为 MUMPS。
结束时间：2026年5月17日 下午2:02:11。
----- 研究/解 1 (sol1) 中的“稳态求解器 1” ----------------------------------------------->
<---- 研究/解 1 (sol1) 中的“编译方程: 稳态” -----------------------------------------------
开始于 2026年5月17日 下午2:02:12。
几何形函数: 二次拉格朗日单元
在 Apple M1 Pro 上运行。
在以下位置使用 1 个插槽： 192.168.0.106 上（共 8 个内核）。
可用内存：32.77 GB。
           当前进度:   5 % - 编译方程: 稳态
Memory: 3765/3852 407908/408032
           当前进度:   5 % - 正在创建可视化网格
时间：3。
物理内存: 3.77 GB
虚拟内存: 407.91 GB
结束时间：2026年5月17日 下午2:02:16。
----- 研究/解 1 (sol1) 中的“编译方程: 稳态” ---------------------------------------------->
<---- 研究/解 1 (sol1) 中的“因变量 1” --------------------------------------------------
开始于 2026年5月17日 下午2:02:16。
           当前进度:   5 % - 因变量 1
Memory: 3781/3852 407908/408032
求解时间：0 s。
物理内存: 3.78 GB
虚拟内存: 407.91 GB
结束时间：2026年5月17日 下午2:02:16。
----- 研究/解 1 (sol1) 中的“因变量 1” ------------------------------------------------->
<---- 研究/解 1 (sol1) 中的“稳态求解器 1” ------------------------------------------------
开始于 2026年5月17日 下午2:02:16。
Warning: 该系统不支持 PARDISO。请切换为 MUMPS。
线性求解器 
求解的自由度数：797914（加上 234606 个内部自由度）。
-          当前进度:  19 % - 稳态求解器 1
Memory: 3785/3852 407908/408032
--         当前进度:  21 % - 组装稀疏模式
---        当前进度:  37 % - 
找到对称矩阵。
缩放因变量：
温度 (comp_v3_solid_solver.T): 2.9e+02
已使用正交零空间函数。
---        当前进度:  37 % - 组装延展
Memory: 3789/3852 407908/408032
-------    当前进度:  73 % - 创建多重网格层次结构
Memory: 3790/3852 407908/408032
Iter      SolEst     Damping    Stepsize #Res #Jac #Sol LinIt   LinErr   LinRes
-------    当前进度:  73 % - 求解线性方程组
Memory: 3813/3852 407917/408032
--------   当前进度:  88 % - 求解线性方程组
---------  当前进度:  96 % - 求解线性方程组
---------  当前进度:  97 % - 求解线性方程组
   1        0.12   1.0000000        0.12    1    1    1    11  0.00067  0.00065
---------- 当前进度: 100 % - 组装稀疏模式
Memory: 3814/3852 407917/408032
---------- 当前进度: 100 % - 
Memory: 3830/3852 407946/408032
求解时间：4 s。
物理内存: 3.92 GB
虚拟内存: 408.05 GB
Warning: 该系统不支持 PARDISO。请切换为 MUMPS。
结束时间：2026年5月17日 下午2:02:19。
----- 研究/解 1 (sol1) 中的“稳态求解器 1” ----------------------------------------------->
<---- 研究/解 1 (sol1) 中的“编译方程: 稳态” -----------------------------------------------
开始于 2026年5月17日 下午2:02:20。
几何形函数: 二次拉格朗日单元
在 Apple M1 Pro 上运行。
在以下位置使用 1 个插槽： 192.168.0.106 上（共 8 个内核）。
可用内存：32.77 GB。
           当前进度:   5 % - 编译方程: 稳态
Memory: 3825/3916 407927/408054
           当前进度:   5 % - 正在创建可视化网格
时间：3。
物理内存: 3.83 GB
虚拟内存: 407.93 GB
结束时间：2026年5月17日 下午2:02:23。
----- 研究/解 1 (sol1) 中的“编译方程: 稳态” ---------------------------------------------->
<---- 研究/解 1 (sol1) 中的“因变量 1” --------------------------------------------------
开始于 2026年5月17日 下午2:02:23。
           当前进度:   5 % - 因变量 1
求解时间：0 s。
物理内存: 3.83 GB
虚拟内存: 407.93 GB
结束时间：2026年5月17日 下午2:02:24。
----- 研究/解 1 (sol1) 中的“因变量 1” ------------------------------------------------->
<---- 研究/解 1 (sol1) 中的“稳态求解器 1” ------------------------------------------------
开始于 2026年5月17日 下午2:02:24。
Warning: 该系统不支持 PARDISO。请切换为 MUMPS。
线性求解器 
求解的自由度数：797914（加上 234606 个内部自由度）。
-          当前进度:  19 % - 稳态求解器 1
--         当前进度:  22 % - 组装稀疏模式
---        当前进度:  37 % - 
找到对称矩阵。
缩放因变量：
温度 (comp_v3_solid_solver.T): 2.9e+02
已使用正交零空间函数。
---        当前进度:  37 % - 组装延展
Memory: 3833/3916 407927/408054
-------    当前进度:  73 % - 创建多重网格层次结构
Memory: 3837/3916 407927/408054
Iter      SolEst     Damping    Stepsize #Res #Jac #Sol LinIt   LinErr   LinRes
-------    当前进度:  73 % - 求解线性方程组
Memory: 3842/3916 407934/408054
--------   当前进度:  88 % - 求解线性方程组
---------  当前进度:  96 % - 求解线性方程组
---------  当前进度:  98 % - 求解线性方程组
   1        0.13   1.0000000        0.13    1    1    1    11  0.00071   0.0006
---------- 当前进度: 100 % - 组装稀疏模式
---------- 当前进度: 100 % - 
Memory: 3860/3916 407962/408054
求解时间：4 s。
物理内存: 3.95 GB
虚拟内存: 408.07 GB
Warning: 该系统不支持 PARDISO。请切换为 MUMPS。
结束时间：2026年5月17日 下午2:02:27。
----- 研究/解 1 (sol1) 中的“稳态求解器 1” ----------------------------------------------->
<---- 研究/解 1 (sol1) 中的“编译方程: 稳态” -----------------------------------------------
开始于 2026年5月17日 下午2:02:28。
几何形函数: 二次拉格朗日单元
在 Apple M1 Pro 上运行。
在以下位置使用 1 个插槽： 192.168.0.106 上（共 8 个内核）。
可用内存：32.77 GB。
           当前进度:   5 % - 编译方程: 稳态
Memory: 3742/3948 407814/408073
           当前进度:   5 % - 正在创建可视化网格
时间：3。
物理内存: 3.74 GB
虚拟内存: 407.81 GB
结束时间：2026年5月17日 下午2:02:31。
----- 研究/解 1 (sol1) 中的“编译方程: 稳态” ---------------------------------------------->
<---- 研究/解 1 (sol1) 中的“因变量 1” --------------------------------------------------
开始于 2026年5月17日 下午2:02:31。
           当前进度:   5 % - 因变量 1
求解时间：0 s。
物理内存: 3.74 GB
虚拟内存: 407.81 GB
结束时间：2026年5月17日 下午2:02:31。
----- 研究/解 1 (sol1) 中的“因变量 1” ------------------------------------------------->
<---- 研究/解 1 (sol1) 中的“稳态求解器 1” ------------------------------------------------
开始于 2026年5月17日 下午2:02:31。
Warning: 该系统不支持 PARDISO。请切换为 MUMPS。
线性求解器 
求解的自由度数：797914（加上 234606 个内部自由度）。
-          当前进度:  19 % - 稳态求解器 1
Memory: 3747/3948 407814/408073
--         当前进度:  21 % - 组装稀疏模式
Memory: 3753/3948 407814/408073
找到对称矩阵。
---        当前进度:  37 % - 
缩放因变量：
温度 (comp_v3_solid_solver.T): 2.9e+02
已使用正交零空间函数。
---        当前进度:  37 % - 组装延展
Memory: 3760/3948 407814/408073
-------    当前进度:  73 % - 创建多重网格层次结构
Memory: 3765/3948 407820/408073
Iter      SolEst     Damping    Stepsize #Res #Jac #Sol LinIt   LinErr   LinRes
-------    当前进度:  73 % - 求解线性方程组
Memory: 3761/3948 407821/408073
--------   当前进度:  88 % - 求解线性方程组
---------  当前进度:  96 % - 求解线性方程组
---------  当前进度:  98 % - 求解线性方程组
   1        0.13   1.0000000        0.13    1    1    1    10  0.00098   0.0007
---------- 当前进度: 100 % - 
Memory: 3776/3948 407848/408073
求解时间：4 s。
物理内存: 3.87 GB
虚拟内存: 407.97 GB
Warning: 该系统不支持 PARDISO。请切换为 MUMPS。
结束时间：2026年5月17日 下午2:02:35。
----- 研究/解 1 (sol1) 中的“稳态求解器 1” ----------------------------------------------->
<---- 研究/解 1 (sol1) 中的“编译方程: 稳态” -----------------------------------------------
开始于 2026年5月17日 下午2:02:36。
几何形函数: 二次拉格朗日单元
在 Apple M1 Pro 上运行。
在以下位置使用 1 个插槽： 192.168.0.106 上（共 8 个内核）。
可用内存：32.77 GB。
           当前进度:   5 % - 编译方程: 稳态
Memory: 3776/3948 407829/408073
           当前进度:   5 % - 正在创建可视化网格
时间：3。
物理内存: 3.78 GB
虚拟内存: 407.83 GB
结束时间：2026年5月17日 下午2:02:39。
----- 研究/解 1 (sol1) 中的“编译方程: 稳态” ---------------------------------------------->
<---- 研究/解 1 (sol1) 中的“因变量 1” --------------------------------------------------
开始于 2026年5月17日 下午2:02:39。
           当前进度:   5 % - 因变量 1
Memory: 3777/3948 407829/408073
求解时间：0 s。
物理内存: 3.78 GB
虚拟内存: 407.83 GB
结束时间：2026年5月17日 下午2:02:39。
----- 研究/解 1 (sol1) 中的“因变量 1” ------------------------------------------------->
<---- 研究/解 1 (sol1) 中的“稳态求解器 1” ------------------------------------------------
开始于 2026年5月17日 下午2:02:39。
Warning: 该系统不支持 PARDISO。请切换为 MUMPS。
线性求解器 
求解的自由度数：797914（加上 234606 个内部自由度）。
-          当前进度:  19 % - 稳态求解器 1
--         当前进度:  22 % - 组装稀疏模式
找到对称矩阵。
缩放因变量：
温度 (comp_v3_solid_solver.T): 2.9e+02
---        当前进度:  37 % - 
Memory: 3938/3948 407990/408073
已使用正交零空间函数。
---        当前进度:  37 % - 组装延展
-------    当前进度:  73 % - 创建多重网格层次结构
Memory: 3948/3948 408000/408073
Iter      SolEst     Damping    Stepsize #Res #Jac #Sol LinIt   LinErr   LinRes
-------    当前进度:  73 % - 求解线性方程组
Memory: 3941/3948 407999/408073
--------   当前进度:  88 % - 求解线性方程组
---------  当前进度:  96 % - 求解线性方程组
---------  当前进度:  98 % - 求解线性方程组
   1        0.14   1.0000000        0.14    1    1    1    11  0.00062  0.00058
---------- 当前进度: 100 % - 
Memory: 3956/3956 408028/408073
求解时间：4 s。
物理内存: 4.05 GB
虚拟内存: 408.14 GB
Warning: 该系统不支持 PARDISO。请切换为 MUMPS。
结束时间：2026年5月17日 下午2:02:43。
----- 研究/解 1 (sol1) 中的“稳态求解器 1” ----------------------------------------------->
<---- 研究/解 1 (sol1) 中的“编译方程: 稳态” -----------------------------------------------
开始于 2026年5月17日 下午2:02:44。
几何形函数: 二次拉格朗日单元
在 Apple M1 Pro 上运行。
在以下位置使用 1 个插槽： 192.168.0.106 上（共 8 个内核）。
可用内存：32.77 GB。
           当前进度:   5 % - 编译方程: 稳态
Memory: 3954/4045 408004/408141
           当前进度:   5 % - 正在创建可视化网格
时间：3。
物理内存: 3.95 GB
虚拟内存: 408 GB
结束时间：2026年5月17日 下午2:02:47。
----- 研究/解 1 (sol1) 中的“编译方程: 稳态” ---------------------------------------------->
<---- 研究/解 1 (sol1) 中的“因变量 1” --------------------------------------------------
开始于 2026年5月17日 下午2:02:47。
           当前进度:   5 % - 因变量 1
求解时间：0 s。
物理内存: 3.95 GB
虚拟内存: 408 GB
结束时间：2026年5月17日 下午2:02:47。
----- 研究/解 1 (sol1) 中的“因变量 1” ------------------------------------------------->
<---- 研究/解 1 (sol1) 中的“稳态求解器 1” ------------------------------------------------
开始于 2026年5月17日 下午2:02:47。
Warning: 该系统不支持 PARDISO。请切换为 MUMPS。
线性求解器 
求解的自由度数：797914（加上 234606 个内部自由度）。
-          当前进度:  19 % - 稳态求解器 1
--         当前进度:  21 % - 组装稀疏模式
---        当前进度:  37 % - 
找到对称矩阵。
缩放因变量：
温度 (comp_v3_solid_solver.T): 2.9e+02
已使用正交零空间函数。
---        当前进度:  37 % - 组装延展
-------    当前进度:  73 % - 创建多重网格层次结构
Iter      SolEst     Damping    Stepsize #Res #Jac #Sol LinIt   LinErr   LinRes
-------    当前进度:  73 % - 求解线性方程组
Memory: 3956/4045 408011/408141
--------   当前进度:  88 % - 求解线性方程组
---------  当前进度:  96 % - 求解线性方程组
---------  当前进度:  98 % - 求解线性方程组
   1        0.14   1.0000000        0.14    1    1    1    11  0.00074  0.00061
---------- 当前进度: 100 % - 
求解时间：4 s。
物理内存: 4.09 GB
虚拟内存: 408.27 GB
Warning: 该系统不支持 PARDISO。请切换为 MUMPS。
结束时间：2026年5月17日 下午2:02:51。
----- 研究/解 1 (sol1) 中的“稳态求解器 1” ----------------------------------------------->
<---- 研究/解 1 (sol1) 中的“编译方程: 稳态” -----------------------------------------------
开始于 2026年5月17日 下午2:02:52。
几何形函数: 二次拉格朗日单元
在 Apple M1 Pro 上运行。
在以下位置使用 1 个插槽： 192.168.0.106 上（共 8 个内核）。
可用内存：32.77 GB。
           当前进度:   5 % - 编译方程: 稳态
Memory: 4005/4087 408147/408271
           当前进度:   5 % - 正在创建可视化网格
时间：3。
物理内存: 4.01 GB
虚拟内存: 408.15 GB
结束时间：2026年5月17日 下午2:02:55。
----- 研究/解 1 (sol1) 中的“编译方程: 稳态” ---------------------------------------------->
<---- 研究/解 1 (sol1) 中的“因变量 1” --------------------------------------------------
开始于 2026年5月17日 下午2:02:55。
           当前进度:   5 % - 因变量 1
Memory: 4007/4087 408147/408271
求解时间：0 s。
物理内存: 4.01 GB
虚拟内存: 408.15 GB
结束时间：2026年5月17日 下午2:02:55。
----- 研究/解 1 (sol1) 中的“因变量 1” ------------------------------------------------->
<---- 研究/解 1 (sol1) 中的“稳态求解器 1” ------------------------------------------------
开始于 2026年5月17日 下午2:02:55。
Warning: 该系统不支持 PARDISO。请切换为 MUMPS。
线性求解器 
求解的自由度数：797914（加上 234606 个内部自由度）。
-          当前进度:  19 % - 稳态求解器 1
--         当前进度:  21 % - 组装稀疏模式
Memory: 4028/4087 408147/408271
找到对称矩阵。
缩放因变量：
温度 (comp_v3_solid_solver.T): 2.9e+02
---        当前进度:  37 % - 
已使用正交零空间函数。
---        当前进度:  37 % - 组装延展
Memory: 4041/4087 408147/408271
-------    当前进度:  73 % - 创建多重网格层次结构
Memory: 4067/4087 408155/408271
Iter      SolEst     Damping    Stepsize #Res #Jac #Sol LinIt   LinErr   LinRes
-------    当前进度:  73 % - 求解线性方程组
Memory: 4064/4087 408154/408271
--------   当前进度:  88 % - 求解线性方程组
---------  当前进度:  96 % - 求解线性方程组
---------  当前进度:  99 % - 求解线性方程组
   1        0.14   1.0000000        0.14    1    1    1    11  0.00066  0.00059
---------- 当前进度: 100 % - 
Memory: 4075/4087 408178/408271
求解时间：4 s。
物理内存: 4.17 GB
虚拟内存: 408.29 GB
Warning: 该系统不支持 PARDISO。请切换为 MUMPS。
结束时间：2026年5月17日 下午2:02:59。
----- 研究/解 1 (sol1) 中的“稳态求解器 1” ----------------------------------------------->
<---- 研究/解 1 (sol1) 中的“编译方程: 稳态” -----------------------------------------------
开始于 2026年5月17日 下午2:03:00。
几何形函数: 二次拉格朗日单元
在 Apple M1 Pro 上运行。
在以下位置使用 1 个插槽： 192.168.0.106 上（共 8 个内核）。
可用内存：32.77 GB。
           当前进度:   5 % - 编译方程: 稳态
Memory: 4075/4165 408162/408287
           当前进度:   5 % - 正在创建可视化网格
时间：3。
物理内存: 4.08 GB
虚拟内存: 408.16 GB
结束时间：2026年5月17日 下午2:03:03。
----- 研究/解 1 (sol1) 中的“编译方程: 稳态” ---------------------------------------------->
<---- 研究/解 1 (sol1) 中的“因变量 1” --------------------------------------------------
开始于 2026年5月17日 下午2:03:03。
           当前进度:   5 % - 因变量 1
求解时间：0 s。
物理内存: 4.08 GB
虚拟内存: 408.16 GB
结束时间：2026年5月17日 下午2:03:03。
----- 研究/解 1 (sol1) 中的“因变量 1” ------------------------------------------------->
<---- 研究/解 1 (sol1) 中的“稳态求解器 1” ------------------------------------------------
开始于 2026年5月17日 下午2:03:03。
Warning: 该系统不支持 PARDISO。请切换为 MUMPS。
线性求解器 
求解的自由度数：797914（加上 234606 个内部自由度）。
-          当前进度:  19 % - 稳态求解器 1
--         当前进度:  22 % - 组装稀疏模式
---        当前进度:  37 % - 
找到对称矩阵。
缩放因变量：
温度 (comp_v3_solid_solver.T): 2.9e+02
已使用正交零空间函数。
---        当前进度:  37 % - 组装延展
-------    当前进度:  73 % - 创建多重网格层次结构
Memory: 4079/4165 408166/408287
Iter      SolEst     Damping    Stepsize #Res #Jac #Sol LinIt   LinErr   LinRes
-------    当前进度:  73 % - 求解线性方程组
Memory: 4084/4165 408173/408287
--------   当前进度:  88 % - 求解线性方程组
---------  当前进度:  96 % - 求解线性方程组
---------  当前进度:  98 % - 求解线性方程组
   1        0.15   1.0000000        0.15    1    1    1    11   0.0006  0.00056
---------- 当前进度: 100 % - 
求解时间：4 s。
物理内存: 4.18 GB
虚拟内存: 408.31 GB
Warning: 该系统不支持 PARDISO。请切换为 MUMPS。
结束时间：2026年5月17日 下午2:03:07。
----- 研究/解 1 (sol1) 中的“稳态求解器 1” ----------------------------------------------->
<---- 研究/解 1 (sol1) 中的“编译方程: 稳态” -----------------------------------------------
开始于 2026年5月17日 下午2:03:08。
几何形函数: 二次拉格朗日单元
在 Apple M1 Pro 上运行。
在以下位置使用 1 个插槽： 192.168.0.106 上（共 8 个内核）。
可用内存：32.77 GB。
           当前进度:   5 % - 编译方程: 稳态
Memory: 4184/4184 408170/408313
           当前进度:   5 % - 正在创建可视化网格
时间：3。
物理内存: 4.18 GB
虚拟内存: 408.17 GB
结束时间：2026年5月17日 下午2:03:11。
----- 研究/解 1 (sol1) 中的“编译方程: 稳态” ---------------------------------------------->
<---- 研究/解 1 (sol1) 中的“因变量 1” --------------------------------------------------
开始于 2026年5月17日 下午2:03:11。
           当前进度:   5 % - 因变量 1
求解时间：0 s。
物理内存: 4.18 GB
虚拟内存: 408.17 GB
结束时间：2026年5月17日 下午2:03:11。
----- 研究/解 1 (sol1) 中的“因变量 1” ------------------------------------------------->
<---- 研究/解 1 (sol1) 中的“稳态求解器 1” ------------------------------------------------
开始于 2026年5月17日 下午2:03:11。
Warning: 该系统不支持 PARDISO。请切换为 MUMPS。
线性求解器 
求解的自由度数：797914（加上 234606 个内部自由度）。
-          当前进度:  19 % - 稳态求解器 1
--         当前进度:  22 % - 组装稀疏模式
---        当前进度:  37 % - 
找到对称矩阵。
缩放因变量：
温度 (comp_v3_solid_solver.T): 2.9e+02
已使用正交零空间函数。
---        当前进度:  37 % - 组装延展
-------    当前进度:  73 % - 创建多重网格层次结构
Iter      SolEst     Damping    Stepsize #Res #Jac #Sol LinIt   LinErr   LinRes
-------    当前进度:  73 % - 求解线性方程组
Memory: 4193/4193 408184/408313
--------   当前进度:  88 % - 求解线性方程组
---------  当前进度:  96 % - 求解线性方程组
---------  当前进度:  98 % - 求解线性方程组
Memory: 4211/4211 408184/408313
   1        0.11   1.0000000        0.11    1    1    1    11  0.00069   0.0006
---------- 当前进度: 100 % - 组装矩阵
---------- 当前进度: 100 % - 
Memory: 4224/4224 408208/408313
求解时间：4 s。
物理内存: 4.31 GB
虚拟内存: 408.33 GB
Warning: 该系统不支持 PARDISO。请切换为 MUMPS。
结束时间：2026年5月17日 下午2:03:15。
----- 研究/解 1 (sol1) 中的“稳态求解器 1” ----------------------------------------------->
<---- 研究/解 1 (sol1) 中的“编译方程: 稳态” -----------------------------------------------
开始于 2026年5月17日 下午2:03:16。
几何形函数: 二次拉格朗日单元
在 Apple M1 Pro 上运行。
在以下位置使用 1 个插槽： 192.168.0.106 上（共 8 个内核）。
可用内存：32.77 GB。
           当前进度:   5 % - 编译方程: 稳态
Memory: 4227/4307 408192/408325
           当前进度:   5 % - 正在创建可视化网格
时间：3。
物理内存: 4.23 GB
虚拟内存: 408.19 GB
结束时间：2026年5月17日 下午2:03:19。
----- 研究/解 1 (sol1) 中的“编译方程: 稳态” ---------------------------------------------->
<---- 研究/解 1 (sol1) 中的“因变量 1” --------------------------------------------------
开始于 2026年5月17日 下午2:03:19。
           当前进度:   5 % - 因变量 1
求解时间：0 s。
物理内存: 4.23 GB
虚拟内存: 408.19 GB
结束时间：2026年5月17日 下午2:03:19。
----- 研究/解 1 (sol1) 中的“因变量 1” ------------------------------------------------->
<---- 研究/解 1 (sol1) 中的“稳态求解器 1” ------------------------------------------------
开始于 2026年5月17日 下午2:03:19。
Warning: 该系统不支持 PARDISO。请切换为 MUMPS。
线性求解器 
求解的自由度数：797914（加上 234606 个内部自由度）。
-          当前进度:  19 % - 稳态求解器 1
--         当前进度:  22 % - 组装稀疏模式
---        当前进度:  37 % - 
找到对称矩阵。
缩放因变量：
温度 (comp_v3_solid_solver.T): 2.9e+02
已使用正交零空间函数。
---        当前进度:  37 % - 组装延展
------     当前进度:  64 % - 约束处理
-------    当前进度:  73 % - 创建多重网格层次结构
Memory: 4230/4307 408201/408325
Iter      SolEst     Damping    Stepsize #Res #Jac #Sol LinIt   LinErr   LinRes
--------   当前进度:  88 % - 求解线性方程组
Memory: 4230/4307 408202/408325
---------  当前进度:  95 % - 求解线性方程组
---------  当前进度:  97 % - 求解线性方程组
---------- 当前进度: 100 % - 求解线性方程组
   1        0.12   1.0000000        0.12    1    1    1    11  0.00068  0.00065
---------- 当前进度: 100 % - 
Memory: 4243/4307 408226/408325
求解时间：4 s。
物理内存: 4.33 GB
虚拟内存: 408.33 GB
Warning: 该系统不支持 PARDISO。请切换为 MUMPS。
结束时间：2026年5月17日 下午2:03:23。
----- 研究/解 1 (sol1) 中的“稳态求解器 1” ----------------------------------------------->
<---- 研究/解 1 (sol1) 中的“编译方程: 稳态” -----------------------------------------------
开始于 2026年5月17日 下午2:03:24。
几何形函数: 二次拉格朗日单元
在 Apple M1 Pro 上运行。
在以下位置使用 1 个插槽： 192.168.0.106 上（共 8 个内核）。
可用内存：32.77 GB。
           当前进度:   5 % - 编译方程: 稳态
Memory: 4239/4332 408208/408334
           当前进度:   5 % - 正在创建可视化网格
Memory: 4240/4332 408208/408334
时间：3。
物理内存: 4.24 GB
虚拟内存: 408.21 GB
结束时间：2026年5月17日 下午2:03:27。
----- 研究/解 1 (sol1) 中的“编译方程: 稳态” ---------------------------------------------->
<---- 研究/解 1 (sol1) 中的“因变量 1” --------------------------------------------------
开始于 2026年5月17日 下午2:03:27。
           当前进度:   5 % - 因变量 1
求解时间：0 s。
物理内存: 4.24 GB
虚拟内存: 408.21 GB
结束时间：2026年5月17日 下午2:03:27。
----- 研究/解 1 (sol1) 中的“因变量 1” ------------------------------------------------->
<---- 研究/解 1 (sol1) 中的“稳态求解器 1” ------------------------------------------------
开始于 2026年5月17日 下午2:03:27。
Warning: 该系统不支持 PARDISO。请切换为 MUMPS。
线性求解器 
求解的自由度数：797914（加上 234606 个内部自由度）。
-          当前进度:  19 % - 稳态求解器 1
--         当前进度:  21 % - 组装稀疏模式
---        当前进度:  33 % - 组装矩阵
找到对称矩阵。
缩放因变量：
温度 (comp_v3_solid_solver.T): 2.9e+02
已使用正交零空间函数。
---        当前进度:  37 % - 组装延展
------     当前进度:  64 % - 约束处理
-------    当前进度:  73 % - 创建多重网格层次结构
Memory: 4244/4332 408210/408334
Iter      SolEst     Damping    Stepsize #Res #Jac #Sol LinIt   LinErr   LinRes
--------   当前进度:  87 % - 求解线性方程组
Memory: 4244/4332 408214/408334
---------  当前进度:  95 % - 求解线性方程组
---------  当前进度:  96 % - 求解线性方程组
---------- 当前进度: 100 % - 求解线性方程组
   1        0.13   1.0000000        0.13    1    1    1    11  0.00088  0.00095
---------- 当前进度: 100 % - 
Memory: 4260/4332 408244/408334
求解时间：4 s。
物理内存: 4.35 GB
虚拟内存: 408.35 GB
Warning: 该系统不支持 PARDISO。请切换为 MUMPS。
结束时间：2026年5月17日 下午2:03:30。
----- 研究/解 1 (sol1) 中的“稳态求解器 1” ----------------------------------------------->
<---- 研究/解 1 (sol1) 中的“编译方程: 稳态” -----------------------------------------------
开始于 2026年5月17日 下午2:03:32。
几何形函数: 二次拉格朗日单元
在 Apple M1 Pro 上运行。
在以下位置使用 1 个插槽： 192.168.0.106 上（共 8 个内核）。
可用内存：32.77 GB。
           当前进度:   5 % - 编译方程: 稳态
Memory: 4255/4346 408222/408346
           当前进度:   5 % - 正在创建可视化网格
Memory: 4256/4346 408222/408346
时间：3。
物理内存: 4.26 GB
虚拟内存: 408.22 GB
结束时间：2026年5月17日 下午2:03:35。
----- 研究/解 1 (sol1) 中的“编译方程: 稳态” ---------------------------------------------->
<---- 研究/解 1 (sol1) 中的“因变量 1” --------------------------------------------------
开始于 2026年5月17日 下午2:03:35。
           当前进度:   5 % - 因变量 1
求解时间：0 s。
物理内存: 4.26 GB
虚拟内存: 408.22 GB
结束时间：2026年5月17日 下午2:03:35。
----- 研究/解 1 (sol1) 中的“因变量 1” ------------------------------------------------->
<---- 研究/解 1 (sol1) 中的“稳态求解器 1” ------------------------------------------------
开始于 2026年5月17日 下午2:03:35。
Warning: 该系统不支持 PARDISO。请切换为 MUMPS。
线性求解器 
求解的自由度数：797914（加上 234606 个内部自由度）。
-          当前进度:  19 % - 稳态求解器 1
--         当前进度:  22 % - 组装稀疏模式
---        当前进度:  37 % - 组装矩阵
找到对称矩阵。
缩放因变量：
温度 (comp_v3_solid_solver.T): 2.9e+02
已使用正交零空间函数。
---        当前进度:  37 % - 组装延展
------     当前进度:  64 % - 约束处理
Iter      SolEst     Damping    Stepsize #Res #Jac #Sol LinIt   LinErr   LinRes
-------    当前进度:  73 % - 求解线性方程组
Memory: 4269/4346 408235/408346
--------   当前进度:  88 % - 求解线性方程组
Memory: 4269/4346 408238/408346
---------  当前进度:  96 % - 求解线性方程组
---------  当前进度:  97 % - 求解线性方程组
---------- 当前进度: 100 % - 求解线性方程组
   1        0.13   1.0000000        0.13    1    1    1    11  0.00073  0.00062
---------- 当前进度: 100 % - 
Memory: 4285/4346 408267/408346
求解时间：4 s。
物理内存: 4.37 GB
虚拟内存: 408.38 GB
Warning: 该系统不支持 PARDISO。请切换为 MUMPS。
结束时间：2026年5月17日 下午2:03:38。
----- 研究/解 1 (sol1) 中的“稳态求解器 1” ----------------------------------------------->
<---- 研究/解 1 (sol1) 中的“编译方程: 稳态” -----------------------------------------------
开始于 2026年5月17日 下午2:03:39。
几何形函数: 二次拉格朗日单元
在 Apple M1 Pro 上运行。
在以下位置使用 1 个插槽： 192.168.0.106 上（共 8 个内核）。
可用内存：32.77 GB。
           当前进度:   5 % - 编译方程: 稳态
Memory: 4276/4374 408239/408375
           当前进度:   5 % - 正在创建可视化网格
时间：3。
物理内存: 4.28 GB
虚拟内存: 408.24 GB
结束时间：2026年5月17日 下午2:03:43。
----- 研究/解 1 (sol1) 中的“编译方程: 稳态” ---------------------------------------------->
<---- 研究/解 1 (sol1) 中的“因变量 1” --------------------------------------------------
开始于 2026年5月17日 下午2:03:43。
           当前进度:   5 % - 因变量 1
求解时间：0 s。
物理内存: 4.28 GB
虚拟内存: 408.24 GB
结束时间：2026年5月17日 下午2:03:43。
----- 研究/解 1 (sol1) 中的“因变量 1” ------------------------------------------------->
<---- 研究/解 1 (sol1) 中的“稳态求解器 1” ------------------------------------------------
开始于 2026年5月17日 下午2:03:43。
Warning: 该系统不支持 PARDISO。请切换为 MUMPS。
线性求解器 
求解的自由度数：797914（加上 234606 个内部自由度）。
           当前进度:   9 % - 稳态求解器 1
--         当前进度:  22 % - 组装稀疏模式
Memory: 4289/4374 408239/408375
---        当前进度:  36 % - 组装矩阵
Memory: 4295/4374 408239/408375
找到对称矩阵。
缩放因变量：
温度 (comp_v3_solid_solver.T): 2.9e+02
已使用正交零空间函数。
---        当前进度:  37 % - 组装延展
-------    当前进度:  73 % - 创建多重网格层次结构
Iter      SolEst     Damping    Stepsize #Res #Jac #Sol LinIt   LinErr   LinRes
--------   当前进度:  88 % - 求解线性方程组
Memory: 4302/4374 408245/408375
---------  当前进度:  95 % - 求解线性方程组
---------  当前进度:  97 % - 求解线性方程组
   1        0.14   1.0000000        0.14    1    1    1    11  0.00067  0.00061
---------- 当前进度: 100 % - 求解线性方程组
---------- 当前进度: 100 % - 
Memory: 4319/4374 408269/408375
求解时间：4 s。
物理内存: 4.41 GB
虚拟内存: 408.38 GB
Warning: 该系统不支持 PARDISO。请切换为 MUMPS。
结束时间：2026年5月17日 下午2:03:46。
----- 研究/解 1 (sol1) 中的“稳态求解器 1” ----------------------------------------------->
<---- 研究/解 1 (sol1) 中的“编译方程: 稳态” -----------------------------------------------
开始于 2026年5月17日 下午2:03:47。
几何形函数: 二次拉格朗日单元
在 Apple M1 Pro 上运行。
在以下位置使用 1 个插槽： 192.168.0.106 上（共 8 个内核）。
可用内存：32.77 GB。
           当前进度:   5 % - 编译方程: 稳态
Memory: 4319/4412 408252/408383
           当前进度:   5 % - 正在创建可视化网格
时间：3。
物理内存: 4.32 GB
虚拟内存: 408.25 GB
结束时间：2026年5月17日 下午2:03:50。
----- 研究/解 1 (sol1) 中的“编译方程: 稳态” ---------------------------------------------->
<---- 研究/解 1 (sol1) 中的“因变量 1” --------------------------------------------------
开始于 2026年5月17日 下午2:03:50。
           当前进度:   5 % - 因变量 1
求解时间：0 s。
物理内存: 4.32 GB
虚拟内存: 408.25 GB
结束时间：2026年5月17日 下午2:03:50。
----- 研究/解 1 (sol1) 中的“因变量 1” ------------------------------------------------->
<---- 研究/解 1 (sol1) 中的“稳态求解器 1” ------------------------------------------------
开始于 2026年5月17日 下午2:03:50。
Warning: 该系统不支持 PARDISO。请切换为 MUMPS。
线性求解器 
求解的自由度数：797914（加上 234606 个内部自由度）。
-          当前进度:  19 % - 稳态求解器 1
--         当前进度:  21 % - 组装稀疏模式
Memory: 4328/4412 408261/408383
---        当前进度:  33 % - 组装矩阵
找到对称矩阵。
缩放因变量：
温度 (comp_v3_solid_solver.T): 2.9e+02
已使用正交零空间函数。
---        当前进度:  37 % - 组装延展
-------    当前进度:  73 % - 创建多重网格层次结构
Iter      SolEst     Damping    Stepsize #Res #Jac #Sol LinIt   LinErr   LinRes
-------    当前进度:  73 % - 求解线性方程组
Memory: 4330/4412 408265/408383
--------   当前进度:  87 % - 求解线性方程组
Memory: 4333/4412 408268/408383
---------  当前进度:  95 % - 求解线性方程组
---------  当前进度:  97 % - 求解线性方程组
Memory: 4339/4412 408268/408383
   1        0.15   1.0000000        0.15    1    1    1    11  0.00078   0.0008
---------- 当前进度: 100 % - 组装矩阵
---------- 当前进度: 100 % - 
Memory: 4352/4412 408292/408383
求解时间：4 s。
物理内存: 4.44 GB
虚拟内存: 408.4 GB
Warning: 该系统不支持 PARDISO。请切换为 MUMPS。
结束时间：2026年5月17日 下午2:03:54。
----- 研究/解 1 (sol1) 中的“稳态求解器 1” ----------------------------------------------->
<---- 研究/解 1 (sol1) 中的“编译方程: 稳态” -----------------------------------------------
开始于 2026年5月17日 下午2:03:55。
几何形函数: 二次拉格朗日单元
在 Apple M1 Pro 上运行。
在以下位置使用 1 个插槽： 192.168.0.106 上（共 8 个内核）。
可用内存：32.77 GB。
           当前进度:   5 % - 编译方程: 稳态
Memory: 4221/4441 408148/408400
           当前进度:   5 % - 正在创建可视化网格
时间：3。
物理内存: 4.22 GB
虚拟内存: 408.15 GB
结束时间：2026年5月17日 下午2:03:58。
----- 研究/解 1 (sol1) 中的“编译方程: 稳态” ---------------------------------------------->
<---- 研究/解 1 (sol1) 中的“因变量 1” --------------------------------------------------
开始于 2026年5月17日 下午2:03:58。
           当前进度:   5 % - 因变量 1
求解时间：0 s。
物理内存: 4.22 GB
虚拟内存: 408.15 GB
结束时间：2026年5月17日 下午2:03:58。
----- 研究/解 1 (sol1) 中的“因变量 1” ------------------------------------------------->
<---- 研究/解 1 (sol1) 中的“稳态求解器 1” ------------------------------------------------
开始于 2026年5月17日 下午2:03:58。
Warning: 该系统不支持 PARDISO。请切换为 MUMPS。
线性求解器 
求解的自由度数：797914（加上 234606 个内部自由度）。
-          当前进度:  19 % - 稳态求解器 1
--         当前进度:  22 % - 组装稀疏模式
---        当前进度:  34 % - 
找到对称矩阵。
缩放因变量：
温度 (comp_v3_solid_solver.T): 2.9e+02
已使用正交零空间函数。
---        当前进度:  37 % - 组装延展
Memory: 4224/4441 408148/408400
-------    当前进度:  73 % - 创建多重网格层次结构
Iter      SolEst     Damping    Stepsize #Res #Jac #Sol LinIt   LinErr   LinRes
-------    当前进度:  73 % - 求解线性方程组
Memory: 4229/4441 408157/408400
--------   当前进度:  88 % - 求解线性方程组
---------  当前进度:  96 % - 求解线性方程组
Memory: 4236/4441 408285/408400
---------  当前进度:  98 % - 求解线性方程组
   1        0.14   1.0000000        0.14    1    1    1    11  0.00075  0.00062
---------- 当前进度: 100 % - 组装矩阵
---------- 当前进度: 100 % - 
Memory: 4262/4441 408442/408442
求解时间：4 s。
物理内存: 4.35 GB
虚拟内存: 408.55 GB
Warning: 该系统不支持 PARDISO。请切换为 MUMPS。
结束时间：2026年5月17日 下午2:04:02。
----- 研究/解 1 (sol1) 中的“稳态求解器 1” ----------------------------------------------->
<---- 研究/解 1 (sol1) 中的“编译方程: 稳态” -----------------------------------------------
开始于 2026年5月17日 下午2:04:03。
几何形函数: 二次拉格朗日单元
在 Apple M1 Pro 上运行。
在以下位置使用 1 个插槽： 192.168.0.106 上（共 8 个内核）。
可用内存：32.77 GB。
           当前进度:   5 % - 编译方程: 稳态
Memory: 4294/4441 408420/408550
           当前进度:   5 % - 正在创建可视化网格
Memory: 4302/4441 408420/408550
时间：3。
物理内存: 4.3 GB
虚拟内存: 408.42 GB
结束时间：2026年5月17日 下午2:04:06。
----- 研究/解 1 (sol1) 中的“编译方程: 稳态” ---------------------------------------------->
<---- 研究/解 1 (sol1) 中的“因变量 1” --------------------------------------------------
开始于 2026年5月17日 下午2:04:06。
           当前进度:   5 % - 因变量 1
Memory: 4328/4441 408420/408550
求解时间：0 s。
物理内存: 4.33 GB
虚拟内存: 408.42 GB
结束时间：2026年5月17日 下午2:04:06。
----- 研究/解 1 (sol1) 中的“因变量 1” ------------------------------------------------->
<---- 研究/解 1 (sol1) 中的“稳态求解器 1” ------------------------------------------------
开始于 2026年5月17日 下午2:04:06。
Warning: 该系统不支持 PARDISO。请切换为 MUMPS。
线性求解器 
求解的自由度数：797914（加上 234606 个内部自由度）。
-          当前进度:  19 % - 稳态求解器 1
Memory: 4345/4441 408420/408550
--         当前进度:  22 % - 组装稀疏模式
Memory: 4346/4441 408420/408550
---        当前进度:  36 % - 组装矩阵
找到对称矩阵。
缩放因变量：
温度 (comp_v3_solid_solver.T): 2.9e+02
已使用正交零空间函数。
---        当前进度:  37 % - 组装延展
Memory: 4350/4441 408420/408550
-----      当前进度:  55 % - 组装矩阵
Memory: 4362/4441 408420/408550
-------    当前进度:  73 % - 创建多重网格层次结构
Memory: 4360/4441 408423/408550
Iter      SolEst     Damping    Stepsize #Res #Jac #Sol LinIt   LinErr   LinRes
--------   当前进度:  82 % - 求解线性方程组
Memory: 4386/4441 408429/408550
---------  当前进度:  95 % - 求解线性方程组
---------  当前进度:  97 % - 求解线性方程组
---------  当前进度:  98 % - 求解线性方程组
Memory: 4392/4441 408429/408550
   1        0.15   1.0000000        0.15    1    1    1    11  0.00069  0.00061
---------- 当前进度: 100 % - 
Memory: 4445/4445 408459/408550
求解时间：4 s。
物理内存: 4.53 GB
虚拟内存: 408.56 GB
Warning: 该系统不支持 PARDISO。请切换为 MUMPS。
结束时间：2026年5月17日 下午2:04:10。
----- 研究/解 1 (sol1) 中的“稳态求解器 1” ----------------------------------------------->
<---- 研究/解 1 (sol1) 中的“编译方程: 稳态” -----------------------------------------------
开始于 2026年5月17日 下午2:04:11。
几何形函数: 二次拉格朗日单元
在 Apple M1 Pro 上运行。
在以下位置使用 1 个插槽： 192.168.0.106 上（共 8 个内核）。
可用内存：32.77 GB。
           当前进度:   5 % - 编译方程: 稳态
Memory: 4311/4530 408309/408561
           当前进度:   5 % - 正在创建可视化网格
Memory: 4316/4530 408309/408561
时间：3。
物理内存: 4.32 GB
虚拟内存: 408.31 GB
结束时间：2026年5月17日 下午2:04:14。
----- 研究/解 1 (sol1) 中的“编译方程: 稳态” ---------------------------------------------->
<---- 研究/解 1 (sol1) 中的“因变量 1” --------------------------------------------------
开始于 2026年5月17日 下午2:04:14。
           当前进度:   5 % - 因变量 1
求解时间：0 s。
物理内存: 4.32 GB
虚拟内存: 408.31 GB
结束时间：2026年5月17日 下午2:04:14。
----- 研究/解 1 (sol1) 中的“因变量 1” ------------------------------------------------->
<---- 研究/解 1 (sol1) 中的“稳态求解器 1” ------------------------------------------------
开始于 2026年5月17日 下午2:04:14。
Warning: 该系统不支持 PARDISO。请切换为 MUMPS。
线性求解器 
求解的自由度数：797914（加上 234606 个内部自由度）。
-          当前进度:  19 % - 稳态求解器 1
Memory: 4319/4530 408309/408561
--         当前进度:  22 % - 组装稀疏模式
Memory: 4323/4530 408309/408561
---        当前进度:  37 % - 
找到对称矩阵。
缩放因变量：
温度 (comp_v3_solid_solver.T): 2.9e+02
已使用正交零空间函数。
---        当前进度:  37 % - 组装延展
------     当前进度:  64 % - 约束处理
Iter      SolEst     Damping    Stepsize #Res #Jac #Sol LinIt   LinErr   LinRes
-------    当前进度:  73 % - 求解线性方程组
Memory: 4328/4530 408313/408561
--------   当前进度:  87 % - 求解线性方程组
Memory: 4328/4530 408316/408561
---------  当前进度:  95 % - 求解线性方程组
---------  当前进度:  96 % - 求解线性方程组
---------  当前进度:  98 % - 求解线性方程组
   1        0.16   1.0000000        0.16    1    1    1    11  0.00072   0.0007
---------- 当前进度: 100 % - 
Memory: 4344/4530 408344/408561
求解时间：4 s。
物理内存: 4.44 GB
虚拟内存: 408.46 GB
Warning: 该系统不支持 PARDISO。请切换为 MUMPS。
结束时间：2026年5月17日 下午2:04:18。
----- 研究/解 1 (sol1) 中的“稳态求解器 1” ----------------------------------------------->
类运行时: 276 s.
正在保存模型: /Users/luolin/Documents/New project/110kV_RIP_bushing_project/comsol/run_solid_only_sweep_27_run007_Model.mph
保存时间: 0 s.
总时间: 276 s.
---------- 当前进度: 100 % - 完成
Memory: 4338/4530 408324/408561
