*******************************************
***COMSOL 6.0.0.318 progress output file***
*******************************************
Sat May 16 11:33:00 CST 2026
COMSOL Multiphysics 6.0 (????: 318) ?????????
????: /Users/luolin/Documents/New project/110kV_RIP_bushing_project/comsol/run_solid_only_run006_source_fixed.class
??????248
??????58710
-          ????:  18 % - ????????????
Memory: 829/829 405928/405928
-          ????:  19 % - ?????
Memory: 890/890 405943/405943
--         ????:  20 % - ?????
Memory: 897/897 405945/405945
--         ????:  21 % - ?????
Memory: 906/906 405946/405946
--         ????:  22 % - ?????
Memory: 911/911 405947/405947
--         ????:  25 % - ????????????
Memory: 910/911 405902/405947
--         ????:  26 % - ?????
Memory: 919/919 405906/405947
--         ????:  27 % - ?????
--         ????:  28 % - ?????
--         ????:  29 % - ?????
---------  ????:  95 % - ??????
????398775
---------  ????:  99 % - ??????
Memory: 1168/1168 406047/406047
???????0.0488
---------- ????: 100 % - ??????
Memory: 1144/1168 406022/406047
<---- ??/? 1 (sol1) ???????: ??? -----------------------------------------------
??? 2026?5?16? ??11:33:49?
?????: ????????
? Apple M1 Pro ????
??????? 1 ???? 192.168.0.106 ??? 8 ?????
?????32.77 GB?
           ????:   5 % - ????: ??
Memory: 1267/1267 406068/406068
           ????:   5 % - ?????????
Memory: 1423/1423 406132/406132
???13?
????: 1.49 GB
????: 406.2 GB
?????2026?5?16? ??11:34:01?
----- ??/? 1 (sol1) ???????: ??? ---------------------------------------------->
<---- ??/? 1 (sol1) ?????? 1? --------------------------------------------------
??? 2026?5?16? ??11:34:01?
           ????:   5 % - ??? 1
Memory: 1520/1520 406182/406197
?????0 s?
????: 1.52 GB
????: 406.18 GB
?????2026?5?16? ??11:34:01?
----- ??/? 1 (sol1) ?????? 1? ------------------------------------------------->
<---- ??/? 1 (sol1) ???????? 1? ------------------------------------------------
??? 2026?5?16? ??11:34:01?
Warning: ?????? PARDISO????? MUMPS?
????? 
????????797914??? 234606 ????????
-          ????:  19 % - ????? 1
Memory: 1561/1561 406186/406197
--         ????:  22 % - ??????
Memory: 1806/1806 406354/406354
---        ????:  37 % - 
Memory: 2053/2053 406585/406585
???????
??????
?? (comp_v3_solid_solver.T): 2.9e+02
???????????
---        ????:  37 % - ????
Memory: 2225/2225 406827/406827
------     ????:  64 % - 
Memory: 2260/2260 406856/406856
-------    ????:  73 % - ??????????
Memory: 2274/2274 406874/406874
Iter      SolEst     Damping    Stepsize #Res #Jac #Sol LinIt   LinErr   LinRes
-------    ????:  73 % - ???????
Memory: 2299/2299 406878/406878
--------   ????:  88 % - ???????
Memory: 2311/2311 406878/406878
---------  ????:  96 % - ???????
---------  ????:  97 % - ???????
Memory: 2324/2324 406878/406878
---------  ????:  98 % - ???????
Memory: 2330/2330 406878/406878
   1        0.13   1.0000000        0.13    1    1    1    10  0.00095   0.0007
---------- ????: 100 % - 
Memory: 2397/2397 406896/406896
?????4 s?
????: 2.49 GB
????: 407.01 GB
Warning: ?????? PARDISO????? MUMPS?
?????2026?5?16? ??11:34:05?
----- ??/? 1 (sol1) ???????? 1? ----------------------------------------------->
????: 66 s.
??????: /Users/luolin/Documents/New project/110kV_RIP_bushing_project/comsol/BRFGL1-126-1250-4_solid_only_RUN006_source_fixed_Model.mph
????: 0 s.
???: 66 s.
---------- ????: 100 % - ??
Memory: 2402/2487 406877/407005
