*******************************************
***COMSOL 6.0.0.318 progress output file***
*******************************************
Sat May 16 11:33:00 CST 2026
COMSOL Multiphysics 6.0 (开发版本: 318) 在批处理模式下启动
正在运行: /Users/luolin/Documents/New project/110kV_RIP_bushing_project/comsol/run_solid_only_run006_source_fixed.class
顶点单元数：248
边界单元数：58710
-          当前进度:  18 % - 正在准备进行前沿网格划分
Memory: 829/829 405928/405928
-          当前进度:  19 % - 插入内部点
Memory: 890/890 405943/405943
--         当前进度:  20 % - 插入内部点
Memory: 897/897 405945/405945
--         当前进度:  21 % - 插入内部点
Memory: 906/906 405946/405946
--         当前进度:  22 % - 插入内部点
Memory: 911/911 405947/405947
--         当前进度:  25 % - 正在准备进行前沿网格划分
Memory: 910/911 405902/405947
--         当前进度:  26 % - 插入内部点
Memory: 919/919 405906/405947
--         当前进度:  27 % - 插入内部点
--         当前进度:  28 % - 插入内部点
--         当前进度:  29 % - 插入内部点
---------  当前进度:  95 % - 提高单元质量
单元数：398775
---------  当前进度:  99 % - 正在定型网格
Memory: 1168/1168 406047/406047
最小单元质量：0.0488
---------- 当前进度: 100 % - 正在定型网格
Memory: 1144/1168 406022/406047
<---- 研究/解 1 (sol1) 中的“编译方程: 稳态” -----------------------------------------------
开始于 2026年5月16日 上午11:33:49。
几何形函数: 二次拉格朗日单元
在 Apple M1 Pro 上运行。
在以下位置使用 1 个插槽： 192.168.0.106 上（共 8 个内核）。
可用内存：32.77 GB。
           当前进度:   5 % - 编译方程: 稳态
Memory: 1267/1267 406068/406068
           当前进度:   5 % - 正在创建可视化网格
Memory: 1423/1423 406132/406132
时间：13。
物理内存: 1.49 GB
虚拟内存: 406.2 GB
结束时间：2026年5月16日 上午11:34:01。
----- 研究/解 1 (sol1) 中的“编译方程: 稳态” ---------------------------------------------->
<---- 研究/解 1 (sol1) 中的“因变量 1” --------------------------------------------------
开始于 2026年5月16日 上午11:34:01。
           当前进度:   5 % - 因变量 1
Memory: 1520/1520 406182/406197
求解时间：0 s。
物理内存: 1.52 GB
虚拟内存: 406.18 GB
结束时间：2026年5月16日 上午11:34:01。
----- 研究/解 1 (sol1) 中的“因变量 1” ------------------------------------------------->
<---- 研究/解 1 (sol1) 中的“稳态求解器 1” ------------------------------------------------
开始于 2026年5月16日 上午11:34:01。
Warning: 该系统不支持 PARDISO。请切换为 MUMPS。
线性求解器 
求解的自由度数：797914（加上 234606 个内部自由度）。
-          当前进度:  19 % - 稳态求解器 1
Memory: 1561/1561 406186/406197
--         当前进度:  22 % - 组装稀疏模式
Memory: 1806/1806 406354/406354
---        当前进度:  37 % - 
Memory: 2053/2053 406585/406585
找到对称矩阵。
缩放因变量：
温度 (comp_v3_solid_solver.T): 2.9e+02
已使用正交零空间函数。
---        当前进度:  37 % - 组装延展
Memory: 2225/2225 406827/406827
------     当前进度:  64 % - 
Memory: 2260/2260 406856/406856
-------    当前进度:  73 % - 创建多重网格层次结构
Memory: 2274/2274 406874/406874
Iter      SolEst     Damping    Stepsize #Res #Jac #Sol LinIt   LinErr   LinRes
-------    当前进度:  73 % - 求解线性方程组
Memory: 2299/2299 406878/406878
--------   当前进度:  88 % - 求解线性方程组
Memory: 2311/2311 406878/406878
---------  当前进度:  96 % - 求解线性方程组
---------  当前进度:  97 % - 求解线性方程组
Memory: 2324/2324 406878/406878
---------  当前进度:  98 % - 求解线性方程组
Memory: 2330/2330 406878/406878
   1        0.13   1.0000000        0.13    1    1    1    10  0.00095   0.0007
---------- 当前进度: 100 % - 
Memory: 2397/2397 406896/406896
求解时间：4 s。
物理内存: 2.49 GB
虚拟内存: 407.01 GB
Warning: 该系统不支持 PARDISO。请切换为 MUMPS。
结束时间：2026年5月16日 上午11:34:05。
----- 研究/解 1 (sol1) 中的“稳态求解器 1” ----------------------------------------------->
类运行时: 66 s.
正在保存模型: /Users/luolin/Documents/New project/110kV_RIP_bushing_project/comsol/BRFGL1-126-1250-4_solid_only_RUN006_source_fixed_Model.mph
保存时间: 0 s.
总时间: 66 s.
---------- 当前进度: 100 % - 完成
Memory: 2402/2487 406877/407005
