*******************************************
***COMSOL 6.0.0.318 progress output file***
*******************************************
Sat May 16 10:52:40 CST 2026
COMSOL Multiphysics 6.0 (开发版本: 318) 在批处理模式下启动
正在运行: /Users/luolin/Documents/New project/110kV_RIP_bushing_project/comsol/run_solid_only_baseline_1250.class
顶点单元数：248
边界单元数：58710
-          当前进度:  18 % - 正在准备进行前沿网格划分
Memory: 765/765 405925/405925
-          当前进度:  19 % - 插入内部点
Memory: 831/831 405941/405941
--         当前进度:  20 % - 插入内部点
Memory: 840/840 405942/405942
--         当前进度:  21 % - 插入内部点
Memory: 843/843 405942/405942
--         当前进度:  22 % - 插入内部点
Memory: 847/847 405902/405942
--         当前进度:  25 % - 正在准备进行前沿网格划分
Memory: 848/848 405902/405942
--         当前进度:  26 % - 插入内部点
Memory: 854/854 405907/405942
--         当前进度:  27 % - 插入内部点
Memory: 854/854 405904/405942
--         当前进度:  28 % - 插入内部点
Memory: 855/855 405904/405942
---        当前进度:  31 % - 提高单元质量
---------  当前进度:  95 % - 提高单元质量
单元数：398775
---------  当前进度:  99 % - 正在定型网格
Memory: 1058/1058 405916/405942
---------- 当前进度: 100 % - 正在定型网格
Memory: 1042/1058 405898/405942
最小单元质量：0.0488
<---- 研究/解 1 (sol1) 中的“编译方程: 稳态” -----------------------------------------------
开始于 2026年5月16日 上午10:53:31。
几何形函数: 二次拉格朗日单元
在 Apple M1 Pro 上运行。
在以下位置使用 1 个插槽： 192.168.0.106 上（共 8 个内核）。
可用内存：32.77 GB。
           当前进度:   5 % - 编译方程: 稳态
Memory: 1126/1126 405938/405942
           当前进度:   5 % - 正在创建可视化网格
Memory: 1260/1260 405982/405982
时间：14。
物理内存: 1.3 GB
虚拟内存: 406.01 GB
结束时间：2026年5月16日 上午10:53:45。
----- 研究/解 1 (sol1) 中的“编译方程: 稳态” ---------------------------------------------->
<---- 研究/解 1 (sol1) 中的“因变量 1” --------------------------------------------------
开始于 2026年5月16日 上午10:53:45。
           当前进度:   5 % - 因变量 1
Memory: 1356/1356 406004/406014
求解时间：0 s。
物理内存: 1.36 GB
虚拟内存: 406 GB
结束时间：2026年5月16日 上午10:53:45。
----- 研究/解 1 (sol1) 中的“因变量 1” ------------------------------------------------->
<---- 研究/解 1 (sol1) 中的“稳态求解器 1” ------------------------------------------------
开始于 2026年5月16日 上午10:53:45。
Warning: 该系统不支持 PARDISO。请切换为 MUMPS。
线性求解器 
求解的自由度数：797914（加上 234606 个内部自由度）。
           当前进度:   9 % - 稳态求解器 1
Memory: 1434/1434 406006/406014
--         当前进度:  22 % - 组装稀疏模式
Memory: 1599/1599 406159/406159
---        当前进度:  37 % - 组装矩阵
Memory: 1867/1867 406483/406483
找到对称矩阵。
缩放因变量：
温度 (comp_v3_solid_solver.T): 2.9e+02
已使用正交零空间函数。
---        当前进度:  37 % - 创建多重网格层
Memory: 2051/2051 406666/406666
---        当前进度:  37 % - 组装延展
Memory: 2104/2104 406794/406794
-------    当前进度:  73 % - 创建多重网格层次结构
Memory: 2138/2138 406823/406823
Iter      SolEst     Damping    Stepsize #Res #Jac #Sol LinIt   LinErr   LinRes
-------    当前进度:  73 % - 求解线性方程组
Memory: 2171/2171 406847/406847
--------   当前进度:  88 % - 求解线性方程组
---------  当前进度:  95 % - 求解线性方程组
Memory: 2177/2177 406847/406847
---------  当前进度:  96 % - 求解线性方程组
Memory: 2189/2189 406847/406847
---------  当前进度:  98 % - 求解线性方程组
Memory: 2195/2195 406847/406847
   1        0.13   1.0000000        0.13    1    1    1    10  0.00095   0.0007
---------- 当前进度: 100 % - 求解线性方程组
Memory: 2222/2222 406847/406847
---------- 当前进度: 100 % - 
Memory: 2281/2281 406895/406895
求解时间：5 s。
物理内存: 2.38 GB
虚拟内存: 407 GB
Warning: 该系统不支持 PARDISO。请切换为 MUMPS。
结束时间：2026年5月16日 上午10:53:50。
----- 研究/解 1 (sol1) 中的“稳态求解器 1” ----------------------------------------------->
类运行时: 70 s.
正在保存模型: /Users/luolin/Documents/New project/110kV_RIP_bushing_project/comsol/BRFGL1-126-1250-4_solid_only_baseline_RUN004_Model.mph
保存时间: 0 s.
总时间: 70 s.
---------- 当前进度: 100 % - 完成
Memory: 2299/2377 406879/407003
