*******************************************
***COMSOL 6.0.0.318 progress output file***
*******************************************
Sat May 16 10:52:40 CST 2026
COMSOL Multiphysics 6.0 (????: 318) ?????????
????: /Users/luolin/Documents/New project/110kV_RIP_bushing_project/comsol/run_solid_only_baseline_1250.class
??????248
??????58710
-          ????:  18 % - ????????????
Memory: 765/765 405925/405925
-          ????:  19 % - ?????
Memory: 831/831 405941/405941
--         ????:  20 % - ?????
Memory: 840/840 405942/405942
--         ????:  21 % - ?????
Memory: 843/843 405942/405942
--         ????:  22 % - ?????
Memory: 847/847 405902/405942
--         ????:  25 % - ????????????
Memory: 848/848 405902/405942
--         ????:  26 % - ?????
Memory: 854/854 405907/405942
--         ????:  27 % - ?????
Memory: 854/854 405904/405942
--         ????:  28 % - ?????
Memory: 855/855 405904/405942
---        ????:  31 % - ??????
---------  ????:  95 % - ??????
????398775
---------  ????:  99 % - ??????
Memory: 1058/1058 405916/405942
---------- ????: 100 % - ??????
Memory: 1042/1058 405898/405942
???????0.0488
<---- ??/? 1 (sol1) ???????: ??? -----------------------------------------------
??? 2026?5?16? ??10:53:31?
?????: ????????
? Apple M1 Pro ????
??????? 1 ???? 192.168.0.106 ??? 8 ?????
?????32.77 GB?
           ????:   5 % - ????: ??
Memory: 1126/1126 405938/405942
           ????:   5 % - ?????????
Memory: 1260/1260 405982/405982
???14?
????: 1.3 GB
????: 406.01 GB
?????2026?5?16? ??10:53:45?
----- ??/? 1 (sol1) ???????: ??? ---------------------------------------------->
<---- ??/? 1 (sol1) ?????? 1? --------------------------------------------------
??? 2026?5?16? ??10:53:45?
           ????:   5 % - ??? 1
Memory: 1356/1356 406004/406014
?????0 s?
????: 1.36 GB
????: 406 GB
?????2026?5?16? ??10:53:45?
----- ??/? 1 (sol1) ?????? 1? ------------------------------------------------->
<---- ??/? 1 (sol1) ???????? 1? ------------------------------------------------
??? 2026?5?16? ??10:53:45?
Warning: ?????? PARDISO????? MUMPS?
????? 
????????797914??? 234606 ????????
           ????:   9 % - ????? 1
Memory: 1434/1434 406006/406014
--         ????:  22 % - ??????
Memory: 1599/1599 406159/406159
---        ????:  37 % - ????
Memory: 1867/1867 406483/406483
???????
??????
?? (comp_v3_solid_solver.T): 2.9e+02
???????????
---        ????:  37 % - ???????
Memory: 2051/2051 406666/406666
---        ????:  37 % - ????
Memory: 2104/2104 406794/406794
-------    ????:  73 % - ??????????
Memory: 2138/2138 406823/406823
Iter      SolEst     Damping    Stepsize #Res #Jac #Sol LinIt   LinErr   LinRes
-------    ????:  73 % - ???????
Memory: 2171/2171 406847/406847
--------   ????:  88 % - ???????
---------  ????:  95 % - ???????
Memory: 2177/2177 406847/406847
---------  ????:  96 % - ???????
Memory: 2189/2189 406847/406847
---------  ????:  98 % - ???????
Memory: 2195/2195 406847/406847
   1        0.13   1.0000000        0.13    1    1    1    10  0.00095   0.0007
---------- ????: 100 % - ???????
Memory: 2222/2222 406847/406847
---------- ????: 100 % - 
Memory: 2281/2281 406895/406895
?????5 s?
????: 2.38 GB
????: 407 GB
Warning: ?????? PARDISO????? MUMPS?
?????2026?5?16? ??10:53:50?
----- ??/? 1 (sol1) ???????? 1? ----------------------------------------------->
????: 70 s.
??????: /Users/luolin/Documents/New project/110kV_RIP_bushing_project/comsol/BRFGL1-126-1250-4_solid_only_baseline_RUN004_Model.mph
????: 0 s.
???: 70 s.
---------- ????: 100 % - ??
Memory: 2299/2377 406879/407003
